2026-03-25 17:35:06 [INFO] Experiment: ae_supcon
2026-03-25 17:35:06 [INFO] Config: {'experiment_name': 'ae_supcon', 'ae_checkpoint': 'outputs/task1/segnet_ptlogpct/best.pt', 'embed_dim': 256, 'temperature': 0.1, 'translate_frac': 0.1, 'noise_std': 0.02, 'intensity_range': [0.8, 1.2], 'erase_prob': 0.3, 'batch_size': 128, 'learning_rate': 2e-05, 'min_lr': 1e-07, 'weight_decay': 0.0001, 'pretrain_epochs': 30, 'linear_lr': 0.001, 'linear_epochs': 100, 'seed': 42}
2026-03-25 17:35:06 [INFO] Loaded SegNet from segnet_ptlogpct (epoch 61)
2026-03-25 17:35:06 [INFO] Encoder params: 17,265,408
2026-03-25 17:35:06 [INFO] Data: 139306 images
2026-03-25 17:35:06 [INFO] Split: train=111444, val=13931, test=13931
2026-03-25 17:35:06 [INFO] DataLoader: 871 batches, batch_size=128
2026-03-25 17:35:06 [INFO] === Phase 1: SupCon Fine-tune ===
2026-03-25 17:35:07 [INFO]   Epoch 1 batch 1/871 | loss: 5.7545
2026-03-25 17:35:10 [INFO]   Epoch 1 batch 10/871 | loss: 5.6416
2026-03-25 17:35:35 [INFO]   Epoch 1 batch 100/871 | loss: 5.5483
2026-03-25 17:36:05 [INFO]   Epoch 1 batch 200/871 | loss: 5.5425
2026-03-25 17:37:07 [INFO]   Epoch 1 batch 400/871 | loss: 5.5354
2026-03-25 17:38:13 [INFO]   Epoch 1 batch 600/871 | loss: 5.5294
2026-03-25 17:39:24 [INFO]   Epoch 1 batch 800/871 | loss: 5.5396
2026-03-25 17:39:50 [INFO] SupCon Epoch   1/30 | Loss: 5.5416 | LR: 1.99e-05
2026-03-25 17:39:50 [INFO]   -> Best model saved (loss=5.5416)
2026-03-25 17:39:50 [INFO]   Epoch 2 batch 1/871 | loss: 5.5349
2026-03-25 17:39:52 [INFO]   Epoch 2 batch 10/871 | loss: 5.5362
2026-03-25 17:40:15 [INFO]   Epoch 2 batch 100/871 | loss: 5.5410
2026-03-25 17:40:39 [INFO]   Epoch 2 batch 200/871 | loss: 5.5268
2026-03-25 17:41:28 [INFO]   Epoch 2 batch 400/871 | loss: 5.5278
2026-03-25 17:42:18 [INFO]   Epoch 2 batch 600/871 | loss: 5.5194
2026-03-25 17:43:09 [INFO]   Epoch 2 batch 800/871 | loss: 5.5345
2026-03-25 17:43:26 [INFO] SupCon Epoch   2/30 | Loss: 5.5294 | LR: 1.98e-05
2026-03-25 17:43:26 [INFO]   -> Best model saved (loss=5.5294)
2026-03-25 17:43:27 [INFO]   Epoch 3 batch 1/871 | loss: 5.5147
2026-03-25 17:43:29 [INFO]   Epoch 3 batch 10/871 | loss: 5.5134
2026-03-25 17:43:51 [INFO]   Epoch 3 batch 100/871 | loss: 5.5272
2026-03-25 17:44:16 [INFO]   Epoch 3 batch 200/871 | loss: 5.5344
2026-03-25 17:45:06 [INFO]   Epoch 3 batch 400/871 | loss: 5.5335
2026-03-25 17:45:56 [INFO]   Epoch 3 batch 600/871 | loss: 5.5422
2026-03-25 17:46:46 [INFO]   Epoch 3 batch 800/871 | loss: 5.5134
2026-03-25 17:47:04 [INFO] SupCon Epoch   3/30 | Loss: 5.5257 | LR: 1.95e-05
2026-03-25 17:47:04 [INFO]   -> Best model saved (loss=5.5257)
2026-03-25 17:47:04 [INFO]   Epoch 4 batch 1/871 | loss: 5.5389
2026-03-25 17:47:06 [INFO]   Epoch 4 batch 10/871 | loss: 5.5213
2026-03-25 17:47:29 [INFO]   Epoch 4 batch 100/871 | loss: 5.5267
2026-03-25 17:47:54 [INFO]   Epoch 4 batch 200/871 | loss: 5.5282
2026-03-25 17:48:44 [INFO]   Epoch 4 batch 400/871 | loss: 5.5084
2026-03-25 17:49:34 [INFO]   Epoch 4 batch 600/871 | loss: 5.5048
2026-03-25 17:50:24 [INFO]   Epoch 4 batch 800/871 | loss: 5.5001
2026-03-25 17:50:42 [INFO] SupCon Epoch   4/30 | Loss: 5.5239 | LR: 1.91e-05
2026-03-25 17:50:42 [INFO]   -> Best model saved (loss=5.5239)
2026-03-25 17:50:42 [INFO]   Epoch 5 batch 1/871 | loss: 5.5138
2026-03-25 17:50:44 [INFO]   Epoch 5 batch 10/871 | loss: 5.5149
2026-03-25 17:51:07 [INFO]   Epoch 5 batch 100/871 | loss: 5.5174
2026-03-25 17:51:33 [INFO]   Epoch 5 batch 200/871 | loss: 5.5174
2026-03-25 17:52:23 [INFO]   Epoch 5 batch 400/871 | loss: 5.5480
2026-03-25 17:53:14 [INFO]   Epoch 5 batch 600/871 | loss: 5.5278
2026-03-25 17:54:11 [INFO]   Epoch 5 batch 800/871 | loss: 5.5002
2026-03-25 17:54:32 [INFO] SupCon Epoch   5/30 | Loss: 5.5220 | LR: 1.87e-05
2026-03-25 17:54:32 [INFO]   -> Best model saved (loss=5.5220)
2026-03-25 17:54:32 [INFO]   Epoch 6 batch 1/871 | loss: 5.5284
2026-03-25 17:54:35 [INFO]   Epoch 6 batch 10/871 | loss: 5.5249
2026-03-25 17:55:02 [INFO]   Epoch 6 batch 100/871 | loss: 5.5206
2026-03-25 17:55:34 [INFO]   Epoch 6 batch 200/871 | loss: 5.5180
2026-03-25 17:56:40 [INFO]   Epoch 6 batch 400/871 | loss: 5.5283
2026-03-25 17:57:48 [INFO]   Epoch 6 batch 600/871 | loss: 5.5179
2026-03-25 17:58:59 [INFO]   Epoch 6 batch 800/871 | loss: 5.5290
2026-03-25 17:59:24 [INFO] SupCon Epoch   6/30 | Loss: 5.5210 | LR: 1.81e-05
2026-03-25 17:59:24 [INFO]   -> Best model saved (loss=5.5210)
2026-03-25 17:59:25 [INFO]   Epoch 7 batch 1/871 | loss: 5.5211
2026-03-25 17:59:28 [INFO]   Epoch 7 batch 10/871 | loss: 5.5120
2026-03-25 18:00:02 [INFO]   Epoch 7 batch 100/871 | loss: 5.5387
2026-03-25 18:00:38 [INFO]   Epoch 7 batch 200/871 | loss: 5.5015
2026-03-25 18:01:45 [INFO]   Epoch 7 batch 400/871 | loss: 5.5113
2026-03-25 18:02:50 [INFO]   Epoch 7 batch 600/871 | loss: 5.5136
2026-03-25 18:03:57 [INFO]   Epoch 7 batch 800/871 | loss: 5.5229
2026-03-25 18:04:21 [INFO] SupCon Epoch   7/30 | Loss: 5.5199 | LR: 1.74e-05
2026-03-25 18:04:21 [INFO]   -> Best model saved (loss=5.5199)
2026-03-25 18:04:21 [INFO]   Epoch 8 batch 1/871 | loss: 5.5111
2026-03-25 18:04:24 [INFO]   Epoch 8 batch 10/871 | loss: 5.5333
2026-03-25 18:07:03 [INFO] Experiment: ae_supcon
2026-03-25 18:07:03 [INFO] Config: {'experiment_name': 'ae_supcon', 'ae_checkpoint': 'outputs/task1/segnet_ptlogpct/best.pt', 'embed_dim': 256, 'temperature': 0.1, 'translate_frac': 0.1, 'noise_std': 0.02, 'intensity_range': [0.8, 1.2], 'erase_prob': 0.3, 'batch_size': 128, 'learning_rate': 2e-05, 'min_lr': 1e-07, 'weight_decay': 0.0001, 'pretrain_epochs': 30, 'linear_lr': 0.001, 'linear_epochs': 100, 'seed': 42}
2026-03-25 18:07:04 [INFO] Loaded SegNet from segnet_ptlogpct (epoch 61)
2026-03-25 18:07:04 [INFO] Encoder params: 17,265,408
2026-03-25 18:07:04 [INFO] Data: 139306 images
2026-03-25 18:07:04 [INFO] Split: train=111444, val=13931, test=13931
2026-03-25 18:07:04 [INFO] DataLoader: 871 batches, batch_size=128
2026-03-25 18:07:04 [INFO] === Phase 1: SupCon Fine-tune ===
2026-03-25 18:07:05 [INFO]   Epoch 1 batch 1/871 | loss: 5.7272
2026-03-25 18:07:08 [INFO]   Epoch 1 batch 10/871 | loss: 5.6411
2026-03-25 18:07:33 [INFO]   Epoch 1 batch 100/871 | loss: 5.5460
