2026-03-26 00:48:36 [INFO] Experiment: ae_supcon_recon_percentile
2026-03-26 00:48:36 [INFO] Config: {'experiment_name': 'ae_supcon_recon_percentile', 'ae_checkpoint': 'outputs/task1/segnet_percentile/best.pt', 'embed_dim': 256, 'temperature': 0.1, 'lambda_recon': 10000, 'translate_frac': 0.1, 'noise_std': 0.02, 'intensity_range': [0.8, 1.2], 'erase_prob': 0.3, 'batch_size': 128, 'learning_rate': 2e-05, 'min_lr': 1e-07, 'weight_decay': 0.0001, 'pretrain_epochs': 30, 'linear_lr': 0.001, 'linear_epochs': 100, 'seed': 42}
2026-03-26 00:48:36 [INFO] Experiment: ae_supcon_recon_percentile
2026-03-26 00:48:36 [INFO] Config: {'experiment_name': 'ae_supcon_recon_percentile', 'ae_checkpoint': 'outputs/task1/segnet_percentile/best.pt', 'embed_dim': 256, 'temperature': 0.1, 'lambda_recon': 10000, 'translate_frac': 0.1, 'noise_std': 0.02, 'intensity_range': [0.8, 1.2], 'erase_prob': 0.3, 'batch_size': 128, 'learning_rate': 2e-05, 'min_lr': 1e-07, 'weight_decay': 0.0001, 'pretrain_epochs': 30, 'linear_lr': 0.001, 'linear_epochs': 100, 'seed': 42}
2026-03-26 00:48:37 [INFO] Loaded full SegNet from segnet_percentile (epoch 98)
2026-03-26 00:48:37 [INFO] Total params: 34,168,707
2026-03-26 00:48:37 [INFO] Data: 139306 images
2026-03-26 00:48:37 [INFO] Loaded full SegNet from segnet_percentile (epoch 98)
2026-03-26 00:48:37 [INFO] Total params: 34,168,707
2026-03-26 00:48:37 [INFO] Data: 139306 images
2026-03-26 00:48:37 [INFO] Split: train=111444, val=13931, test=13931
2026-03-26 00:48:37 [INFO] DataLoader: 871 batches
2026-03-26 00:48:37 [INFO] === Phase 1: SupCon + Recon (lambda=10000) ===
2026-03-26 00:48:37 [INFO] Split: train=111444, val=13931, test=13931
2026-03-26 00:48:37 [INFO] DataLoader: 871 batches
2026-03-26 00:48:37 [INFO] === Phase 1: SupCon + Recon (lambda=10000) ===
2026-03-26 00:48:39 [INFO]   Epoch 1 batch 1/871 | supcon: 5.5932 recon: 0.000002 total: 5.6144
2026-03-26 00:48:39 [INFO]   Epoch 1 batch 1/871 | supcon: 5.6344 recon: 0.000004 total: 5.6737
2026-03-26 00:48:44 [INFO]   Epoch 1 batch 10/871 | supcon: 5.5641 recon: 0.000002 total: 5.5833
2026-03-26 00:48:44 [INFO]   Epoch 1 batch 10/871 | supcon: 5.5603 recon: 0.000002 total: 5.5773
2026-03-26 00:49:31 [INFO]   Epoch 1 batch 100/871 | supcon: 5.5398 recon: 0.000002 total: 5.5641
2026-03-26 00:49:31 [INFO]   Epoch 1 batch 100/871 | supcon: 5.5417 recon: 0.000002 total: 5.5621
2026-03-26 00:50:22 [INFO]   Epoch 1 batch 200/871 | supcon: 5.5381 recon: 0.000003 total: 5.5666
2026-03-26 00:50:22 [INFO]   Epoch 1 batch 200/871 | supcon: 5.5374 recon: 0.000002 total: 5.5570
2026-03-26 00:52:05 [INFO]   Epoch 1 batch 400/871 | supcon: 5.5243 recon: 0.000002 total: 5.5446
2026-03-26 00:52:05 [INFO]   Epoch 1 batch 400/871 | supcon: 5.5313 recon: 0.000002 total: 5.5509
2026-03-26 00:53:54 [INFO]   Epoch 1 batch 600/871 | supcon: 5.5366 recon: 0.000002 total: 5.5555
2026-03-26 00:53:54 [INFO]   Epoch 1 batch 600/871 | supcon: 5.5412 recon: 0.000002 total: 5.5614
2026-03-26 00:55:44 [INFO]   Epoch 1 batch 800/871 | supcon: 5.5341 recon: 0.000002 total: 5.5563
2026-03-26 00:55:44 [INFO]   Epoch 1 batch 800/871 | supcon: 5.5331 recon: 0.000002 total: 5.5555
2026-03-26 00:56:25 [INFO] Epoch   1/30 | SupCon: 5.5375 Recon: 0.000002 Total: 5.5581 | LR: 1.99e-05
2026-03-26 00:56:25 [INFO] Epoch   1/30 | SupCon: 5.5362 Recon: 0.000002 Total: 5.5569 | LR: 1.99e-05
2026-03-26 00:56:25 [INFO]   -> Best model saved (loss=5.5581)
2026-03-26 00:56:25 [INFO]   -> Best model saved (loss=5.5569)
2026-03-26 00:56:26 [INFO]   Epoch 2 batch 1/871 | supcon: 5.5387 recon: 0.000002 total: 5.5586
2026-03-26 00:56:26 [INFO]   Epoch 2 batch 1/871 | supcon: 5.5276 recon: 0.000002 total: 5.5475
2026-03-26 00:56:30 [INFO]   Epoch 2 batch 10/871 | supcon: 5.5350 recon: 0.000002 total: 5.5545
2026-03-26 00:56:31 [INFO]   Epoch 2 batch 10/871 | supcon: 5.5247 recon: 0.000002 total: 5.5437
2026-03-26 00:57:19 [INFO]   Epoch 2 batch 100/871 | supcon: 5.5196 recon: 0.000002 total: 5.5412
2026-03-26 00:57:20 [INFO]   Epoch 2 batch 100/871 | supcon: 5.5367 recon: 0.000002 total: 5.5573
2026-03-26 00:58:13 [INFO]   Epoch 2 batch 200/871 | supcon: 5.5462 recon: 0.000002 total: 5.5664
2026-03-26 00:58:15 [INFO]   Epoch 2 batch 200/871 | supcon: 5.5279 recon: 0.000002 total: 5.5514
2026-03-26 01:00:14 [INFO]   Epoch 2 batch 400/871 | supcon: 5.5338 recon: 0.000002 total: 5.5533
2026-03-26 01:00:17 [INFO]   Epoch 2 batch 400/871 | supcon: 5.5277 recon: 0.000002 total: 5.5482
2026-03-26 01:02:43 [INFO]   Epoch 2 batch 600/871 | supcon: 5.5330 recon: 0.000002 total: 5.5532
2026-03-26 01:02:45 [INFO]   Epoch 2 batch 600/871 | supcon: 5.5223 recon: 0.000002 total: 5.5432
2026-03-26 01:04:52 [INFO]   Epoch 2 batch 800/871 | supcon: 5.5416 recon: 0.000002 total: 5.5623
2026-03-26 01:04:53 [INFO]   Epoch 2 batch 800/871 | supcon: 5.5132 recon: 0.000002 total: 5.5332
2026-03-26 01:05:35 [INFO] Epoch   2/30 | SupCon: 5.5304 Recon: 0.000002 Total: 5.5511 | LR: 1.98e-05
2026-03-26 01:05:36 [INFO]   -> Best model saved (loss=5.5511)
2026-03-26 01:05:36 [INFO]   Epoch 3 batch 1/871 | supcon: 5.5405 recon: 0.000002 total: 5.5617
2026-03-26 01:05:37 [INFO] Epoch   2/30 | SupCon: 5.5299 Recon: 0.000002 Total: 5.5506 | LR: 1.98e-05
2026-03-26 01:05:37 [INFO]   -> Best model saved (loss=5.5506)
2026-03-26 01:05:38 [INFO]   Epoch 3 batch 1/871 | supcon: 5.5327 recon: 0.000002 total: 5.5544
2026-03-26 01:05:42 [INFO]   Epoch 3 batch 10/871 | supcon: 5.5297 recon: 0.000002 total: 5.5483
2026-03-26 01:05:43 [INFO]   Epoch 3 batch 10/871 | supcon: 5.5248 recon: 0.000002 total: 5.5431
2026-03-26 01:06:34 [INFO]   Epoch 3 batch 100/871 | supcon: 5.5248 recon: 0.000002 total: 5.5445
2026-03-26 01:06:36 [INFO]   Epoch 3 batch 100/871 | supcon: 5.5251 recon: 0.000002 total: 5.5468
2026-03-26 01:07:31 [INFO]   Epoch 3 batch 200/871 | supcon: 5.5323 recon: 0.000002 total: 5.5520
2026-03-26 01:07:32 [INFO]   Epoch 3 batch 200/871 | supcon: 5.5206 recon: 0.000002 total: 5.5435
2026-03-26 01:09:25 [INFO]   Epoch 3 batch 400/871 | supcon: 5.5256 recon: 0.000002 total: 5.5468
2026-03-26 01:09:28 [INFO]   Epoch 3 batch 400/871 | supcon: 5.5350 recon: 0.000002 total: 5.5534
2026-03-26 01:11:25 [INFO]   Epoch 3 batch 600/871 | supcon: 5.5373 recon: 0.000002 total: 5.5567
2026-03-26 01:11:28 [INFO]   Epoch 3 batch 600/871 | supcon: 5.5311 recon: 0.000002 total: 5.5524
2026-03-26 01:13:19 [INFO]   Epoch 3 batch 800/871 | supcon: 5.5284 recon: 0.000002 total: 5.5474
2026-03-26 01:13:22 [INFO]   Epoch 3 batch 800/871 | supcon: 5.5289 recon: 0.000002 total: 5.5523
2026-03-26 01:14:01 [INFO] Epoch   3/30 | SupCon: 5.5275 Recon: 0.000002 Total: 5.5483 | LR: 1.95e-05
2026-03-26 01:14:02 [INFO]   -> Best model saved (loss=5.5483)
2026-03-26 01:14:02 [INFO]   Epoch 4 batch 1/871 | supcon: 5.5326 recon: 0.000002 total: 5.5518
2026-03-26 01:14:04 [INFO] Epoch   3/30 | SupCon: 5.5274 Recon: 0.000002 Total: 5.5483 | LR: 1.95e-05
2026-03-26 01:14:04 [INFO]   -> Best model saved (loss=5.5483)
2026-03-26 01:14:04 [INFO]   Epoch 4 batch 1/871 | supcon: 5.5310 recon: 0.000002 total: 5.5512
2026-03-26 01:14:07 [INFO]   Epoch 4 batch 10/871 | supcon: 5.5167 recon: 0.000002 total: 5.5359
2026-03-26 01:14:10 [INFO]   Epoch 4 batch 10/871 | supcon: 5.5289 recon: 0.000002 total: 5.5478
2026-03-26 01:14:58 [INFO]   Epoch 4 batch 100/871 | supcon: 5.5430 recon: 0.000002 total: 5.5618
2026-03-26 01:15:00 [INFO]   Epoch 4 batch 100/871 | supcon: 5.5259 recon: 0.000002 total: 5.5485
2026-03-26 01:15:53 [INFO]   Epoch 4 batch 200/871 | supcon: 5.5047 recon: 0.000002 total: 5.5221
2026-03-26 01:15:55 [INFO]   Epoch 4 batch 200/871 | supcon: 5.5258 recon: 0.000002 total: 5.5468
2026-03-26 01:17:43 [INFO]   Epoch 4 batch 400/871 | supcon: 5.5305 recon: 0.000002 total: 5.5503
2026-03-26 01:17:45 [INFO]   Epoch 4 batch 400/871 | supcon: 5.5185 recon: 0.000002 total: 5.5389
2026-03-26 01:19:33 [INFO]   Epoch 4 batch 600/871 | supcon: 5.5453 recon: 0.000002 total: 5.5643
2026-03-26 01:19:35 [INFO]   Epoch 4 batch 600/871 | supcon: 5.5474 recon: 0.000002 total: 5.5680
2026-03-26 01:21:25 [INFO]   Epoch 4 batch 800/871 | supcon: 5.5339 recon: 0.000002 total: 5.5566
2026-03-26 01:21:27 [INFO]   Epoch 4 batch 800/871 | supcon: 5.5388 recon: 0.000002 total: 5.5570
2026-03-26 01:22:04 [INFO] Epoch   4/30 | SupCon: 5.5259 Recon: 0.000002 Total: 5.5469 | LR: 1.91e-05
2026-03-26 01:22:05 [INFO]   -> Best model saved (loss=5.5469)
2026-03-26 01:22:05 [INFO]   Epoch 5 batch 1/871 | supcon: 5.5362 recon: 0.000002 total: 5.5580
2026-03-26 01:22:06 [INFO] Epoch   4/30 | SupCon: 5.5258 Recon: 0.000002 Total: 5.5467 | LR: 1.91e-05
2026-03-26 01:22:07 [INFO]   -> Best model saved (loss=5.5467)
2026-03-26 01:22:08 [INFO]   Epoch 5 batch 1/871 | supcon: 5.5345 recon: 0.000002 total: 5.5558
2026-03-26 01:22:11 [INFO]   Epoch 5 batch 10/871 | supcon: 5.5319 recon: 0.000002 total: 5.5519
2026-03-26 01:22:13 [INFO]   Epoch 5 batch 10/871 | supcon: 5.5280 recon: 0.000002 total: 5.5501
2026-03-26 01:23:02 [INFO]   Epoch 5 batch 100/871 | supcon: 5.5157 recon: 0.000002 total: 5.5337
2026-03-26 01:23:04 [INFO]   Epoch 5 batch 100/871 | supcon: 5.5240 recon: 0.000002 total: 5.5424
2026-03-26 01:23:58 [INFO]   Epoch 5 batch 200/871 | supcon: 5.5362 recon: 0.000002 total: 5.5555
2026-03-26 01:23:59 [INFO]   Epoch 5 batch 200/871 | supcon: 5.5387 recon: 0.000002 total: 5.5614
2026-03-26 01:25:49 [INFO]   Epoch 5 batch 400/871 | supcon: 5.5442 recon: 0.000002 total: 5.5643
2026-03-26 01:25:51 [INFO]   Epoch 5 batch 400/871 | supcon: 5.5373 recon: 0.000002 total: 5.5583
2026-03-26 01:27:40 [INFO]   Epoch 5 batch 600/871 | supcon: 5.5112 recon: 0.000002 total: 5.5328
2026-03-26 01:27:42 [INFO]   Epoch 5 batch 600/871 | supcon: 5.5198 recon: 0.000004 total: 5.5569
2026-03-26 01:29:32 [INFO]   Epoch 5 batch 800/871 | supcon: 5.5270 recon: 0.000002 total: 5.5467
2026-03-26 01:29:34 [INFO]   Epoch 5 batch 800/871 | supcon: 5.4973 recon: 0.000003 total: 5.5238
2026-03-26 01:30:12 [INFO] Epoch   5/30 | SupCon: 5.5247 Recon: 0.000002 Total: 5.5456 | LR: 1.87e-05
2026-03-26 01:30:12 [INFO]   -> Best model saved (loss=5.5456)
2026-03-26 01:30:12 [INFO]   Epoch 6 batch 1/871 | supcon: 5.5270 recon: 0.000002 total: 5.5450
2026-03-26 01:30:13 [INFO] Epoch   5/30 | SupCon: 5.5246 Recon: 0.000002 Total: 5.5454 | LR: 1.87e-05
2026-03-26 01:30:14 [INFO]   -> Best model saved (loss=5.5454)
2026-03-26 01:30:14 [INFO]   Epoch 6 batch 1/871 | supcon: 5.5248 recon: 0.000002 total: 5.5463
2026-03-26 01:30:18 [INFO]   Epoch 6 batch 10/871 | supcon: 5.5192 recon: 0.000002 total: 5.5396
2026-03-26 01:30:20 [INFO]   Epoch 6 batch 10/871 | supcon: 5.5000 recon: 0.000002 total: 5.5231
2026-03-26 01:31:09 [INFO]   Epoch 6 batch 100/871 | supcon: 5.5195 recon: 0.000002 total: 5.5383
2026-03-26 01:31:11 [INFO]   Epoch 6 batch 100/871 | supcon: 5.5355 recon: 0.000002 total: 5.5561
2026-03-26 01:32:05 [INFO]   Epoch 6 batch 200/871 | supcon: 5.5279 recon: 0.000002 total: 5.5474
2026-03-26 01:32:07 [INFO]   Epoch 6 batch 200/871 | supcon: 5.5265 recon: 0.000002 total: 5.5443
2026-03-26 01:33:59 [INFO]   Epoch 6 batch 400/871 | supcon: 5.5421 recon: 0.000002 total: 5.5611
2026-03-26 01:34:01 [INFO]   Epoch 6 batch 400/871 | supcon: 5.5131 recon: 0.000002 total: 5.5331
2026-03-26 01:35:51 [INFO]   Epoch 6 batch 600/871 | supcon: 5.5237 recon: 0.000002 total: 5.5436
2026-03-26 01:35:53 [INFO]   Epoch 6 batch 600/871 | supcon: 5.5341 recon: 0.000002 total: 5.5537
2026-03-26 01:37:42 [INFO]   Epoch 6 batch 800/871 | supcon: 5.5137 recon: 0.000002 total: 5.5363
2026-03-26 01:37:44 [INFO]   Epoch 6 batch 800/871 | supcon: 5.5347 recon: 0.000002 total: 5.5539
2026-03-26 01:38:22 [INFO] Epoch   6/30 | SupCon: 5.5239 Recon: 0.000002 Total: 5.5447 | LR: 1.81e-05
2026-03-26 01:38:22 [INFO]   -> Best model saved (loss=5.5447)
2026-03-26 01:38:23 [INFO]   Epoch 7 batch 1/871 | supcon: 5.5523 recon: 0.000002 total: 5.5729
2026-03-26 01:38:24 [INFO] Epoch   6/30 | SupCon: 5.5239 Recon: 0.000002 Total: 5.5447 | LR: 1.81e-05
2026-03-26 01:38:24 [INFO]   -> Best model saved (loss=5.5447)
2026-03-26 01:38:25 [INFO]   Epoch 7 batch 1/871 | supcon: 5.5264 recon: 0.000002 total: 5.5478
2026-03-26 01:38:28 [INFO]   Epoch 7 batch 10/871 | supcon: 5.5267 recon: 0.000003 total: 5.5530
2026-03-26 01:38:30 [INFO]   Epoch 7 batch 10/871 | supcon: 5.5017 recon: 0.000002 total: 5.5229
2026-03-26 01:39:19 [INFO]   Epoch 7 batch 100/871 | supcon: 5.5329 recon: 0.000002 total: 5.5522
2026-03-26 01:39:21 [INFO]   Epoch 7 batch 100/871 | supcon: 5.5200 recon: 0.000002 total: 5.5397
2026-03-26 01:40:17 [INFO]   Epoch 7 batch 200/871 | supcon: 5.5203 recon: 0.000002 total: 5.5425
2026-03-26 01:40:19 [INFO]   Epoch 7 batch 200/871 | supcon: 5.5177 recon: 0.000002 total: 5.5378
2026-03-26 01:42:09 [INFO]   Epoch 7 batch 400/871 | supcon: 5.5280 recon: 0.000002 total: 5.5490
2026-03-26 01:42:11 [INFO]   Epoch 7 batch 400/871 | supcon: 5.5252 recon: 0.000002 total: 5.5446
2026-03-26 01:44:00 [INFO]   Epoch 7 batch 600/871 | supcon: 5.5367 recon: 0.000002 total: 5.5576
2026-03-26 01:44:02 [INFO]   Epoch 7 batch 600/871 | supcon: 5.5390 recon: 0.000002 total: 5.5593
2026-03-26 01:45:53 [INFO]   Epoch 7 batch 800/871 | supcon: 5.4930 recon: 0.000002 total: 5.5123
2026-03-26 01:45:55 [INFO]   Epoch 7 batch 800/871 | supcon: 5.5260 recon: 0.000002 total: 5.5475
2026-03-26 01:46:32 [INFO] Epoch   7/30 | SupCon: 5.5231 Recon: 0.000002 Total: 5.5439 | LR: 1.74e-05
2026-03-26 01:46:32 [INFO]   -> Best model saved (loss=5.5439)
2026-03-26 01:46:33 [INFO]   Epoch 8 batch 1/871 | supcon: 5.5117 recon: 0.000002 total: 5.5306
2026-03-26 01:46:34 [INFO] Epoch   7/30 | SupCon: 5.5233 Recon: 0.000002 Total: 5.5440 | LR: 1.74e-05
2026-03-26 01:46:34 [INFO]   -> Best model saved (loss=5.5440)
2026-03-26 01:46:35 [INFO]   Epoch 8 batch 1/871 | supcon: 5.5095 recon: 0.000002 total: 5.5297
2026-03-26 01:46:38 [INFO]   Epoch 8 batch 10/871 | supcon: 5.5267 recon: 0.000002 total: 5.5474
2026-03-26 01:46:41 [INFO]   Epoch 8 batch 10/871 | supcon: 5.5302 recon: 0.000002 total: 5.5500
2026-03-26 01:47:29 [INFO]   Epoch 8 batch 100/871 | supcon: 5.5066 recon: 0.000002 total: 5.5256
2026-03-26 01:47:31 [INFO]   Epoch 8 batch 100/871 | supcon: 5.5362 recon: 0.000002 total: 5.5556
2026-03-26 01:48:24 [INFO]   Epoch 8 batch 200/871 | supcon: 5.5229 recon: 0.000002 total: 5.5433
2026-03-26 01:48:26 [INFO]   Epoch 8 batch 200/871 | supcon: 5.5180 recon: 0.000002 total: 5.5393
2026-03-26 01:50:15 [INFO]   Epoch 8 batch 400/871 | supcon: 5.5117 recon: 0.000002 total: 5.5346
2026-03-26 01:50:17 [INFO]   Epoch 8 batch 400/871 | supcon: 5.4958 recon: 0.000002 total: 5.5143
2026-03-26 01:52:09 [INFO]   Epoch 8 batch 600/871 | supcon: 5.5446 recon: 0.000002 total: 5.5624
2026-03-26 01:52:11 [INFO]   Epoch 8 batch 600/871 | supcon: 5.5188 recon: 0.000002 total: 5.5420
2026-03-26 01:54:01 [INFO]   Epoch 8 batch 800/871 | supcon: 5.5244 recon: 0.000002 total: 5.5433
2026-03-26 01:54:03 [INFO]   Epoch 8 batch 800/871 | supcon: 5.5140 recon: 0.000002 total: 5.5363
2026-03-26 01:54:42 [INFO] Epoch   8/30 | SupCon: 5.5226 Recon: 0.000002 Total: 5.5433 | LR: 1.67e-05
2026-03-26 01:54:42 [INFO]   -> Best model saved (loss=5.5433)
2026-03-26 01:54:43 [INFO]   Epoch 9 batch 1/871 | supcon: 5.5316 recon: 0.000002 total: 5.5531
2026-03-26 01:54:44 [INFO] Epoch   8/30 | SupCon: 5.5224 Recon: 0.000002 Total: 5.5431 | LR: 1.67e-05
2026-03-26 01:54:44 [INFO]   -> Best model saved (loss=5.5431)
2026-03-26 01:54:45 [INFO]   Epoch 9 batch 1/871 | supcon: 5.5159 recon: 0.000002 total: 5.5346
2026-03-26 01:54:48 [INFO]   Epoch 9 batch 10/871 | supcon: 5.5271 recon: 0.000002 total: 5.5474
2026-03-26 01:54:50 [INFO]   Epoch 9 batch 10/871 | supcon: 5.5244 recon: 0.000002 total: 5.5434
2026-03-26 01:55:39 [INFO]   Epoch 9 batch 100/871 | supcon: 5.5047 recon: 0.000002 total: 5.5239
2026-03-26 01:55:41 [INFO]   Epoch 9 batch 100/871 | supcon: 5.5141 recon: 0.000002 total: 5.5350
2026-03-26 01:56:35 [INFO]   Epoch 9 batch 200/871 | supcon: 5.4892 recon: 0.000002 total: 5.5094
2026-03-26 01:56:37 [INFO]   Epoch 9 batch 200/871 | supcon: 5.5224 recon: 0.000002 total: 5.5455
2026-03-26 01:58:28 [INFO]   Epoch 9 batch 400/871 | supcon: 5.5317 recon: 0.000002 total: 5.5546
2026-03-26 01:58:30 [INFO]   Epoch 9 batch 400/871 | supcon: 5.5216 recon: 0.000002 total: 5.5401
2026-03-26 02:00:20 [INFO]   Epoch 9 batch 600/871 | supcon: 5.5325 recon: 0.000002 total: 5.5540
2026-03-26 02:00:21 [INFO]   Epoch 9 batch 600/871 | supcon: 5.5181 recon: 0.000002 total: 5.5366
2026-03-26 02:02:14 [INFO]   Epoch 9 batch 800/871 | supcon: 5.5466 recon: 0.000002 total: 5.5650
2026-03-26 02:02:16 [INFO]   Epoch 9 batch 800/871 | supcon: 5.5260 recon: 0.000002 total: 5.5489
2026-03-26 02:02:54 [INFO] Epoch   9/30 | SupCon: 5.5220 Recon: 0.000002 Total: 5.5427 | LR: 1.59e-05
2026-03-26 02:02:54 [INFO]   -> Best model saved (loss=5.5427)
2026-03-26 02:02:55 [INFO]   Epoch 10 batch 1/871 | supcon: 5.5171 recon: 0.000002 total: 5.5382
2026-03-26 02:02:55 [INFO] Epoch   9/30 | SupCon: 5.5223 Recon: 0.000002 Total: 5.5430 | LR: 1.59e-05
2026-03-26 02:02:56 [INFO]   -> Best model saved (loss=5.5430)
2026-03-26 02:02:56 [INFO]   Epoch 10 batch 1/871 | supcon: 5.5241 recon: 0.000002 total: 5.5441
2026-03-26 02:03:00 [INFO]   Epoch 10 batch 10/871 | supcon: 5.5278 recon: 0.000002 total: 5.5468
2026-03-26 02:03:02 [INFO]   Epoch 10 batch 10/871 | supcon: 5.5351 recon: 0.000002 total: 5.5536
2026-03-26 02:03:50 [INFO]   Epoch 10 batch 100/871 | supcon: 5.5337 recon: 0.000002 total: 5.5538
2026-03-26 02:03:52 [INFO]   Epoch 10 batch 100/871 | supcon: 5.5149 recon: 0.000002 total: 5.5358
2026-03-26 02:04:45 [INFO]   Epoch 10 batch 200/871 | supcon: 5.5249 recon: 0.000002 total: 5.5449
2026-03-26 02:04:47 [INFO]   Epoch 10 batch 200/871 | supcon: 5.5188 recon: 0.000002 total: 5.5422
2026-03-26 02:06:38 [INFO]   Epoch 10 batch 400/871 | supcon: 5.5318 recon: 0.000002 total: 5.5546
2026-03-26 02:06:40 [INFO]   Epoch 10 batch 400/871 | supcon: 5.5356 recon: 0.000002 total: 5.5552
2026-03-26 02:08:30 [INFO]   Epoch 10 batch 600/871 | supcon: 5.5243 recon: 0.000002 total: 5.5424
2026-03-26 02:08:32 [INFO]   Epoch 10 batch 600/871 | supcon: 5.5240 recon: 0.000002 total: 5.5441
2026-03-26 02:10:25 [INFO]   Epoch 10 batch 800/871 | supcon: 5.5247 recon: 0.000002 total: 5.5441
2026-03-26 02:10:26 [INFO]   Epoch 10 batch 800/871 | supcon: 5.5310 recon: 0.000002 total: 5.5504
2026-03-26 02:11:06 [INFO] Epoch  10/30 | SupCon: 5.5216 Recon: 0.000002 Total: 5.5423 | LR: 1.50e-05
2026-03-26 02:11:06 [INFO]   -> Best model saved (loss=5.5423)
2026-03-26 02:11:07 [INFO]   Epoch 11 batch 1/871 | supcon: 5.5291 recon: 0.000002 total: 5.5476
2026-03-26 02:11:07 [INFO] Epoch  10/30 | SupCon: 5.5218 Recon: 0.000002 Total: 5.5425 | LR: 1.50e-05
2026-03-26 02:11:08 [INFO]   -> Best model saved (loss=5.5425)
2026-03-26 02:11:09 [INFO]   Epoch 11 batch 1/871 | supcon: 5.5225 recon: 0.000002 total: 5.5407
2026-03-26 02:11:12 [INFO]   Epoch 11 batch 10/871 | supcon: 5.5419 recon: 0.000002 total: 5.5617
2026-03-26 02:11:14 [INFO]   Epoch 11 batch 10/871 | supcon: 5.5159 recon: 0.000002 total: 5.5351
2026-03-26 02:12:03 [INFO]   Epoch 11 batch 100/871 | supcon: 5.5122 recon: 0.000002 total: 5.5318
2026-03-26 02:12:05 [INFO]   Epoch 11 batch 100/871 | supcon: 5.5069 recon: 0.000002 total: 5.5261
2026-03-26 02:13:00 [INFO]   Epoch 11 batch 200/871 | supcon: 5.5064 recon: 0.000002 total: 5.5260
2026-03-26 02:13:02 [INFO]   Epoch 11 batch 200/871 | supcon: 5.5309 recon: 0.000002 total: 5.5499
2026-03-26 02:14:52 [INFO]   Epoch 11 batch 400/871 | supcon: 5.5151 recon: 0.000002 total: 5.5352
2026-03-26 02:14:54 [INFO]   Epoch 11 batch 400/871 | supcon: 5.5216 recon: 0.000002 total: 5.5418
2026-03-26 02:16:44 [INFO]   Epoch 11 batch 600/871 | supcon: 5.5027 recon: 0.000002 total: 5.5203
2026-03-26 02:16:46 [INFO]   Epoch 11 batch 600/871 | supcon: 5.5032 recon: 0.000002 total: 5.5235
2026-03-26 02:18:36 [INFO]   Epoch 11 batch 800/871 | supcon: 5.5324 recon: 0.000002 total: 5.5571
2026-03-26 02:18:38 [INFO]   Epoch 11 batch 800/871 | supcon: 5.5155 recon: 0.000002 total: 5.5347
2026-03-26 02:19:16 [INFO] Epoch  11/30 | SupCon: 5.5213 Recon: 0.000002 Total: 5.5419 | LR: 1.41e-05
2026-03-26 02:19:16 [INFO]   -> Best model saved (loss=5.5419)
2026-03-26 02:19:17 [INFO]   Epoch 12 batch 1/871 | supcon: 5.5209 recon: 0.000002 total: 5.5410
2026-03-26 02:19:18 [INFO] Epoch  11/30 | SupCon: 5.5212 Recon: 0.000002 Total: 5.5418 | LR: 1.41e-05
2026-03-26 02:19:18 [INFO]   -> Best model saved (loss=5.5418)
2026-03-26 02:19:19 [INFO]   Epoch 12 batch 1/871 | supcon: 5.5335 recon: 0.000002 total: 5.5527
2026-03-26 02:19:22 [INFO]   Epoch 12 batch 10/871 | supcon: 5.5242 recon: 0.000002 total: 5.5431
2026-03-26 02:19:24 [INFO]   Epoch 12 batch 10/871 | supcon: 5.5243 recon: 0.000002 total: 5.5423
2026-03-26 02:20:12 [INFO]   Epoch 12 batch 100/871 | supcon: 5.5133 recon: 0.000002 total: 5.5350
2026-03-26 02:20:14 [INFO]   Epoch 12 batch 100/871 | supcon: 5.5101 recon: 0.000002 total: 5.5300
2026-03-26 02:21:08 [INFO]   Epoch 12 batch 200/871 | supcon: 5.5212 recon: 0.000002 total: 5.5393
2026-03-26 02:21:10 [INFO]   Epoch 12 batch 200/871 | supcon: 5.5118 recon: 0.000002 total: 5.5309
2026-03-26 02:23:01 [INFO]   Epoch 12 batch 400/871 | supcon: 5.5287 recon: 0.000002 total: 5.5481
2026-03-26 02:23:03 [INFO]   Epoch 12 batch 400/871 | supcon: 5.5191 recon: 0.000002 total: 5.5404
2026-03-26 02:24:55 [INFO]   Epoch 12 batch 600/871 | supcon: 5.5286 recon: 0.000002 total: 5.5527
2026-03-26 02:24:57 [INFO]   Epoch 12 batch 600/871 | supcon: 5.5442 recon: 0.000003 total: 5.5776
2026-03-26 02:26:49 [INFO]   Epoch 12 batch 800/871 | supcon: 5.5241 recon: 0.000002 total: 5.5427
2026-03-26 02:26:51 [INFO]   Epoch 12 batch 800/871 | supcon: 5.5087 recon: 0.000002 total: 5.5305
2026-03-26 02:27:29 [INFO] Epoch  12/30 | SupCon: 5.5209 Recon: 0.000002 Total: 5.5415 | LR: 1.31e-05
2026-03-26 02:27:29 [INFO]   -> Best model saved (loss=5.5415)
2026-03-26 02:27:30 [INFO]   Epoch 13 batch 1/871 | supcon: 5.5251 recon: 0.000002 total: 5.5444
2026-03-26 02:27:31 [INFO] Epoch  12/30 | SupCon: 5.5208 Recon: 0.000002 Total: 5.5414 | LR: 1.31e-05
2026-03-26 02:27:31 [INFO]   -> Best model saved (loss=5.5414)
2026-03-26 02:27:32 [INFO]   Epoch 13 batch 1/871 | supcon: 5.5153 recon: 0.000002 total: 5.5375
2026-03-26 02:27:35 [INFO]   Epoch 13 batch 10/871 | supcon: 5.5113 recon: 0.000002 total: 5.5314
2026-03-26 02:27:37 [INFO]   Epoch 13 batch 10/871 | supcon: 5.5175 recon: 0.000002 total: 5.5357
2026-03-26 02:28:26 [INFO]   Epoch 13 batch 100/871 | supcon: 5.5268 recon: 0.000002 total: 5.5471
2026-03-26 02:28:27 [INFO]   Epoch 13 batch 100/871 | supcon: 5.4970 recon: 0.000002 total: 5.5146
2026-03-26 02:29:21 [INFO]   Epoch 13 batch 200/871 | supcon: 5.5321 recon: 0.000002 total: 5.5517
2026-03-26 02:29:23 [INFO]   Epoch 13 batch 200/871 | supcon: 5.5212 recon: 0.000002 total: 5.5408
2026-03-26 02:31:13 [INFO]   Epoch 13 batch 400/871 | supcon: 5.5118 recon: 0.000002 total: 5.5314
2026-03-26 02:31:15 [INFO]   Epoch 13 batch 400/871 | supcon: 5.4871 recon: 0.000002 total: 5.5077
2026-03-26 02:33:05 [INFO]   Epoch 13 batch 600/871 | supcon: 5.5329 recon: 0.000002 total: 5.5520
2026-03-26 02:33:07 [INFO]   Epoch 13 batch 600/871 | supcon: 5.5308 recon: 0.000002 total: 5.5518
2026-03-26 02:34:57 [INFO]   Epoch 13 batch 800/871 | supcon: 5.5328 recon: 0.000002 total: 5.5534
2026-03-26 02:34:59 [INFO]   Epoch 13 batch 800/871 | supcon: 5.5267 recon: 0.000002 total: 5.5458
2026-03-26 02:35:38 [INFO] Epoch  13/30 | SupCon: 5.5206 Recon: 0.000002 Total: 5.5412 | LR: 1.21e-05
2026-03-26 02:35:38 [INFO]   -> Best model saved (loss=5.5412)
2026-03-26 02:35:39 [INFO]   Epoch 14 batch 1/871 | supcon: 5.5420 recon: 0.000002 total: 5.5614
2026-03-26 02:35:40 [INFO] Epoch  13/30 | SupCon: 5.5204 Recon: 0.000002 Total: 5.5409 | LR: 1.21e-05
2026-03-26 02:35:40 [INFO]   -> Best model saved (loss=5.5409)
2026-03-26 02:35:41 [INFO]   Epoch 14 batch 1/871 | supcon: 5.5077 recon: 0.000002 total: 5.5293
2026-03-26 02:35:44 [INFO]   Epoch 14 batch 10/871 | supcon: 5.5318 recon: 0.000002 total: 5.5544
2026-03-26 02:35:47 [INFO]   Epoch 14 batch 10/871 | supcon: 5.5307 recon: 0.000002 total: 5.5497
2026-03-26 02:36:36 [INFO]   Epoch 14 batch 100/871 | supcon: 5.5213 recon: 0.000002 total: 5.5410
2026-03-26 02:36:38 [INFO]   Epoch 14 batch 100/871 | supcon: 5.5089 recon: 0.000002 total: 5.5334
2026-03-26 02:37:32 [INFO]   Epoch 14 batch 200/871 | supcon: 5.5214 recon: 0.000002 total: 5.5396
2026-03-26 02:37:34 [INFO]   Epoch 14 batch 200/871 | supcon: 5.5264 recon: 0.000002 total: 5.5479
2026-03-26 02:39:23 [INFO]   Epoch 14 batch 400/871 | supcon: 5.5171 recon: 0.000002 total: 5.5365
2026-03-26 02:39:25 [INFO]   Epoch 14 batch 400/871 | supcon: 5.4897 recon: 0.000002 total: 5.5087
2026-03-26 02:41:15 [INFO]   Epoch 14 batch 600/871 | supcon: 5.5272 recon: 0.000002 total: 5.5473
2026-03-26 02:41:17 [INFO]   Epoch 14 batch 600/871 | supcon: 5.5328 recon: 0.000002 total: 5.5518
2026-03-26 02:43:06 [INFO]   Epoch 14 batch 800/871 | supcon: 5.4977 recon: 0.000002 total: 5.5199
2026-03-26 02:43:08 [INFO]   Epoch 14 batch 800/871 | supcon: 5.5276 recon: 0.000002 total: 5.5500
2026-03-26 02:43:46 [INFO] Epoch  14/30 | SupCon: 5.5202 Recon: 0.000002 Total: 5.5407 | LR: 1.11e-05
2026-03-26 02:43:46 [INFO]   -> Best model saved (loss=5.5407)
2026-03-26 02:43:47 [INFO]   Epoch 15 batch 1/871 | supcon: 5.5015 recon: 0.000002 total: 5.5214
2026-03-26 02:43:47 [INFO] Epoch  14/30 | SupCon: 5.5203 Recon: 0.000002 Total: 5.5408 | LR: 1.11e-05
2026-03-26 02:43:48 [INFO]   -> Best model saved (loss=5.5408)
2026-03-26 02:43:49 [INFO]   Epoch 15 batch 1/871 | supcon: 5.5210 recon: 0.000002 total: 5.5378
2026-03-26 02:43:52 [INFO]   Epoch 15 batch 10/871 | supcon: 5.5222 recon: 0.000004 total: 5.5575
2026-03-26 02:43:54 [INFO]   Epoch 15 batch 10/871 | supcon: 5.5062 recon: 0.000002 total: 5.5275
2026-03-26 02:44:42 [INFO]   Epoch 15 batch 100/871 | supcon: 5.5156 recon: 0.000002 total: 5.5380
2026-03-26 02:44:44 [INFO]   Epoch 15 batch 100/871 | supcon: 5.5397 recon: 0.000002 total: 5.5613
2026-03-26 02:45:37 [INFO]   Epoch 15 batch 200/871 | supcon: 5.5098 recon: 0.000002 total: 5.5313
2026-03-26 02:45:39 [INFO]   Epoch 15 batch 200/871 | supcon: 5.4767 recon: 0.000002 total: 5.4980
2026-03-26 02:47:30 [INFO]   Epoch 15 batch 400/871 | supcon: 5.5219 recon: 0.000002 total: 5.5406
2026-03-26 02:47:32 [INFO]   Epoch 15 batch 400/871 | supcon: 5.5242 recon: 0.000002 total: 5.5472
2026-03-26 02:49:21 [INFO]   Epoch 15 batch 600/871 | supcon: 5.5244 recon: 0.000002 total: 5.5432
2026-03-26 02:49:23 [INFO]   Epoch 15 batch 600/871 | supcon: 5.5401 recon: 0.000002 total: 5.5588
2026-03-26 02:51:16 [INFO]   Epoch 15 batch 800/871 | supcon: 5.4968 recon: 0.000002 total: 5.5166
2026-03-26 02:51:18 [INFO]   Epoch 15 batch 800/871 | supcon: 5.4941 recon: 0.000002 total: 5.5165
2026-03-26 02:51:56 [INFO] Epoch  15/30 | SupCon: 5.5200 Recon: 0.000002 Total: 5.5405 | LR: 1.01e-05
2026-03-26 02:51:56 [INFO]   -> Best model saved (loss=5.5405)
2026-03-26 02:51:57 [INFO]   Epoch 16 batch 1/871 | supcon: 5.5212 recon: 0.000002 total: 5.5397
2026-03-26 02:51:58 [INFO] Epoch  15/30 | SupCon: 5.5202 Recon: 0.000002 Total: 5.5406 | LR: 1.01e-05
2026-03-26 02:51:58 [INFO]   -> Best model saved (loss=5.5406)
2026-03-26 02:51:59 [INFO]   Epoch 16 batch 1/871 | supcon: 5.5302 recon: 0.000002 total: 5.5517
2026-03-26 02:52:02 [INFO]   Epoch 16 batch 10/871 | supcon: 5.5089 recon: 0.000002 total: 5.5284
2026-03-26 02:52:04 [INFO]   Epoch 16 batch 10/871 | supcon: 5.5362 recon: 0.000002 total: 5.5561
2026-03-26 02:52:52 [INFO]   Epoch 16 batch 100/871 | supcon: 5.5158 recon: 0.000002 total: 5.5365
2026-03-26 02:52:54 [INFO]   Epoch 16 batch 100/871 | supcon: 5.5201 recon: 0.000002 total: 5.5386
2026-03-26 02:53:48 [INFO]   Epoch 16 batch 200/871 | supcon: 5.5372 recon: 0.000002 total: 5.5600
2026-03-26 02:53:50 [INFO]   Epoch 16 batch 200/871 | supcon: 5.5346 recon: 0.000002 total: 5.5531
2026-03-26 02:55:39 [INFO]   Epoch 16 batch 400/871 | supcon: 5.5316 recon: 0.000002 total: 5.5531
2026-03-26 02:55:41 [INFO]   Epoch 16 batch 400/871 | supcon: 5.4998 recon: 0.000002 total: 5.5209
2026-03-26 02:57:34 [INFO]   Epoch 16 batch 600/871 | supcon: 5.4966 recon: 0.000002 total: 5.5187
2026-03-26 02:57:36 [INFO]   Epoch 16 batch 600/871 | supcon: 5.5331 recon: 0.000002 total: 5.5515
2026-03-26 02:59:28 [INFO]   Epoch 16 batch 800/871 | supcon: 5.5139 recon: 0.000003 total: 5.5444
2026-03-26 02:59:30 [INFO]   Epoch 16 batch 800/871 | supcon: 5.4842 recon: 0.000002 total: 5.5027
2026-03-26 03:00:09 [INFO] Epoch  16/30 | SupCon: 5.5197 Recon: 0.000002 Total: 5.5403 | LR: 9.01e-06
2026-03-26 03:00:09 [INFO]   -> Best model saved (loss=5.5403)
2026-03-26 03:00:10 [INFO]   Epoch 17 batch 1/871 | supcon: 5.5080 recon: 0.000002 total: 5.5273
2026-03-26 03:00:11 [INFO] Epoch  16/30 | SupCon: 5.5199 Recon: 0.000002 Total: 5.5405 | LR: 9.01e-06
2026-03-26 03:00:12 [INFO]   -> Best model saved (loss=5.5405)
2026-03-26 03:00:12 [INFO]   Epoch 17 batch 1/871 | supcon: 5.5054 recon: 0.000002 total: 5.5260
2026-03-26 03:00:15 [INFO]   Epoch 17 batch 10/871 | supcon: 5.5128 recon: 0.000002 total: 5.5337
2026-03-26 03:00:18 [INFO]   Epoch 17 batch 10/871 | supcon: 5.5063 recon: 0.000002 total: 5.5247
2026-03-26 03:01:07 [INFO]   Epoch 17 batch 100/871 | supcon: 5.5198 recon: 0.000002 total: 5.5397
2026-03-26 03:01:09 [INFO]   Epoch 17 batch 100/871 | supcon: 5.5129 recon: 0.000002 total: 5.5311
2026-03-26 03:02:03 [INFO]   Epoch 17 batch 200/871 | supcon: 5.5309 recon: 0.000002 total: 5.5503
2026-03-26 03:02:05 [INFO]   Epoch 17 batch 200/871 | supcon: 5.5409 recon: 0.000002 total: 5.5624
2026-03-26 03:03:57 [INFO]   Epoch 17 batch 400/871 | supcon: 5.5322 recon: 0.000002 total: 5.5523
2026-03-26 03:03:59 [INFO]   Epoch 17 batch 400/871 | supcon: 5.5163 recon: 0.000002 total: 5.5389
2026-03-26 03:05:53 [INFO]   Epoch 17 batch 600/871 | supcon: 5.5118 recon: 0.000002 total: 5.5312
2026-03-26 03:05:55 [INFO]   Epoch 17 batch 600/871 | supcon: 5.5296 recon: 0.000002 total: 5.5511
2026-03-26 03:07:46 [INFO]   Epoch 17 batch 800/871 | supcon: 5.5334 recon: 0.000002 total: 5.5519
2026-03-26 03:07:48 [INFO]   Epoch 17 batch 800/871 | supcon: 5.5281 recon: 0.000002 total: 5.5498
2026-03-26 03:08:26 [INFO] Epoch  17/30 | SupCon: 5.5196 Recon: 0.000002 Total: 5.5400 | LR: 7.98e-06
2026-03-26 03:08:27 [INFO]   -> Best model saved (loss=5.5400)
2026-03-26 03:08:27 [INFO]   Epoch 18 batch 1/871 | supcon: 5.5158 recon: 0.000002 total: 5.5364
2026-03-26 03:08:28 [INFO] Epoch  17/30 | SupCon: 5.5197 Recon: 0.000002 Total: 5.5401 | LR: 7.98e-06
2026-03-26 03:08:29 [INFO]   -> Best model saved (loss=5.5401)
2026-03-26 03:08:29 [INFO]   Epoch 18 batch 1/871 | supcon: 5.5244 recon: 0.000002 total: 5.5459
2026-03-26 03:08:32 [INFO]   Epoch 18 batch 10/871 | supcon: 5.5463 recon: 0.000002 total: 5.5658
2026-03-26 03:08:35 [INFO]   Epoch 18 batch 10/871 | supcon: 5.5211 recon: 0.000002 total: 5.5387
2026-03-26 03:09:23 [INFO]   Epoch 18 batch 100/871 | supcon: 5.5293 recon: 0.000002 total: 5.5511
2026-03-26 03:09:26 [INFO]   Epoch 18 batch 100/871 | supcon: 5.5141 recon: 0.000002 total: 5.5376
2026-03-26 03:10:19 [INFO]   Epoch 18 batch 200/871 | supcon: 5.5133 recon: 0.000002 total: 5.5320
2026-03-26 03:10:21 [INFO]   Epoch 18 batch 200/871 | supcon: 5.5025 recon: 0.000002 total: 5.5228
2026-03-26 03:12:11 [INFO]   Epoch 18 batch 400/871 | supcon: 5.5252 recon: 0.000002 total: 5.5444
2026-03-26 03:12:13 [INFO]   Epoch 18 batch 400/871 | supcon: 5.5024 recon: 0.000003 total: 5.5276
2026-03-26 03:14:02 [INFO]   Epoch 18 batch 600/871 | supcon: 5.5175 recon: 0.000002 total: 5.5382
2026-03-26 03:14:04 [INFO]   Epoch 18 batch 600/871 | supcon: 5.5290 recon: 0.000002 total: 5.5478
2026-03-26 03:15:53 [INFO]   Epoch 18 batch 800/871 | supcon: 5.4884 recon: 0.000002 total: 5.5110
2026-03-26 03:15:55 [INFO]   Epoch 18 batch 800/871 | supcon: 5.5221 recon: 0.000002 total: 5.5441
2026-03-26 03:16:33 [INFO] Epoch  18/30 | SupCon: 5.5191 Recon: 0.000002 Total: 5.5396 | LR: 6.98e-06
2026-03-26 03:16:33 [INFO]   -> Best model saved (loss=5.5396)
2026-03-26 03:16:34 [INFO]   Epoch 19 batch 1/871 | supcon: 5.5256 recon: 0.000002 total: 5.5473
2026-03-26 03:16:35 [INFO] Epoch  18/30 | SupCon: 5.5194 Recon: 0.000002 Total: 5.5397 | LR: 6.98e-06
2026-03-26 03:16:35 [INFO]   -> Best model saved (loss=5.5397)
2026-03-26 03:16:36 [INFO]   Epoch 19 batch 1/871 | supcon: 5.5439 recon: 0.000002 total: 5.5659
2026-03-26 03:16:39 [INFO]   Epoch 19 batch 10/871 | supcon: 5.5014 recon: 0.000002 total: 5.5220
2026-03-26 03:16:41 [INFO]   Epoch 19 batch 10/871 | supcon: 5.5387 recon: 0.000002 total: 5.5603
2026-03-26 03:17:32 [INFO]   Epoch 19 batch 100/871 | supcon: 5.5089 recon: 0.000002 total: 5.5288
2026-03-26 03:17:33 [INFO]   Epoch 19 batch 100/871 | supcon: 5.5071 recon: 0.000002 total: 5.5281
2026-03-26 03:18:29 [INFO]   Epoch 19 batch 200/871 | supcon: 5.5242 recon: 0.000002 total: 5.5462
2026-03-26 03:18:30 [INFO]   Epoch 19 batch 200/871 | supcon: 5.5233 recon: 0.000002 total: 5.5462
2026-03-26 03:20:20 [INFO]   Epoch 19 batch 400/871 | supcon: 5.4857 recon: 0.000002 total: 5.5072
2026-03-26 03:20:22 [INFO]   Epoch 19 batch 400/871 | supcon: 5.5329 recon: 0.000002 total: 5.5535
2026-03-26 03:22:12 [INFO]   Epoch 19 batch 600/871 | supcon: 5.5144 recon: 0.000002 total: 5.5370
2026-03-26 03:22:15 [INFO]   Epoch 19 batch 600/871 | supcon: 5.5454 recon: 0.000002 total: 5.5665
2026-03-26 03:24:04 [INFO]   Epoch 19 batch 800/871 | supcon: 5.5142 recon: 0.000002 total: 5.5331
2026-03-26 03:24:06 [INFO]   Epoch 19 batch 800/871 | supcon: 5.5021 recon: 0.000003 total: 5.5364
2026-03-26 03:24:44 [INFO] Epoch  19/30 | SupCon: 5.5194 Recon: 0.000002 Total: 5.5398 | LR: 6.00e-06
2026-03-26 03:24:44 [INFO]   Epoch 20 batch 1/871 | supcon: 5.5384 recon: 0.000002 total: 5.5578
2026-03-26 03:24:46 [INFO] Epoch  19/30 | SupCon: 5.5193 Recon: 0.000002 Total: 5.5396 | LR: 6.00e-06
2026-03-26 03:24:46 [INFO]   -> Best model saved (loss=5.5396)
2026-03-26 03:24:47 [INFO]   Epoch 20 batch 1/871 | supcon: 5.5378 recon: 0.000002 total: 5.5581
2026-03-26 03:24:49 [INFO]   Epoch 20 batch 10/871 | supcon: 5.5273 recon: 0.000002 total: 5.5474
2026-03-26 03:24:52 [INFO]   Epoch 20 batch 10/871 | supcon: 5.5194 recon: 0.000002 total: 5.5369
2026-03-26 03:25:40 [INFO]   Epoch 20 batch 100/871 | supcon: 5.4905 recon: 0.000003 total: 5.5216
2026-03-26 03:25:42 [INFO]   Epoch 20 batch 100/871 | supcon: 5.5143 recon: 0.000002 total: 5.5349
2026-03-26 03:26:38 [INFO]   Epoch 20 batch 200/871 | supcon: 5.5362 recon: 0.000002 total: 5.5540
2026-03-26 03:26:41 [INFO]   Epoch 20 batch 200/871 | supcon: 5.5266 recon: 0.000002 total: 5.5463
2026-03-26 03:28:30 [INFO]   Epoch 20 batch 400/871 | supcon: 5.5121 recon: 0.000002 total: 5.5315
2026-03-26 03:28:33 [INFO]   Epoch 20 batch 400/871 | supcon: 5.4741 recon: 0.000002 total: 5.4950
2026-03-26 03:30:22 [INFO]   Epoch 20 batch 600/871 | supcon: 5.5102 recon: 0.000002 total: 5.5327
2026-03-26 03:30:24 [INFO]   Epoch 20 batch 600/871 | supcon: 5.5217 recon: 0.000002 total: 5.5400
2026-03-26 03:32:15 [INFO]   Epoch 20 batch 800/871 | supcon: 5.5260 recon: 0.000002 total: 5.5458
2026-03-26 03:32:18 [INFO]   Epoch 20 batch 800/871 | supcon: 5.5288 recon: 0.000002 total: 5.5462
2026-03-26 03:32:55 [INFO] Epoch  20/30 | SupCon: 5.5190 Recon: 0.000002 Total: 5.5393 | LR: 5.08e-06
2026-03-26 03:32:56 [INFO]   -> Best model saved (loss=5.5393)
2026-03-26 03:32:56 [INFO]   Epoch 21 batch 1/871 | supcon: 5.5318 recon: 0.000002 total: 5.5515
2026-03-26 03:32:58 [INFO] Epoch  20/30 | SupCon: 5.5190 Recon: 0.000002 Total: 5.5393 | LR: 5.08e-06
2026-03-26 03:32:58 [INFO]   -> Best model saved (loss=5.5393)
2026-03-26 03:32:59 [INFO]   Epoch 21 batch 1/871 | supcon: 5.5116 recon: 0.000002 total: 5.5323
2026-03-26 03:33:01 [INFO]   Epoch 21 batch 10/871 | supcon: 5.5290 recon: 0.000002 total: 5.5500
2026-03-26 03:33:04 [INFO]   Epoch 21 batch 10/871 | supcon: 5.5258 recon: 0.000002 total: 5.5434
2026-03-26 03:33:52 [INFO]   Epoch 21 batch 100/871 | supcon: 5.5204 recon: 0.000002 total: 5.5395
2026-03-26 03:33:54 [INFO]   Epoch 21 batch 100/871 | supcon: 5.4862 recon: 0.000002 total: 5.5062
2026-03-26 03:34:48 [INFO]   Epoch 21 batch 200/871 | supcon: 5.5189 recon: 0.000002 total: 5.5386
2026-03-26 03:34:51 [INFO]   Epoch 21 batch 200/871 | supcon: 5.5346 recon: 0.000003 total: 5.5676
2026-03-26 03:36:43 [INFO]   Epoch 21 batch 400/871 | supcon: 5.5238 recon: 0.000002 total: 5.5443
2026-03-26 03:36:46 [INFO]   Epoch 21 batch 400/871 | supcon: 5.5127 recon: 0.000002 total: 5.5300
2026-03-26 03:38:35 [INFO]   Epoch 21 batch 600/871 | supcon: 5.5404 recon: 0.000002 total: 5.5633
2026-03-26 03:38:38 [INFO]   Epoch 21 batch 600/871 | supcon: 5.5396 recon: 0.000002 total: 5.5617
2026-03-26 03:40:28 [INFO]   Epoch 21 batch 800/871 | supcon: 5.5063 recon: 0.000002 total: 5.5254
2026-03-26 03:40:31 [INFO]   Epoch 21 batch 800/871 | supcon: 5.5317 recon: 0.000002 total: 5.5533
2026-03-26 03:41:09 [INFO] Epoch  21/30 | SupCon: 5.5190 Recon: 0.000002 Total: 5.5393 | LR: 4.20e-06
2026-03-26 03:41:09 [INFO]   -> Best model saved (loss=5.5393)
2026-03-26 03:41:10 [INFO]   Epoch 22 batch 1/871 | supcon: 5.5178 recon: 0.000002 total: 5.5380
2026-03-26 03:41:12 [INFO] Epoch  21/30 | SupCon: 5.5187 Recon: 0.000002 Total: 5.5391 | LR: 4.20e-06
2026-03-26 03:41:12 [INFO]   -> Best model saved (loss=5.5391)
2026-03-26 03:41:13 [INFO]   Epoch 22 batch 1/871 | supcon: 5.5280 recon: 0.000002 total: 5.5449
2026-03-26 03:41:15 [INFO]   Epoch 22 batch 10/871 | supcon: 5.5283 recon: 0.000002 total: 5.5487
2026-03-26 03:41:18 [INFO]   Epoch 22 batch 10/871 | supcon: 5.5222 recon: 0.000002 total: 5.5411
2026-03-26 03:42:06 [INFO]   Epoch 22 batch 100/871 | supcon: 5.5030 recon: 0.000002 total: 5.5239
2026-03-26 03:42:08 [INFO]   Epoch 22 batch 100/871 | supcon: 5.5346 recon: 0.000002 total: 5.5539
2026-03-26 03:43:02 [INFO]   Epoch 22 batch 200/871 | supcon: 5.5090 recon: 0.000002 total: 5.5307
2026-03-26 03:43:04 [INFO]   Epoch 22 batch 200/871 | supcon: 5.5040 recon: 0.000002 total: 5.5221
2026-03-26 03:44:53 [INFO]   Epoch 22 batch 400/871 | supcon: 5.5085 recon: 0.000002 total: 5.5287
2026-03-26 03:44:56 [INFO]   Epoch 22 batch 400/871 | supcon: 5.5324 recon: 0.000002 total: 5.5531
2026-03-26 03:46:45 [INFO]   Epoch 22 batch 600/871 | supcon: 5.5311 recon: 0.000002 total: 5.5549
2026-03-26 03:46:48 [INFO]   Epoch 22 batch 600/871 | supcon: 5.5298 recon: 0.000002 total: 5.5479
2026-03-26 03:48:38 [INFO]   Epoch 22 batch 800/871 | supcon: 5.5062 recon: 0.000002 total: 5.5287
2026-03-26 03:48:40 [INFO]   Epoch 22 batch 800/871 | supcon: 5.5289 recon: 0.000002 total: 5.5513
2026-03-26 03:49:17 [INFO] Epoch  22/30 | SupCon: 5.5188 Recon: 0.000002 Total: 5.5391 | LR: 3.39e-06
2026-03-26 03:49:17 [INFO]   -> Best model saved (loss=5.5391)
2026-03-26 03:49:18 [INFO]   Epoch 23 batch 1/871 | supcon: 5.5112 recon: 0.000002 total: 5.5325
2026-03-26 03:49:20 [INFO] Epoch  22/30 | SupCon: 5.5188 Recon: 0.000002 Total: 5.5391 | LR: 3.39e-06
2026-03-26 03:49:20 [INFO]   Epoch 23 batch 1/871 | supcon: 5.5393 recon: 0.000002 total: 5.5635
2026-03-26 03:49:24 [INFO]   Epoch 23 batch 10/871 | supcon: 5.4715 recon: 0.000002 total: 5.4905
2026-03-26 03:49:26 [INFO]   Epoch 23 batch 10/871 | supcon: 5.5187 recon: 0.000002 total: 5.5394
2026-03-26 03:50:15 [INFO]   Epoch 23 batch 100/871 | supcon: 5.5128 recon: 0.000002 total: 5.5320
2026-03-26 03:50:17 [INFO]   Epoch 23 batch 100/871 | supcon: 5.5240 recon: 0.000002 total: 5.5455
2026-03-26 03:51:13 [INFO]   Epoch 23 batch 200/871 | supcon: 5.5262 recon: 0.000002 total: 5.5476
2026-03-26 03:51:15 [INFO]   Epoch 23 batch 200/871 | supcon: 5.5302 recon: 0.000002 total: 5.5542
2026-03-26 03:53:06 [INFO]   Epoch 23 batch 400/871 | supcon: 5.5151 recon: 0.000002 total: 5.5370
2026-03-26 03:53:08 [INFO]   Epoch 23 batch 400/871 | supcon: 5.5301 recon: 0.000002 total: 5.5482
2026-03-26 03:54:57 [INFO]   Epoch 23 batch 600/871 | supcon: 5.5245 recon: 0.000002 total: 5.5459
2026-03-26 03:54:59 [INFO]   Epoch 23 batch 600/871 | supcon: 5.5112 recon: 0.000002 total: 5.5322
2026-03-26 03:56:50 [INFO]   Epoch 23 batch 800/871 | supcon: 5.5364 recon: 0.000002 total: 5.5563
2026-03-26 03:56:51 [INFO]   Epoch 23 batch 800/871 | supcon: 5.5371 recon: 0.000002 total: 5.5567
2026-03-26 03:57:30 [INFO] Epoch  23/30 | SupCon: 5.5187 Recon: 0.000002 Total: 5.5390 | LR: 2.66e-06
2026-03-26 03:57:30 [INFO]   -> Best model saved (loss=5.5390)
2026-03-26 03:57:31 [INFO]   Epoch 24 batch 1/871 | supcon: 5.5050 recon: 0.000002 total: 5.5261
2026-03-26 03:57:32 [INFO] Epoch  23/30 | SupCon: 5.5188 Recon: 0.000002 Total: 5.5391 | LR: 2.66e-06
2026-03-26 03:57:32 [INFO]   Epoch 24 batch 1/871 | supcon: 5.5312 recon: 0.000002 total: 5.5517
2026-03-26 03:57:36 [INFO]   Epoch 24 batch 10/871 | supcon: 5.5363 recon: 0.000002 total: 5.5560
2026-03-26 03:57:37 [INFO]   Epoch 24 batch 10/871 | supcon: 5.5296 recon: 0.000002 total: 5.5511
2026-03-26 03:58:25 [INFO]   Epoch 24 batch 100/871 | supcon: 5.5201 recon: 0.000002 total: 5.5396
2026-03-26 03:58:27 [INFO]   Epoch 24 batch 100/871 | supcon: 5.5196 recon: 0.000002 total: 5.5399
2026-03-26 03:59:21 [INFO]   Epoch 24 batch 200/871 | supcon: 5.5155 recon: 0.000002 total: 5.5356
2026-03-26 03:59:22 [INFO]   Epoch 24 batch 200/871 | supcon: 5.4888 recon: 0.000002 total: 5.5078
2026-03-26 04:01:13 [INFO]   Epoch 24 batch 400/871 | supcon: 5.5198 recon: 0.000002 total: 5.5420
2026-03-26 04:01:14 [INFO]   Epoch 24 batch 400/871 | supcon: 5.4996 recon: 0.000002 total: 5.5198
2026-03-26 04:03:05 [INFO]   Epoch 24 batch 600/871 | supcon: 5.4965 recon: 0.000002 total: 5.5160
2026-03-26 04:03:07 [INFO]   Epoch 24 batch 600/871 | supcon: 5.5420 recon: 0.000002 total: 5.5608
2026-03-26 04:04:59 [INFO]   Epoch 24 batch 800/871 | supcon: 5.5329 recon: 0.000002 total: 5.5514
2026-03-26 04:05:00 [INFO]   Epoch 24 batch 800/871 | supcon: 5.4976 recon: 0.000002 total: 5.5219
2026-03-26 04:05:41 [INFO] Epoch  24/30 | SupCon: 5.5185 Recon: 0.000002 Total: 5.5388 | LR: 2.00e-06
2026-03-26 04:05:42 [INFO]   -> Best model saved (loss=5.5388)
2026-03-26 04:05:42 [INFO] Epoch  24/30 | SupCon: 5.5186 Recon: 0.000002 Total: 5.5388 | LR: 2.00e-06
2026-03-26 04:05:42 [INFO]   Epoch 25 batch 1/871 | supcon: 5.4939 recon: 0.000002 total: 5.5129
2026-03-26 04:05:42 [INFO]   -> Best model saved (loss=5.5388)
2026-03-26 04:05:43 [INFO]   Epoch 25 batch 1/871 | supcon: 5.5076 recon: 0.000002 total: 5.5286
2026-03-26 04:05:47 [INFO]   Epoch 25 batch 10/871 | supcon: 5.5296 recon: 0.000002 total: 5.5520
2026-03-26 04:05:48 [INFO]   Epoch 25 batch 10/871 | supcon: 5.4841 recon: 0.000002 total: 5.5042
2026-03-26 04:06:40 [INFO]   Epoch 25 batch 100/871 | supcon: 5.5130 recon: 0.000003 total: 5.5381
2026-03-26 04:06:41 [INFO]   Epoch 25 batch 100/871 | supcon: 5.5253 recon: 0.000002 total: 5.5427
2026-03-26 04:07:38 [INFO]   Epoch 25 batch 200/871 | supcon: 5.4844 recon: 0.000002 total: 5.5031
2026-03-26 04:07:39 [INFO]   Epoch 25 batch 200/871 | supcon: 5.5295 recon: 0.000002 total: 5.5477
2026-03-26 04:09:30 [INFO]   Epoch 25 batch 400/871 | supcon: 5.4992 recon: 0.000002 total: 5.5195
2026-03-26 04:09:30 [INFO]   Epoch 25 batch 400/871 | supcon: 5.5077 recon: 0.000002 total: 5.5263
2026-03-26 04:11:25 [INFO]   Epoch 25 batch 600/871 | supcon: 5.5241 recon: 0.000002 total: 5.5427
2026-03-26 04:11:26 [INFO]   Epoch 25 batch 600/871 | supcon: 5.5054 recon: 0.000002 total: 5.5245
2026-03-26 04:13:17 [INFO]   Epoch 25 batch 800/871 | supcon: 5.5169 recon: 0.000002 total: 5.5363
2026-03-26 04:13:17 [INFO]   Epoch 25 batch 800/871 | supcon: 5.5248 recon: 0.000002 total: 5.5441
2026-03-26 04:13:56 [INFO] Epoch  25/30 | SupCon: 5.5186 Recon: 0.000002 Total: 5.5389 | LR: 1.43e-06
2026-03-26 04:13:57 [INFO] Epoch  25/30 | SupCon: 5.5185 Recon: 0.000002 Total: 5.5387 | LR: 1.43e-06
2026-03-26 04:13:57 [INFO]   Epoch 26 batch 1/871 | supcon: 5.5221 recon: 0.000002 total: 5.5411
2026-03-26 04:13:57 [INFO]   -> Best model saved (loss=5.5387)
2026-03-26 04:13:58 [INFO]   Epoch 26 batch 1/871 | supcon: 5.5183 recon: 0.000002 total: 5.5368
2026-03-26 04:14:02 [INFO]   Epoch 26 batch 10/871 | supcon: 5.5067 recon: 0.000002 total: 5.5253
2026-03-26 04:14:03 [INFO]   Epoch 26 batch 10/871 | supcon: 5.5115 recon: 0.000002 total: 5.5315
2026-03-26 04:14:52 [INFO]   Epoch 26 batch 100/871 | supcon: 5.5172 recon: 0.000002 total: 5.5372
2026-03-26 04:14:53 [INFO]   Epoch 26 batch 100/871 | supcon: 5.5561 recon: 0.000002 total: 5.5767
2026-03-26 04:15:48 [INFO]   Epoch 26 batch 200/871 | supcon: 5.5113 recon: 0.000002 total: 5.5297
2026-03-26 04:15:49 [INFO]   Epoch 26 batch 200/871 | supcon: 5.5050 recon: 0.000003 total: 5.5322
2026-03-26 04:17:39 [INFO]   Epoch 26 batch 400/871 | supcon: 5.5420 recon: 0.000002 total: 5.5622
2026-03-26 04:17:40 [INFO]   Epoch 26 batch 400/871 | supcon: 5.4910 recon: 0.000002 total: 5.5114
2026-03-26 04:19:32 [INFO]   Epoch 26 batch 600/871 | supcon: 5.5291 recon: 0.000002 total: 5.5502
2026-03-26 04:19:33 [INFO]   Epoch 26 batch 600/871 | supcon: 5.5002 recon: 0.000002 total: 5.5209
2026-03-26 04:21:24 [INFO]   Epoch 26 batch 800/871 | supcon: 5.5238 recon: 0.000002 total: 5.5432
2026-03-26 04:21:25 [INFO]   Epoch 26 batch 800/871 | supcon: 5.4917 recon: 0.000002 total: 5.5126
2026-03-26 04:22:04 [INFO] Epoch  26/30 | SupCon: 5.5183 Recon: 0.000002 Total: 5.5386 | LR: 9.60e-07
2026-03-26 04:22:04 [INFO]   -> Best model saved (loss=5.5386)
2026-03-26 04:22:05 [INFO] Epoch  26/30 | SupCon: 5.5185 Recon: 0.000002 Total: 5.5388 | LR: 9.60e-07
2026-03-26 04:22:05 [INFO]   Epoch 27 batch 1/871 | supcon: 5.5358 recon: 0.000002 total: 5.5555
2026-03-26 04:22:05 [INFO]   Epoch 27 batch 1/871 | supcon: 5.5207 recon: 0.000002 total: 5.5387
2026-03-26 04:22:10 [INFO]   Epoch 27 batch 10/871 | supcon: 5.5430 recon: 0.000002 total: 5.5625
2026-03-26 04:22:10 [INFO]   Epoch 27 batch 10/871 | supcon: 5.5120 recon: 0.000002 total: 5.5364
2026-03-26 04:23:00 [INFO]   Epoch 27 batch 100/871 | supcon: 5.5137 recon: 0.000002 total: 5.5331
2026-03-26 04:23:00 [INFO]   Epoch 27 batch 100/871 | supcon: 5.5073 recon: 0.000002 total: 5.5257
2026-03-26 04:23:58 [INFO]   Epoch 27 batch 200/871 | supcon: 5.5180 recon: 0.000002 total: 5.5398
2026-03-26 04:23:59 [INFO]   Epoch 27 batch 200/871 | supcon: 5.5225 recon: 0.000002 total: 5.5424
2026-03-26 04:25:52 [INFO]   Epoch 27 batch 400/871 | supcon: 5.5160 recon: 0.000002 total: 5.5361
2026-03-26 04:25:52 [INFO]   Epoch 27 batch 400/871 | supcon: 5.4791 recon: 0.000002 total: 5.4991
2026-03-26 04:27:44 [INFO]   Epoch 27 batch 600/871 | supcon: 5.5477 recon: 0.000002 total: 5.5650
2026-03-26 04:27:44 [INFO]   Epoch 27 batch 600/871 | supcon: 5.5136 recon: 0.000002 total: 5.5324
2026-03-26 04:29:36 [INFO]   Epoch 27 batch 800/871 | supcon: 5.5263 recon: 0.000002 total: 5.5480
2026-03-26 04:29:36 [INFO]   Epoch 27 batch 800/871 | supcon: 5.5399 recon: 0.000002 total: 5.5599
2026-03-26 04:30:16 [INFO] Epoch  27/30 | SupCon: 5.5183 Recon: 0.000002 Total: 5.5386 | LR: 5.87e-07
2026-03-26 04:30:16 [INFO] Epoch  27/30 | SupCon: 5.5185 Recon: 0.000002 Total: 5.5388 | LR: 5.87e-07
2026-03-26 04:30:16 [INFO]   -> Best model saved (loss=5.5386)
2026-03-26 04:30:16 [INFO]   Epoch 28 batch 1/871 | supcon: 5.5184 recon: 0.000002 total: 5.5377
2026-03-26 04:30:17 [INFO]   Epoch 28 batch 1/871 | supcon: 5.5428 recon: 0.000002 total: 5.5626
2026-03-26 04:30:22 [INFO]   Epoch 28 batch 10/871 | supcon: 5.5031 recon: 0.000003 total: 5.5314
2026-03-26 04:30:22 [INFO]   Epoch 28 batch 10/871 | supcon: 5.5115 recon: 0.000002 total: 5.5302
2026-03-26 04:31:12 [INFO]   Epoch 28 batch 100/871 | supcon: 5.5188 recon: 0.000002 total: 5.5389
2026-03-26 04:31:12 [INFO]   Epoch 28 batch 100/871 | supcon: 5.5255 recon: 0.000002 total: 5.5440
2026-03-26 04:32:08 [INFO]   Epoch 28 batch 200/871 | supcon: 5.5171 recon: 0.000002 total: 5.5356
2026-03-26 04:32:08 [INFO]   Epoch 28 batch 200/871 | supcon: 5.5097 recon: 0.000002 total: 5.5299
2026-03-26 04:34:00 [INFO]   Epoch 28 batch 400/871 | supcon: 5.5279 recon: 0.000002 total: 5.5471
2026-03-26 04:34:00 [INFO]   Epoch 28 batch 400/871 | supcon: 5.5165 recon: 0.000002 total: 5.5339
2026-03-26 04:35:53 [INFO]   Epoch 28 batch 600/871 | supcon: 5.5280 recon: 0.000002 total: 5.5473
2026-03-26 04:35:53 [INFO]   Epoch 28 batch 600/871 | supcon: 5.5259 recon: 0.000002 total: 5.5455
2026-03-26 04:37:46 [INFO]   Epoch 28 batch 800/871 | supcon: 5.5178 recon: 0.000002 total: 5.5396
2026-03-26 04:37:46 [INFO]   Epoch 28 batch 800/871 | supcon: 5.5023 recon: 0.000002 total: 5.5225
2026-03-26 04:38:26 [INFO] Epoch  28/30 | SupCon: 5.5184 Recon: 0.000002 Total: 5.5386 | LR: 3.17e-07
2026-03-26 04:38:26 [INFO] Epoch  28/30 | SupCon: 5.5184 Recon: 0.000002 Total: 5.5386 | LR: 3.17e-07
2026-03-26 04:38:27 [INFO]   -> Best model saved (loss=5.5386)
2026-03-26 04:38:27 [INFO]   Epoch 29 batch 1/871 | supcon: 5.5360 recon: 0.000002 total: 5.5540
2026-03-26 04:38:27 [INFO]   Epoch 29 batch 1/871 | supcon: 5.5093 recon: 0.000002 total: 5.5279
2026-03-26 04:38:32 [INFO]   Epoch 29 batch 10/871 | supcon: 5.5159 recon: 0.000002 total: 5.5352
2026-03-26 04:38:32 [INFO]   Epoch 29 batch 10/871 | supcon: 5.5287 recon: 0.000002 total: 5.5470
2026-03-26 04:39:23 [INFO]   Epoch 29 batch 100/871 | supcon: 5.5238 recon: 0.000002 total: 5.5438
2026-03-26 04:39:23 [INFO]   Epoch 29 batch 100/871 | supcon: 5.5269 recon: 0.000002 total: 5.5460
2026-03-26 04:40:19 [INFO]   Epoch 29 batch 200/871 | supcon: 5.5276 recon: 0.000002 total: 5.5491
2026-03-26 04:40:19 [INFO]   Epoch 29 batch 200/871 | supcon: 5.5285 recon: 0.000002 total: 5.5498
2026-03-26 04:42:15 [INFO]   Epoch 29 batch 400/871 | supcon: 5.5178 recon: 0.000002 total: 5.5354
2026-03-26 04:42:15 [INFO]   Epoch 29 batch 400/871 | supcon: 5.5029 recon: 0.000002 total: 5.5209
2026-03-26 04:44:07 [INFO]   Epoch 29 batch 600/871 | supcon: 5.5226 recon: 0.000002 total: 5.5431
2026-03-26 04:44:07 [INFO]   Epoch 29 batch 600/871 | supcon: 5.5151 recon: 0.000002 total: 5.5349
2026-03-26 04:45:59 [INFO]   Epoch 29 batch 800/871 | supcon: 5.5197 recon: 0.000002 total: 5.5427
2026-03-26 04:46:00 [INFO]   Epoch 29 batch 800/871 | supcon: 5.5108 recon: 0.000002 total: 5.5313
2026-03-26 04:46:39 [INFO] Epoch  29/30 | SupCon: 5.5184 Recon: 0.000002 Total: 5.5386 | LR: 1.55e-07
2026-03-26 04:46:39 [INFO] Epoch  29/30 | SupCon: 5.5182 Recon: 0.000002 Total: 5.5384 | LR: 1.55e-07
2026-03-26 04:46:39 [INFO]   -> Best model saved (loss=5.5386)
2026-03-26 04:46:39 [INFO]   -> Best model saved (loss=5.5384)
2026-03-26 04:46:40 [INFO]   Epoch 30 batch 1/871 | supcon: 5.5255 recon: 0.000002 total: 5.5480
2026-03-26 04:46:40 [INFO]   Epoch 30 batch 1/871 | supcon: 5.5146 recon: 0.000002 total: 5.5361
2026-03-26 04:46:45 [INFO]   Epoch 30 batch 10/871 | supcon: 5.5187 recon: 0.000002 total: 5.5401
2026-03-26 04:46:45 [INFO]   Epoch 30 batch 10/871 | supcon: 5.4903 recon: 0.000002 total: 5.5080
2026-03-26 04:47:35 [INFO]   Epoch 30 batch 100/871 | supcon: 5.5305 recon: 0.000002 total: 5.5509
2026-03-26 04:47:35 [INFO]   Epoch 30 batch 100/871 | supcon: 5.5419 recon: 0.000002 total: 5.5605
2026-03-26 04:48:32 [INFO]   Epoch 30 batch 200/871 | supcon: 5.5401 recon: 0.000002 total: 5.5598
2026-03-26 04:48:32 [INFO]   Epoch 30 batch 200/871 | supcon: 5.5290 recon: 0.000002 total: 5.5487
2026-03-26 04:50:23 [INFO]   Epoch 30 batch 400/871 | supcon: 5.5221 recon: 0.000002 total: 5.5445
2026-03-26 04:50:23 [INFO]   Epoch 30 batch 400/871 | supcon: 5.4874 recon: 0.000002 total: 5.5069
2026-03-26 04:52:15 [INFO]   Epoch 30 batch 600/871 | supcon: 5.5002 recon: 0.000002 total: 5.5239
2026-03-26 04:52:16 [INFO]   Epoch 30 batch 600/871 | supcon: 5.5380 recon: 0.000002 total: 5.5585
2026-03-26 04:54:09 [INFO]   Epoch 30 batch 800/871 | supcon: 5.5218 recon: 0.000002 total: 5.5423
2026-03-26 04:54:10 [INFO]   Epoch 30 batch 800/871 | supcon: 5.4936 recon: 0.000002 total: 5.5132
2026-03-26 04:54:48 [INFO] Epoch  30/30 | SupCon: 5.5185 Recon: 0.000002 Total: 5.5387 | LR: 1.00e-07
2026-03-26 04:54:48 [INFO] Joint training done. Best loss: 5.5386
2026-03-26 04:54:48 [INFO] === Phase 2: Linear Evaluation ===
2026-03-26 04:54:48 [INFO] Extracting features...
2026-03-26 04:54:49 [INFO] Epoch  30/30 | SupCon: 5.5182 Recon: 0.000002 Total: 5.5385 | LR: 1.00e-07
2026-03-26 04:54:49 [INFO] Joint training done. Best loss: 5.5384
2026-03-26 04:54:49 [INFO] === Phase 2: Linear Evaluation ===
2026-03-26 04:54:49 [INFO] Extracting features...
2026-03-26 04:55:57 [INFO] Feature dim: 512
2026-03-26 04:55:57 [INFO] Feature dim: 512
2026-03-26 04:55:59 [INFO] Linear   1/100 | Train Loss: 0.8131 Acc: 0.6570 | Val Loss: 0.6354 Acc: 0.6832 AUC: 0.7377 *
2026-03-26 04:56:00 [INFO] Linear   1/100 | Train Loss: 0.8190 Acc: 0.6537 | Val Loss: 0.6268 Acc: 0.6856 AUC: 0.7393 *
2026-03-26 04:56:01 [INFO] Linear   2/100 | Train Loss: 0.6136 Acc: 0.6910 | Val Loss: 0.6153 Acc: 0.6926 AUC: 0.7516 *
2026-03-26 04:56:01 [INFO] Linear   2/100 | Train Loss: 0.6161 Acc: 0.6896 | Val Loss: 0.6123 Acc: 0.6909 AUC: 0.7539 *
2026-03-26 04:56:02 [INFO] Linear   3/100 | Train Loss: 0.6012 Acc: 0.6964 | Val Loss: 0.5954 Acc: 0.6974 AUC: 0.7554 *
2026-03-26 04:56:03 [INFO] Linear   3/100 | Train Loss: 0.6021 Acc: 0.6952 | Val Loss: 0.5922 Acc: 0.6959 AUC: 0.7578 *
2026-03-26 04:56:04 [INFO] Linear   4/100 | Train Loss: 0.6037 Acc: 0.6942 | Val Loss: 0.5929 Acc: 0.6977 AUC: 0.7570 *
2026-03-26 04:56:05 [INFO] Linear   4/100 | Train Loss: 0.6014 Acc: 0.6948 | Val Loss: 0.5891 Acc: 0.7007 AUC: 0.7605 *
2026-03-26 04:56:05 [INFO] Linear   5/100 | Train Loss: 0.5992 Acc: 0.6955 | Val Loss: 0.6102 Acc: 0.6831 AUC: 0.7580 *
2026-03-26 04:56:06 [INFO] Linear   5/100 | Train Loss: 0.5993 Acc: 0.6964 | Val Loss: 0.6039 Acc: 0.6895 AUC: 0.7624 *
2026-03-26 04:56:07 [INFO] Linear   6/100 | Train Loss: 0.5951 Acc: 0.6985 | Val Loss: 0.5977 Acc: 0.6951 AUC: 0.7596 *
2026-03-26 04:56:08 [INFO] Linear   6/100 | Train Loss: 0.5946 Acc: 0.6981 | Val Loss: 0.6002 Acc: 0.6907 AUC: 0.7628 *
2026-03-26 04:56:08 [INFO] Linear   7/100 | Train Loss: 0.5940 Acc: 0.7000 | Val Loss: 0.6133 Acc: 0.6842 AUC: 0.7607 *
2026-03-26 04:56:09 [INFO] Linear   7/100 | Train Loss: 0.5936 Acc: 0.6997 | Val Loss: 0.6162 Acc: 0.6802 AUC: 0.7616
2026-03-26 04:56:10 [INFO] Linear   8/100 | Train Loss: 0.6027 Acc: 0.6936 | Val Loss: 0.5878 Acc: 0.7018 AUC: 0.7619 *
2026-03-26 04:56:11 [INFO] Linear   8/100 | Train Loss: 0.6042 Acc: 0.6933 | Val Loss: 0.5846 Acc: 0.7025 AUC: 0.7636 *
2026-03-26 04:56:11 [INFO] Linear   9/100 | Train Loss: 0.5981 Acc: 0.6959 | Val Loss: 0.5975 Acc: 0.6988 AUC: 0.7615
2026-03-26 04:56:12 [INFO] Linear   9/100 | Train Loss: 0.5958 Acc: 0.6973 | Val Loss: 0.5989 Acc: 0.6956 AUC: 0.7637 *
2026-03-26 04:56:13 [INFO] Linear  10/100 | Train Loss: 0.5945 Acc: 0.6991 | Val Loss: 0.6026 Acc: 0.6861 AUC: 0.7615
2026-03-26 04:56:14 [INFO] Linear  10/100 | Train Loss: 0.5941 Acc: 0.6988 | Val Loss: 0.6019 Acc: 0.6885 AUC: 0.7631
2026-03-26 04:56:15 [INFO] Linear  11/100 | Train Loss: 0.5837 Acc: 0.7043 | Val Loss: 0.5890 Acc: 0.6995 AUC: 0.7621 *
2026-03-26 04:56:15 [INFO] Linear  11/100 | Train Loss: 0.5837 Acc: 0.7043 | Val Loss: 0.5823 Acc: 0.7037 AUC: 0.7666 *
2026-03-26 04:56:16 [INFO] Linear  12/100 | Train Loss: 0.5843 Acc: 0.7055 | Val Loss: 0.5985 Acc: 0.6898 AUC: 0.7609
2026-03-26 04:56:17 [INFO] Linear  12/100 | Train Loss: 0.5842 Acc: 0.7047 | Val Loss: 0.5915 Acc: 0.6965 AUC: 0.7635
2026-03-26 04:56:18 [INFO] Linear  13/100 | Train Loss: 0.5927 Acc: 0.6996 | Val Loss: 0.6678 Acc: 0.6606 AUC: 0.7651 *
2026-03-26 04:56:18 [INFO] Linear  13/100 | Train Loss: 0.5929 Acc: 0.6996 | Val Loss: 0.6634 Acc: 0.6624 AUC: 0.7685 *
2026-03-26 04:56:19 [INFO] Linear  14/100 | Train Loss: 0.5891 Acc: 0.7032 | Val Loss: 0.5901 Acc: 0.6955 AUC: 0.7636
2026-03-26 04:56:20 [INFO] Linear  14/100 | Train Loss: 0.5909 Acc: 0.7024 | Val Loss: 0.5863 Acc: 0.6999 AUC: 0.7653
2026-03-26 04:56:21 [INFO] Linear  15/100 | Train Loss: 0.5886 Acc: 0.7015 | Val Loss: 0.6318 Acc: 0.6764 AUC: 0.7641
2026-03-26 04:56:21 [INFO] Linear  15/100 | Train Loss: 0.5879 Acc: 0.7021 | Val Loss: 0.6347 Acc: 0.6724 AUC: 0.7660
2026-03-26 04:56:22 [INFO] Linear  16/100 | Train Loss: 0.5940 Acc: 0.7007 | Val Loss: 0.6076 Acc: 0.6870 AUC: 0.7640
2026-03-26 04:56:23 [INFO] Linear  16/100 | Train Loss: 0.5943 Acc: 0.7006 | Val Loss: 0.6058 Acc: 0.6878 AUC: 0.7655
2026-03-26 04:56:24 [INFO] Linear  17/100 | Train Loss: 0.5877 Acc: 0.7024 | Val Loss: 0.5868 Acc: 0.7027 AUC: 0.7620
2026-03-26 04:56:24 [INFO] Linear  17/100 | Train Loss: 0.5866 Acc: 0.7030 | Val Loss: 0.5865 Acc: 0.6977 AUC: 0.7629
2026-03-26 04:56:25 [INFO] Linear  18/100 | Train Loss: 0.5894 Acc: 0.7013 | Val Loss: 0.5866 Acc: 0.7010 AUC: 0.7626
2026-03-26 04:56:26 [INFO] Linear  18/100 | Train Loss: 0.5898 Acc: 0.7019 | Val Loss: 0.5837 Acc: 0.7040 AUC: 0.7649
2026-03-26 04:56:27 [INFO] Linear  19/100 | Train Loss: 0.5922 Acc: 0.6989 | Val Loss: 0.5915 Acc: 0.6977 AUC: 0.7656 *
2026-03-26 04:56:27 [INFO] Linear  19/100 | Train Loss: 0.5943 Acc: 0.6982 | Val Loss: 0.5866 Acc: 0.6981 AUC: 0.7657
2026-03-26 04:56:28 [INFO] Linear  20/100 | Train Loss: 0.5832 Acc: 0.7048 | Val Loss: 0.5849 Acc: 0.7007 AUC: 0.7624
2026-03-26 04:56:29 [INFO] Linear  20/100 | Train Loss: 0.5830 Acc: 0.7054 | Val Loss: 0.5833 Acc: 0.7027 AUC: 0.7642
2026-03-26 04:56:30 [INFO] Linear  21/100 | Train Loss: 0.5857 Acc: 0.7030 | Val Loss: 0.6007 Acc: 0.6920 AUC: 0.7614
2026-03-26 04:56:30 [INFO] Linear  21/100 | Train Loss: 0.5857 Acc: 0.7031 | Val Loss: 0.5909 Acc: 0.6985 AUC: 0.7641
2026-03-26 04:56:31 [INFO] Linear  22/100 | Train Loss: 0.5835 Acc: 0.7045 | Val Loss: 0.5971 Acc: 0.6907 AUC: 0.7631
2026-03-26 04:56:32 [INFO] Linear  22/100 | Train Loss: 0.5828 Acc: 0.7050 | Val Loss: 0.5978 Acc: 0.6963 AUC: 0.7659
2026-03-26 04:56:33 [INFO] Linear  23/100 | Train Loss: 0.5900 Acc: 0.7014 | Val Loss: 0.5965 Acc: 0.6977 AUC: 0.7654
2026-03-26 04:56:33 [INFO] Linear  23/100 | Train Loss: 0.5893 Acc: 0.7008 | Val Loss: 0.5997 Acc: 0.7010 AUC: 0.7645
2026-03-26 04:56:34 [INFO] Linear  24/100 | Train Loss: 0.5850 Acc: 0.7043 | Val Loss: 0.7415 Acc: 0.6241 AUC: 0.7658 *
2026-03-26 04:56:35 [INFO] Linear  24/100 | Train Loss: 0.5847 Acc: 0.7043 | Val Loss: 0.7321 Acc: 0.6282 AUC: 0.7669
2026-03-26 04:56:35 [INFO] Linear  25/100 | Train Loss: 0.5905 Acc: 0.7010 | Val Loss: 0.5888 Acc: 0.6994 AUC: 0.7628
2026-03-26 04:56:36 [INFO] Linear  25/100 | Train Loss: 0.5895 Acc: 0.7024 | Val Loss: 0.5867 Acc: 0.7020 AUC: 0.7649
2026-03-26 04:56:37 [INFO] Linear  26/100 | Train Loss: 0.5819 Acc: 0.7057 | Val Loss: 0.6397 Acc: 0.6728 AUC: 0.7650
2026-03-26 04:56:38 [INFO] Linear  26/100 | Train Loss: 0.5817 Acc: 0.7057 | Val Loss: 0.6359 Acc: 0.6716 AUC: 0.7664
2026-03-26 04:56:38 [INFO] Linear  27/100 | Train Loss: 0.5835 Acc: 0.7065 | Val Loss: 0.5970 Acc: 0.6992 AUC: 0.7654
2026-03-26 04:56:39 [INFO] Linear  27/100 | Train Loss: 0.5836 Acc: 0.7050 | Val Loss: 0.6100 Acc: 0.6919 AUC: 0.7684
2026-03-26 04:56:40 [INFO] Linear  28/100 | Train Loss: 0.5881 Acc: 0.7009 | Val Loss: 0.5874 Acc: 0.6997 AUC: 0.7643
2026-03-26 04:56:41 [INFO] Linear  28/100 | Train Loss: 0.5877 Acc: 0.7016 | Val Loss: 0.5806 Acc: 0.7078 AUC: 0.7674
2026-03-26 04:56:41 [INFO] Linear  29/100 | Train Loss: 0.5817 Acc: 0.7048 | Val Loss: 0.5843 Acc: 0.7017 AUC: 0.7644
2026-03-26 04:56:42 [INFO] Linear  29/100 | Train Loss: 0.5816 Acc: 0.7051 | Val Loss: 0.5818 Acc: 0.7058 AUC: 0.7662
2026-03-26 04:56:43 [INFO] Linear  30/100 | Train Loss: 0.5820 Acc: 0.7057 | Val Loss: 0.5870 Acc: 0.7017 AUC: 0.7624
2026-03-26 04:56:44 [INFO] Linear  30/100 | Train Loss: 0.5813 Acc: 0.7076 | Val Loss: 0.5839 Acc: 0.7054 AUC: 0.7650
2026-03-26 04:56:44 [INFO] Linear  31/100 | Train Loss: 0.5954 Acc: 0.6976 | Val Loss: 0.5948 Acc: 0.6986 AUC: 0.7670 *
2026-03-26 04:56:45 [INFO] Linear  31/100 | Train Loss: 0.5954 Acc: 0.6990 | Val Loss: 0.5943 Acc: 0.7011 AUC: 0.7681
2026-03-26 04:56:46 [INFO] Linear  32/100 | Train Loss: 0.5807 Acc: 0.7080 | Val Loss: 0.5875 Acc: 0.7000 AUC: 0.7635
2026-03-26 04:56:46 [INFO] Linear  32/100 | Train Loss: 0.5804 Acc: 0.7092 | Val Loss: 0.5924 Acc: 0.6989 AUC: 0.7645
2026-03-26 04:56:47 [INFO] Linear  33/100 | Train Loss: 0.5825 Acc: 0.7052 | Val Loss: 0.6017 Acc: 0.6844 AUC: 0.7618
2026-03-26 04:56:48 [INFO] Linear  33/100 | Train Loss: 0.5814 Acc: 0.7063 | Val Loss: 0.5955 Acc: 0.6908 AUC: 0.7644
2026-03-26 04:56:49 [INFO] Linear  34/100 | Train Loss: 0.5854 Acc: 0.7033 | Val Loss: 0.5891 Acc: 0.6965 AUC: 0.7661
2026-03-26 04:56:49 [INFO] Linear  34/100 | Train Loss: 0.5857 Acc: 0.7036 | Val Loss: 0.5870 Acc: 0.7005 AUC: 0.7671
2026-03-26 04:56:50 [INFO] Linear  35/100 | Train Loss: 0.5849 Acc: 0.7033 | Val Loss: 0.5938 Acc: 0.6981 AUC: 0.7619
2026-03-26 04:56:51 [INFO] Linear  35/100 | Train Loss: 0.5843 Acc: 0.7050 | Val Loss: 0.5913 Acc: 0.7013 AUC: 0.7636
2026-03-26 04:56:52 [INFO] Linear  36/100 | Train Loss: 0.5773 Acc: 0.7091 | Val Loss: 0.5895 Acc: 0.6985 AUC: 0.7671 *
2026-03-26 04:56:52 [INFO] Linear  36/100 | Train Loss: 0.5767 Acc: 0.7093 | Val Loss: 0.5854 Acc: 0.7019 AUC: 0.7689 *
2026-03-26 04:56:53 [INFO] Linear  37/100 | Train Loss: 0.5811 Acc: 0.7071 | Val Loss: 0.5902 Acc: 0.6979 AUC: 0.7658
2026-03-26 04:56:54 [INFO] Linear  37/100 | Train Loss: 0.5804 Acc: 0.7069 | Val Loss: 0.5877 Acc: 0.7007 AUC: 0.7674
2026-03-26 04:56:55 [INFO] Linear  38/100 | Train Loss: 0.5848 Acc: 0.7031 | Val Loss: 0.5863 Acc: 0.7044 AUC: 0.7652
2026-03-26 04:56:55 [INFO] Linear  38/100 | Train Loss: 0.5847 Acc: 0.7037 | Val Loss: 0.5882 Acc: 0.7055 AUC: 0.7652
2026-03-26 04:56:56 [INFO] Linear  39/100 | Train Loss: 0.5843 Acc: 0.7042 | Val Loss: 0.5852 Acc: 0.7027 AUC: 0.7628
2026-03-26 04:56:57 [INFO] Linear  39/100 | Train Loss: 0.5837 Acc: 0.7055 | Val Loss: 0.5839 Acc: 0.7039 AUC: 0.7645
2026-03-26 04:56:57 [INFO] Linear  40/100 | Train Loss: 0.5800 Acc: 0.7065 | Val Loss: 0.5974 Acc: 0.6906 AUC: 0.7642
2026-03-26 04:56:58 [INFO] Linear  40/100 | Train Loss: 0.5789 Acc: 0.7084 | Val Loss: 0.5931 Acc: 0.6935 AUC: 0.7666
2026-03-26 04:56:59 [INFO] Linear  41/100 | Train Loss: 0.5817 Acc: 0.7059 | Val Loss: 0.5910 Acc: 0.6959 AUC: 0.7620
2026-03-26 04:57:00 [INFO] Linear  41/100 | Train Loss: 0.5801 Acc: 0.7074 | Val Loss: 0.5871 Acc: 0.6995 AUC: 0.7630
2026-03-26 04:57:00 [INFO] Linear  42/100 | Train Loss: 0.5814 Acc: 0.7055 | Val Loss: 0.5827 Acc: 0.7022 AUC: 0.7661
2026-03-26 04:57:01 [INFO] Linear  42/100 | Train Loss: 0.5803 Acc: 0.7062 | Val Loss: 0.5815 Acc: 0.7072 AUC: 0.7687
2026-03-26 04:57:02 [INFO] Linear  43/100 | Train Loss: 0.5876 Acc: 0.7024 | Val Loss: 0.5855 Acc: 0.7023 AUC: 0.7663
2026-03-26 04:57:02 [INFO] Linear  43/100 | Train Loss: 0.5866 Acc: 0.7033 | Val Loss: 0.5818 Acc: 0.7068 AUC: 0.7675
2026-03-26 04:57:03 [INFO] Linear  44/100 | Train Loss: 0.5781 Acc: 0.7073 | Val Loss: 0.5835 Acc: 0.7032 AUC: 0.7656
2026-03-26 04:57:04 [INFO] Linear  44/100 | Train Loss: 0.5780 Acc: 0.7078 | Val Loss: 0.5829 Acc: 0.7070 AUC: 0.7674
2026-03-26 04:57:05 [INFO] Linear  45/100 | Train Loss: 0.5783 Acc: 0.7074 | Val Loss: 0.5811 Acc: 0.7049 AUC: 0.7669
2026-03-26 04:57:05 [INFO] Linear  45/100 | Train Loss: 0.5774 Acc: 0.7093 | Val Loss: 0.5793 Acc: 0.7076 AUC: 0.7689
2026-03-26 04:57:06 [INFO] Linear  46/100 | Train Loss: 0.5760 Acc: 0.7089 | Val Loss: 0.5820 Acc: 0.7043 AUC: 0.7664
2026-03-26 04:57:07 [INFO] Linear  46/100 | Train Loss: 0.5755 Acc: 0.7092 | Val Loss: 0.5790 Acc: 0.7083 AUC: 0.7688
2026-03-26 04:57:07 [INFO] Linear  47/100 | Train Loss: 0.5791 Acc: 0.7068 | Val Loss: 0.6310 Acc: 0.6642 AUC: 0.7659
2026-03-26 04:57:08 [INFO] Linear  47/100 | Train Loss: 0.5786 Acc: 0.7074 | Val Loss: 0.6306 Acc: 0.6643 AUC: 0.7683
2026-03-26 04:57:09 [INFO] Linear  48/100 | Train Loss: 0.5757 Acc: 0.7092 | Val Loss: 0.5868 Acc: 0.7029 AUC: 0.7658
2026-03-26 04:57:10 [INFO] Linear  48/100 | Train Loss: 0.5748 Acc: 0.7105 | Val Loss: 0.5838 Acc: 0.7063 AUC: 0.7680
2026-03-26 04:57:10 [INFO] Linear  49/100 | Train Loss: 0.5768 Acc: 0.7091 | Val Loss: 0.6070 Acc: 0.6918 AUC: 0.7670
2026-03-26 04:57:11 [INFO] Linear  49/100 | Train Loss: 0.5757 Acc: 0.7100 | Val Loss: 0.5983 Acc: 0.6958 AUC: 0.7684
2026-03-26 04:57:12 [INFO] Linear  50/100 | Train Loss: 0.5798 Acc: 0.7072 | Val Loss: 0.5846 Acc: 0.7010 AUC: 0.7664
2026-03-26 04:57:13 [INFO] Linear  50/100 | Train Loss: 0.5792 Acc: 0.7077 | Val Loss: 0.5854 Acc: 0.7050 AUC: 0.7677
2026-03-26 04:57:13 [INFO] Linear  51/100 | Train Loss: 0.5770 Acc: 0.7081 | Val Loss: 0.5866 Acc: 0.7017 AUC: 0.7683 *
2026-03-26 04:57:14 [INFO] Linear  51/100 | Train Loss: 0.5753 Acc: 0.7096 | Val Loss: 0.5878 Acc: 0.7035 AUC: 0.7700 *
2026-03-26 04:57:15 [INFO] Linear  52/100 | Train Loss: 0.5793 Acc: 0.7070 | Val Loss: 0.5813 Acc: 0.7057 AUC: 0.7669
2026-03-26 04:57:16 [INFO] Linear  52/100 | Train Loss: 0.5781 Acc: 0.7087 | Val Loss: 0.5823 Acc: 0.7055 AUC: 0.7682
2026-03-26 04:57:16 [INFO] Linear  53/100 | Train Loss: 0.5781 Acc: 0.7087 | Val Loss: 0.6107 Acc: 0.6829 AUC: 0.7674
2026-03-26 04:57:17 [INFO] Linear  53/100 | Train Loss: 0.5781 Acc: 0.7094 | Val Loss: 0.6179 Acc: 0.6796 AUC: 0.7688
2026-03-26 04:57:18 [INFO] Linear  54/100 | Train Loss: 0.5767 Acc: 0.7092 | Val Loss: 0.5816 Acc: 0.7027 AUC: 0.7672
2026-03-26 04:57:18 [INFO] Linear  54/100 | Train Loss: 0.5758 Acc: 0.7105 | Val Loss: 0.5783 Acc: 0.7080 AUC: 0.7688
2026-03-26 04:57:19 [INFO] Linear  55/100 | Train Loss: 0.5732 Acc: 0.7118 | Val Loss: 0.5897 Acc: 0.6994 AUC: 0.7658
2026-03-26 04:57:20 [INFO] Linear  55/100 | Train Loss: 0.5726 Acc: 0.7131 | Val Loss: 0.5910 Acc: 0.6994 AUC: 0.7677
2026-03-26 04:57:20 [INFO] Linear  56/100 | Train Loss: 0.5765 Acc: 0.7109 | Val Loss: 0.5803 Acc: 0.7033 AUC: 0.7669
2026-03-26 04:57:21 [INFO] Linear  56/100 | Train Loss: 0.5754 Acc: 0.7109 | Val Loss: 0.5782 Acc: 0.7086 AUC: 0.7688
2026-03-26 04:57:22 [INFO] Linear  57/100 | Train Loss: 0.5752 Acc: 0.7105 | Val Loss: 0.5844 Acc: 0.7022 AUC: 0.7647
2026-03-26 04:57:23 [INFO] Linear  57/100 | Train Loss: 0.5735 Acc: 0.7118 | Val Loss: 0.5825 Acc: 0.7050 AUC: 0.7671
2026-03-26 04:57:23 [INFO] Linear  58/100 | Train Loss: 0.5772 Acc: 0.7079 | Val Loss: 0.5919 Acc: 0.6959 AUC: 0.7675
2026-03-26 04:57:24 [INFO] Linear  58/100 | Train Loss: 0.5763 Acc: 0.7088 | Val Loss: 0.5912 Acc: 0.6964 AUC: 0.7697
2026-03-26 04:57:25 [INFO] Linear  59/100 | Train Loss: 0.5747 Acc: 0.7101 | Val Loss: 0.5838 Acc: 0.7020 AUC: 0.7673
2026-03-26 04:57:26 [INFO] Linear  59/100 | Train Loss: 0.5735 Acc: 0.7113 | Val Loss: 0.5862 Acc: 0.7022 AUC: 0.7691
2026-03-26 04:57:26 [INFO] Linear  60/100 | Train Loss: 0.5725 Acc: 0.7114 | Val Loss: 0.5866 Acc: 0.7035 AUC: 0.7667
2026-03-26 04:57:27 [INFO] Linear  60/100 | Train Loss: 0.5716 Acc: 0.7118 | Val Loss: 0.5847 Acc: 0.7064 AUC: 0.7685
2026-03-26 04:57:28 [INFO] Linear  61/100 | Train Loss: 0.5737 Acc: 0.7097 | Val Loss: 0.5840 Acc: 0.7039 AUC: 0.7660
2026-03-26 04:57:28 [INFO] Linear  61/100 | Train Loss: 0.5726 Acc: 0.7114 | Val Loss: 0.5819 Acc: 0.7074 AUC: 0.7681
2026-03-26 04:57:29 [INFO] Linear  62/100 | Train Loss: 0.5728 Acc: 0.7113 | Val Loss: 0.5941 Acc: 0.6966 AUC: 0.7658
2026-03-26 04:57:30 [INFO] Linear  62/100 | Train Loss: 0.5717 Acc: 0.7122 | Val Loss: 0.5920 Acc: 0.6987 AUC: 0.7671
2026-03-26 04:57:31 [INFO] Linear  63/100 | Train Loss: 0.5743 Acc: 0.7109 | Val Loss: 0.5935 Acc: 0.6942 AUC: 0.7673
2026-03-26 04:57:31 [INFO] Linear  63/100 | Train Loss: 0.5729 Acc: 0.7109 | Val Loss: 0.5990 Acc: 0.6893 AUC: 0.7689
2026-03-26 04:57:32 [INFO] Linear  64/100 | Train Loss: 0.5728 Acc: 0.7115 | Val Loss: 0.5791 Acc: 0.7063 AUC: 0.7679
2026-03-26 04:57:33 [INFO] Linear  64/100 | Train Loss: 0.5715 Acc: 0.7118 | Val Loss: 0.5773 Acc: 0.7081 AUC: 0.7698
2026-03-26 04:57:34 [INFO] Linear  65/100 | Train Loss: 0.5738 Acc: 0.7109 | Val Loss: 0.5854 Acc: 0.7010 AUC: 0.7673
2026-03-26 04:57:34 [INFO] Linear  65/100 | Train Loss: 0.5730 Acc: 0.7107 | Val Loss: 0.5829 Acc: 0.7010 AUC: 0.7691
2026-03-26 04:57:35 [INFO] Linear  66/100 | Train Loss: 0.5732 Acc: 0.7108 | Val Loss: 0.5800 Acc: 0.7061 AUC: 0.7676
2026-03-26 04:57:36 [INFO] Linear  66/100 | Train Loss: 0.5714 Acc: 0.7125 | Val Loss: 0.5774 Acc: 0.7089 AUC: 0.7695
2026-03-26 04:57:36 [INFO] Linear  67/100 | Train Loss: 0.5743 Acc: 0.7109 | Val Loss: 0.5896 Acc: 0.6982 AUC: 0.7677
2026-03-26 04:57:37 [INFO] Linear  67/100 | Train Loss: 0.5740 Acc: 0.7110 | Val Loss: 0.5862 Acc: 0.6994 AUC: 0.7696
2026-03-26 04:57:38 [INFO] Linear  68/100 | Train Loss: 0.5695 Acc: 0.7139 | Val Loss: 0.5848 Acc: 0.6984 AUC: 0.7676
2026-03-26 04:57:39 [INFO] Linear  68/100 | Train Loss: 0.5687 Acc: 0.7143 | Val Loss: 0.5827 Acc: 0.7028 AUC: 0.7693
2026-03-26 04:57:39 [INFO] Linear  69/100 | Train Loss: 0.5716 Acc: 0.7126 | Val Loss: 0.5798 Acc: 0.7056 AUC: 0.7687 *
2026-03-26 04:57:40 [INFO] Linear  69/100 | Train Loss: 0.5700 Acc: 0.7128 | Val Loss: 0.5780 Acc: 0.7106 AUC: 0.7705 *
2026-03-26 04:57:41 [INFO] Linear  70/100 | Train Loss: 0.5713 Acc: 0.7126 | Val Loss: 0.5882 Acc: 0.6972 AUC: 0.7677
2026-03-26 04:57:41 [INFO] Linear  70/100 | Train Loss: 0.5700 Acc: 0.7133 | Val Loss: 0.5849 Acc: 0.6998 AUC: 0.7700
2026-03-26 04:57:42 [INFO] Linear  71/100 | Train Loss: 0.5710 Acc: 0.7131 | Val Loss: 0.5811 Acc: 0.7050 AUC: 0.7662
2026-03-26 04:57:43 [INFO] Linear  71/100 | Train Loss: 0.5700 Acc: 0.7134 | Val Loss: 0.5803 Acc: 0.7066 AUC: 0.7675
2026-03-26 04:57:43 [INFO] Linear  72/100 | Train Loss: 0.5699 Acc: 0.7139 | Val Loss: 0.5797 Acc: 0.7079 AUC: 0.7675
2026-03-26 04:57:44 [INFO] Linear  72/100 | Train Loss: 0.5688 Acc: 0.7138 | Val Loss: 0.5779 Acc: 0.7097 AUC: 0.7694
2026-03-26 04:57:45 [INFO] Linear  73/100 | Train Loss: 0.5702 Acc: 0.7132 | Val Loss: 0.5796 Acc: 0.7044 AUC: 0.7682
2026-03-26 04:57:46 [INFO] Linear  73/100 | Train Loss: 0.5691 Acc: 0.7141 | Val Loss: 0.5785 Acc: 0.7086 AUC: 0.7701
2026-03-26 04:57:46 [INFO] Linear  74/100 | Train Loss: 0.5709 Acc: 0.7137 | Val Loss: 0.5811 Acc: 0.7050 AUC: 0.7674
2026-03-26 04:57:47 [INFO] Linear  74/100 | Train Loss: 0.5699 Acc: 0.7136 | Val Loss: 0.5790 Acc: 0.7066 AUC: 0.7693
2026-03-26 04:57:48 [INFO] Linear  75/100 | Train Loss: 0.5701 Acc: 0.7123 | Val Loss: 0.5898 Acc: 0.6977 AUC: 0.7679
2026-03-26 04:57:48 [INFO] Linear  75/100 | Train Loss: 0.5688 Acc: 0.7123 | Val Loss: 0.5894 Acc: 0.6995 AUC: 0.7696
2026-03-26 04:57:49 [INFO] Linear  76/100 | Train Loss: 0.5703 Acc: 0.7129 | Val Loss: 0.5808 Acc: 0.7064 AUC: 0.7688 *
2026-03-26 04:57:50 [INFO] Linear  76/100 | Train Loss: 0.5692 Acc: 0.7136 | Val Loss: 0.5790 Acc: 0.7107 AUC: 0.7705 *
2026-03-26 04:57:51 [INFO] Linear  77/100 | Train Loss: 0.5684 Acc: 0.7155 | Val Loss: 0.5807 Acc: 0.7042 AUC: 0.7676
2026-03-26 04:57:51 [INFO] Linear  77/100 | Train Loss: 0.5674 Acc: 0.7148 | Val Loss: 0.5789 Acc: 0.7097 AUC: 0.7694
2026-03-26 04:57:52 [INFO] Linear  78/100 | Train Loss: 0.5691 Acc: 0.7143 | Val Loss: 0.5802 Acc: 0.7043 AUC: 0.7677
2026-03-26 04:57:53 [INFO] Linear  78/100 | Train Loss: 0.5679 Acc: 0.7152 | Val Loss: 0.5785 Acc: 0.7069 AUC: 0.7698
2026-03-26 04:57:54 [INFO] Linear  79/100 | Train Loss: 0.5693 Acc: 0.7143 | Val Loss: 0.5795 Acc: 0.7042 AUC: 0.7685
2026-03-26 04:57:54 [INFO] Linear  79/100 | Train Loss: 0.5681 Acc: 0.7148 | Val Loss: 0.5780 Acc: 0.7073 AUC: 0.7703
2026-03-26 04:57:55 [INFO] Linear  80/100 | Train Loss: 0.5680 Acc: 0.7162 | Val Loss: 0.5800 Acc: 0.7072 AUC: 0.7673
2026-03-26 04:57:56 [INFO] Linear  80/100 | Train Loss: 0.5667 Acc: 0.7166 | Val Loss: 0.5781 Acc: 0.7087 AUC: 0.7693
2026-03-26 04:57:56 [INFO] Linear  81/100 | Train Loss: 0.5684 Acc: 0.7151 | Val Loss: 0.5896 Acc: 0.6965 AUC: 0.7678
2026-03-26 04:57:57 [INFO] Linear  81/100 | Train Loss: 0.5672 Acc: 0.7153 | Val Loss: 0.5877 Acc: 0.6977 AUC: 0.7697
2026-03-26 04:57:58 [INFO] Linear  82/100 | Train Loss: 0.5682 Acc: 0.7150 | Val Loss: 0.5782 Acc: 0.7066 AUC: 0.7688
2026-03-26 04:57:59 [INFO] Linear  82/100 | Train Loss: 0.5670 Acc: 0.7153 | Val Loss: 0.5765 Acc: 0.7105 AUC: 0.7706 *
2026-03-26 04:57:59 [INFO] Linear  83/100 | Train Loss: 0.5680 Acc: 0.7148 | Val Loss: 0.5788 Acc: 0.7073 AUC: 0.7681
2026-03-26 04:58:00 [INFO] Linear  83/100 | Train Loss: 0.5668 Acc: 0.7151 | Val Loss: 0.5772 Acc: 0.7105 AUC: 0.7700
2026-03-26 04:58:01 [INFO] Linear  84/100 | Train Loss: 0.5676 Acc: 0.7152 | Val Loss: 0.5795 Acc: 0.7061 AUC: 0.7679
2026-03-26 04:58:01 [INFO] Linear  84/100 | Train Loss: 0.5664 Acc: 0.7155 | Val Loss: 0.5780 Acc: 0.7066 AUC: 0.7697
2026-03-26 04:58:02 [INFO] Linear  85/100 | Train Loss: 0.5685 Acc: 0.7149 | Val Loss: 0.5788 Acc: 0.7070 AUC: 0.7679
2026-03-26 04:58:03 [INFO] Linear  85/100 | Train Loss: 0.5673 Acc: 0.7152 | Val Loss: 0.5771 Acc: 0.7101 AUC: 0.7698
2026-03-26 04:58:03 [INFO] Linear  86/100 | Train Loss: 0.5672 Acc: 0.7162 | Val Loss: 0.5784 Acc: 0.7078 AUC: 0.7685
2026-03-26 04:58:04 [INFO] Linear  86/100 | Train Loss: 0.5660 Acc: 0.7165 | Val Loss: 0.5768 Acc: 0.7107 AUC: 0.7704
2026-03-26 04:58:05 [INFO] Linear  87/100 | Train Loss: 0.5675 Acc: 0.7152 | Val Loss: 0.5786 Acc: 0.7066 AUC: 0.7687
2026-03-26 04:58:06 [INFO] Linear  87/100 | Train Loss: 0.5664 Acc: 0.7154 | Val Loss: 0.5771 Acc: 0.7114 AUC: 0.7705
2026-03-26 04:58:06 [INFO] Linear  88/100 | Train Loss: 0.5663 Acc: 0.7165 | Val Loss: 0.5785 Acc: 0.7053 AUC: 0.7684
2026-03-26 04:58:07 [INFO] Linear  88/100 | Train Loss: 0.5650 Acc: 0.7168 | Val Loss: 0.5769 Acc: 0.7099 AUC: 0.7703
2026-03-26 04:58:08 [INFO] Linear  89/100 | Train Loss: 0.5668 Acc: 0.7165 | Val Loss: 0.5783 Acc: 0.7068 AUC: 0.7685
2026-03-26 04:58:08 [INFO] Linear  89/100 | Train Loss: 0.5655 Acc: 0.7167 | Val Loss: 0.5766 Acc: 0.7089 AUC: 0.7705
2026-03-26 04:58:09 [INFO] Linear  90/100 | Train Loss: 0.5665 Acc: 0.7159 | Val Loss: 0.5788 Acc: 0.7071 AUC: 0.7686
2026-03-26 04:58:10 [INFO] Linear  90/100 | Train Loss: 0.5652 Acc: 0.7168 | Val Loss: 0.5771 Acc: 0.7088 AUC: 0.7705
2026-03-26 04:58:10 [INFO] Linear  91/100 | Train Loss: 0.5663 Acc: 0.7166 | Val Loss: 0.5788 Acc: 0.7063 AUC: 0.7687
2026-03-26 04:58:11 [INFO] Linear  91/100 | Train Loss: 0.5650 Acc: 0.7169 | Val Loss: 0.5770 Acc: 0.7075 AUC: 0.7707 *
2026-03-26 04:58:12 [INFO] Linear  92/100 | Train Loss: 0.5664 Acc: 0.7163 | Val Loss: 0.5784 Acc: 0.7069 AUC: 0.7687
2026-03-26 04:58:13 [INFO] Linear  92/100 | Train Loss: 0.5651 Acc: 0.7170 | Val Loss: 0.5768 Acc: 0.7108 AUC: 0.7706
2026-03-26 04:58:13 [INFO] Linear  93/100 | Train Loss: 0.5662 Acc: 0.7169 | Val Loss: 0.5782 Acc: 0.7072 AUC: 0.7686
2026-03-26 04:58:14 [INFO] Linear  93/100 | Train Loss: 0.5648 Acc: 0.7173 | Val Loss: 0.5766 Acc: 0.7112 AUC: 0.7705
2026-03-26 04:58:15 [INFO] Linear  94/100 | Train Loss: 0.5663 Acc: 0.7166 | Val Loss: 0.5794 Acc: 0.7061 AUC: 0.7688
2026-03-26 04:58:15 [INFO] Linear  94/100 | Train Loss: 0.5650 Acc: 0.7169 | Val Loss: 0.5776 Acc: 0.7105 AUC: 0.7707
2026-03-26 04:58:16 [INFO] Linear  95/100 | Train Loss: 0.5660 Acc: 0.7173 | Val Loss: 0.5787 Acc: 0.7069 AUC: 0.7685
2026-03-26 04:58:17 [INFO] Linear  95/100 | Train Loss: 0.5647 Acc: 0.7178 | Val Loss: 0.5771 Acc: 0.7079 AUC: 0.7704
2026-03-26 04:58:17 [INFO] Linear  96/100 | Train Loss: 0.5659 Acc: 0.7172 | Val Loss: 0.5788 Acc: 0.7061 AUC: 0.7686
2026-03-26 04:58:18 [INFO] Linear  96/100 | Train Loss: 0.5645 Acc: 0.7174 | Val Loss: 0.5770 Acc: 0.7108 AUC: 0.7704
2026-03-26 04:58:19 [INFO] Linear  97/100 | Train Loss: 0.5659 Acc: 0.7171 | Val Loss: 0.5793 Acc: 0.7053 AUC: 0.7686
2026-03-26 04:58:20 [INFO] Linear  97/100 | Train Loss: 0.5646 Acc: 0.7169 | Val Loss: 0.5777 Acc: 0.7109 AUC: 0.7706
2026-03-26 04:58:20 [INFO] Linear  98/100 | Train Loss: 0.5657 Acc: 0.7172 | Val Loss: 0.5784 Acc: 0.7056 AUC: 0.7687
2026-03-26 04:58:21 [INFO] Linear  98/100 | Train Loss: 0.5644 Acc: 0.7168 | Val Loss: 0.5768 Acc: 0.7089 AUC: 0.7706
2026-03-26 04:58:22 [INFO] Linear  99/100 | Train Loss: 0.5658 Acc: 0.7174 | Val Loss: 0.5781 Acc: 0.7068 AUC: 0.7688 *
2026-03-26 04:58:22 [INFO] Linear  99/100 | Train Loss: 0.5645 Acc: 0.7171 | Val Loss: 0.5765 Acc: 0.7116 AUC: 0.7706
2026-03-26 04:58:23 [INFO] Linear 100/100 | Train Loss: 0.5659 Acc: 0.7171 | Val Loss: 0.5783 Acc: 0.7066 AUC: 0.7686
2026-03-26 04:58:23 [INFO] Linear probe done. Best val AUC: 0.7688
2026-03-26 04:58:23 [INFO] === Phase 3: Test Evaluation ===
2026-03-26 04:58:23 [INFO] Test AUC: 0.7765
2026-03-26 04:58:23 [INFO] Test Acc: 0.7168
2026-03-26 04:58:23 [INFO] Done!
2026-03-26 04:58:24 [INFO] Linear 100/100 | Train Loss: 0.5645 Acc: 0.7177 | Val Loss: 0.5767 Acc: 0.7113 AUC: 0.7705
2026-03-26 04:58:24 [INFO] Linear probe done. Best val AUC: 0.7707
2026-03-26 04:58:24 [INFO] === Phase 3: Test Evaluation ===
2026-03-26 04:58:24 [INFO] Test AUC: 0.7454
2026-03-26 04:58:24 [INFO] Test Acc: 0.6539
2026-03-26 04:58:24 [INFO] Done!
