2026-03-22 21:51:43 [INFO] Experiment: perchannel_mse
2026-03-22 21:51:43 [INFO] Config: {'experiment_name': 'perchannel_mse', 'data_path': 'data/processed/all_images.npy', 'train_split': 0.8, 'latent_dim': 128, 'encoder_channels': [32, 64, 128, 256], 'batch_size': 512, 'learning_rate': 0.003, 'min_lr': 1e-05, 'weight_decay': 1e-05, 'num_epochs': 100, 'patience': 10, 'seed': 42}
2026-03-22 21:51:45 [INFO] Data: 139306 samples
2026-03-22 21:51:46 [INFO] Parameters: 5,290,531
2026-03-22 21:51:46 [INFO] Loss: MSE
2026-03-22 21:53:23 [INFO] Epoch   1/100 | Train: 0.631362 | Val: 0.559365 | LR: 3.00e-03
2026-03-22 21:53:23 [INFO]   -> Best model saved (0.559365)
2026-03-22 21:55:02 [INFO] Epoch   2/100 | Train: 0.492097 | Val: 0.441100 | LR: 3.00e-03
2026-03-22 21:55:02 [INFO]   -> Best model saved (0.441100)
2026-03-22 21:56:39 [INFO] Epoch   3/100 | Train: 0.390741 | Val: 0.375085 | LR: 2.99e-03
2026-03-22 21:56:39 [INFO]   -> Best model saved (0.375085)
2026-03-22 21:58:17 [INFO] Epoch   4/100 | Train: 0.355214 | Val: 0.347136 | LR: 2.99e-03
2026-03-22 21:58:17 [INFO]   -> Best model saved (0.347136)
2026-03-22 21:59:54 [INFO] Epoch   5/100 | Train: 0.340733 | Val: 0.341335 | LR: 2.98e-03
2026-03-22 21:59:54 [INFO]   -> Best model saved (0.341335)
2026-03-22 22:01:49 [INFO] Epoch   6/100 | Train: 0.333540 | Val: 0.336308 | LR: 2.97e-03
2026-03-22 22:01:49 [INFO]   -> Best model saved (0.336308)
2026-03-22 22:03:47 [INFO] Epoch   7/100 | Train: 0.331800 | Val: 0.331699 | LR: 2.96e-03
2026-03-22 22:03:47 [INFO]   -> Best model saved (0.331699)
2026-03-22 22:05:40 [INFO] Epoch   8/100 | Train: 0.323663 | Val: 0.327909 | LR: 2.95e-03
2026-03-22 22:05:40 [INFO]   -> Best model saved (0.327909)
2026-03-22 22:07:22 [INFO] Epoch   9/100 | Train: 0.320678 | Val: 0.329142 | LR: 2.94e-03
2026-03-22 22:08:59 [INFO] Epoch  10/100 | Train: 0.318200 | Val: 0.324274 | LR: 2.93e-03
2026-03-22 22:08:59 [INFO]   -> Best model saved (0.324274)
2026-03-22 22:10:59 [INFO] Epoch  11/100 | Train: 0.315198 | Val: 0.323836 | LR: 2.91e-03
2026-03-22 22:10:59 [INFO]   -> Best model saved (0.323836)
2026-03-22 22:12:55 [INFO] Epoch  12/100 | Train: 0.313961 | Val: 0.322953 | LR: 2.90e-03
2026-03-22 22:12:55 [INFO]   -> Best model saved (0.322953)
2026-03-22 22:14:33 [INFO] Epoch  13/100 | Train: 0.311744 | Val: 0.319740 | LR: 2.88e-03
2026-03-22 22:14:33 [INFO]   -> Best model saved (0.319740)
2026-03-22 22:16:08 [INFO] Epoch  14/100 | Train: 0.309630 | Val: 0.320885 | LR: 2.86e-03
2026-03-22 22:18:07 [INFO] Epoch  15/100 | Train: 0.308384 | Val: 0.318941 | LR: 2.84e-03
2026-03-22 22:18:07 [INFO]   -> Best model saved (0.318941)
2026-03-22 22:19:47 [INFO] Epoch  16/100 | Train: 0.306677 | Val: 0.318188 | LR: 2.82e-03
2026-03-22 22:19:47 [INFO]   -> Best model saved (0.318188)
2026-03-22 22:21:23 [INFO] Epoch  17/100 | Train: 0.305600 | Val: 0.316625 | LR: 2.79e-03
2026-03-22 22:21:23 [INFO]   -> Best model saved (0.316625)
2026-03-22 22:23:00 [INFO] Epoch  18/100 | Train: 0.304324 | Val: 0.316292 | LR: 2.77e-03
2026-03-22 22:23:00 [INFO]   -> Best model saved (0.316292)
2026-03-22 22:24:37 [INFO] Epoch  19/100 | Train: 0.303400 | Val: 0.317307 | LR: 2.74e-03
2026-03-22 22:26:29 [INFO] Epoch  20/100 | Train: 0.301927 | Val: 0.315448 | LR: 2.71e-03
2026-03-22 22:26:29 [INFO]   -> Best model saved (0.315448)
2026-03-22 22:28:08 [INFO] Epoch  21/100 | Train: 0.301562 | Val: 0.314528 | LR: 2.69e-03
2026-03-22 22:28:08 [INFO]   -> Best model saved (0.314528)
2026-03-22 22:29:57 [INFO] Epoch  22/100 | Train: 0.299961 | Val: 0.317687 | LR: 2.66e-03
2026-03-22 22:31:57 [INFO] Epoch  23/100 | Train: 0.299306 | Val: 0.316180 | LR: 2.63e-03
2026-03-22 22:33:36 [INFO] Epoch  24/100 | Train: 0.298711 | Val: 0.315149 | LR: 2.59e-03
2026-03-22 22:35:16 [INFO] Epoch  25/100 | Train: 0.297482 | Val: 0.313897 | LR: 2.56e-03
2026-03-22 22:35:16 [INFO]   -> Best model saved (0.313897)
2026-03-22 22:37:12 [INFO] Epoch  26/100 | Train: 0.296654 | Val: 0.313960 | LR: 2.53e-03
2026-03-22 22:39:27 [INFO] Epoch  27/100 | Train: 0.296343 | Val: 0.312992 | LR: 2.49e-03
2026-03-22 22:39:27 [INFO]   -> Best model saved (0.312992)
2026-03-22 22:41:20 [INFO] Epoch  28/100 | Train: 0.296151 | Val: 0.313180 | LR: 2.46e-03
2026-03-22 22:43:24 [INFO] Epoch  29/100 | Train: 0.295043 | Val: 0.314480 | LR: 2.42e-03
2026-03-22 22:45:07 [INFO] Epoch  30/100 | Train: 0.294376 | Val: 0.312263 | LR: 2.38e-03
2026-03-22 22:45:08 [INFO]   -> Best model saved (0.312263)
2026-03-22 22:46:42 [INFO] Epoch  31/100 | Train: 0.293551 | Val: 0.313082 | LR: 2.35e-03
2026-03-22 22:48:43 [INFO] Epoch  32/100 | Train: 0.293395 | Val: 0.312228 | LR: 2.31e-03
2026-03-22 22:48:43 [INFO]   -> Best model saved (0.312228)
2026-03-22 22:50:40 [INFO] Epoch  33/100 | Train: 0.292333 | Val: 0.311960 | LR: 2.27e-03
2026-03-22 22:50:40 [INFO]   -> Best model saved (0.311960)
2026-03-22 22:52:36 [INFO] Epoch  34/100 | Train: 0.291486 | Val: 0.311459 | LR: 2.23e-03
2026-03-22 22:52:36 [INFO]   -> Best model saved (0.311459)
2026-03-22 22:54:23 [INFO] Epoch  35/100 | Train: 0.291146 | Val: 0.311668 | LR: 2.18e-03
2026-03-22 22:56:13 [INFO] Epoch  36/100 | Train: 0.290739 | Val: 0.311749 | LR: 2.14e-03
2026-03-22 22:57:59 [INFO] Epoch  37/100 | Train: 0.289891 | Val: 0.311124 | LR: 2.10e-03
2026-03-22 22:57:59 [INFO]   -> Best model saved (0.311124)
2026-03-22 22:59:46 [INFO] Epoch  38/100 | Train: 0.289611 | Val: 0.313600 | LR: 2.06e-03
2026-03-22 23:01:33 [INFO] Epoch  39/100 | Train: 0.289364 | Val: 0.312103 | LR: 2.01e-03
2026-03-22 23:03:17 [INFO] Epoch  40/100 | Train: 0.288315 | Val: 0.310497 | LR: 1.97e-03
2026-03-22 23:03:17 [INFO]   -> Best model saved (0.310497)
2026-03-22 23:04:57 [INFO] Epoch  41/100 | Train: 0.288121 | Val: 0.311827 | LR: 1.92e-03
2026-03-22 23:06:37 [INFO] Epoch  42/100 | Train: 0.287324 | Val: 0.310193 | LR: 1.88e-03
2026-03-22 23:06:37 [INFO]   -> Best model saved (0.310193)
2026-03-22 23:08:19 [INFO] Epoch  43/100 | Train: 0.286922 | Val: 0.311421 | LR: 1.83e-03
2026-03-22 23:10:06 [INFO] Epoch  44/100 | Train: 0.286387 | Val: 0.311436 | LR: 1.79e-03
2026-03-22 23:11:50 [INFO] Epoch  45/100 | Train: 0.285923 | Val: 0.310277 | LR: 1.74e-03
2026-03-22 23:13:47 [INFO] Epoch  46/100 | Train: 0.285455 | Val: 0.310018 | LR: 1.69e-03
2026-03-22 23:13:47 [INFO]   -> Best model saved (0.310018)
2026-03-22 23:15:43 [INFO] Epoch  47/100 | Train: 0.285371 | Val: 0.312864 | LR: 1.65e-03
2026-03-22 23:17:34 [INFO] Epoch  48/100 | Train: 0.284714 | Val: 0.310648 | LR: 1.60e-03
2026-03-22 23:19:08 [INFO] Epoch  49/100 | Train: 0.284074 | Val: 0.311029 | LR: 1.55e-03
2026-03-22 23:20:43 [INFO] Epoch  50/100 | Train: 0.283878 | Val: 0.310556 | LR: 1.50e-03
2026-03-22 23:22:14 [INFO] Epoch  51/100 | Train: 0.283231 | Val: 0.310748 | LR: 1.46e-03
2026-03-22 23:23:42 [INFO] Epoch  52/100 | Train: 0.283136 | Val: 0.310135 | LR: 1.41e-03
2026-03-22 23:25:10 [INFO] Epoch  53/100 | Train: 0.282688 | Val: 0.310223 | LR: 1.36e-03
2026-03-22 23:26:40 [INFO] Epoch  54/100 | Train: 0.282086 | Val: 0.311192 | LR: 1.32e-03
2026-03-22 23:28:16 [INFO] Epoch  55/100 | Train: 0.281946 | Val: 0.310458 | LR: 1.27e-03
2026-03-22 23:29:51 [INFO] Epoch  56/100 | Train: 0.281597 | Val: 0.310658 | LR: 1.22e-03
2026-03-22 23:29:51 [INFO] Early stopping at epoch 56
2026-03-22 23:29:51 [INFO] Done. Best val loss: 0.310018
