2026-03-25 23:51:00 [INFO] Loaded Swin-T ImageNet pretrained
2026-03-25 23:51:00 [INFO] Split: train=111444, val=13931, test=13931
2026-03-25 23:51:00 [INFO] Extracting features...
2026-03-25 23:55:47 [INFO] Feature dim: 768
2026-03-25 23:55:48 [INFO] Epoch   1 | Val AUC: 0.6637 Acc: 0.6153
2026-03-25 23:55:49 [INFO] Epoch   2 | Val AUC: 0.6747 Acc: 0.6239
2026-03-25 23:55:49 [INFO] Epoch   3 | Val AUC: 0.6804 Acc: 0.6289
2026-03-25 23:55:49 [INFO] Epoch   4 | Val AUC: 0.6842 Acc: 0.6317
2026-03-25 23:55:49 [INFO] Epoch   5 | Val AUC: 0.6869 Acc: 0.6344
2026-03-25 23:55:50 [INFO] Epoch   6 | Val AUC: 0.6890 Acc: 0.6364
2026-03-25 23:55:50 [INFO] Epoch   7 | Val AUC: 0.6906 Acc: 0.6378
2026-03-25 23:55:50 [INFO] Epoch   8 | Val AUC: 0.6920 Acc: 0.6376
2026-03-25 23:55:51 [INFO] Epoch   9 | Val AUC: 0.6932 Acc: 0.6381
2026-03-25 23:55:51 [INFO] Epoch  10 | Val AUC: 0.6942 Acc: 0.6392
2026-03-25 23:55:51 [INFO] Epoch  11 | Val AUC: 0.6950 Acc: 0.6398
2026-03-25 23:55:52 [INFO] Epoch  12 | Val AUC: 0.6957 Acc: 0.6403
2026-03-25 23:55:52 [INFO] Epoch  13 | Val AUC: 0.6964 Acc: 0.6411
2026-03-25 23:55:52 [INFO] Epoch  14 | Val AUC: 0.6970 Acc: 0.6415
2026-03-25 23:55:52 [INFO] Epoch  15 | Val AUC: 0.6975 Acc: 0.6430
2026-03-25 23:55:53 [INFO] Epoch  16 | Val AUC: 0.6980 Acc: 0.6431
2026-03-25 23:55:53 [INFO] Epoch  17 | Val AUC: 0.6984 Acc: 0.6433
2026-03-25 23:55:53 [INFO] Epoch  18 | Val AUC: 0.6988 Acc: 0.6440
2026-03-25 23:55:54 [INFO] Epoch  19 | Val AUC: 0.6992 Acc: 0.6442
2026-03-25 23:55:54 [INFO] Epoch  20 | Val AUC: 0.6995 Acc: 0.6447
2026-03-25 23:55:54 [INFO] Epoch  21 | Val AUC: 0.6998 Acc: 0.6450
2026-03-25 23:55:55 [INFO] Epoch  22 | Val AUC: 0.7001 Acc: 0.6447
2026-03-25 23:55:55 [INFO] Epoch  23 | Val AUC: 0.7004 Acc: 0.6448
2026-03-25 23:55:55 [INFO] Epoch  24 | Val AUC: 0.7007 Acc: 0.6449
2026-03-25 23:55:56 [INFO] Epoch  25 | Val AUC: 0.7009 Acc: 0.6448
2026-03-25 23:55:56 [INFO] Epoch  26 | Val AUC: 0.7011 Acc: 0.6451
2026-03-25 23:55:56 [INFO] Epoch  27 | Val AUC: 0.7014 Acc: 0.6454
2026-03-25 23:55:56 [INFO] Epoch  28 | Val AUC: 0.7016 Acc: 0.6458
2026-03-25 23:55:57 [INFO] Epoch  29 | Val AUC: 0.7018 Acc: 0.6462
2026-03-25 23:55:57 [INFO] Epoch  30 | Val AUC: 0.7020 Acc: 0.6464
2026-03-25 23:55:57 [INFO] Epoch  31 | Val AUC: 0.7022 Acc: 0.6463
2026-03-25 23:55:58 [INFO] Epoch  32 | Val AUC: 0.7023 Acc: 0.6469
2026-03-25 23:55:58 [INFO] Epoch  33 | Val AUC: 0.7025 Acc: 0.6470
2026-03-25 23:55:58 [INFO] Epoch  34 | Val AUC: 0.7026 Acc: 0.6475
2026-03-25 23:55:59 [INFO] Epoch  35 | Val AUC: 0.7028 Acc: 0.6480
2026-03-25 23:55:59 [INFO] Epoch  36 | Val AUC: 0.7029 Acc: 0.6487
2026-03-25 23:55:59 [INFO] Epoch  37 | Val AUC: 0.7031 Acc: 0.6491
2026-03-25 23:55:59 [INFO] Epoch  38 | Val AUC: 0.7032 Acc: 0.6491
2026-03-25 23:56:00 [INFO] Epoch  39 | Val AUC: 0.7033 Acc: 0.6489
2026-03-25 23:56:00 [INFO] Epoch  40 | Val AUC: 0.7035 Acc: 0.6490
2026-03-25 23:56:00 [INFO] Epoch  41 | Val AUC: 0.7036 Acc: 0.6493
2026-03-25 23:56:01 [INFO] Epoch  42 | Val AUC: 0.7037 Acc: 0.6493
2026-03-25 23:56:01 [INFO] Epoch  43 | Val AUC: 0.7038 Acc: 0.6499
2026-03-25 23:56:01 [INFO] Epoch  44 | Val AUC: 0.7039 Acc: 0.6503
2026-03-25 23:56:02 [INFO] Epoch  45 | Val AUC: 0.7040 Acc: 0.6506
2026-03-25 23:56:02 [INFO] Epoch  46 | Val AUC: 0.7041 Acc: 0.6509
2026-03-25 23:56:02 [INFO] Epoch  47 | Val AUC: 0.7042 Acc: 0.6508
2026-03-25 23:56:02 [INFO] Epoch  48 | Val AUC: 0.7043 Acc: 0.6513
2026-03-25 23:56:03 [INFO] Epoch  49 | Val AUC: 0.7044 Acc: 0.6514
2026-03-25 23:56:03 [INFO] Epoch  50 | Val AUC: 0.7045 Acc: 0.6511
2026-03-25 23:56:03 [INFO] Epoch  51 | Val AUC: 0.7046 Acc: 0.6511
2026-03-25 23:56:04 [INFO] Epoch  52 | Val AUC: 0.7046 Acc: 0.6507
2026-03-25 23:56:04 [INFO] Epoch  53 | Val AUC: 0.7047 Acc: 0.6510
2026-03-25 23:56:04 [INFO] Epoch  54 | Val AUC: 0.7048 Acc: 0.6507
2026-03-25 23:56:05 [INFO] Epoch  55 | Val AUC: 0.7049 Acc: 0.6509
2026-03-25 23:56:05 [INFO] Epoch  56 | Val AUC: 0.7049 Acc: 0.6503
2026-03-25 23:56:05 [INFO] Epoch  57 | Val AUC: 0.7050 Acc: 0.6509
2026-03-25 23:56:05 [INFO] Epoch  58 | Val AUC: 0.7051 Acc: 0.6509
2026-03-25 23:56:06 [INFO] Epoch  59 | Val AUC: 0.7051 Acc: 0.6513
2026-03-25 23:56:06 [INFO] Epoch  60 | Val AUC: 0.7052 Acc: 0.6515
2026-03-25 23:56:06 [INFO] Epoch  61 | Val AUC: 0.7052 Acc: 0.6516
2026-03-25 23:56:07 [INFO] Epoch  62 | Val AUC: 0.7053 Acc: 0.6519
2026-03-25 23:56:07 [INFO] Epoch  63 | Val AUC: 0.7053 Acc: 0.6520
2026-03-25 23:56:07 [INFO] Epoch  64 | Val AUC: 0.7054 Acc: 0.6521
2026-03-25 23:56:07 [INFO] Epoch  65 | Val AUC: 0.7054 Acc: 0.6516
2026-03-25 23:56:08 [INFO] Epoch  66 | Val AUC: 0.7054 Acc: 0.6519
2026-03-25 23:56:08 [INFO] Epoch  67 | Val AUC: 0.7055 Acc: 0.6521
2026-03-25 23:56:08 [INFO] Epoch  68 | Val AUC: 0.7055 Acc: 0.6521
2026-03-25 23:56:09 [INFO] Epoch  69 | Val AUC: 0.7055 Acc: 0.6521
2026-03-25 23:56:09 [INFO] Epoch  70 | Val AUC: 0.7055 Acc: 0.6516
2026-03-25 23:56:09 [INFO] Epoch  71 | Val AUC: 0.7055 Acc: 0.6519
2026-03-25 23:56:09 [INFO] Epoch  72 | Val AUC: 0.7056 Acc: 0.6522
2026-03-25 23:56:10 [INFO] Epoch  73 | Val AUC: 0.7056 Acc: 0.6516
2026-03-25 23:56:10 [INFO] Epoch  74 | Val AUC: 0.7056 Acc: 0.6518
2026-03-25 23:56:10 [INFO] Epoch  75 | Val AUC: 0.7056 Acc: 0.6517
2026-03-25 23:56:11 [INFO] Epoch  76 | Val AUC: 0.7056 Acc: 0.6521
2026-03-25 23:56:11 [INFO] Epoch  77 | Val AUC: 0.7057 Acc: 0.6519
2026-03-25 23:56:11 [INFO] Epoch  78 | Val AUC: 0.7057 Acc: 0.6518
2026-03-25 23:56:11 [INFO] Epoch  79 | Val AUC: 0.7057 Acc: 0.6526
2026-03-25 23:56:12 [INFO] Epoch  80 | Val AUC: 0.7058 Acc: 0.6525
2026-03-25 23:56:12 [INFO] Epoch  81 | Val AUC: 0.7058 Acc: 0.6521
2026-03-25 23:56:12 [INFO] Epoch  82 | Val AUC: 0.7058 Acc: 0.6521
2026-03-25 23:56:13 [INFO] Epoch  83 | Val AUC: 0.7058 Acc: 0.6521
2026-03-25 23:56:13 [INFO] Epoch  84 | Val AUC: 0.7058 Acc: 0.6522
2026-03-25 23:56:13 [INFO] Epoch  85 | Val AUC: 0.7058 Acc: 0.6524
2026-03-25 23:56:14 [INFO] Epoch  86 | Val AUC: 0.7058 Acc: 0.6520
2026-03-25 23:56:14 [INFO] Epoch  87 | Val AUC: 0.7058 Acc: 0.6522
2026-03-25 23:56:14 [INFO] Epoch  88 | Val AUC: 0.7059 Acc: 0.6522
2026-03-25 23:56:14 [INFO] Epoch  89 | Val AUC: 0.7059 Acc: 0.6524
2026-03-25 23:56:15 [INFO] Epoch  90 | Val AUC: 0.7059 Acc: 0.6526
2026-03-25 23:56:15 [INFO] Epoch  91 | Val AUC: 0.7059 Acc: 0.6528
2026-03-25 23:56:15 [INFO] Epoch  92 | Val AUC: 0.7059 Acc: 0.6521
2026-03-25 23:56:16 [INFO] Epoch  93 | Val AUC: 0.7059 Acc: 0.6521
2026-03-25 23:56:16 [INFO] Epoch  94 | Val AUC: 0.7059 Acc: 0.6524
2026-03-25 23:56:16 [INFO] Epoch  95 | Val AUC: 0.7059 Acc: 0.6527
2026-03-25 23:56:16 [INFO] Epoch  96 | Val AUC: 0.7059 Acc: 0.6528
2026-03-25 23:56:17 [INFO] Epoch  97 | Val AUC: 0.7059 Acc: 0.6529
2026-03-25 23:56:17 [INFO] Epoch  98 | Val AUC: 0.7059 Acc: 0.6526
2026-03-25 23:56:17 [INFO] Epoch  99 | Val AUC: 0.7059 Acc: 0.6528
2026-03-25 23:56:18 [INFO] Epoch 100 | Val AUC: 0.7059 Acc: 0.6529
2026-03-25 23:56:18 [INFO] Best val AUC: 0.7059
2026-03-25 23:56:18 [INFO] Test AUC: 0.7067 Acc: 0.6539
