2026-03-23 16:55:45 [INFO] Experiment: softplus_percentile
2026-03-23 16:55:45 [INFO] Config: {'experiment_name': 'softplus_percentile', 'data_path': 'data/processed/percentile/all_images.npy', 'train_split': 0.8, 'latent_dim': 384, 'encoder_channels': [32, 64, 128, 256], 'output_act': 'softplus', 'batch_size': 512, 'learning_rate': 0.003, 'min_lr': 1e-05, 'weight_decay': 1e-05, 'num_epochs': 100, 'patience': 10, 'seed': 42}
2026-03-23 16:55:47 [INFO] Data: 139306 samples
2026-03-23 16:55:47 [INFO] Parameters: 13,679,395
2026-03-23 16:55:47 [INFO] Loss: MSE
2026-03-23 16:57:47 [INFO] Epoch   1/100 | Train: 0.008408 | Val: 0.000165 | LR: 3.00e-03
2026-03-23 16:57:47 [INFO]   -> Best model saved (0.000165)
2026-03-23 16:59:00 [INFO] Epoch   2/100 | Train: 0.000137 | Val: 0.000118 | LR: 3.00e-03
2026-03-23 16:59:01 [INFO]   -> Best model saved (0.000118)
2026-03-23 17:00:08 [INFO] Epoch   3/100 | Train: 0.000105 | Val: 0.000094 | LR: 2.99e-03
2026-03-23 17:00:08 [INFO]   -> Best model saved (0.000094)
2026-03-23 17:01:15 [INFO] Epoch   4/100 | Train: 0.000080 | Val: 0.000064 | LR: 2.99e-03
2026-03-23 17:01:15 [INFO]   -> Best model saved (0.000064)
2026-03-23 17:02:16 [INFO] Epoch   5/100 | Train: 0.000060 | Val: 0.000056 | LR: 2.98e-03
2026-03-23 17:02:16 [INFO]   -> Best model saved (0.000056)
2026-03-23 17:03:20 [INFO] Epoch   6/100 | Train: 0.000054 | Val: 0.000052 | LR: 2.97e-03
2026-03-23 17:03:20 [INFO]   -> Best model saved (0.000052)
2026-03-23 17:04:23 [INFO] Epoch   7/100 | Train: 0.000051 | Val: 0.000050 | LR: 2.96e-03
2026-03-23 17:04:23 [INFO]   -> Best model saved (0.000050)
2026-03-23 17:05:25 [INFO] Epoch   8/100 | Train: 0.000049 | Val: 0.000048 | LR: 2.95e-03
2026-03-23 17:05:25 [INFO]   -> Best model saved (0.000048)
2026-03-23 17:06:32 [INFO] Epoch   9/100 | Train: 0.000047 | Val: 0.000046 | LR: 2.94e-03
2026-03-23 17:06:32 [INFO]   -> Best model saved (0.000046)
2026-03-23 17:07:36 [INFO] Epoch  10/100 | Train: 0.000046 | Val: 0.000045 | LR: 2.93e-03
2026-03-23 17:07:36 [INFO]   -> Best model saved (0.000045)
2026-03-23 17:08:39 [INFO] Epoch  11/100 | Train: 0.000045 | Val: 0.000044 | LR: 2.91e-03
2026-03-23 17:08:40 [INFO]   -> Best model saved (0.000044)
2026-03-23 17:09:44 [INFO] Epoch  12/100 | Train: 0.000043 | Val: 0.000043 | LR: 2.90e-03
2026-03-23 17:09:44 [INFO]   -> Best model saved (0.000043)
2026-03-23 17:10:44 [INFO] Epoch  13/100 | Train: 0.000043 | Val: 0.000042 | LR: 2.88e-03
2026-03-23 17:10:44 [INFO]   -> Best model saved (0.000042)
2026-03-23 17:11:52 [INFO] Epoch  14/100 | Train: 0.000042 | Val: 0.000042 | LR: 2.86e-03
2026-03-23 17:11:53 [INFO]   -> Best model saved (0.000042)
2026-03-23 17:12:58 [INFO] Epoch  15/100 | Train: 0.000042 | Val: 0.000042 | LR: 2.84e-03
2026-03-23 17:12:58 [INFO]   -> Best model saved (0.000042)
2026-03-23 17:14:00 [INFO] Epoch  16/100 | Train: 0.000042 | Val: 0.000042 | LR: 2.82e-03
2026-03-23 17:15:01 [INFO] Epoch  17/100 | Train: 0.000041 | Val: 0.000041 | LR: 2.79e-03
2026-03-23 17:15:01 [INFO]   -> Best model saved (0.000041)
2026-03-23 17:16:08 [INFO] Epoch  18/100 | Train: 0.000041 | Val: 0.000041 | LR: 2.77e-03
2026-03-23 17:17:09 [INFO] Epoch  19/100 | Train: 0.000041 | Val: 0.000040 | LR: 2.74e-03
2026-03-23 17:17:09 [INFO]   -> Best model saved (0.000040)
2026-03-23 17:18:14 [INFO] Epoch  20/100 | Train: 0.000041 | Val: 0.000040 | LR: 2.71e-03
2026-03-23 17:18:14 [INFO]   -> Best model saved (0.000040)
2026-03-23 17:19:17 [INFO] Epoch  21/100 | Train: 0.000040 | Val: 0.000040 | LR: 2.69e-03
2026-03-23 17:19:17 [INFO]   -> Best model saved (0.000040)
2026-03-23 17:20:20 [INFO] Epoch  22/100 | Train: 0.000040 | Val: 0.000039 | LR: 2.66e-03
2026-03-23 17:20:20 [INFO]   -> Best model saved (0.000039)
2026-03-23 17:21:24 [INFO] Epoch  23/100 | Train: 0.000039 | Val: 0.000038 | LR: 2.63e-03
2026-03-23 17:21:24 [INFO]   -> Best model saved (0.000038)
2026-03-23 17:22:28 [INFO] Epoch  24/100 | Train: 0.000038 | Val: 0.000038 | LR: 2.59e-03
2026-03-23 17:23:31 [INFO] Epoch  25/100 | Train: 0.000038 | Val: 0.000038 | LR: 2.56e-03
2026-03-23 17:24:32 [INFO] Epoch  26/100 | Train: 0.000037 | Val: 0.000035 | LR: 2.53e-03
2026-03-23 17:24:32 [INFO]   -> Best model saved (0.000035)
2026-03-23 17:25:33 [INFO] Epoch  27/100 | Train: 0.000036 | Val: 0.000035 | LR: 2.49e-03
2026-03-23 17:25:33 [INFO]   -> Best model saved (0.000035)
2026-03-23 17:26:40 [INFO] Epoch  28/100 | Train: 0.000034 | Val: 0.000034 | LR: 2.46e-03
2026-03-23 17:26:40 [INFO]   -> Best model saved (0.000034)
2026-03-23 17:27:46 [INFO] Epoch  29/100 | Train: 0.000034 | Val: 0.000033 | LR: 2.42e-03
2026-03-23 17:27:46 [INFO]   -> Best model saved (0.000033)
2026-03-23 17:28:51 [INFO] Epoch  30/100 | Train: 0.000034 | Val: 0.000033 | LR: 2.38e-03
2026-03-23 17:28:52 [INFO]   -> Best model saved (0.000033)
2026-03-23 17:29:55 [INFO] Epoch  31/100 | Train: 0.000033 | Val: 0.000033 | LR: 2.35e-03
2026-03-23 17:31:00 [INFO] Epoch  32/100 | Train: 0.000033 | Val: 0.000032 | LR: 2.31e-03
2026-03-23 17:31:00 [INFO]   -> Best model saved (0.000032)
2026-03-23 17:32:04 [INFO] Epoch  33/100 | Train: 0.000033 | Val: 0.000033 | LR: 2.27e-03
2026-03-23 17:33:07 [INFO] Epoch  34/100 | Train: 0.000032 | Val: 0.000032 | LR: 2.23e-03
2026-03-23 17:34:10 [INFO] Epoch  35/100 | Train: 0.000032 | Val: 0.000031 | LR: 2.18e-03
2026-03-23 17:34:10 [INFO]   -> Best model saved (0.000031)
2026-03-23 17:35:15 [INFO] Epoch  36/100 | Train: 0.000031 | Val: 0.000031 | LR: 2.14e-03
2026-03-23 17:35:15 [INFO]   -> Best model saved (0.000031)
2026-03-23 17:36:29 [INFO] Epoch  37/100 | Train: 0.000030 | Val: 0.000034 | LR: 2.10e-03
2026-03-23 17:37:34 [INFO] Epoch  38/100 | Train: 0.000029 | Val: 0.000029 | LR: 2.06e-03
2026-03-23 17:37:35 [INFO]   -> Best model saved (0.000029)
2026-03-23 17:38:44 [INFO] Epoch  39/100 | Train: 0.000029 | Val: 0.000027 | LR: 2.01e-03
2026-03-23 17:38:44 [INFO]   -> Best model saved (0.000027)
2026-03-23 17:39:45 [INFO] Epoch  40/100 | Train: 0.000028 | Val: 0.000028 | LR: 1.97e-03
2026-03-23 17:40:48 [INFO] Epoch  41/100 | Train: 0.000027 | Val: 0.000026 | LR: 1.92e-03
2026-03-23 17:40:48 [INFO]   -> Best model saved (0.000026)
2026-03-23 17:41:54 [INFO] Epoch  42/100 | Train: 0.000026 | Val: 0.000026 | LR: 1.88e-03
2026-03-23 17:43:01 [INFO] Epoch  43/100 | Train: 0.000026 | Val: 0.000026 | LR: 1.83e-03
2026-03-23 17:43:01 [INFO]   -> Best model saved (0.000026)
2026-03-23 17:44:06 [INFO] Epoch  44/100 | Train: 0.000025 | Val: 0.000025 | LR: 1.79e-03
2026-03-23 17:44:06 [INFO]   -> Best model saved (0.000025)
2026-03-23 17:45:14 [INFO] Epoch  45/100 | Train: 0.000024 | Val: 0.000026 | LR: 1.74e-03
2026-03-23 17:46:20 [INFO] Epoch  46/100 | Train: 0.000024 | Val: 0.000024 | LR: 1.69e-03
2026-03-23 17:46:20 [INFO]   -> Best model saved (0.000024)
2026-03-23 17:47:30 [INFO] Epoch  47/100 | Train: 0.000024 | Val: 0.000024 | LR: 1.65e-03
2026-03-23 17:47:30 [INFO]   -> Best model saved (0.000024)
2026-03-23 17:48:37 [INFO] Epoch  48/100 | Train: 0.000024 | Val: 0.000023 | LR: 1.60e-03
2026-03-23 17:48:37 [INFO]   -> Best model saved (0.000023)
2026-03-23 17:49:43 [INFO] Epoch  49/100 | Train: 0.000023 | Val: 0.000022 | LR: 1.55e-03
2026-03-23 17:49:43 [INFO]   -> Best model saved (0.000022)
2026-03-23 17:50:51 [INFO] Epoch  50/100 | Train: 0.000023 | Val: 0.000022 | LR: 1.50e-03
2026-03-23 17:50:52 [INFO]   -> Best model saved (0.000022)
2026-03-23 17:51:59 [INFO] Epoch  51/100 | Train: 0.000022 | Val: 0.000022 | LR: 1.46e-03
2026-03-23 17:51:59 [INFO]   -> Best model saved (0.000022)
2026-03-23 17:53:05 [INFO] Epoch  52/100 | Train: 0.000022 | Val: 0.000021 | LR: 1.41e-03
2026-03-23 17:53:05 [INFO]   -> Best model saved (0.000021)
2026-03-23 17:54:13 [INFO] Epoch  53/100 | Train: 0.000022 | Val: 0.000021 | LR: 1.36e-03
2026-03-23 17:54:13 [INFO]   -> Best model saved (0.000021)
2026-03-23 17:55:22 [INFO] Epoch  54/100 | Train: 0.000021 | Val: 0.000021 | LR: 1.32e-03
2026-03-23 17:56:27 [INFO] Epoch  55/100 | Train: 0.000021 | Val: 0.000021 | LR: 1.27e-03
2026-03-23 17:56:27 [INFO]   -> Best model saved (0.000021)
2026-03-23 17:57:34 [INFO] Epoch  56/100 | Train: 0.000021 | Val: 0.000020 | LR: 1.22e-03
2026-03-23 17:57:34 [INFO]   -> Best model saved (0.000020)
2026-03-23 17:58:39 [INFO] Epoch  57/100 | Train: 0.000021 | Val: 0.000020 | LR: 1.18e-03
2026-03-23 17:58:39 [INFO]   -> Best model saved (0.000020)
2026-03-23 17:59:44 [INFO] Epoch  58/100 | Train: 0.000020 | Val: 0.000020 | LR: 1.13e-03
2026-03-23 17:59:44 [INFO]   -> Best model saved (0.000020)
2026-03-23 18:00:49 [INFO] Epoch  59/100 | Train: 0.000020 | Val: 0.000020 | LR: 1.09e-03
2026-03-23 18:00:49 [INFO]   -> Best model saved (0.000020)
2026-03-23 18:01:55 [INFO] Epoch  60/100 | Train: 0.000020 | Val: 0.000020 | LR: 1.04e-03
2026-03-23 18:03:01 [INFO] Epoch  61/100 | Train: 0.000020 | Val: 0.000019 | LR: 9.99e-04
2026-03-23 18:03:01 [INFO]   -> Best model saved (0.000019)
2026-03-23 18:04:07 [INFO] Epoch  62/100 | Train: 0.000019 | Val: 0.000019 | LR: 9.55e-04
2026-03-23 18:04:07 [INFO]   -> Best model saved (0.000019)
2026-03-23 18:05:13 [INFO] Epoch  63/100 | Train: 0.000019 | Val: 0.000019 | LR: 9.11e-04
2026-03-23 18:05:13 [INFO]   -> Best model saved (0.000019)
2026-03-23 18:06:20 [INFO] Epoch  64/100 | Train: 0.000019 | Val: 0.000019 | LR: 8.68e-04
2026-03-23 18:07:23 [INFO] Epoch  65/100 | Train: 0.000019 | Val: 0.000019 | LR: 8.26e-04
2026-03-23 18:07:23 [INFO]   -> Best model saved (0.000019)
2026-03-23 18:08:32 [INFO] Epoch  66/100 | Train: 0.000019 | Val: 0.000019 | LR: 7.85e-04
2026-03-23 18:09:38 [INFO] Epoch  67/100 | Train: 0.000019 | Val: 0.000019 | LR: 7.44e-04
2026-03-23 18:10:44 [INFO] Epoch  68/100 | Train: 0.000018 | Val: 0.000018 | LR: 7.04e-04
2026-03-23 18:10:44 [INFO]   -> Best model saved (0.000018)
2026-03-23 18:11:56 [INFO] Epoch  69/100 | Train: 0.000018 | Val: 0.000018 | LR: 6.65e-04
2026-03-23 18:11:56 [INFO]   -> Best model saved (0.000018)
2026-03-23 18:13:04 [INFO] Epoch  70/100 | Train: 0.000018 | Val: 0.000018 | LR: 6.26e-04
2026-03-23 18:13:04 [INFO]   -> Best model saved (0.000018)
2026-03-23 18:14:10 [INFO] Epoch  71/100 | Train: 0.000018 | Val: 0.000018 | LR: 5.89e-04
2026-03-23 18:14:10 [INFO]   -> Best model saved (0.000018)
2026-03-23 18:15:15 [INFO] Epoch  72/100 | Train: 0.000018 | Val: 0.000018 | LR: 5.52e-04
2026-03-23 18:15:15 [INFO]   -> Best model saved (0.000018)
2026-03-23 18:16:21 [INFO] Epoch  73/100 | Train: 0.000018 | Val: 0.000018 | LR: 5.16e-04
2026-03-23 18:16:22 [INFO]   -> Best model saved (0.000018)
2026-03-23 18:17:28 [INFO] Epoch  74/100 | Train: 0.000018 | Val: 0.000018 | LR: 4.82e-04
2026-03-23 18:17:28 [INFO]   -> Best model saved (0.000018)
2026-03-23 18:18:34 [INFO] Epoch  75/100 | Train: 0.000017 | Val: 0.000018 | LR: 4.48e-04
2026-03-23 18:18:34 [INFO]   -> Best model saved (0.000018)
2026-03-23 18:19:40 [INFO] Epoch  76/100 | Train: 0.000017 | Val: 0.000017 | LR: 4.15e-04
2026-03-23 18:19:40 [INFO]   -> Best model saved (0.000017)
2026-03-23 18:20:47 [INFO] Epoch  77/100 | Train: 0.000017 | Val: 0.000017 | LR: 3.84e-04
2026-03-23 18:21:54 [INFO] Epoch  78/100 | Train: 0.000017 | Val: 0.000017 | LR: 3.53e-04
2026-03-23 18:21:54 [INFO]   -> Best model saved (0.000017)
2026-03-23 18:23:00 [INFO] Epoch  79/100 | Train: 0.000017 | Val: 0.000017 | LR: 3.24e-04
2026-03-23 18:24:02 [INFO] Epoch  80/100 | Train: 0.000017 | Val: 0.000017 | LR: 2.96e-04
2026-03-23 18:24:02 [INFO]   -> Best model saved (0.000017)
2026-03-23 18:25:09 [INFO] Epoch  81/100 | Train: 0.000017 | Val: 0.000017 | LR: 2.69e-04
2026-03-23 18:25:10 [INFO]   -> Best model saved (0.000017)
2026-03-23 18:26:16 [INFO] Epoch  82/100 | Train: 0.000017 | Val: 0.000017 | LR: 2.43e-04
2026-03-23 18:26:16 [INFO]   -> Best model saved (0.000017)
2026-03-23 18:27:22 [INFO] Epoch  83/100 | Train: 0.000017 | Val: 0.000017 | LR: 2.18e-04
2026-03-23 18:27:22 [INFO]   -> Best model saved (0.000017)
2026-03-23 18:28:28 [INFO] Epoch  84/100 | Train: 0.000017 | Val: 0.000017 | LR: 1.95e-04
2026-03-23 18:28:28 [INFO]   -> Best model saved (0.000017)
2026-03-23 18:29:34 [INFO] Epoch  85/100 | Train: 0.000017 | Val: 0.000017 | LR: 1.73e-04
2026-03-23 18:29:34 [INFO]   -> Best model saved (0.000017)
2026-03-23 18:30:40 [INFO] Epoch  86/100 | Train: 0.000017 | Val: 0.000017 | LR: 1.52e-04
2026-03-23 18:30:40 [INFO]   -> Best model saved (0.000017)
2026-03-23 18:31:45 [INFO] Epoch  87/100 | Train: 0.000017 | Val: 0.000017 | LR: 1.33e-04
2026-03-23 18:31:46 [INFO]   -> Best model saved (0.000017)
2026-03-23 18:32:50 [INFO] Epoch  88/100 | Train: 0.000016 | Val: 0.000017 | LR: 1.15e-04
2026-03-23 18:32:50 [INFO]   -> Best model saved (0.000017)
2026-03-23 18:33:56 [INFO] Epoch  89/100 | Train: 0.000016 | Val: 0.000017 | LR: 9.84e-05
2026-03-23 18:33:57 [INFO]   -> Best model saved (0.000017)
2026-03-23 18:35:04 [INFO] Epoch  90/100 | Train: 0.000016 | Val: 0.000017 | LR: 8.32e-05
2026-03-23 18:36:12 [INFO] Epoch  91/100 | Train: 0.000016 | Val: 0.000017 | LR: 6.94e-05
2026-03-23 18:36:12 [INFO]   -> Best model saved (0.000017)
2026-03-23 18:37:16 [INFO] Epoch  92/100 | Train: 0.000016 | Val: 0.000017 | LR: 5.70e-05
2026-03-23 18:38:19 [INFO] Epoch  93/100 | Train: 0.000016 | Val: 0.000017 | LR: 4.60e-05
2026-03-23 18:38:19 [INFO]   -> Best model saved (0.000017)
2026-03-23 18:39:31 [INFO] Epoch  94/100 | Train: 0.000016 | Val: 0.000017 | LR: 3.65e-05
2026-03-23 18:39:31 [INFO]   -> Best model saved (0.000017)
2026-03-23 18:40:34 [INFO] Epoch  95/100 | Train: 0.000016 | Val: 0.000017 | LR: 2.84e-05
2026-03-23 18:40:34 [INFO]   -> Best model saved (0.000017)
2026-03-23 18:41:43 [INFO] Epoch  96/100 | Train: 0.000016 | Val: 0.000017 | LR: 2.18e-05
2026-03-23 18:41:43 [INFO]   -> Best model saved (0.000017)
2026-03-23 18:42:49 [INFO] Epoch  97/100 | Train: 0.000016 | Val: 0.000017 | LR: 1.66e-05
2026-03-23 18:43:55 [INFO] Epoch  98/100 | Train: 0.000016 | Val: 0.000017 | LR: 1.30e-05
2026-03-23 18:43:55 [INFO]   -> Best model saved (0.000017)
2026-03-23 18:45:03 [INFO] Epoch  99/100 | Train: 0.000016 | Val: 0.000017 | LR: 1.07e-05
2026-03-23 18:45:03 [INFO]   -> Best model saved (0.000017)
2026-03-23 18:46:10 [INFO] Epoch 100/100 | Train: 0.000016 | Val: 0.000017 | LR: 1.00e-05
2026-03-23 18:46:10 [INFO]   -> Best model saved (0.000017)
2026-03-23 18:46:10 [INFO] Done. Best val loss: 0.000017
