2026-03-24 12:42:14 [INFO] Experiment: moco_swin
2026-03-24 12:42:14 [INFO] Config: {'experiment_name': 'moco_swin', 'data_path': 'data/processed/percentile/all_images.npy', 'method': 'moco', 'encoder': 'swin', 'embed_dim': 256, 'temperature': 0.1, 'queue_size': 4096, 'moco_momentum': 0.999, 'pretrained': False, 'translate_frac': 0.1, 'noise_std': 0.02, 'intensity_range': [0.8, 1.2], 'erase_prob': 0.3, 'batch_size': 128, 'learning_rate': 0.0001, 'min_lr': 1e-06, 'weight_decay': 0.0001, 'pretrain_epochs': 80, 'linear_epochs': 50, 'seed': 42}
2026-03-24 12:42:14 [INFO] Data: 139306 images
2026-03-24 12:42:14 [INFO] Split: train=111444, val=13931, test=13931
2026-03-24 12:43:34 [INFO] Method: moco, Encoder: swin
2026-03-24 12:43:34 [INFO] Trainable parameters: 28,306,810
2026-03-24 12:43:34 [INFO] === Phase 1: Contrastive Pretraining ===
2026-03-24 12:47:31 [INFO] Experiment: moco_swin
2026-03-24 12:47:31 [INFO] Config: {'experiment_name': 'moco_swin', 'data_path': 'data/processed/percentile/all_images.npy', 'method': 'moco', 'encoder': 'swin', 'embed_dim': 256, 'temperature': 0.1, 'queue_size': 4096, 'moco_momentum': 0.999, 'pretrained': False, 'translate_frac': 0.1, 'noise_std': 0.02, 'intensity_range': [0.8, 1.2], 'erase_prob': 0.3, 'batch_size': 128, 'learning_rate': 0.0001, 'min_lr': 1e-06, 'weight_decay': 0.0001, 'pretrain_epochs': 80, 'linear_epochs': 50, 'seed': 42}
2026-03-24 12:47:31 [INFO] Data: 139306 images
2026-03-24 12:47:31 [INFO] Split: train=111444, val=13931, test=13931
2026-03-24 12:48:52 [INFO] Method: moco, Encoder: swin
2026-03-24 12:48:52 [INFO] Trainable parameters: 28,306,810
2026-03-24 12:48:52 [INFO] === Phase 1: Contrastive Pretraining ===
2026-03-24 13:02:41 [INFO] Pretrain Epoch   1/80 | Loss: 7.7891 | LR: 1.00e-04
2026-03-24 13:02:41 [INFO]   -> Best pretrained model saved (loss=7.7891)
2026-03-24 13:15:00 [INFO] Pretrain Epoch   2/80 | Loss: 7.9272 | LR: 9.98e-05
2026-03-24 13:19:39 [INFO] Experiment: moco_swin
2026-03-24 13:19:39 [INFO] Config: {'experiment_name': 'moco_swin', 'data_path': 'data/processed/percentile/all_images.npy', 'method': 'moco', 'encoder': 'swin', 'embed_dim': 256, 'temperature': 0.1, 'queue_size': 4096, 'moco_momentum': 0.999, 'pretrained': True, 'translate_frac': 0.1, 'noise_std': 0.02, 'intensity_range': [0.8, 1.2], 'erase_prob': 0.3, 'batch_size': 128, 'learning_rate': 2e-05, 'min_lr': 1e-06, 'weight_decay': 0.0001, 'pretrain_epochs': 10, 'linear_epochs': 50, 'seed': 42}
2026-03-24 13:19:39 [INFO] Data: 139306 images
2026-03-24 13:19:39 [INFO] Split: train=111444, val=13931, test=13931
2026-03-24 13:22:12 [INFO] Method: moco, Encoder: swin
2026-03-24 13:22:12 [INFO] Trainable parameters: 28,306,810
2026-03-24 13:22:12 [INFO] === Phase 1: Contrastive Pretraining ===
2026-03-24 14:24:58 [INFO] Experiment: moco_swin
2026-03-24 14:24:58 [INFO] Config: {'experiment_name': 'moco_swin', 'data_path': 'data/processed/percentile/all_images.npy', 'method': 'moco', 'encoder': 'swin', 'embed_dim': 256, 'temperature': 0.1, 'queue_size': 4096, 'moco_momentum': 0.999, 'pretrained': True, 'translate_frac': 0.1, 'noise_std': 0.02, 'intensity_range': [0.8, 1.2], 'erase_prob': 0.3, 'batch_size': 128, 'learning_rate': 2e-05, 'min_lr': 1e-06, 'weight_decay': 0.0001, 'pretrain_epochs': 10, 'linear_epochs': 50, 'seed': 42}
2026-03-24 14:24:58 [INFO] Data: 139306 images
2026-03-24 14:24:58 [INFO] Split: train=111444, val=13931, test=13931
2026-03-24 14:29:05 [INFO] Experiment: moco_swin
2026-03-24 14:29:05 [INFO] Config: {'experiment_name': 'moco_swin', 'data_path': 'data/processed/percentile/all_images.npy', 'method': 'moco', 'encoder': 'swin', 'embed_dim': 256, 'temperature': 0.1, 'queue_size': 4096, 'moco_momentum': 0.999, 'pretrained': True, 'translate_frac': 0.1, 'noise_std': 0.02, 'intensity_range': [0.8, 1.2], 'erase_prob': 0.3, 'batch_size': 128, 'learning_rate': 2e-05, 'min_lr': 1e-06, 'weight_decay': 0.0001, 'pretrain_epochs': 10, 'linear_epochs': 50, 'seed': 42}
2026-03-24 14:29:05 [INFO] Data: 139306 images
2026-03-24 14:29:05 [INFO] Split: train=111444, val=13931, test=13931
2026-03-24 14:29:09 [INFO] Method: moco, Encoder: swin
2026-03-24 14:29:09 [INFO] Trainable parameters: 28,306,810
2026-03-24 14:29:09 [INFO] === Phase 1: Contrastive Pretraining ===
2026-03-24 14:29:19 [INFO] Pretrain Epoch   3/80 | Loss: 7.9204 | LR: 9.97e-05
2026-03-24 14:31:18 [INFO] Experiment: moco_swin
2026-03-24 14:31:18 [INFO] Config: {'experiment_name': 'moco_swin', 'data_path': 'data/processed/percentile/all_images.npy', 'method': 'moco', 'encoder': 'swin', 'embed_dim': 256, 'temperature': 0.1, 'queue_size': 4096, 'moco_momentum': 0.999, 'pretrained': True, 'translate_frac': 0.1, 'noise_std': 0.02, 'intensity_range': [0.8, 1.2], 'erase_prob': 0.3, 'batch_size': 128, 'learning_rate': 2e-05, 'min_lr': 1e-06, 'weight_decay': 0.0001, 'pretrain_epochs': 10, 'linear_epochs': 50, 'seed': 42}
2026-03-24 14:31:18 [INFO] Data: 139306 images
2026-03-24 14:31:18 [INFO] Split: train=111444, val=13931, test=13931
2026-03-24 14:31:18 [INFO] DataLoader ready: 871 batches, batch_size=128
2026-03-24 14:31:19 [INFO] Method: moco, Encoder: swin
2026-03-24 14:31:19 [INFO] Trainable parameters: 28,306,810
2026-03-24 14:31:19 [INFO] === Phase 1: Contrastive Pretraining ===
2026-03-24 14:31:21 [INFO]   Epoch 1 batch 1/871 | loss: 1.4509 (avg: 1.4509)
2026-03-24 14:31:27 [INFO]   Epoch 1 batch 10/871 | loss: 6.9016 (avg: 5.8232)
2026-03-24 14:32:37 [INFO]   Epoch 1 batch 100/871 | loss: 7.7788 (avg: 7.5488)
2026-03-24 14:33:58 [INFO]   Epoch 1 batch 200/871 | loss: 7.6719 (avg: 7.5432)
2026-03-24 14:36:48 [INFO]   Epoch 1 batch 400/871 | loss: 6.8763 (avg: 7.3571)
2026-03-24 14:39:40 [INFO]   Epoch 1 batch 600/871 | loss: 6.4851 (avg: 7.1467)
2026-03-24 14:42:31 [INFO]   Epoch 1 batch 800/871 | loss: 6.2347 (avg: 6.9431)
2026-03-24 14:43:30 [INFO] Pretrain Epoch   1/10 | Loss: 6.8706 | LR: 1.95e-05
2026-03-24 14:43:31 [INFO]   -> Best pretrained model saved (loss=6.8706)
2026-03-24 14:43:31 [INFO]   Epoch 2 batch 1/871 | loss: 6.0412 (avg: 6.0412)
2026-03-24 14:43:37 [INFO]   Epoch 2 batch 10/871 | loss: 5.8551 (avg: 5.9313)
2026-03-24 14:44:37 [INFO]   Epoch 2 batch 100/871 | loss: 5.7902 (avg: 5.9089)
2026-03-24 14:45:46 [INFO]   Epoch 2 batch 200/871 | loss: 5.5814 (avg: 5.8309)
2026-03-24 14:48:07 [INFO]   Epoch 2 batch 400/871 | loss: 5.2764 (avg: 5.6620)
2026-03-24 14:50:30 [INFO]   Epoch 2 batch 600/871 | loss: 4.9713 (avg: 5.5049)
2026-03-24 14:52:56 [INFO]   Epoch 2 batch 800/871 | loss: 5.4465 (avg: 5.3580)
2026-03-24 14:53:48 [INFO] Pretrain Epoch   2/10 | Loss: 5.3102 | LR: 1.82e-05
2026-03-24 14:53:48 [INFO]   -> Best pretrained model saved (loss=5.3102)
2026-03-24 14:53:49 [INFO]   Epoch 3 batch 1/871 | loss: 4.7990 (avg: 4.7990)
2026-03-24 14:53:55 [INFO]   Epoch 3 batch 10/871 | loss: 4.8304 (avg: 4.7705)
2026-03-24 14:55:00 [INFO]   Epoch 3 batch 100/871 | loss: 4.7349 (avg: 4.6552)
2026-03-24 14:56:14 [INFO]   Epoch 3 batch 200/871 | loss: 4.4485 (avg: 4.6093)
2026-03-24 14:58:41 [INFO]   Epoch 3 batch 400/871 | loss: 4.4069 (avg: 4.5105)
2026-03-24 15:01:07 [INFO]   Epoch 3 batch 600/871 | loss: 4.3785 (avg: 4.4180)
2026-03-24 15:03:32 [INFO]   Epoch 3 batch 800/871 | loss: 4.3056 (avg: 4.3358)
2026-03-24 15:04:22 [INFO] Pretrain Epoch   3/10 | Loss: 4.3055 | LR: 1.61e-05
2026-03-24 15:04:22 [INFO]   -> Best pretrained model saved (loss=4.3055)
2026-03-24 15:04:23 [INFO]   Epoch 4 batch 1/871 | loss: 3.8796 (avg: 3.8796)
2026-03-24 15:04:30 [INFO]   Epoch 4 batch 10/871 | loss: 3.9793 (avg: 3.8810)
2026-03-24 15:05:35 [INFO]   Epoch 4 batch 100/871 | loss: 4.2095 (avg: 3.9031)
2026-03-24 15:06:47 [INFO]   Epoch 4 batch 200/871 | loss: 3.8058 (avg: 3.8786)
2026-03-24 15:09:10 [INFO]   Epoch 4 batch 400/871 | loss: 3.7072 (avg: 3.8212)
2026-03-24 15:11:37 [INFO]   Epoch 4 batch 600/871 | loss: 3.5972 (avg: 3.7615)
2026-03-24 15:14:01 [INFO]   Epoch 4 batch 800/871 | loss: 3.4666 (avg: 3.7099)
2026-03-24 15:14:51 [INFO] Pretrain Epoch   4/10 | Loss: 3.6904 | LR: 1.34e-05
2026-03-24 15:14:51 [INFO]   -> Best pretrained model saved (loss=3.6904)
2026-03-24 15:14:52 [INFO]   Epoch 5 batch 1/871 | loss: 3.5147 (avg: 3.5147)
2026-03-24 15:14:58 [INFO]   Epoch 5 batch 10/871 | loss: 3.4678 (avg: 3.4710)
2026-03-24 15:15:58 [INFO]   Epoch 5 batch 100/871 | loss: 3.4950 (avg: 3.4285)
2026-03-24 15:17:03 [INFO]   Epoch 5 batch 200/871 | loss: 3.7466 (avg: 3.4038)
2026-03-24 15:19:13 [INFO]   Epoch 5 batch 400/871 | loss: 2.9832 (avg: 3.3656)
2026-03-24 15:21:23 [INFO]   Epoch 5 batch 600/871 | loss: 3.2389 (avg: 3.3228)
2026-03-24 15:23:33 [INFO]   Epoch 5 batch 800/871 | loss: 2.9206 (avg: 3.2877)
2026-03-24 15:24:19 [INFO] Pretrain Epoch   5/10 | Loss: 3.2761 | LR: 1.05e-05
2026-03-24 15:24:19 [INFO]   -> Best pretrained model saved (loss=3.2761)
2026-03-24 15:24:20 [INFO]   Epoch 6 batch 1/871 | loss: 2.8587 (avg: 2.8587)
2026-03-24 15:24:25 [INFO]   Epoch 6 batch 10/871 | loss: 3.3214 (avg: 3.1767)
2026-03-24 15:25:26 [INFO]   Epoch 6 batch 100/871 | loss: 2.9437 (avg: 3.1222)
2026-03-24 15:26:30 [INFO]   Epoch 6 batch 200/871 | loss: 2.9439 (avg: 3.1015)
2026-03-24 15:28:38 [INFO]   Epoch 6 batch 400/871 | loss: 3.0423 (avg: 3.0725)
2026-03-24 15:30:46 [INFO]   Epoch 6 batch 600/871 | loss: 3.1363 (avg: 3.0480)
2026-03-24 15:32:54 [INFO]   Epoch 6 batch 800/871 | loss: 3.1242 (avg: 3.0198)
2026-03-24 15:33:40 [INFO] Pretrain Epoch   6/10 | Loss: 3.0078 | LR: 7.56e-06
2026-03-24 15:33:40 [INFO]   -> Best pretrained model saved (loss=3.0078)
2026-03-24 15:33:41 [INFO]   Epoch 7 batch 1/871 | loss: 2.9794 (avg: 2.9794)
2026-03-24 15:33:47 [INFO]   Epoch 7 batch 10/871 | loss: 2.8372 (avg: 2.8550)
2026-03-24 15:34:45 [INFO]   Epoch 7 batch 100/871 | loss: 2.8568 (avg: 2.8794)
2026-03-24 15:35:53 [INFO]   Epoch 7 batch 200/871 | loss: 3.1130 (avg: 2.8751)
2026-03-24 15:38:03 [INFO]   Epoch 7 batch 400/871 | loss: 3.0705 (avg: 2.8443)
2026-03-24 15:40:12 [INFO]   Epoch 7 batch 600/871 | loss: 2.7853 (avg: 2.8268)
2026-03-24 15:42:28 [INFO]   Epoch 7 batch 800/871 | loss: 2.5865 (avg: 2.8122)
2026-03-24 15:43:16 [INFO] Pretrain Epoch   7/10 | Loss: 2.8040 | LR: 4.92e-06
2026-03-24 15:43:16 [INFO]   -> Best pretrained model saved (loss=2.8040)
2026-03-24 15:43:17 [INFO]   Epoch 8 batch 1/871 | loss: 2.7128 (avg: 2.7128)
2026-03-24 15:43:23 [INFO]   Epoch 8 batch 10/871 | loss: 2.6275 (avg: 2.7360)
2026-03-24 15:44:21 [INFO]   Epoch 8 batch 100/871 | loss: 2.4905 (avg: 2.7301)
2026-03-24 15:45:26 [INFO]   Epoch 8 batch 200/871 | loss: 2.5077 (avg: 2.7159)
2026-03-24 15:47:37 [INFO]   Epoch 8 batch 400/871 | loss: 2.6258 (avg: 2.7010)
2026-03-24 15:49:52 [INFO]   Epoch 8 batch 600/871 | loss: 2.8436 (avg: 2.6833)
2026-03-24 15:52:08 [INFO]   Epoch 8 batch 800/871 | loss: 2.5622 (avg: 2.6705)
2026-03-24 15:52:54 [INFO] Pretrain Epoch   8/10 | Loss: 2.6650 | LR: 2.81e-06
2026-03-24 15:52:54 [INFO]   -> Best pretrained model saved (loss=2.6650)
2026-03-24 15:52:55 [INFO]   Epoch 9 batch 1/871 | loss: 3.0081 (avg: 3.0081)
2026-03-24 15:53:01 [INFO]   Epoch 9 batch 10/871 | loss: 2.5996 (avg: 2.7463)
2026-03-24 15:53:59 [INFO]   Epoch 9 batch 100/871 | loss: 2.3395 (avg: 2.5794)
2026-03-24 15:55:03 [INFO]   Epoch 9 batch 200/871 | loss: 2.6343 (avg: 2.5860)
2026-03-24 15:57:17 [INFO]   Epoch 9 batch 400/871 | loss: 2.7250 (avg: 2.5757)
2026-03-24 15:59:28 [INFO]   Epoch 9 batch 600/871 | loss: 2.4994 (avg: 2.5695)
2026-03-24 16:01:38 [INFO]   Epoch 9 batch 800/871 | loss: 2.3099 (avg: 2.5611)
2026-03-24 16:02:23 [INFO] Pretrain Epoch   9/10 | Loss: 2.5583 | LR: 1.46e-06
2026-03-24 16:02:24 [INFO]   -> Best pretrained model saved (loss=2.5583)
2026-03-24 16:02:24 [INFO]   Epoch 10 batch 1/871 | loss: 2.3786 (avg: 2.3786)
2026-03-24 16:02:30 [INFO]   Epoch 10 batch 10/871 | loss: 2.6187 (avg: 2.5137)
2026-03-24 16:03:28 [INFO]   Epoch 10 batch 100/871 | loss: 2.7190 (avg: 2.5266)
2026-03-24 16:04:33 [INFO]   Epoch 10 batch 200/871 | loss: 2.7721 (avg: 2.5261)
2026-03-24 16:06:45 [INFO]   Epoch 10 batch 400/871 | loss: 2.3543 (avg: 2.5289)
2026-03-24 16:08:55 [INFO]   Epoch 10 batch 600/871 | loss: 2.6313 (avg: 2.5236)
2026-03-24 16:11:05 [INFO]   Epoch 10 batch 800/871 | loss: 2.2858 (avg: 2.5178)
2026-03-24 16:11:50 [INFO] Pretrain Epoch  10/10 | Loss: 2.5152 | LR: 1.00e-06
2026-03-24 16:11:51 [INFO]   -> Best pretrained model saved (loss=2.5152)
2026-03-24 16:11:51 [INFO] Pretraining done. Best loss: 2.5152
2026-03-24 16:11:51 [INFO] === Phase 2: Linear Evaluation ===
2026-03-24 16:11:51 [INFO] Extracting features...
2026-03-24 16:13:40 [INFO] Feature dim: 768
2026-03-24 16:13:41 [INFO] Linear Epoch   1 | Val AUC: 0.7679 Acc: 0.7063
2026-03-24 16:13:43 [INFO] Linear Epoch   2 | Val AUC: 0.7694 Acc: 0.7064
2026-03-24 16:13:45 [INFO] Linear Epoch   3 | Val AUC: 0.7709 Acc: 0.7094
2026-03-24 16:13:47 [INFO] Linear Epoch   5 | Val AUC: 0.7719 Acc: 0.7045
2026-03-24 16:13:53 [INFO] Linear Epoch   9 | Val AUC: 0.7730 Acc: 0.7086
2026-03-24 16:13:54 [INFO] Linear Epoch  10 | Val AUC: 0.7729 Acc: 0.7089
2026-03-24 16:14:00 [INFO] Linear Epoch  15 | Val AUC: 0.7728 Acc: 0.7085
2026-03-24 16:14:01 [INFO] Linear Epoch  16 | Val AUC: 0.7739 Acc: 0.7100
2026-03-24 16:14:06 [INFO] Linear Epoch  20 | Val AUC: 0.7739 Acc: 0.7102
2026-03-24 16:14:11 [INFO] Linear Epoch  24 | Val AUC: 0.7740 Acc: 0.7093
2026-03-24 16:14:12 [INFO] Linear Epoch  25 | Val AUC: 0.7730 Acc: 0.7087
2026-03-24 16:14:18 [INFO] Linear Epoch  30 | Val AUC: 0.7732 Acc: 0.7050
2026-03-24 16:14:22 [INFO] Linear Epoch  34 | Val AUC: 0.7746 Acc: 0.7127
2026-03-24 16:14:23 [INFO] Linear Epoch  35 | Val AUC: 0.7739 Acc: 0.7104
2026-03-24 16:14:29 [INFO] Linear Epoch  40 | Val AUC: 0.7741 Acc: 0.7108
2026-03-24 16:14:35 [INFO] Linear Epoch  45 | Val AUC: 0.7733 Acc: 0.7085
2026-03-24 16:14:40 [INFO] Linear Epoch  50 | Val AUC: 0.7741 Acc: 0.7082
2026-03-24 16:14:40 [INFO] Linear eval done. Best val AUC: 0.7746
2026-03-24 16:14:40 [INFO] Done!
