2026-03-24 11:34:58 [INFO] Experiment: particlenet
2026-03-24 11:34:58 [INFO] Config: {'experiment_name': 'particlenet', 'model': 'particlenet', 'data_root': 'data', 'k': 16, 'in_channels': 3, 'batch_size': 128, 'learning_rate': 0.001, 'min_lr': 1e-05, 'weight_decay': 0.0001, 'num_epochs': 50, 'patience': 10, 'seed': 42}
2026-03-24 11:34:58 [INFO] Dataset: 139306 graphs
2026-03-24 11:35:57 [INFO] Split: train=111444, val=13931, test=13931
2026-03-24 11:35:57 [INFO]   Train quark/gluon: 55722/55722
2026-03-24 11:35:57 [INFO]   Val   quark/gluon: 6965/6966
2026-03-24 11:35:57 [INFO]   Test  quark/gluon: 6966/6965
2026-03-24 11:35:58 [INFO] Model: particlenet, Parameters: 366,280
2026-03-24 11:38:21 [INFO] Experiment: particlenet
2026-03-24 11:38:21 [INFO] Config: {'experiment_name': 'particlenet', 'model': 'particlenet', 'data_root': 'data', 'k': 16, 'in_channels': 3, 'batch_size': 32, 'learning_rate': 0.001, 'min_lr': 1e-05, 'weight_decay': 0.0001, 'num_epochs': 50, 'patience': 10, 'seed': 42}
2026-03-24 11:38:21 [INFO] Dataset: 139306 graphs
2026-03-24 11:38:55 [INFO] Split: train=111444, val=13931, test=13931
2026-03-24 11:38:55 [INFO]   Train quark/gluon: 55722/55722
2026-03-24 11:38:55 [INFO]   Val   quark/gluon: 6965/6966
2026-03-24 11:38:55 [INFO]   Test  quark/gluon: 6966/6965
2026-03-24 11:38:57 [INFO] Model: particlenet, Parameters: 366,280
2026-03-24 12:01:57 [INFO] Experiment: particlenet
2026-03-24 12:01:57 [INFO] Config: {'experiment_name': 'particlenet', 'model': 'particlenet', 'data_root': 'data', 'k': 16, 'in_channels': 3, 'batch_size': 64, 'learning_rate': 0.001, 'min_lr': 1e-05, 'weight_decay': 0.0001, 'num_epochs': 50, 'patience': 10, 'seed': 42}
2026-03-24 12:01:57 [INFO] Dataset: 139306 graphs
2026-03-24 12:02:37 [INFO] Split: train=111444, val=13931, test=13931
2026-03-24 12:02:37 [INFO]   Train quark/gluon: 55722/55722
2026-03-24 12:02:37 [INFO]   Val   quark/gluon: 6965/6966
2026-03-24 12:02:37 [INFO]   Test  quark/gluon: 6966/6965
2026-03-24 12:02:39 [INFO] Model: particlenet, Parameters: 366,280
2026-03-26 16:49:00 [INFO] Experiment: particlenet
2026-03-26 16:49:00 [INFO] Config: {'experiment_name': 'particlenet', 'model': 'particlenet', 'data_root': 'data', 'k': 16, 'in_channels': 3, 'batch_size': 256, 'learning_rate': 0.001, 'min_lr': 1e-05, 'weight_decay': 0.0001, 'num_epochs': 50, 'patience': 10, 'seed': 42}
2026-03-26 16:49:00 [INFO] Dataset: 139306 graphs
2026-03-26 16:49:18 [INFO] Split: train=111444, val=13931, test=13931
2026-03-26 16:49:18 [INFO]   Train quark/gluon: 55722/55722
2026-03-26 16:49:18 [INFO]   Val   quark/gluon: 6965/6966
2026-03-26 16:49:18 [INFO]   Test  quark/gluon: 6966/6965
2026-03-26 16:49:20 [INFO] Model: particlenet, Parameters: 366,280
2026-03-26 16:50:26 [INFO] Epoch   1/50 | Train Loss: 0.5789 Acc: 0.7030 | Val Loss: 0.5835 Acc: 0.6994 AUC: 0.7649 | LR: 9.99e-04
2026-03-26 16:50:26 [INFO]   -> Best model saved (AUC=0.7649)
2026-03-26 16:51:43 [INFO] Epoch   2/50 | Train Loss: 0.5731 Acc: 0.7092 | Val Loss: 0.5834 Acc: 0.6959 AUC: 0.7677 | LR: 9.96e-04
2026-03-26 16:51:43 [INFO]   -> Best model saved (AUC=0.7677)
2026-03-26 16:54:17 [INFO] Epoch   3/50 | Train Loss: 0.5702 Acc: 0.7114 | Val Loss: 0.5789 Acc: 0.7006 AUC: 0.7681 | LR: 9.91e-04
2026-03-26 16:54:17 [INFO]   -> Best model saved (AUC=0.7681)
2026-03-26 16:57:31 [INFO] Epoch   4/50 | Train Loss: 0.5699 Acc: 0.7120 | Val Loss: 0.5764 Acc: 0.7048 AUC: 0.7692 | LR: 9.84e-04
2026-03-26 16:57:31 [INFO]   -> Best model saved (AUC=0.7692)
2026-03-26 17:00:50 [INFO] Epoch   5/50 | Train Loss: 0.5688 Acc: 0.7123 | Val Loss: 0.5757 Acc: 0.7035 AUC: 0.7712 | LR: 9.76e-04
2026-03-26 17:00:50 [INFO]   -> Best model saved (AUC=0.7712)
2026-03-26 17:16:11 [INFO] Experiment: particlenet
2026-03-26 17:16:11 [INFO] Config: {'experiment_name': 'particlenet', 'model': 'particlenet', 'data_root': 'data', 'k': 16, 'in_channels': 3, 'batch_size': 256, 'learning_rate': 0.001, 'min_lr': 1e-05, 'weight_decay': 0.0001, 'num_epochs': 50, 'patience': 10, 'seed': 42}
2026-03-26 17:16:11 [INFO] Dataset: 139306 graphs
2026-03-26 17:16:30 [INFO] Split: train=111444, val=13931, test=13931
2026-03-26 17:16:30 [INFO]   Train quark/gluon: 55722/55722
2026-03-26 17:16:30 [INFO]   Val   quark/gluon: 6965/6966
2026-03-26 17:16:30 [INFO]   Test  quark/gluon: 6966/6965
2026-03-26 17:16:31 [INFO] Model: particlenet, Parameters: 366,280
2026-03-26 17:18:00 [INFO] Epoch   1/50 | Train Loss: 0.5785 Acc: 0.7042 | Val Loss: 0.5792 Acc: 0.7030 AUC: 0.7671 | LR: 9.99e-04
2026-03-26 17:18:00 [INFO]   -> Best model saved (AUC=0.7671)
2026-03-26 17:19:28 [INFO] Epoch   2/50 | Train Loss: 0.5718 Acc: 0.7091 | Val Loss: 0.5913 Acc: 0.6982 AUC: 0.7652 | LR: 9.96e-04
2026-03-26 17:22:31 [INFO] Epoch   3/50 | Train Loss: 0.5700 Acc: 0.7117 | Val Loss: 0.5803 Acc: 0.6989 AUC: 0.7707 | LR: 9.91e-04
2026-03-26 17:22:31 [INFO]   -> Best model saved (AUC=0.7707)
2026-03-26 17:27:23 [INFO] Epoch   4/50 | Train Loss: 0.5691 Acc: 0.7118 | Val Loss: 0.5850 Acc: 0.6972 AUC: 0.7701 | LR: 9.84e-04
2026-03-26 18:02:27 [INFO] Experiment: particlenet
2026-03-26 18:02:27 [INFO] Config: {'experiment_name': 'particlenet', 'model': 'particlenet', 'data_root': 'data', 'k': 16, 'in_channels': 3, 'batch_size': 128, 'learning_rate': 0.001, 'min_lr': 1e-05, 'weight_decay': 0.0001, 'num_epochs': 50, 'patience': 10, 'seed': 42}
2026-03-26 18:02:27 [INFO] Dataset: 139306 graphs
2026-03-26 18:02:44 [INFO] Split: train=111444, val=13931, test=13931
2026-03-26 18:02:44 [INFO]   Train quark/gluon: 55722/55722
2026-03-26 18:02:44 [INFO]   Val   quark/gluon: 6965/6966
2026-03-26 18:02:44 [INFO]   Test  quark/gluon: 6966/6965
2026-03-26 18:02:46 [INFO] Model: particlenet, Parameters: 366,280
2026-03-26 18:04:13 [INFO] Epoch   1/50 | Train Loss: 0.5791 Acc: 0.7044 | Val Loss: 0.5900 Acc: 0.6911 AUC: 0.7640 | LR: 9.99e-04
2026-03-26 18:04:13 [INFO]   -> Best model saved (AUC=0.7640)
2026-03-26 18:05:42 [INFO] Epoch   2/50 | Train Loss: 0.5733 Acc: 0.7090 | Val Loss: 0.5832 Acc: 0.7007 AUC: 0.7662 | LR: 9.96e-04
2026-03-26 18:05:42 [INFO]   -> Best model saved (AUC=0.7662)
2026-03-26 18:07:10 [INFO] Epoch   3/50 | Train Loss: 0.5726 Acc: 0.7091 | Val Loss: 0.5859 Acc: 0.6949 AUC: 0.7658 | LR: 9.91e-04
2026-03-26 18:08:37 [INFO] Epoch   4/50 | Train Loss: 0.5698 Acc: 0.7112 | Val Loss: 0.5769 Acc: 0.7073 AUC: 0.7702 | LR: 9.84e-04
2026-03-26 18:08:37 [INFO]   -> Best model saved (AUC=0.7702)
2026-03-26 18:10:05 [INFO] Epoch   5/50 | Train Loss: 0.5695 Acc: 0.7123 | Val Loss: 0.5764 Acc: 0.7055 AUC: 0.7709 | LR: 9.76e-04
2026-03-26 18:10:05 [INFO]   -> Best model saved (AUC=0.7709)
2026-03-26 18:11:31 [INFO] Epoch   6/50 | Train Loss: 0.5693 Acc: 0.7125 | Val Loss: 0.5779 Acc: 0.7028 AUC: 0.7708 | LR: 9.65e-04
2026-03-26 18:12:53 [INFO] Epoch   7/50 | Train Loss: 0.5680 Acc: 0.7136 | Val Loss: 0.5775 Acc: 0.7030 AUC: 0.7688 | LR: 9.53e-04
2026-03-26 18:14:16 [INFO] Epoch   8/50 | Train Loss: 0.5679 Acc: 0.7134 | Val Loss: 0.5739 Acc: 0.7083 AUC: 0.7729 | LR: 9.39e-04
2026-03-26 18:14:16 [INFO]   -> Best model saved (AUC=0.7729)
2026-03-26 18:15:39 [INFO] Epoch   9/50 | Train Loss: 0.5665 Acc: 0.7138 | Val Loss: 0.5764 Acc: 0.7068 AUC: 0.7715 | LR: 9.23e-04
2026-03-26 18:17:02 [INFO] Epoch  10/50 | Train Loss: 0.5663 Acc: 0.7137 | Val Loss: 0.5768 Acc: 0.7066 AUC: 0.7700 | LR: 9.05e-04
2026-03-26 18:18:25 [INFO] Epoch  11/50 | Train Loss: 0.5657 Acc: 0.7149 | Val Loss: 0.5744 Acc: 0.7073 AUC: 0.7718 | LR: 8.86e-04
2026-03-26 18:19:49 [INFO] Epoch  12/50 | Train Loss: 0.5655 Acc: 0.7148 | Val Loss: 0.5752 Acc: 0.7044 AUC: 0.7728 | LR: 8.66e-04
2026-03-26 18:21:12 [INFO] Epoch  13/50 | Train Loss: 0.5642 Acc: 0.7162 | Val Loss: 0.5735 Acc: 0.7066 AUC: 0.7727 | LR: 8.44e-04
2026-03-26 18:22:36 [INFO] Epoch  14/50 | Train Loss: 0.5642 Acc: 0.7158 | Val Loss: 0.5706 Acc: 0.7101 AUC: 0.7750 | LR: 8.21e-04
2026-03-26 18:22:36 [INFO]   -> Best model saved (AUC=0.7750)
2026-03-26 18:24:00 [INFO] Epoch  15/50 | Train Loss: 0.5630 Acc: 0.7168 | Val Loss: 0.5733 Acc: 0.7068 AUC: 0.7730 | LR: 7.96e-04
2026-03-26 18:25:26 [INFO] Epoch  16/50 | Train Loss: 0.5631 Acc: 0.7162 | Val Loss: 0.5718 Acc: 0.7092 AUC: 0.7742 | LR: 7.70e-04
2026-03-26 18:26:50 [INFO] Epoch  17/50 | Train Loss: 0.5624 Acc: 0.7164 | Val Loss: 0.5757 Acc: 0.7055 AUC: 0.7722 | LR: 7.43e-04
2026-03-26 18:28:15 [INFO] Epoch  18/50 | Train Loss: 0.5616 Acc: 0.7176 | Val Loss: 0.5721 Acc: 0.7109 AUC: 0.7740 | LR: 7.16e-04
2026-03-26 18:29:40 [INFO] Epoch  19/50 | Train Loss: 0.5616 Acc: 0.7185 | Val Loss: 0.5729 Acc: 0.7055 AUC: 0.7750 | LR: 6.87e-04
2026-03-26 18:31:05 [INFO] Epoch  20/50 | Train Loss: 0.5610 Acc: 0.7189 | Val Loss: 0.5726 Acc: 0.7094 AUC: 0.7739 | LR: 6.58e-04
2026-03-26 18:32:31 [INFO] Epoch  21/50 | Train Loss: 0.5611 Acc: 0.7180 | Val Loss: 0.5714 Acc: 0.7102 AUC: 0.7744 | LR: 6.28e-04
2026-03-26 18:33:57 [INFO] Epoch  22/50 | Train Loss: 0.5603 Acc: 0.7192 | Val Loss: 0.5707 Acc: 0.7092 AUC: 0.7749 | LR: 5.98e-04
2026-03-26 18:35:23 [INFO] Epoch  23/50 | Train Loss: 0.5591 Acc: 0.7198 | Val Loss: 0.5714 Acc: 0.7083 AUC: 0.7745 | LR: 5.67e-04
2026-03-26 18:36:50 [INFO] Epoch  24/50 | Train Loss: 0.5586 Acc: 0.7200 | Val Loss: 0.5729 Acc: 0.7090 AUC: 0.7754 | LR: 5.36e-04
2026-03-26 18:36:50 [INFO]   -> Best model saved (AUC=0.7754)
2026-03-26 18:38:16 [INFO] Epoch  25/50 | Train Loss: 0.5583 Acc: 0.7200 | Val Loss: 0.5719 Acc: 0.7102 AUC: 0.7741 | LR: 5.05e-04
2026-03-26 18:39:42 [INFO] Epoch  26/50 | Train Loss: 0.5580 Acc: 0.7202 | Val Loss: 0.5720 Acc: 0.7088 AUC: 0.7754 | LR: 4.74e-04
2026-03-26 18:41:09 [INFO] Epoch  27/50 | Train Loss: 0.5571 Acc: 0.7215 | Val Loss: 0.5726 Acc: 0.7063 AUC: 0.7750 | LR: 4.43e-04
2026-03-26 18:42:35 [INFO] Epoch  28/50 | Train Loss: 0.5571 Acc: 0.7219 | Val Loss: 0.5712 Acc: 0.7094 AUC: 0.7755 | LR: 4.12e-04
2026-03-26 18:42:35 [INFO]   -> Best model saved (AUC=0.7755)
2026-03-26 18:44:00 [INFO] Epoch  29/50 | Train Loss: 0.5560 Acc: 0.7233 | Val Loss: 0.5711 Acc: 0.7113 AUC: 0.7748 | LR: 3.82e-04
2026-03-26 18:45:26 [INFO] Epoch  30/50 | Train Loss: 0.5554 Acc: 0.7227 | Val Loss: 0.5704 Acc: 0.7107 AUC: 0.7762 | LR: 3.52e-04
2026-03-26 18:45:26 [INFO]   -> Best model saved (AUC=0.7762)
2026-03-26 18:46:52 [INFO] Epoch  31/50 | Train Loss: 0.5552 Acc: 0.7237 | Val Loss: 0.5702 Acc: 0.7107 AUC: 0.7757 | LR: 3.23e-04
2026-03-26 18:48:18 [INFO] Epoch  32/50 | Train Loss: 0.5543 Acc: 0.7238 | Val Loss: 0.5713 Acc: 0.7094 AUC: 0.7750 | LR: 2.94e-04
2026-03-26 18:49:45 [INFO] Epoch  33/50 | Train Loss: 0.5530 Acc: 0.7253 | Val Loss: 0.5725 Acc: 0.7093 AUC: 0.7760 | LR: 2.67e-04
2026-03-26 18:51:12 [INFO] Epoch  34/50 | Train Loss: 0.5535 Acc: 0.7234 | Val Loss: 0.5717 Acc: 0.7081 AUC: 0.7747 | LR: 2.40e-04
2026-03-26 18:52:38 [INFO] Epoch  35/50 | Train Loss: 0.5526 Acc: 0.7258 | Val Loss: 0.5724 Acc: 0.7092 AUC: 0.7745 | LR: 2.14e-04
2026-03-26 18:54:04 [INFO] Epoch  36/50 | Train Loss: 0.5513 Acc: 0.7265 | Val Loss: 0.5712 Acc: 0.7086 AUC: 0.7753 | LR: 1.89e-04
2026-03-26 18:55:29 [INFO] Epoch  37/50 | Train Loss: 0.5510 Acc: 0.7272 | Val Loss: 0.5711 Acc: 0.7089 AUC: 0.7747 | LR: 1.66e-04
2026-03-26 18:56:56 [INFO] Epoch  38/50 | Train Loss: 0.5505 Acc: 0.7273 | Val Loss: 0.5709 Acc: 0.7094 AUC: 0.7755 | LR: 1.44e-04
2026-03-26 18:58:21 [INFO] Epoch  39/50 | Train Loss: 0.5498 Acc: 0.7268 | Val Loss: 0.5712 Acc: 0.7108 AUC: 0.7752 | LR: 1.24e-04
2026-03-26 18:59:48 [INFO] Epoch  40/50 | Train Loss: 0.5491 Acc: 0.7279 | Val Loss: 0.5721 Acc: 0.7103 AUC: 0.7748 | LR: 1.05e-04
2026-03-26 18:59:48 [INFO] Early stopping at epoch 40
2026-03-26 18:59:48 [INFO] Done. Best val AUC: 0.7762
