2026-03-24 16:48:35 [INFO] Experiment: finetune_swin
2026-03-24 16:48:35 [INFO] Config: {'experiment_name': 'finetune_swin', 'data_path': 'data/processed/percentile/all_images.npy', 'encoder': 'swin', 'embed_dim': 256, 'pretrain_checkpoint': 'outputs/task3/moco_swin/pretrained.pt', 'unfreeze_layers': 2, 'dropout': 0.1, 'batch_size': 128, 'learning_rate': 1e-05, 'min_lr': 1e-07, 'weight_decay': 0.0001, 'num_epochs': 30, 'patience': 10, 'seed': 42}
2026-03-24 16:48:35 [INFO] Data: 139306 images
2026-03-24 16:48:35 [INFO] Split: train=111444, val=13931, test=13931
2026-03-24 16:48:35 [INFO] DataLoader ready: 871 train batches
2026-03-24 16:48:35 [INFO] Loading pretrained weights from outputs/task3/moco_swin/pretrained.pt...
2026-03-24 16:48:35 [INFO] Loaded MoCo encoder_q weights (187 keys)
2026-03-24 16:48:36 [INFO] Parameters: 16,352,946 trainable / 28,504,188 total (57.4%)
2026-03-24 16:48:37 [INFO]   Epoch 1 batch 1/871 | loss: 0.7080
2026-03-24 16:48:38 [INFO]   Epoch 1 batch 10/871 | loss: 0.6840
2026-03-24 16:48:49 [INFO]   Epoch 1 batch 100/871 | loss: 0.5630
2026-03-24 16:49:03 [INFO]   Epoch 1 batch 200/871 | loss: 0.5540
2026-03-24 16:49:30 [INFO]   Epoch 1 batch 400/871 | loss: 0.5772
2026-03-24 16:49:59 [INFO]   Epoch 1 batch 600/871 | loss: 0.5302
2026-03-24 16:50:33 [INFO]   Epoch 1 batch 800/871 | loss: 0.5917
2026-03-24 16:51:08 [INFO] Epoch   1/30 | Train Loss: 0.5843 Acc: 0.7009 | Val Loss: 0.5777 Acc: 0.7041 AUC: 0.7688 | LR: 9.97e-06
2026-03-24 16:51:08 [INFO]   -> Best model saved (AUC=0.7688)
2026-03-24 16:51:08 [INFO]   Epoch 2 batch 1/871 | loss: 0.5726
2026-03-24 16:51:09 [INFO]   Epoch 2 batch 10/871 | loss: 0.5747
2026-03-24 16:51:19 [INFO]   Epoch 2 batch 100/871 | loss: 0.5927
2026-03-24 16:51:31 [INFO]   Epoch 2 batch 200/871 | loss: 0.5538
2026-03-24 16:51:54 [INFO]   Epoch 2 batch 400/871 | loss: 0.5171
2026-03-24 16:52:18 [INFO]   Epoch 2 batch 600/871 | loss: 0.5345
2026-03-24 16:52:42 [INFO]   Epoch 2 batch 800/871 | loss: 0.5354
2026-03-24 16:53:02 [INFO] Epoch   2/30 | Train Loss: 0.5733 Acc: 0.7098 | Val Loss: 0.5750 Acc: 0.7063 AUC: 0.7716 | LR: 9.89e-06
2026-03-24 16:53:03 [INFO]   -> Best model saved (AUC=0.7716)
2026-03-24 16:53:03 [INFO]   Epoch 3 batch 1/871 | loss: 0.5684
2026-03-24 16:53:04 [INFO]   Epoch 3 batch 10/871 | loss: 0.6056
2026-03-24 16:53:14 [INFO]   Epoch 3 batch 100/871 | loss: 0.6334
2026-03-24 16:53:26 [INFO]   Epoch 3 batch 200/871 | loss: 0.5943
2026-03-24 16:53:50 [INFO]   Epoch 3 batch 400/871 | loss: 0.5913
2026-03-24 16:54:15 [INFO]   Epoch 3 batch 600/871 | loss: 0.6123
2026-03-24 16:54:40 [INFO]   Epoch 3 batch 800/871 | loss: 0.6208
2026-03-24 16:55:00 [INFO] Epoch   3/30 | Train Loss: 0.5707 Acc: 0.7114 | Val Loss: 0.5737 Acc: 0.7061 AUC: 0.7730 | LR: 9.76e-06
2026-03-24 16:55:00 [INFO]   -> Best model saved (AUC=0.7730)
2026-03-24 16:55:01 [INFO]   Epoch 4 batch 1/871 | loss: 0.5631
2026-03-24 16:55:02 [INFO]   Epoch 4 batch 10/871 | loss: 0.5897
2026-03-24 16:55:13 [INFO]   Epoch 4 batch 100/871 | loss: 0.5992
2026-03-24 16:55:25 [INFO]   Epoch 4 batch 200/871 | loss: 0.5565
2026-03-24 16:55:51 [INFO]   Epoch 4 batch 400/871 | loss: 0.6767
2026-03-24 16:56:17 [INFO]   Epoch 4 batch 600/871 | loss: 0.5785
2026-03-24 16:56:43 [INFO]   Epoch 4 batch 800/871 | loss: 0.6384
2026-03-24 16:57:04 [INFO] Epoch   4/30 | Train Loss: 0.5689 Acc: 0.7127 | Val Loss: 0.5720 Acc: 0.7099 AUC: 0.7742 | LR: 9.57e-06
2026-03-24 16:57:05 [INFO]   -> Best model saved (AUC=0.7742)
2026-03-24 16:57:05 [INFO]   Epoch 5 batch 1/871 | loss: 0.6103
2026-03-24 16:57:06 [INFO]   Epoch 5 batch 10/871 | loss: 0.5981
2026-03-24 16:57:17 [INFO]   Epoch 5 batch 100/871 | loss: 0.5826
2026-03-24 16:57:30 [INFO]   Epoch 5 batch 200/871 | loss: 0.5761
2026-03-24 16:57:56 [INFO]   Epoch 5 batch 400/871 | loss: 0.6104
2026-03-24 16:58:22 [INFO]   Epoch 5 batch 600/871 | loss: 0.6079
2026-03-24 16:58:48 [INFO]   Epoch 5 batch 800/871 | loss: 0.5262
2026-03-24 16:59:10 [INFO] Epoch   5/30 | Train Loss: 0.5680 Acc: 0.7130 | Val Loss: 0.5721 Acc: 0.7086 AUC: 0.7737 | LR: 9.34e-06
2026-03-24 16:59:10 [INFO]   Epoch 6 batch 1/871 | loss: 0.5758
2026-03-24 16:59:11 [INFO]   Epoch 6 batch 10/871 | loss: 0.5375
2026-03-24 16:59:23 [INFO]   Epoch 6 batch 100/871 | loss: 0.5503
2026-03-24 16:59:36 [INFO]   Epoch 6 batch 200/871 | loss: 0.5280
2026-03-24 17:00:02 [INFO]   Epoch 6 batch 400/871 | loss: 0.5435
2026-03-24 17:00:32 [INFO]   Epoch 6 batch 600/871 | loss: 0.5692
2026-03-24 17:01:01 [INFO]   Epoch 6 batch 800/871 | loss: 0.6295
2026-03-24 17:01:24 [INFO] Epoch   6/30 | Train Loss: 0.5663 Acc: 0.7150 | Val Loss: 0.5730 Acc: 0.7095 AUC: 0.7743 | LR: 9.05e-06
2026-03-24 17:01:24 [INFO]   -> Best model saved (AUC=0.7743)
2026-03-24 17:01:24 [INFO]   Epoch 7 batch 1/871 | loss: 0.6508
2026-03-24 17:01:26 [INFO]   Epoch 7 batch 10/871 | loss: 0.6063
2026-03-24 17:01:40 [INFO]   Epoch 7 batch 100/871 | loss: 0.5272
2026-03-24 17:01:55 [INFO]   Epoch 7 batch 200/871 | loss: 0.6510
2026-03-24 17:02:23 [INFO]   Epoch 7 batch 400/871 | loss: 0.6988
2026-03-24 17:02:51 [INFO]   Epoch 7 batch 600/871 | loss: 0.5552
2026-03-24 17:03:17 [INFO]   Epoch 7 batch 800/871 | loss: 0.5825
2026-03-24 17:03:40 [INFO] Epoch   7/30 | Train Loss: 0.5658 Acc: 0.7154 | Val Loss: 0.5719 Acc: 0.7112 AUC: 0.7745 | LR: 8.73e-06
2026-03-24 17:03:40 [INFO]   -> Best model saved (AUC=0.7745)
2026-03-24 17:03:40 [INFO]   Epoch 8 batch 1/871 | loss: 0.5356
2026-03-24 17:03:42 [INFO]   Epoch 8 batch 10/871 | loss: 0.5877
2026-03-24 17:03:55 [INFO]   Epoch 8 batch 100/871 | loss: 0.5783
2026-03-24 17:04:13 [INFO]   Epoch 8 batch 200/871 | loss: 0.5626
2026-03-24 17:04:46 [INFO]   Epoch 8 batch 400/871 | loss: 0.5591
2026-03-24 17:05:17 [INFO]   Epoch 8 batch 600/871 | loss: 0.5860
2026-03-24 17:05:52 [INFO]   Epoch 8 batch 800/871 | loss: 0.5940
2026-03-24 17:06:20 [INFO] Epoch   8/30 | Train Loss: 0.5648 Acc: 0.7164 | Val Loss: 0.5721 Acc: 0.7088 AUC: 0.7748 | LR: 8.36e-06
2026-03-24 17:06:21 [INFO]   -> Best model saved (AUC=0.7748)
2026-03-24 17:06:21 [INFO]   Epoch 9 batch 1/871 | loss: 0.6039
2026-03-24 17:06:23 [INFO]   Epoch 9 batch 10/871 | loss: 0.5504
2026-03-24 17:06:37 [INFO]   Epoch 9 batch 100/871 | loss: 0.4725
2026-03-24 17:06:57 [INFO]   Epoch 9 batch 200/871 | loss: 0.5520
2026-03-24 17:07:39 [INFO]   Epoch 9 batch 400/871 | loss: 0.5366
2026-03-24 17:08:21 [INFO]   Epoch 9 batch 600/871 | loss: 0.5755
2026-03-24 17:09:09 [INFO]   Epoch 9 batch 800/871 | loss: 0.6102
2026-03-24 17:09:46 [INFO] Epoch   9/30 | Train Loss: 0.5644 Acc: 0.7177 | Val Loss: 0.5718 Acc: 0.7108 AUC: 0.7745 | LR: 7.96e-06
2026-03-24 17:09:46 [INFO]   Epoch 10 batch 1/871 | loss: 0.6264
2026-03-24 17:09:48 [INFO]   Epoch 10 batch 10/871 | loss: 0.5570
2026-03-24 17:10:05 [INFO]   Epoch 10 batch 100/871 | loss: 0.5173
2026-03-24 17:10:22 [INFO]   Epoch 10 batch 200/871 | loss: 0.5501
2026-03-24 17:10:56 [INFO]   Epoch 10 batch 400/871 | loss: 0.5583
2026-03-24 17:11:27 [INFO]   Epoch 10 batch 600/871 | loss: 0.6014
2026-03-24 17:12:02 [INFO]   Epoch 10 batch 800/871 | loss: 0.5710
2026-03-24 17:12:29 [INFO] Epoch  10/30 | Train Loss: 0.5633 Acc: 0.7180 | Val Loss: 0.5717 Acc: 0.7089 AUC: 0.7748 | LR: 7.53e-06
2026-03-24 17:12:30 [INFO]   -> Best model saved (AUC=0.7748)
2026-03-24 17:12:30 [INFO]   Epoch 11 batch 1/871 | loss: 0.5589
2026-03-24 17:12:31 [INFO]   Epoch 11 batch 10/871 | loss: 0.6000
2026-03-24 17:12:46 [INFO]   Epoch 11 batch 100/871 | loss: 0.5085
2026-03-24 17:13:03 [INFO]   Epoch 11 batch 200/871 | loss: 0.5196
2026-03-24 17:13:38 [INFO]   Epoch 11 batch 400/871 | loss: 0.5344
2026-03-24 17:14:12 [INFO]   Epoch 11 batch 600/871 | loss: 0.6262
2026-03-24 17:14:45 [INFO]   Epoch 11 batch 800/871 | loss: 0.5073
2026-03-24 17:15:11 [INFO] Epoch  11/30 | Train Loss: 0.5630 Acc: 0.7179 | Val Loss: 0.5703 Acc: 0.7124 AUC: 0.7755 | LR: 7.06e-06
2026-03-24 17:15:11 [INFO]   -> Best model saved (AUC=0.7755)
2026-03-24 17:15:11 [INFO]   Epoch 12 batch 1/871 | loss: 0.5728
2026-03-24 17:15:13 [INFO]   Epoch 12 batch 10/871 | loss: 0.5807
2026-03-24 17:15:28 [INFO]   Epoch 12 batch 100/871 | loss: 0.6082
2026-03-24 17:15:44 [INFO]   Epoch 12 batch 200/871 | loss: 0.6466
2026-03-24 17:16:18 [INFO]   Epoch 12 batch 400/871 | loss: 0.5811
2026-03-24 17:16:53 [INFO]   Epoch 12 batch 600/871 | loss: 0.6043
2026-03-24 17:17:26 [INFO]   Epoch 12 batch 800/871 | loss: 0.5395
2026-03-24 17:17:52 [INFO] Epoch  12/30 | Train Loss: 0.5624 Acc: 0.7190 | Val Loss: 0.5708 Acc: 0.7130 AUC: 0.7759 | LR: 6.58e-06
2026-03-24 17:17:52 [INFO]   -> Best model saved (AUC=0.7759)
2026-03-24 17:17:52 [INFO]   Epoch 13 batch 1/871 | loss: 0.6027
2026-03-24 17:17:54 [INFO]   Epoch 13 batch 10/871 | loss: 0.5837
2026-03-24 17:18:09 [INFO]   Epoch 13 batch 100/871 | loss: 0.6185
2026-03-24 17:18:25 [INFO]   Epoch 13 batch 200/871 | loss: 0.5486
2026-03-24 17:18:58 [INFO]   Epoch 13 batch 400/871 | loss: 0.6241
2026-03-24 17:19:30 [INFO]   Epoch 13 batch 600/871 | loss: 0.5487
2026-03-24 17:20:02 [INFO]   Epoch 13 batch 800/871 | loss: 0.5062
2026-03-24 17:20:26 [INFO] Epoch  13/30 | Train Loss: 0.5614 Acc: 0.7184 | Val Loss: 0.5717 Acc: 0.7101 AUC: 0.7748 | LR: 6.08e-06
2026-03-24 17:20:26 [INFO]   Epoch 14 batch 1/871 | loss: 0.5372
2026-03-24 17:20:28 [INFO]   Epoch 14 batch 10/871 | loss: 0.5677
2026-03-24 17:20:43 [INFO]   Epoch 14 batch 100/871 | loss: 0.5432
2026-03-24 17:21:01 [INFO]   Epoch 14 batch 200/871 | loss: 0.5575
2026-03-24 17:21:33 [INFO]   Epoch 14 batch 400/871 | loss: 0.5538
2026-03-24 17:22:05 [INFO]   Epoch 14 batch 600/871 | loss: 0.5834
2026-03-24 17:22:36 [INFO]   Epoch 14 batch 800/871 | loss: 0.5637
2026-03-24 17:23:02 [INFO] Epoch  14/30 | Train Loss: 0.5607 Acc: 0.7190 | Val Loss: 0.5708 Acc: 0.7109 AUC: 0.7753 | LR: 5.57e-06
2026-03-24 17:23:02 [INFO]   Epoch 15 batch 1/871 | loss: 0.5141
2026-03-24 17:23:04 [INFO]   Epoch 15 batch 10/871 | loss: 0.5390
2026-03-24 17:23:19 [INFO]   Epoch 15 batch 100/871 | loss: 0.5582
2026-03-24 17:23:35 [INFO]   Epoch 15 batch 200/871 | loss: 0.5255
2026-03-24 17:24:08 [INFO]   Epoch 15 batch 400/871 | loss: 0.5254
2026-03-24 17:24:42 [INFO]   Epoch 15 batch 600/871 | loss: 0.5532
2026-03-24 17:25:16 [INFO]   Epoch 15 batch 800/871 | loss: 0.6606
2026-03-24 17:25:42 [INFO] Epoch  15/30 | Train Loss: 0.5604 Acc: 0.7197 | Val Loss: 0.5718 Acc: 0.7114 AUC: 0.7751 | LR: 5.05e-06
2026-03-24 17:25:42 [INFO]   Epoch 16 batch 1/871 | loss: 0.5711
2026-03-24 17:25:43 [INFO]   Epoch 16 batch 10/871 | loss: 0.5170
2026-03-24 17:25:59 [INFO]   Epoch 16 batch 100/871 | loss: 0.5137
2026-03-24 17:26:15 [INFO]   Epoch 16 batch 200/871 | loss: 0.5930
2026-03-24 17:26:49 [INFO]   Epoch 16 batch 400/871 | loss: 0.5462
2026-03-24 17:27:21 [INFO]   Epoch 16 batch 600/871 | loss: 0.5723
2026-03-24 17:27:54 [INFO]   Epoch 16 batch 800/871 | loss: 0.5800
2026-03-24 17:28:20 [INFO] Epoch  16/30 | Train Loss: 0.5599 Acc: 0.7206 | Val Loss: 0.5717 Acc: 0.7122 AUC: 0.7752 | LR: 4.53e-06
2026-03-24 17:28:20 [INFO]   Epoch 17 batch 1/871 | loss: 0.5592
2026-03-24 17:28:22 [INFO]   Epoch 17 batch 10/871 | loss: 0.5190
2026-03-24 17:28:36 [INFO]   Epoch 17 batch 100/871 | loss: 0.4956
2026-03-24 17:28:53 [INFO]   Epoch 17 batch 200/871 | loss: 0.5735
2026-03-24 17:29:27 [INFO]   Epoch 17 batch 400/871 | loss: 0.5392
2026-03-24 17:30:01 [INFO]   Epoch 17 batch 600/871 | loss: 0.5621
2026-03-24 17:30:36 [INFO]   Epoch 17 batch 800/871 | loss: 0.5315
2026-03-24 17:31:04 [INFO] Epoch  17/30 | Train Loss: 0.5591 Acc: 0.7216 | Val Loss: 0.5718 Acc: 0.7117 AUC: 0.7751 | LR: 4.02e-06
2026-03-24 17:31:04 [INFO]   Epoch 18 batch 1/871 | loss: 0.5136
2026-03-24 17:31:05 [INFO]   Epoch 18 batch 10/871 | loss: 0.5240
2026-03-24 17:31:21 [INFO]   Epoch 18 batch 100/871 | loss: 0.5346
2026-03-24 17:31:37 [INFO]   Epoch 18 batch 200/871 | loss: 0.5507
2026-03-24 17:32:10 [INFO]   Epoch 18 batch 400/871 | loss: 0.5056
2026-03-24 17:32:44 [INFO]   Epoch 18 batch 600/871 | loss: 0.5113
2026-03-24 17:33:17 [INFO]   Epoch 18 batch 800/871 | loss: 0.5209
2026-03-24 17:33:42 [INFO] Epoch  18/30 | Train Loss: 0.5589 Acc: 0.7214 | Val Loss: 0.5715 Acc: 0.7124 AUC: 0.7748 | LR: 3.52e-06
2026-03-24 17:33:43 [INFO]   Epoch 19 batch 1/871 | loss: 0.6098
2026-03-24 17:33:44 [INFO]   Epoch 19 batch 10/871 | loss: 0.5739
2026-03-24 17:33:59 [INFO]   Epoch 19 batch 100/871 | loss: 0.5483
2026-03-24 17:34:15 [INFO]   Epoch 19 batch 200/871 | loss: 0.5956
2026-03-24 17:34:47 [INFO]   Epoch 19 batch 400/871 | loss: 0.5760
2026-03-24 17:35:20 [INFO]   Epoch 19 batch 600/871 | loss: 0.5147
2026-03-24 17:35:58 [INFO]   Epoch 19 batch 800/871 | loss: 0.5472
2026-03-24 17:36:24 [INFO] Epoch  19/30 | Train Loss: 0.5579 Acc: 0.7215 | Val Loss: 0.5726 Acc: 0.7121 AUC: 0.7749 | LR: 3.04e-06
2026-03-24 17:36:24 [INFO]   Epoch 20 batch 1/871 | loss: 0.5354
2026-03-24 17:36:25 [INFO]   Epoch 20 batch 10/871 | loss: 0.5457
2026-03-24 17:36:41 [INFO]   Epoch 20 batch 100/871 | loss: 0.5604
2026-03-24 17:36:59 [INFO]   Epoch 20 batch 200/871 | loss: 0.5635
2026-03-24 17:37:32 [INFO]   Epoch 20 batch 400/871 | loss: 0.5752
2026-03-24 17:38:05 [INFO]   Epoch 20 batch 600/871 | loss: 0.4896
2026-03-24 17:38:38 [INFO]   Epoch 20 batch 800/871 | loss: 0.5952
2026-03-24 17:39:04 [INFO] Epoch  20/30 | Train Loss: 0.5575 Acc: 0.7226 | Val Loss: 0.5722 Acc: 0.7126 AUC: 0.7746 | LR: 2.58e-06
2026-03-24 17:39:05 [INFO]   Epoch 21 batch 1/871 | loss: 0.6084
2026-03-24 17:39:06 [INFO]   Epoch 21 batch 10/871 | loss: 0.6128
2026-03-24 17:39:21 [INFO]   Epoch 21 batch 100/871 | loss: 0.5173
2026-03-24 17:39:37 [INFO]   Epoch 21 batch 200/871 | loss: 0.5304
2026-03-24 17:40:13 [INFO]   Epoch 21 batch 400/871 | loss: 0.4900
2026-03-24 17:40:45 [INFO]   Epoch 21 batch 600/871 | loss: 0.5004
2026-03-24 17:41:17 [INFO]   Epoch 21 batch 800/871 | loss: 0.6037
2026-03-24 17:41:43 [INFO] Epoch  21/30 | Train Loss: 0.5572 Acc: 0.7226 | Val Loss: 0.5719 Acc: 0.7127 AUC: 0.7751 | LR: 2.14e-06
2026-03-24 17:41:43 [INFO]   Epoch 22 batch 1/871 | loss: 0.5104
2026-03-24 17:41:45 [INFO]   Epoch 22 batch 10/871 | loss: 0.5708
2026-03-24 17:41:59 [INFO]   Epoch 22 batch 100/871 | loss: 0.5570
2026-03-24 17:42:15 [INFO]   Epoch 22 batch 200/871 | loss: 0.5082
2026-03-24 17:42:46 [INFO]   Epoch 22 batch 400/871 | loss: 0.5892
2026-03-24 17:43:18 [INFO]   Epoch 22 batch 600/871 | loss: 0.5471
2026-03-24 17:43:48 [INFO]   Epoch 22 batch 800/871 | loss: 0.5857
2026-03-24 17:44:14 [INFO] Epoch  22/30 | Train Loss: 0.5567 Acc: 0.7225 | Val Loss: 0.5721 Acc: 0.7128 AUC: 0.7749 | LR: 1.74e-06
2026-03-24 17:44:14 [INFO] Early stopping at epoch 22
2026-03-24 17:44:14 [INFO] Done. Best val AUC: 0.7759
