2026-03-24 21:28:31 [INFO] Experiment: moco_custom_swin
2026-03-24 21:28:31 [INFO] Config: {'experiment_name': 'moco_custom_swin', 'data_path': 'data/processed/percentile/all_images.npy', 'method': 'moco', 'encoder': 'custom_swin', 'embed_dim': 256, 'temperature': 0.1, 'queue_size': 4096, 'moco_momentum': 0.999, 'translate_frac': 0.1, 'noise_std': 0.02, 'intensity_range': [0.8, 1.2], 'erase_prob': 0.3, 'batch_size': 128, 'learning_rate': 2e-05, 'min_lr': 1e-06, 'weight_decay': 0.0001, 'pretrain_epochs': 50, 'linear_epochs': 50, 'seed': 42}
2026-03-24 21:28:31 [INFO] Data: 139306 images
2026-03-24 21:28:31 [INFO] Split: train=111444, val=13931, test=13931
2026-03-24 21:28:31 [INFO] DataLoader ready: 871 batches, batch_size=128
2026-03-24 21:28:32 [INFO] Method: moco, Encoder: custom_swin
2026-03-24 21:28:32 [INFO] Trainable parameters: 8,837,506
2026-03-24 21:28:32 [INFO] === Phase 1: Contrastive Pretraining ===
2026-03-24 21:28:33 [INFO]   Epoch 1 batch 1/871 | loss: 0.2044 (avg: 0.2044)
2026-03-24 21:28:37 [INFO]   Epoch 1 batch 10/871 | loss: 7.0274 (avg: 5.6630)
2026-03-24 21:29:15 [INFO]   Epoch 1 batch 100/871 | loss: 7.9458 (avg: 7.6911)
2026-03-24 21:29:58 [INFO]   Epoch 1 batch 200/871 | loss: 7.9035 (avg: 7.8066)
2026-03-24 21:31:28 [INFO]   Epoch 1 batch 400/871 | loss: 7.8759 (avg: 7.8457)
2026-03-24 21:33:00 [INFO]   Epoch 1 batch 600/871 | loss: 7.8908 (avg: 7.8606)
2026-03-24 21:34:31 [INFO]   Epoch 1 batch 800/871 | loss: 7.9192 (avg: 7.8726)
2026-03-24 21:35:03 [INFO] Pretrain Epoch   1/50 | Loss: 7.8767 | LR: 2.00e-05
2026-03-24 21:35:04 [INFO]   -> Best pretrained model saved (loss=7.8767)
2026-03-24 21:35:04 [INFO]   Epoch 2 batch 1/871 | loss: 7.9137 (avg: 7.9137)
2026-03-24 21:35:08 [INFO]   Epoch 2 batch 10/871 | loss: 7.9143 (avg: 7.9146)
2026-03-24 21:35:49 [INFO]   Epoch 2 batch 100/871 | loss: 7.9152 (avg: 7.9182)
2026-03-24 21:36:33 [INFO]   Epoch 2 batch 200/871 | loss: 7.8921 (avg: 7.9087)
2026-03-24 21:38:01 [INFO]   Epoch 2 batch 400/871 | loss: 7.8357 (avg: 7.8915)
2026-03-24 21:39:28 [INFO]   Epoch 2 batch 600/871 | loss: 7.6738 (avg: 7.8469)
2026-03-24 21:40:56 [INFO]   Epoch 2 batch 800/871 | loss: 7.6703 (avg: 7.8010)
2026-03-24 21:41:27 [INFO] Pretrain Epoch   2/50 | Loss: 7.7858 | LR: 1.99e-05
2026-03-24 21:41:27 [INFO]   -> Best pretrained model saved (loss=7.7858)
2026-03-24 21:41:27 [INFO]   Epoch 3 batch 1/871 | loss: 7.5323 (avg: 7.5323)
2026-03-24 21:41:31 [INFO]   Epoch 3 batch 10/871 | loss: 7.6664 (avg: 7.6079)
2026-03-24 21:42:11 [INFO]   Epoch 3 batch 100/871 | loss: 7.5315 (avg: 7.5897)
2026-03-24 21:42:54 [INFO]   Epoch 3 batch 200/871 | loss: 7.5956 (avg: 7.5757)
2026-03-24 21:44:22 [INFO]   Epoch 3 batch 400/871 | loss: 7.4569 (avg: 7.5372)
2026-03-24 21:45:49 [INFO]   Epoch 3 batch 600/871 | loss: 7.3395 (avg: 7.4934)
2026-03-24 21:47:17 [INFO]   Epoch 3 batch 800/871 | loss: 7.2312 (avg: 7.4468)
2026-03-24 21:47:48 [INFO] Pretrain Epoch   3/50 | Loss: 7.4308 | LR: 1.98e-05
2026-03-24 21:47:48 [INFO]   -> Best pretrained model saved (loss=7.4308)
2026-03-24 21:47:48 [INFO]   Epoch 4 batch 1/871 | loss: 7.3492 (avg: 7.3492)
2026-03-24 21:47:52 [INFO]   Epoch 4 batch 10/871 | loss: 7.0822 (avg: 7.2250)
2026-03-24 21:48:32 [INFO]   Epoch 4 batch 100/871 | loss: 7.1220 (avg: 7.2118)
2026-03-24 21:49:16 [INFO]   Epoch 4 batch 200/871 | loss: 7.1434 (avg: 7.1972)
2026-03-24 21:50:43 [INFO]   Epoch 4 batch 400/871 | loss: 7.1091 (avg: 7.1508)
2026-03-24 21:52:11 [INFO]   Epoch 4 batch 600/871 | loss: 6.9048 (avg: 7.0992)
2026-03-24 21:53:38 [INFO]   Epoch 4 batch 800/871 | loss: 6.7747 (avg: 7.0464)
2026-03-24 21:54:09 [INFO] Pretrain Epoch   4/50 | Loss: 7.0280 | LR: 1.97e-05
2026-03-24 21:54:09 [INFO]   -> Best pretrained model saved (loss=7.0280)
2026-03-24 21:54:09 [INFO]   Epoch 5 batch 1/871 | loss: 6.7868 (avg: 6.7868)
2026-03-24 21:54:14 [INFO]   Epoch 5 batch 10/871 | loss: 6.6628 (avg: 6.7727)
2026-03-24 21:54:53 [INFO]   Epoch 5 batch 100/871 | loss: 6.6859 (avg: 6.7351)
2026-03-24 21:55:37 [INFO]   Epoch 5 batch 200/871 | loss: 6.5258 (avg: 6.7042)
2026-03-24 21:57:05 [INFO]   Epoch 5 batch 400/871 | loss: 6.3668 (avg: 6.6531)
2026-03-24 21:58:33 [INFO]   Epoch 5 batch 600/871 | loss: 6.5532 (avg: 6.5920)
2026-03-24 22:00:01 [INFO]   Epoch 5 batch 800/871 | loss: 6.0645 (avg: 6.5285)
2026-03-24 22:00:32 [INFO] Pretrain Epoch   5/50 | Loss: 6.5066 | LR: 1.95e-05
2026-03-24 22:00:32 [INFO]   -> Best pretrained model saved (loss=6.5066)
2026-03-24 22:00:33 [INFO]   Epoch 6 batch 1/871 | loss: 6.0670 (avg: 6.0670)
2026-03-24 22:00:37 [INFO]   Epoch 6 batch 10/871 | loss: 6.3045 (avg: 6.1768)
2026-03-24 22:01:16 [INFO]   Epoch 6 batch 100/871 | loss: 5.9997 (avg: 6.1759)
2026-03-24 22:02:00 [INFO]   Epoch 6 batch 200/871 | loss: 6.1633 (avg: 6.1578)
2026-03-24 22:03:27 [INFO]   Epoch 6 batch 400/871 | loss: 5.8946 (avg: 6.0943)
2026-03-24 22:04:56 [INFO]   Epoch 6 batch 600/871 | loss: 5.8055 (avg: 6.0400)
2026-03-24 22:06:24 [INFO]   Epoch 6 batch 800/871 | loss: 5.8103 (avg: 5.9819)
2026-03-24 22:06:55 [INFO] Pretrain Epoch   6/50 | Loss: 5.9615 | LR: 1.93e-05
2026-03-24 22:06:55 [INFO]   -> Best pretrained model saved (loss=5.9615)
2026-03-24 22:06:56 [INFO]   Epoch 7 batch 1/871 | loss: 5.9519 (avg: 5.9519)
2026-03-24 22:07:00 [INFO]   Epoch 7 batch 10/871 | loss: 6.0611 (avg: 5.7086)
2026-03-24 22:07:40 [INFO]   Epoch 7 batch 100/871 | loss: 5.5974 (avg: 5.6782)
2026-03-24 22:08:24 [INFO]   Epoch 7 batch 200/871 | loss: 5.5571 (avg: 5.6462)
2026-03-24 22:09:53 [INFO]   Epoch 7 batch 400/871 | loss: 5.4156 (avg: 5.5810)
2026-03-24 22:11:23 [INFO]   Epoch 7 batch 600/871 | loss: 5.3457 (avg: 5.5287)
2026-03-24 22:12:52 [INFO]   Epoch 7 batch 800/871 | loss: 5.0723 (avg: 5.4854)
2026-03-24 22:13:24 [INFO] Pretrain Epoch   7/50 | Loss: 5.4700 | LR: 1.91e-05
2026-03-24 22:13:24 [INFO]   -> Best pretrained model saved (loss=5.4700)
2026-03-24 22:13:24 [INFO]   Epoch 8 batch 1/871 | loss: 5.1870 (avg: 5.1870)
2026-03-24 22:13:28 [INFO]   Epoch 8 batch 10/871 | loss: 5.1975 (avg: 5.1978)
2026-03-24 22:14:08 [INFO]   Epoch 8 batch 100/871 | loss: 5.1763 (avg: 5.2457)
2026-03-24 22:14:52 [INFO]   Epoch 8 batch 200/871 | loss: 5.3833 (avg: 5.2345)
2026-03-24 22:16:22 [INFO]   Epoch 8 batch 400/871 | loss: 5.0796 (avg: 5.1785)
2026-03-24 22:17:51 [INFO]   Epoch 8 batch 600/871 | loss: 5.1059 (avg: 5.1448)
2026-03-24 22:19:19 [INFO]   Epoch 8 batch 800/871 | loss: 4.8614 (avg: 5.1059)
2026-03-24 22:19:51 [INFO] Pretrain Epoch   8/50 | Loss: 5.0915 | LR: 1.88e-05
2026-03-24 22:19:51 [INFO]   -> Best pretrained model saved (loss=5.0915)
2026-03-24 22:19:51 [INFO]   Epoch 9 batch 1/871 | loss: 5.1899 (avg: 5.1899)
2026-03-24 22:19:55 [INFO]   Epoch 9 batch 10/871 | loss: 5.0438 (avg: 4.9226)
2026-03-24 22:20:35 [INFO]   Epoch 9 batch 100/871 | loss: 5.0666 (avg: 4.9345)
2026-03-24 22:21:20 [INFO]   Epoch 9 batch 200/871 | loss: 4.9319 (avg: 4.9032)
2026-03-24 22:22:49 [INFO]   Epoch 9 batch 400/871 | loss: 4.9329 (avg: 4.8710)
2026-03-24 22:24:19 [INFO]   Epoch 9 batch 600/871 | loss: 4.6997 (avg: 4.8371)
2026-03-24 22:25:49 [INFO]   Epoch 9 batch 800/871 | loss: 4.8637 (avg: 4.8066)
2026-03-24 22:26:20 [INFO] Pretrain Epoch   9/50 | Loss: 4.7977 | LR: 1.85e-05
2026-03-24 22:26:20 [INFO]   -> Best pretrained model saved (loss=4.7977)
2026-03-24 22:26:21 [INFO]   Epoch 10 batch 1/871 | loss: 4.4062 (avg: 4.4062)
2026-03-24 22:26:25 [INFO]   Epoch 10 batch 10/871 | loss: 4.6482 (avg: 4.5984)
2026-03-24 22:27:04 [INFO]   Epoch 10 batch 100/871 | loss: 4.7748 (avg: 4.6505)
2026-03-24 22:27:48 [INFO]   Epoch 10 batch 200/871 | loss: 4.5804 (avg: 4.6555)
2026-03-24 22:29:16 [INFO]   Epoch 10 batch 400/871 | loss: 4.4925 (avg: 4.6258)
2026-03-24 22:30:46 [INFO]   Epoch 10 batch 600/871 | loss: 4.4807 (avg: 4.6014)
2026-03-24 22:32:15 [INFO]   Epoch 10 batch 800/871 | loss: 4.3639 (avg: 4.5761)
2026-03-24 22:32:47 [INFO] Pretrain Epoch  10/50 | Loss: 4.5682 | LR: 1.82e-05
2026-03-24 22:32:47 [INFO]   -> Best pretrained model saved (loss=4.5682)
2026-03-24 22:32:47 [INFO]   Epoch 11 batch 1/871 | loss: 4.3595 (avg: 4.3595)
2026-03-24 22:32:51 [INFO]   Epoch 11 batch 10/871 | loss: 4.4073 (avg: 4.5080)
2026-03-24 22:33:31 [INFO]   Epoch 11 batch 100/871 | loss: 4.5985 (avg: 4.4394)
2026-03-24 22:34:15 [INFO]   Epoch 11 batch 200/871 | loss: 4.5042 (avg: 4.4323)
2026-03-24 22:35:43 [INFO]   Epoch 11 batch 400/871 | loss: 4.4886 (avg: 4.4204)
2026-03-24 22:37:12 [INFO]   Epoch 11 batch 600/871 | loss: 4.4741 (avg: 4.3945)
2026-03-24 22:38:40 [INFO]   Epoch 11 batch 800/871 | loss: 4.0925 (avg: 4.3663)
2026-03-24 22:39:11 [INFO] Pretrain Epoch  11/50 | Loss: 4.3594 | LR: 1.78e-05
2026-03-24 22:39:11 [INFO]   -> Best pretrained model saved (loss=4.3594)
2026-03-24 22:39:11 [INFO]   Epoch 12 batch 1/871 | loss: 4.0890 (avg: 4.0890)
2026-03-24 22:39:16 [INFO]   Epoch 12 batch 10/871 | loss: 4.1936 (avg: 4.2065)
2026-03-24 22:39:55 [INFO]   Epoch 12 batch 100/871 | loss: 4.2495 (avg: 4.2556)
2026-03-24 22:40:39 [INFO]   Epoch 12 batch 200/871 | loss: 4.4067 (avg: 4.2358)
2026-03-24 22:42:07 [INFO]   Epoch 12 batch 400/871 | loss: 4.1623 (avg: 4.2098)
2026-03-24 22:43:36 [INFO]   Epoch 12 batch 600/871 | loss: 3.9667 (avg: 4.1948)
2026-03-24 22:45:04 [INFO]   Epoch 12 batch 800/871 | loss: 3.9672 (avg: 4.1724)
2026-03-24 22:45:35 [INFO] Pretrain Epoch  12/50 | Loss: 4.1667 | LR: 1.74e-05
2026-03-24 22:45:35 [INFO]   -> Best pretrained model saved (loss=4.1667)
2026-03-24 22:45:35 [INFO]   Epoch 13 batch 1/871 | loss: 4.1154 (avg: 4.1154)
2026-03-24 22:45:39 [INFO]   Epoch 13 batch 10/871 | loss: 3.9430 (avg: 4.0607)
2026-03-24 22:46:19 [INFO]   Epoch 13 batch 100/871 | loss: 4.1673 (avg: 4.0605)
2026-03-24 22:47:03 [INFO]   Epoch 13 batch 200/871 | loss: 3.8348 (avg: 4.0641)
2026-03-24 22:48:30 [INFO]   Epoch 13 batch 400/871 | loss: 3.8596 (avg: 4.0525)
2026-03-24 22:49:58 [INFO]   Epoch 13 batch 600/871 | loss: 3.9643 (avg: 4.0319)
2026-03-24 22:51:27 [INFO]   Epoch 13 batch 800/871 | loss: 4.1678 (avg: 4.0201)
2026-03-24 22:51:59 [INFO] Pretrain Epoch  13/50 | Loss: 4.0123 | LR: 1.70e-05
2026-03-24 22:51:59 [INFO]   -> Best pretrained model saved (loss=4.0123)
2026-03-24 22:51:59 [INFO]   Epoch 14 batch 1/871 | loss: 3.5843 (avg: 3.5843)
2026-03-24 22:52:03 [INFO]   Epoch 14 batch 10/871 | loss: 4.0406 (avg: 3.9247)
2026-03-24 22:52:43 [INFO]   Epoch 14 batch 100/871 | loss: 3.7285 (avg: 3.9535)
2026-03-24 22:53:27 [INFO]   Epoch 14 batch 200/871 | loss: 3.7590 (avg: 3.9303)
2026-03-24 22:54:55 [INFO]   Epoch 14 batch 400/871 | loss: 3.9558 (avg: 3.9075)
2026-03-24 22:56:22 [INFO]   Epoch 14 batch 600/871 | loss: 3.7069 (avg: 3.8987)
2026-03-24 22:57:50 [INFO]   Epoch 14 batch 800/871 | loss: 3.6864 (avg: 3.8836)
2026-03-24 22:58:21 [INFO] Pretrain Epoch  14/50 | Loss: 3.8791 | LR: 1.66e-05
2026-03-24 22:58:21 [INFO]   -> Best pretrained model saved (loss=3.8791)
2026-03-24 22:58:22 [INFO]   Epoch 15 batch 1/871 | loss: 3.5607 (avg: 3.5607)
2026-03-24 22:58:26 [INFO]   Epoch 15 batch 10/871 | loss: 3.9778 (avg: 3.7858)
2026-03-24 22:59:05 [INFO]   Epoch 15 batch 100/871 | loss: 4.1435 (avg: 3.8004)
2026-03-24 22:59:48 [INFO]   Epoch 15 batch 200/871 | loss: 3.7730 (avg: 3.7995)
2026-03-24 23:01:17 [INFO]   Epoch 15 batch 400/871 | loss: 3.8001 (avg: 3.7911)
2026-03-24 23:02:44 [INFO]   Epoch 15 batch 600/871 | loss: 3.7586 (avg: 3.7777)
2026-03-24 23:04:15 [INFO]   Epoch 15 batch 800/871 | loss: 3.7193 (avg: 3.7609)
2026-03-24 23:04:46 [INFO] Pretrain Epoch  15/50 | Loss: 3.7544 | LR: 1.61e-05
2026-03-24 23:04:46 [INFO]   -> Best pretrained model saved (loss=3.7544)
2026-03-24 23:04:47 [INFO]   Epoch 16 batch 1/871 | loss: 3.8462 (avg: 3.8462)
2026-03-24 23:04:50 [INFO]   Epoch 16 batch 10/871 | loss: 3.6641 (avg: 3.7142)
2026-03-24 23:05:25 [INFO]   Epoch 16 batch 100/871 | loss: 3.4761 (avg: 3.6946)
2026-03-24 23:06:05 [INFO]   Epoch 16 batch 200/871 | loss: 3.8005 (avg: 3.6849)
2026-03-24 23:07:24 [INFO]   Epoch 16 batch 400/871 | loss: 3.7073 (avg: 3.6685)
2026-03-24 23:08:43 [INFO]   Epoch 16 batch 600/871 | loss: 3.9852 (avg: 3.6551)
2026-03-24 23:10:04 [INFO]   Epoch 16 batch 800/871 | loss: 3.5520 (avg: 3.6381)
2026-03-24 23:10:32 [INFO] Pretrain Epoch  16/50 | Loss: 3.6347 | LR: 1.56e-05
2026-03-24 23:10:32 [INFO]   -> Best pretrained model saved (loss=3.6347)
2026-03-24 23:10:32 [INFO]   Epoch 17 batch 1/871 | loss: 3.6979 (avg: 3.6979)
2026-03-24 23:10:36 [INFO]   Epoch 17 batch 10/871 | loss: 3.8129 (avg: 3.6510)
2026-03-24 23:11:12 [INFO]   Epoch 17 batch 100/871 | loss: 3.4858 (avg: 3.5658)
2026-03-24 23:11:53 [INFO]   Epoch 17 batch 200/871 | loss: 3.4146 (avg: 3.5587)
2026-03-24 23:13:14 [INFO]   Epoch 17 batch 400/871 | loss: 3.4701 (avg: 3.5535)
2026-03-24 23:14:34 [INFO]   Epoch 17 batch 600/871 | loss: 3.5770 (avg: 3.5483)
2026-03-24 23:15:55 [INFO]   Epoch 17 batch 800/871 | loss: 3.5044 (avg: 3.5344)
2026-03-24 23:16:24 [INFO] Pretrain Epoch  17/50 | Loss: 3.5326 | LR: 1.51e-05
2026-03-24 23:16:24 [INFO]   -> Best pretrained model saved (loss=3.5326)
2026-03-24 23:16:24 [INFO]   Epoch 18 batch 1/871 | loss: 3.2812 (avg: 3.2812)
2026-03-24 23:16:28 [INFO]   Epoch 18 batch 10/871 | loss: 3.3178 (avg: 3.4374)
2026-03-24 23:17:05 [INFO]   Epoch 18 batch 100/871 | loss: 3.3026 (avg: 3.4693)
2026-03-24 23:17:45 [INFO]   Epoch 18 batch 200/871 | loss: 3.5780 (avg: 3.4656)
2026-03-24 23:19:06 [INFO]   Epoch 18 batch 400/871 | loss: 3.2350 (avg: 3.4587)
2026-03-24 23:20:27 [INFO]   Epoch 18 batch 600/871 | loss: 3.6724 (avg: 3.4464)
2026-03-24 23:21:48 [INFO]   Epoch 18 batch 800/871 | loss: 3.3484 (avg: 3.4315)
2026-03-24 23:22:17 [INFO] Pretrain Epoch  18/50 | Loss: 3.4267 | LR: 1.45e-05
2026-03-24 23:22:17 [INFO]   -> Best pretrained model saved (loss=3.4267)
2026-03-24 23:22:18 [INFO]   Epoch 19 batch 1/871 | loss: 3.3457 (avg: 3.3457)
2026-03-24 23:22:21 [INFO]   Epoch 19 batch 10/871 | loss: 3.0520 (avg: 3.3464)
2026-03-24 23:22:57 [INFO]   Epoch 19 batch 100/871 | loss: 3.4274 (avg: 3.3646)
2026-03-24 23:23:37 [INFO]   Epoch 19 batch 200/871 | loss: 3.3447 (avg: 3.3624)
2026-03-24 23:24:58 [INFO]   Epoch 19 batch 400/871 | loss: 2.9345 (avg: 3.3676)
2026-03-24 23:26:19 [INFO]   Epoch 19 batch 600/871 | loss: 3.3511 (avg: 3.3522)
2026-03-24 23:27:41 [INFO]   Epoch 19 batch 800/871 | loss: 3.2114 (avg: 3.3456)
2026-03-24 23:28:09 [INFO] Pretrain Epoch  19/50 | Loss: 3.3411 | LR: 1.40e-05
2026-03-24 23:28:09 [INFO]   -> Best pretrained model saved (loss=3.3411)
2026-03-24 23:28:10 [INFO]   Epoch 20 batch 1/871 | loss: 3.2941 (avg: 3.2941)
2026-03-24 23:28:14 [INFO]   Epoch 20 batch 10/871 | loss: 3.0818 (avg: 3.2600)
2026-03-24 23:28:50 [INFO]   Epoch 20 batch 100/871 | loss: 3.2524 (avg: 3.2686)
2026-03-24 23:29:30 [INFO]   Epoch 20 batch 200/871 | loss: 3.0822 (avg: 3.2727)
2026-03-24 23:30:51 [INFO]   Epoch 20 batch 400/871 | loss: 3.0975 (avg: 3.2614)
2026-03-24 23:32:12 [INFO]   Epoch 20 batch 600/871 | loss: 3.4146 (avg: 3.2578)
2026-03-24 23:33:33 [INFO]   Epoch 20 batch 800/871 | loss: 2.9717 (avg: 3.2496)
2026-03-24 23:34:02 [INFO] Pretrain Epoch  20/50 | Loss: 3.2473 | LR: 1.34e-05
2026-03-24 23:34:02 [INFO]   -> Best pretrained model saved (loss=3.2473)
2026-03-24 23:34:02 [INFO]   Epoch 21 batch 1/871 | loss: 2.9910 (avg: 2.9910)
2026-03-24 23:34:06 [INFO]   Epoch 21 batch 10/871 | loss: 3.2417 (avg: 3.2883)
2026-03-24 23:34:42 [INFO]   Epoch 21 batch 100/871 | loss: 3.4169 (avg: 3.2047)
2026-03-24 23:35:23 [INFO]   Epoch 21 batch 200/871 | loss: 3.1114 (avg: 3.1922)
2026-03-24 23:36:45 [INFO]   Epoch 21 batch 400/871 | loss: 2.8286 (avg: 3.1752)
2026-03-24 23:38:05 [INFO]   Epoch 21 batch 600/871 | loss: 2.9900 (avg: 3.1689)
2026-03-24 23:39:25 [INFO]   Epoch 21 batch 800/871 | loss: 2.9794 (avg: 3.1599)
2026-03-24 23:39:53 [INFO] Pretrain Epoch  21/50 | Loss: 3.1579 | LR: 1.29e-05
2026-03-24 23:39:54 [INFO]   -> Best pretrained model saved (loss=3.1579)
2026-03-24 23:39:54 [INFO]   Epoch 22 batch 1/871 | loss: 3.0398 (avg: 3.0398)
2026-03-24 23:39:58 [INFO]   Epoch 22 batch 10/871 | loss: 3.0414 (avg: 3.1374)
2026-03-24 23:40:34 [INFO]   Epoch 22 batch 100/871 | loss: 3.1797 (avg: 3.1189)
2026-03-24 23:41:14 [INFO]   Epoch 22 batch 200/871 | loss: 3.0084 (avg: 3.1082)
2026-03-24 23:42:34 [INFO]   Epoch 22 batch 400/871 | loss: 2.8670 (avg: 3.1010)
2026-03-24 23:43:54 [INFO]   Epoch 22 batch 600/871 | loss: 2.9287 (avg: 3.0977)
2026-03-24 23:45:14 [INFO]   Epoch 22 batch 800/871 | loss: 3.2342 (avg: 3.0947)
2026-03-24 23:45:43 [INFO] Pretrain Epoch  22/50 | Loss: 3.0941 | LR: 1.23e-05
2026-03-24 23:45:43 [INFO]   -> Best pretrained model saved (loss=3.0941)
2026-03-24 23:45:44 [INFO]   Epoch 23 batch 1/871 | loss: 2.7717 (avg: 2.7717)
2026-03-24 23:45:47 [INFO]   Epoch 23 batch 10/871 | loss: 3.1030 (avg: 3.1017)
2026-03-24 23:46:24 [INFO]   Epoch 23 batch 100/871 | loss: 3.4085 (avg: 3.0682)
2026-03-24 23:47:04 [INFO]   Epoch 23 batch 200/871 | loss: 2.7859 (avg: 3.0707)
2026-03-24 23:48:24 [INFO]   Epoch 23 batch 400/871 | loss: 2.8860 (avg: 3.0407)
2026-03-24 23:49:45 [INFO]   Epoch 23 batch 600/871 | loss: 2.7567 (avg: 3.0316)
2026-03-24 23:51:06 [INFO]   Epoch 23 batch 800/871 | loss: 3.2086 (avg: 3.0238)
2026-03-24 23:51:35 [INFO] Pretrain Epoch  23/50 | Loss: 3.0200 | LR: 1.17e-05
2026-03-24 23:51:35 [INFO]   -> Best pretrained model saved (loss=3.0200)
2026-03-24 23:51:35 [INFO]   Epoch 24 batch 1/871 | loss: 3.2475 (avg: 3.2475)
2026-03-24 23:51:39 [INFO]   Epoch 24 batch 10/871 | loss: 3.0998 (avg: 2.9745)
2026-03-24 23:52:15 [INFO]   Epoch 24 batch 100/871 | loss: 2.8167 (avg: 2.9599)
2026-03-24 23:52:55 [INFO]   Epoch 24 batch 200/871 | loss: 2.9970 (avg: 2.9819)
2026-03-24 23:54:15 [INFO]   Epoch 24 batch 400/871 | loss: 2.7730 (avg: 2.9829)
2026-03-24 23:55:35 [INFO]   Epoch 24 batch 600/871 | loss: 2.8908 (avg: 2.9734)
2026-03-24 23:56:56 [INFO]   Epoch 24 batch 800/871 | loss: 2.9592 (avg: 2.9618)
2026-03-24 23:57:24 [INFO] Pretrain Epoch  24/50 | Loss: 2.9606 | LR: 1.11e-05
2026-03-24 23:57:25 [INFO]   -> Best pretrained model saved (loss=2.9606)
2026-03-24 23:57:25 [INFO]   Epoch 25 batch 1/871 | loss: 2.8999 (avg: 2.8999)
2026-03-24 23:57:29 [INFO]   Epoch 25 batch 10/871 | loss: 2.6946 (avg: 2.9229)
2026-03-24 23:58:05 [INFO]   Epoch 25 batch 100/871 | loss: 2.7253 (avg: 2.9343)
2026-03-24 23:58:46 [INFO]   Epoch 25 batch 200/871 | loss: 2.8197 (avg: 2.9268)
2026-03-25 00:00:06 [INFO]   Epoch 25 batch 400/871 | loss: 3.0474 (avg: 2.9139)
2026-03-25 00:01:27 [INFO]   Epoch 25 batch 600/871 | loss: 2.8193 (avg: 2.9047)
2026-03-25 00:02:48 [INFO]   Epoch 25 batch 800/871 | loss: 2.9850 (avg: 2.8955)
2026-03-25 00:03:15 [INFO] Pretrain Epoch  25/50 | Loss: 2.8928 | LR: 1.05e-05
2026-03-25 00:03:15 [INFO]   -> Best pretrained model saved (loss=2.8928)
2026-03-25 00:03:16 [INFO]   Epoch 26 batch 1/871 | loss: 3.2589 (avg: 3.2589)
2026-03-25 00:03:19 [INFO]   Epoch 26 batch 10/871 | loss: 2.8039 (avg: 2.8987)
2026-03-25 00:03:54 [INFO]   Epoch 26 batch 100/871 | loss: 3.1551 (avg: 2.8697)
2026-03-25 00:04:32 [INFO]   Epoch 26 batch 200/871 | loss: 3.0855 (avg: 2.8721)
2026-03-25 00:05:49 [INFO]   Epoch 26 batch 400/871 | loss: 2.7141 (avg: 2.8702)
2026-03-25 00:07:06 [INFO]   Epoch 26 batch 600/871 | loss: 2.7287 (avg: 2.8653)
2026-03-25 00:08:23 [INFO]   Epoch 26 batch 800/871 | loss: 2.8475 (avg: 2.8568)
2026-03-25 00:08:50 [INFO] Pretrain Epoch  26/50 | Loss: 2.8541 | LR: 9.90e-06
2026-03-25 00:08:50 [INFO]   -> Best pretrained model saved (loss=2.8541)
2026-03-25 00:08:50 [INFO]   Epoch 27 batch 1/871 | loss: 2.6957 (avg: 2.6957)
2026-03-25 00:08:53 [INFO]   Epoch 27 batch 10/871 | loss: 2.8950 (avg: 2.8157)
2026-03-25 00:09:28 [INFO]   Epoch 27 batch 100/871 | loss: 2.8157 (avg: 2.8412)
2026-03-25 00:10:05 [INFO]   Epoch 27 batch 200/871 | loss: 3.1107 (avg: 2.8189)
2026-03-25 00:11:23 [INFO]   Epoch 27 batch 400/871 | loss: 2.8278 (avg: 2.8153)
2026-03-25 00:12:39 [INFO]   Epoch 27 batch 600/871 | loss: 3.2500 (avg: 2.8031)
2026-03-25 00:13:55 [INFO]   Epoch 27 batch 800/871 | loss: 3.1359 (avg: 2.7957)
2026-03-25 00:14:22 [INFO] Pretrain Epoch  27/50 | Loss: 2.7927 | LR: 9.31e-06
2026-03-25 00:14:22 [INFO]   -> Best pretrained model saved (loss=2.7927)
2026-03-25 00:14:22 [INFO]   Epoch 28 batch 1/871 | loss: 2.8803 (avg: 2.8803)
2026-03-25 00:14:26 [INFO]   Epoch 28 batch 10/871 | loss: 2.6868 (avg: 2.7786)
2026-03-25 00:15:00 [INFO]   Epoch 28 batch 100/871 | loss: 2.9559 (avg: 2.7415)
2026-03-25 00:15:39 [INFO]   Epoch 28 batch 200/871 | loss: 2.5168 (avg: 2.7490)
2026-03-25 00:16:55 [INFO]   Epoch 28 batch 400/871 | loss: 2.9788 (avg: 2.7519)
2026-03-25 00:18:10 [INFO]   Epoch 28 batch 600/871 | loss: 2.9340 (avg: 2.7496)
2026-03-25 00:19:27 [INFO]   Epoch 28 batch 800/871 | loss: 2.6105 (avg: 2.7447)
2026-03-25 00:19:53 [INFO] Pretrain Epoch  28/50 | Loss: 2.7430 | LR: 8.72e-06
2026-03-25 00:19:53 [INFO]   -> Best pretrained model saved (loss=2.7430)
2026-03-25 00:19:53 [INFO]   Epoch 29 batch 1/871 | loss: 2.8633 (avg: 2.8633)
2026-03-25 00:19:57 [INFO]   Epoch 29 batch 10/871 | loss: 3.1108 (avg: 2.7723)
2026-03-25 00:20:31 [INFO]   Epoch 29 batch 100/871 | loss: 2.5307 (avg: 2.7273)
2026-03-25 00:21:09 [INFO]   Epoch 29 batch 200/871 | loss: 2.7629 (avg: 2.7186)
2026-03-25 00:22:25 [INFO]   Epoch 29 batch 400/871 | loss: 2.6638 (avg: 2.7190)
2026-03-25 00:23:40 [INFO]   Epoch 29 batch 600/871 | loss: 2.8963 (avg: 2.7201)
2026-03-25 00:24:57 [INFO]   Epoch 29 batch 800/871 | loss: 2.4942 (avg: 2.7151)
2026-03-25 00:25:24 [INFO] Pretrain Epoch  29/50 | Loss: 2.7135 | LR: 8.14e-06
2026-03-25 00:25:24 [INFO]   -> Best pretrained model saved (loss=2.7135)
2026-03-25 00:25:24 [INFO]   Epoch 30 batch 1/871 | loss: 2.7398 (avg: 2.7398)
2026-03-25 00:25:28 [INFO]   Epoch 30 batch 10/871 | loss: 2.5931 (avg: 2.6242)
2026-03-25 00:26:02 [INFO]   Epoch 30 batch 100/871 | loss: 2.6318 (avg: 2.6491)
2026-03-25 00:26:40 [INFO]   Epoch 30 batch 200/871 | loss: 2.7381 (avg: 2.6654)
2026-03-25 00:27:56 [INFO]   Epoch 30 batch 400/871 | loss: 2.9317 (avg: 2.6754)
2026-03-25 00:29:12 [INFO]   Epoch 30 batch 600/871 | loss: 2.6356 (avg: 2.6725)
2026-03-25 00:30:28 [INFO]   Epoch 30 batch 800/871 | loss: 2.8506 (avg: 2.6690)
2026-03-25 00:30:55 [INFO] Pretrain Epoch  30/50 | Loss: 2.6681 | LR: 7.56e-06
2026-03-25 00:30:55 [INFO]   -> Best pretrained model saved (loss=2.6681)
2026-03-25 00:30:56 [INFO]   Epoch 31 batch 1/871 | loss: 2.7862 (avg: 2.7862)
2026-03-25 00:30:59 [INFO]   Epoch 31 batch 10/871 | loss: 2.8304 (avg: 2.6356)
2026-03-25 00:31:33 [INFO]   Epoch 31 batch 100/871 | loss: 2.5797 (avg: 2.6474)
2026-03-25 00:32:11 [INFO]   Epoch 31 batch 200/871 | loss: 2.6008 (avg: 2.6346)
2026-03-25 00:33:27 [INFO]   Epoch 31 batch 400/871 | loss: 2.4792 (avg: 2.6306)
2026-03-25 00:34:43 [INFO]   Epoch 31 batch 600/871 | loss: 2.6449 (avg: 2.6360)
2026-03-25 00:36:00 [INFO]   Epoch 31 batch 800/871 | loss: 2.6337 (avg: 2.6326)
2026-03-25 00:36:28 [INFO] Pretrain Epoch  31/50 | Loss: 2.6324 | LR: 7.00e-06
2026-03-25 00:36:28 [INFO]   -> Best pretrained model saved (loss=2.6324)
2026-03-25 00:36:28 [INFO]   Epoch 32 batch 1/871 | loss: 2.4955 (avg: 2.4955)
2026-03-25 00:36:32 [INFO]   Epoch 32 batch 10/871 | loss: 2.7271 (avg: 2.6977)
2026-03-25 00:37:06 [INFO]   Epoch 32 batch 100/871 | loss: 2.5615 (avg: 2.6120)
2026-03-25 00:37:45 [INFO]   Epoch 32 batch 200/871 | loss: 2.8634 (avg: 2.6273)
2026-03-25 00:39:00 [INFO]   Epoch 32 batch 400/871 | loss: 2.3940 (avg: 2.6157)
2026-03-25 00:40:16 [INFO]   Epoch 32 batch 600/871 | loss: 2.2797 (avg: 2.6079)
2026-03-25 00:41:33 [INFO]   Epoch 32 batch 800/871 | loss: 2.8551 (avg: 2.6121)
2026-03-25 00:42:00 [INFO] Pretrain Epoch  32/50 | Loss: 2.6076 | LR: 6.46e-06
2026-03-25 00:42:00 [INFO]   -> Best pretrained model saved (loss=2.6076)
2026-03-25 00:42:00 [INFO]   Epoch 33 batch 1/871 | loss: 2.4507 (avg: 2.4507)
2026-03-25 00:42:04 [INFO]   Epoch 33 batch 10/871 | loss: 2.3202 (avg: 2.5547)
2026-03-25 00:42:39 [INFO]   Epoch 33 batch 100/871 | loss: 2.6923 (avg: 2.5765)
2026-03-25 00:43:17 [INFO]   Epoch 33 batch 200/871 | loss: 2.4863 (avg: 2.5743)
2026-03-25 00:44:33 [INFO]   Epoch 33 batch 400/871 | loss: 2.6998 (avg: 2.5765)
2026-03-25 00:45:49 [INFO]   Epoch 33 batch 600/871 | loss: 2.8623 (avg: 2.5798)
2026-03-25 00:47:06 [INFO]   Epoch 33 batch 800/871 | loss: 2.5194 (avg: 2.5759)
2026-03-25 00:47:33 [INFO] Pretrain Epoch  33/50 | Loss: 2.5762 | LR: 5.92e-06
2026-03-25 00:47:33 [INFO]   -> Best pretrained model saved (loss=2.5762)
2026-03-25 00:47:33 [INFO]   Epoch 34 batch 1/871 | loss: 2.6485 (avg: 2.6485)
2026-03-25 00:47:37 [INFO]   Epoch 34 batch 10/871 | loss: 2.4971 (avg: 2.4892)
2026-03-25 00:48:11 [INFO]   Epoch 34 batch 100/871 | loss: 2.7268 (avg: 2.5567)
2026-03-25 00:48:49 [INFO]   Epoch 34 batch 200/871 | loss: 2.6120 (avg: 2.5604)
2026-03-25 00:50:04 [INFO]   Epoch 34 batch 400/871 | loss: 2.4652 (avg: 2.5467)
2026-03-25 00:51:20 [INFO]   Epoch 34 batch 600/871 | loss: 2.6659 (avg: 2.5558)
2026-03-25 00:52:36 [INFO]   Epoch 34 batch 800/871 | loss: 2.7697 (avg: 2.5545)
2026-03-25 00:53:03 [INFO] Pretrain Epoch  34/50 | Loss: 2.5525 | LR: 5.41e-06
2026-03-25 00:53:03 [INFO]   -> Best pretrained model saved (loss=2.5525)
2026-03-25 00:53:04 [INFO]   Epoch 35 batch 1/871 | loss: 2.4330 (avg: 2.4330)
2026-03-25 00:53:07 [INFO]   Epoch 35 batch 10/871 | loss: 2.7448 (avg: 2.5841)
2026-03-25 00:53:41 [INFO]   Epoch 35 batch 100/871 | loss: 2.7224 (avg: 2.5428)
2026-03-25 00:54:20 [INFO]   Epoch 35 batch 200/871 | loss: 2.4179 (avg: 2.5256)
2026-03-25 00:55:36 [INFO]   Epoch 35 batch 400/871 | loss: 2.7253 (avg: 2.5254)
2026-03-25 00:56:51 [INFO]   Epoch 35 batch 600/871 | loss: 2.4779 (avg: 2.5169)
2026-03-25 00:58:07 [INFO]   Epoch 35 batch 800/871 | loss: 2.2998 (avg: 2.5188)
2026-03-25 00:58:34 [INFO] Pretrain Epoch  35/50 | Loss: 2.5192 | LR: 4.92e-06
2026-03-25 00:58:34 [INFO]   -> Best pretrained model saved (loss=2.5192)
2026-03-25 00:58:35 [INFO]   Epoch 36 batch 1/871 | loss: 2.5716 (avg: 2.5716)
2026-03-25 00:58:38 [INFO]   Epoch 36 batch 10/871 | loss: 2.8341 (avg: 2.5380)
2026-03-25 00:59:12 [INFO]   Epoch 36 batch 100/871 | loss: 2.5297 (avg: 2.4984)
2026-03-25 00:59:49 [INFO]   Epoch 36 batch 200/871 | loss: 2.3766 (avg: 2.5126)
2026-03-25 01:01:06 [INFO]   Epoch 36 batch 400/871 | loss: 2.8546 (avg: 2.5096)
2026-03-25 01:02:23 [INFO]   Epoch 36 batch 600/871 | loss: 2.5548 (avg: 2.5047)
2026-03-25 01:03:39 [INFO]   Epoch 36 batch 800/871 | loss: 2.5190 (avg: 2.5032)
2026-03-25 01:04:06 [INFO] Pretrain Epoch  36/50 | Loss: 2.5033 | LR: 4.44e-06
2026-03-25 01:04:06 [INFO]   -> Best pretrained model saved (loss=2.5033)
2026-03-25 01:04:06 [INFO]   Epoch 37 batch 1/871 | loss: 2.3670 (avg: 2.3670)
2026-03-25 01:04:10 [INFO]   Epoch 37 batch 10/871 | loss: 2.3131 (avg: 2.4736)
2026-03-25 01:04:44 [INFO]   Epoch 37 batch 100/871 | loss: 2.8018 (avg: 2.5222)
2026-03-25 01:05:22 [INFO]   Epoch 37 batch 200/871 | loss: 2.5106 (avg: 2.5157)
2026-03-25 01:06:39 [INFO]   Epoch 37 batch 400/871 | loss: 2.3275 (avg: 2.5017)
2026-03-25 01:07:55 [INFO]   Epoch 37 batch 600/871 | loss: 2.6870 (avg: 2.4970)
2026-03-25 01:09:12 [INFO]   Epoch 37 batch 800/871 | loss: 2.6624 (avg: 2.4918)
2026-03-25 01:09:39 [INFO] Pretrain Epoch  37/50 | Loss: 2.4896 | LR: 4.00e-06
2026-03-25 01:09:40 [INFO]   -> Best pretrained model saved (loss=2.4896)
2026-03-25 01:09:40 [INFO]   Epoch 38 batch 1/871 | loss: 2.3712 (avg: 2.3712)
2026-03-25 01:09:44 [INFO]   Epoch 38 batch 10/871 | loss: 2.4136 (avg: 2.4192)
2026-03-25 01:10:20 [INFO]   Epoch 38 batch 100/871 | loss: 2.8124 (avg: 2.4755)
2026-03-25 01:11:00 [INFO]   Epoch 38 batch 200/871 | loss: 2.5810 (avg: 2.4793)
2026-03-25 01:12:21 [INFO]   Epoch 38 batch 400/871 | loss: 2.7261 (avg: 2.4698)
2026-03-25 01:13:42 [INFO]   Epoch 38 batch 600/871 | loss: 2.4985 (avg: 2.4763)
2026-03-25 01:15:03 [INFO]   Epoch 38 batch 800/871 | loss: 2.4445 (avg: 2.4660)
2026-03-25 01:15:31 [INFO] Pretrain Epoch  38/50 | Loss: 2.4671 | LR: 3.57e-06
2026-03-25 01:15:31 [INFO]   -> Best pretrained model saved (loss=2.4671)
2026-03-25 01:15:32 [INFO]   Epoch 39 batch 1/871 | loss: 2.5707 (avg: 2.5707)
2026-03-25 01:15:35 [INFO]   Epoch 39 batch 10/871 | loss: 2.2027 (avg: 2.5167)
2026-03-25 01:16:12 [INFO]   Epoch 39 batch 100/871 | loss: 2.3164 (avg: 2.4496)
2026-03-25 01:16:52 [INFO]   Epoch 39 batch 200/871 | loss: 2.7727 (avg: 2.4474)
2026-03-25 01:18:13 [INFO]   Epoch 39 batch 400/871 | loss: 2.4734 (avg: 2.4572)
2026-03-25 01:19:34 [INFO]   Epoch 39 batch 600/871 | loss: 2.7650 (avg: 2.4533)
2026-03-25 01:20:56 [INFO]   Epoch 39 batch 800/871 | loss: 2.6520 (avg: 2.4513)
2026-03-25 01:21:25 [INFO] Pretrain Epoch  39/50 | Loss: 2.4531 | LR: 3.18e-06
2026-03-25 01:21:26 [INFO]   -> Best pretrained model saved (loss=2.4531)
2026-03-25 01:21:26 [INFO]   Epoch 40 batch 1/871 | loss: 2.4155 (avg: 2.4155)
2026-03-25 01:21:30 [INFO]   Epoch 40 batch 10/871 | loss: 2.5350 (avg: 2.4210)
2026-03-25 01:22:06 [INFO]   Epoch 40 batch 100/871 | loss: 2.4768 (avg: 2.4660)
2026-03-25 01:22:47 [INFO]   Epoch 40 batch 200/871 | loss: 2.6676 (avg: 2.4523)
2026-03-25 01:24:08 [INFO]   Epoch 40 batch 400/871 | loss: 2.2490 (avg: 2.4529)
2026-03-25 01:26:14 [INFO]   Epoch 40 batch 600/871 | loss: 2.3400 (avg: 2.4511)
2026-03-25 01:27:48 [INFO]   Epoch 40 batch 800/871 | loss: 2.2258 (avg: 2.4489)
2026-03-25 01:28:20 [INFO] Pretrain Epoch  40/50 | Loss: 2.4481 | LR: 2.81e-06
2026-03-25 01:28:20 [INFO]   -> Best pretrained model saved (loss=2.4481)
2026-03-25 01:28:21 [INFO]   Epoch 41 batch 1/871 | loss: 2.3838 (avg: 2.3838)
2026-03-25 01:28:24 [INFO]   Epoch 41 batch 10/871 | loss: 2.0265 (avg: 2.4987)
2026-03-25 01:29:01 [INFO]   Epoch 41 batch 100/871 | loss: 2.6235 (avg: 2.4241)
2026-03-25 01:29:41 [INFO]   Epoch 41 batch 200/871 | loss: 2.2857 (avg: 2.4206)
2026-03-25 01:31:03 [INFO]   Epoch 41 batch 400/871 | loss: 2.3468 (avg: 2.4179)
2026-03-25 01:32:26 [INFO]   Epoch 41 batch 600/871 | loss: 2.4788 (avg: 2.4210)
2026-03-25 01:33:50 [INFO]   Epoch 41 batch 800/871 | loss: 2.3514 (avg: 2.4207)
2026-03-25 01:34:19 [INFO] Pretrain Epoch  41/50 | Loss: 2.4207 | LR: 2.48e-06
2026-03-25 01:34:19 [INFO]   -> Best pretrained model saved (loss=2.4207)
2026-03-25 01:34:20 [INFO]   Epoch 42 batch 1/871 | loss: 2.5011 (avg: 2.5011)
2026-03-25 01:34:23 [INFO]   Epoch 42 batch 10/871 | loss: 2.5411 (avg: 2.4592)
2026-03-25 01:35:00 [INFO]   Epoch 42 batch 100/871 | loss: 2.1734 (avg: 2.4314)
2026-03-25 01:35:41 [INFO]   Epoch 42 batch 200/871 | loss: 2.2334 (avg: 2.4224)
2026-03-25 01:37:05 [INFO]   Epoch 42 batch 400/871 | loss: 2.6314 (avg: 2.4186)
2026-03-25 01:38:28 [INFO]   Epoch 42 batch 600/871 | loss: 2.6476 (avg: 2.4203)
2026-03-25 01:39:51 [INFO]   Epoch 42 batch 800/871 | loss: 2.1860 (avg: 2.4153)
2026-03-25 01:40:20 [INFO] Pretrain Epoch  42/50 | Loss: 2.4146 | LR: 2.18e-06
2026-03-25 01:40:20 [INFO]   -> Best pretrained model saved (loss=2.4146)
2026-03-25 01:40:21 [INFO]   Epoch 43 batch 1/871 | loss: 2.4191 (avg: 2.4191)
2026-03-25 01:40:24 [INFO]   Epoch 43 batch 10/871 | loss: 2.5920 (avg: 2.3933)
2026-03-25 01:41:01 [INFO]   Epoch 43 batch 100/871 | loss: 2.4738 (avg: 2.4076)
2026-03-25 01:41:42 [INFO]   Epoch 43 batch 200/871 | loss: 2.4814 (avg: 2.4097)
2026-03-25 01:43:05 [INFO]   Epoch 43 batch 400/871 | loss: 2.1004 (avg: 2.4030)
2026-03-25 01:44:27 [INFO]   Epoch 43 batch 600/871 | loss: 2.3950 (avg: 2.3934)
2026-03-25 01:45:51 [INFO]   Epoch 43 batch 800/871 | loss: 2.2825 (avg: 2.3939)
2026-03-25 01:46:20 [INFO] Pretrain Epoch  43/50 | Loss: 2.3913 | LR: 1.90e-06
2026-03-25 01:46:21 [INFO]   -> Best pretrained model saved (loss=2.3913)
2026-03-25 01:46:21 [INFO]   Epoch 44 batch 1/871 | loss: 2.3987 (avg: 2.3987)
2026-03-25 01:46:25 [INFO]   Epoch 44 batch 10/871 | loss: 2.5141 (avg: 2.4053)
2026-03-25 01:47:02 [INFO]   Epoch 44 batch 100/871 | loss: 2.4146 (avg: 2.4262)
2026-03-25 01:47:43 [INFO]   Epoch 44 batch 200/871 | loss: 2.4392 (avg: 2.4061)
2026-03-25 01:49:06 [INFO]   Epoch 44 batch 400/871 | loss: 2.3733 (avg: 2.4009)
2026-03-25 01:50:30 [INFO]   Epoch 44 batch 600/871 | loss: 2.0689 (avg: 2.3975)
2026-03-25 01:51:55 [INFO]   Epoch 44 batch 800/871 | loss: 2.4207 (avg: 2.3929)
2026-03-25 01:52:24 [INFO] Pretrain Epoch  44/50 | Loss: 2.3912 | LR: 1.67e-06
2026-03-25 01:52:24 [INFO]   -> Best pretrained model saved (loss=2.3912)
2026-03-25 01:52:25 [INFO]   Epoch 45 batch 1/871 | loss: 2.3827 (avg: 2.3827)
2026-03-25 01:52:28 [INFO]   Epoch 45 batch 10/871 | loss: 2.2410 (avg: 2.3999)
2026-03-25 01:53:06 [INFO]   Epoch 45 batch 100/871 | loss: 2.2924 (avg: 2.3808)
2026-03-25 01:53:48 [INFO]   Epoch 45 batch 200/871 | loss: 2.3056 (avg: 2.3810)
2026-03-25 01:55:11 [INFO]   Epoch 45 batch 400/871 | loss: 2.4550 (avg: 2.3826)
2026-03-25 01:56:33 [INFO]   Epoch 45 batch 600/871 | loss: 2.4361 (avg: 2.3851)
2026-03-25 01:57:56 [INFO]   Epoch 45 batch 800/871 | loss: 2.3878 (avg: 2.3872)
2026-03-25 01:58:26 [INFO] Pretrain Epoch  45/50 | Loss: 2.3860 | LR: 1.46e-06
2026-03-25 01:58:26 [INFO]   -> Best pretrained model saved (loss=2.3860)
2026-03-25 01:58:27 [INFO]   Epoch 46 batch 1/871 | loss: 2.5676 (avg: 2.5676)
2026-03-25 01:58:30 [INFO]   Epoch 46 batch 10/871 | loss: 2.4075 (avg: 2.3722)
2026-03-25 01:59:07 [INFO]   Epoch 46 batch 100/871 | loss: 2.5348 (avg: 2.3681)
2026-03-25 01:59:49 [INFO]   Epoch 46 batch 200/871 | loss: 2.3130 (avg: 2.3679)
2026-03-25 02:01:12 [INFO]   Epoch 46 batch 400/871 | loss: 2.5423 (avg: 2.3680)
2026-03-25 02:02:35 [INFO]   Epoch 46 batch 600/871 | loss: 2.3148 (avg: 2.3647)
2026-03-25 02:03:57 [INFO]   Epoch 46 batch 800/871 | loss: 2.3238 (avg: 2.3710)
2026-03-25 02:04:27 [INFO] Pretrain Epoch  46/50 | Loss: 2.3678 | LR: 1.30e-06
2026-03-25 02:04:27 [INFO]   -> Best pretrained model saved (loss=2.3678)
2026-03-25 02:04:27 [INFO]   Epoch 47 batch 1/871 | loss: 2.5336 (avg: 2.5336)
2026-03-25 02:04:31 [INFO]   Epoch 47 batch 10/871 | loss: 2.3877 (avg: 2.4393)
2026-03-25 02:05:08 [INFO]   Epoch 47 batch 100/871 | loss: 2.3129 (avg: 2.4039)
2026-03-25 02:05:50 [INFO]   Epoch 47 batch 200/871 | loss: 2.3902 (avg: 2.3957)
2026-03-25 02:07:14 [INFO]   Epoch 47 batch 400/871 | loss: 2.4826 (avg: 2.3876)
2026-03-25 02:08:37 [INFO]   Epoch 47 batch 600/871 | loss: 2.4584 (avg: 2.3773)
2026-03-25 02:10:01 [INFO]   Epoch 47 batch 800/871 | loss: 2.3164 (avg: 2.3707)
2026-03-25 02:10:30 [INFO] Pretrain Epoch  47/50 | Loss: 2.3705 | LR: 1.17e-06
2026-03-25 02:10:30 [INFO]   Epoch 48 batch 1/871 | loss: 2.2034 (avg: 2.2034)
2026-03-25 02:10:34 [INFO]   Epoch 48 batch 10/871 | loss: 2.3147 (avg: 2.3557)
2026-03-25 02:11:11 [INFO]   Epoch 48 batch 100/871 | loss: 2.4579 (avg: 2.3788)
2026-03-25 02:11:52 [INFO]   Epoch 48 batch 200/871 | loss: 2.2118 (avg: 2.3751)
2026-03-25 02:13:15 [INFO]   Epoch 48 batch 400/871 | loss: 2.1425 (avg: 2.3628)
2026-03-25 02:14:38 [INFO]   Epoch 48 batch 600/871 | loss: 2.3602 (avg: 2.3630)
2026-03-25 02:16:02 [INFO]   Epoch 48 batch 800/871 | loss: 2.2087 (avg: 2.3588)
2026-03-25 02:16:31 [INFO] Pretrain Epoch  48/50 | Loss: 2.3550 | LR: 1.07e-06
2026-03-25 02:16:31 [INFO]   -> Best pretrained model saved (loss=2.3550)
2026-03-25 02:16:32 [INFO]   Epoch 49 batch 1/871 | loss: 2.2541 (avg: 2.2541)
2026-03-25 02:16:35 [INFO]   Epoch 49 batch 10/871 | loss: 2.5539 (avg: 2.3094)
2026-03-25 02:17:13 [INFO]   Epoch 49 batch 100/871 | loss: 2.4711 (avg: 2.3494)
2026-03-25 02:17:54 [INFO]   Epoch 49 batch 200/871 | loss: 2.2460 (avg: 2.3502)
2026-03-25 02:19:17 [INFO]   Epoch 49 batch 400/871 | loss: 2.1042 (avg: 2.3363)
2026-03-25 02:20:40 [INFO]   Epoch 49 batch 600/871 | loss: 2.3877 (avg: 2.3465)
2026-03-25 02:22:04 [INFO]   Epoch 49 batch 800/871 | loss: 2.5493 (avg: 2.3477)
2026-03-25 02:22:34 [INFO] Pretrain Epoch  49/50 | Loss: 2.3465 | LR: 1.02e-06
2026-03-25 02:22:34 [INFO]   -> Best pretrained model saved (loss=2.3465)
2026-03-25 02:22:34 [INFO]   Epoch 50 batch 1/871 | loss: 2.3079 (avg: 2.3079)
2026-03-25 02:22:38 [INFO]   Epoch 50 batch 10/871 | loss: 2.4658 (avg: 2.3821)
2026-03-25 02:23:15 [INFO]   Epoch 50 batch 100/871 | loss: 1.9846 (avg: 2.3552)
2026-03-25 02:23:57 [INFO]   Epoch 50 batch 200/871 | loss: 2.3977 (avg: 2.3622)
2026-03-25 02:25:21 [INFO]   Epoch 50 batch 400/871 | loss: 2.3319 (avg: 2.3567)
2026-03-25 02:26:44 [INFO]   Epoch 50 batch 600/871 | loss: 2.6103 (avg: 2.3563)
2026-03-25 02:28:06 [INFO]   Epoch 50 batch 800/871 | loss: 2.1314 (avg: 2.3504)
2026-03-25 02:28:36 [INFO] Pretrain Epoch  50/50 | Loss: 2.3500 | LR: 1.00e-06
2026-03-25 02:28:36 [INFO] Pretraining done. Best loss: 2.3465
2026-03-25 02:28:36 [INFO] === Phase 2: Linear Evaluation ===
2026-03-25 02:28:36 [INFO] Extracting features...
2026-03-25 02:29:33 [INFO] Feature dim: 384
2026-03-25 02:29:34 [INFO] Linear Epoch   1 | Val AUC: 0.7382 Acc: 0.6794
2026-03-25 02:29:37 [INFO] Linear Epoch   2 | Val AUC: 0.7415 Acc: 0.6821
2026-03-25 02:29:38 [INFO] Linear Epoch   3 | Val AUC: 0.7442 Acc: 0.6847
2026-03-25 02:29:39 [INFO] Linear Epoch   4 | Val AUC: 0.7443 Acc: 0.6864
2026-03-25 02:29:41 [INFO] Linear Epoch   5 | Val AUC: 0.7416 Acc: 0.6834
2026-03-25 02:29:44 [INFO] Linear Epoch   7 | Val AUC: 0.7459 Acc: 0.6882
2026-03-25 02:29:45 [INFO] Linear Epoch   8 | Val AUC: 0.7475 Acc: 0.6876
2026-03-25 02:29:46 [INFO] Linear Epoch   9 | Val AUC: 0.7486 Acc: 0.6895
2026-03-25 02:29:48 [INFO] Linear Epoch  10 | Val AUC: 0.7476 Acc: 0.6885
2026-03-25 02:29:49 [INFO] Linear Epoch  11 | Val AUC: 0.7492 Acc: 0.6901
2026-03-25 02:29:52 [INFO] Linear Epoch  13 | Val AUC: 0.7506 Acc: 0.6930
2026-03-25 02:29:54 [INFO] Linear Epoch  15 | Val AUC: 0.7508 Acc: 0.6909
2026-03-25 02:29:58 [INFO] Linear Epoch  18 | Val AUC: 0.7518 Acc: 0.6935
2026-03-25 02:30:01 [INFO] Linear Epoch  20 | Val AUC: 0.7521 Acc: 0.6909
2026-03-25 02:30:06 [INFO] Linear Epoch  24 | Val AUC: 0.7526 Acc: 0.6946
2026-03-25 02:30:07 [INFO] Linear Epoch  25 | Val AUC: 0.7504 Acc: 0.6921
2026-03-25 02:30:11 [INFO] Linear Epoch  28 | Val AUC: 0.7534 Acc: 0.6926
2026-03-25 02:30:13 [INFO] Linear Epoch  30 | Val AUC: 0.7528 Acc: 0.6926
2026-03-25 02:30:20 [INFO] Linear Epoch  35 | Val AUC: 0.7538 Acc: 0.6945
2026-03-25 02:30:26 [INFO] Linear Epoch  40 | Val AUC: 0.7524 Acc: 0.6941
2026-03-25 02:30:27 [INFO] Linear Epoch  41 | Val AUC: 0.7540 Acc: 0.6924
2026-03-25 02:30:31 [INFO] Linear Epoch  44 | Val AUC: 0.7542 Acc: 0.6952
2026-03-25 02:30:33 [INFO] Linear Epoch  45 | Val AUC: 0.7537 Acc: 0.6944
2026-03-25 02:30:34 [INFO] Linear Epoch  46 | Val AUC: 0.7542 Acc: 0.6949
2026-03-25 02:30:39 [INFO] Linear Epoch  50 | Val AUC: 0.7533 Acc: 0.6952
2026-03-25 02:30:39 [INFO] Linear eval done. Best val AUC: 0.7542
2026-03-25 02:30:39 [INFO] Done!
