2026-03-24 18:16:23 [INFO] Experiment: moco_custom_swin
2026-03-24 18:16:23 [INFO] Config: {'experiment_name': 'moco_custom_swin', 'data_path': 'data/processed/percentile/all_images.npy', 'method': 'moco', 'encoder': 'custom_swin', 'embed_dim': 256, 'temperature': 0.1, 'queue_size': 4096, 'moco_momentum': 0.999, 'translate_frac': 0.1, 'noise_std': 0.02, 'intensity_range': [0.8, 1.2], 'erase_prob': 0.3, 'batch_size': 128, 'learning_rate': 1e-05, 'min_lr': 1e-07, 'weight_decay': 0.0001, 'pretrain_epochs': 30, 'linear_epochs': 50, 'seed': 42}
2026-03-24 18:16:23 [INFO] Data: 139306 images
2026-03-24 18:16:23 [INFO] Split: train=111444, val=13931, test=13931
2026-03-24 18:16:23 [INFO] DataLoader ready: 871 batches, batch_size=128
2026-03-24 18:16:23 [INFO] Method: moco, Encoder: custom_swin
2026-03-24 18:16:23 [INFO] Trainable parameters: 8,837,506
2026-03-24 18:16:23 [INFO] === Phase 1: Contrastive Pretraining ===
2026-03-24 18:16:24 [INFO]   Epoch 1 batch 1/871 | loss: 0.2072 (avg: 0.2072)
2026-03-24 18:16:27 [INFO]   Epoch 1 batch 10/871 | loss: 7.0383 (avg: 5.6659)
2026-03-24 18:16:56 [INFO]   Epoch 1 batch 100/871 | loss: 8.0019 (avg: 7.7244)
2026-03-24 18:17:32 [INFO]   Epoch 1 batch 200/871 | loss: 7.9767 (avg: 7.8561)
2026-03-24 18:18:47 [INFO]   Epoch 1 batch 400/871 | loss: 7.9566 (avg: 7.9083)
2026-03-24 18:20:09 [INFO]   Epoch 1 batch 600/871 | loss: 7.9645 (avg: 7.9281)
2026-03-24 18:21:40 [INFO]   Epoch 1 batch 800/871 | loss: 7.9419 (avg: 7.9384)
2026-03-24 18:22:14 [INFO] Pretrain Epoch   1/30 | Loss: 7.9379 | LR: 9.97e-06
2026-03-24 18:22:14 [INFO]   -> Best pretrained model saved (loss=7.9379)
2026-03-24 18:22:14 [INFO]   Epoch 2 batch 1/871 | loss: 7.9174 (avg: 7.9174)
2026-03-24 18:22:17 [INFO]   Epoch 2 batch 10/871 | loss: 7.9131 (avg: 7.9148)
2026-03-24 18:22:50 [INFO]   Epoch 2 batch 100/871 | loss: 7.8898 (avg: 7.9034)
2026-03-24 18:23:27 [INFO]   Epoch 2 batch 200/871 | loss: 7.8845 (avg: 7.8927)
2026-03-24 18:24:42 [INFO]   Epoch 2 batch 400/871 | loss: 7.8807 (avg: 7.8819)
2026-03-24 18:25:58 [INFO]   Epoch 2 batch 600/871 | loss: 7.8834 (avg: 7.8832)
2026-03-24 18:27:15 [INFO]   Epoch 2 batch 800/871 | loss: 7.7537 (avg: 7.8668)
2026-03-24 18:27:43 [INFO] Pretrain Epoch   2/30 | Loss: 7.8570 | LR: 9.89e-06
2026-03-24 18:27:43 [INFO]   -> Best pretrained model saved (loss=7.8570)
2026-03-24 18:27:43 [INFO]   Epoch 3 batch 1/871 | loss: 7.6953 (avg: 7.6953)
2026-03-24 18:27:46 [INFO]   Epoch 3 batch 10/871 | loss: 7.6965 (avg: 7.7113)
2026-03-24 18:28:21 [INFO]   Epoch 3 batch 100/871 | loss: 7.6518 (avg: 7.6905)
2026-03-24 18:28:59 [INFO]   Epoch 3 batch 200/871 | loss: 7.6201 (avg: 7.6716)
2026-03-24 18:30:16 [INFO]   Epoch 3 batch 400/871 | loss: 7.5268 (avg: 7.6355)
2026-03-24 18:31:33 [INFO]   Epoch 3 batch 600/871 | loss: 7.4908 (avg: 7.6087)
2026-03-24 18:32:50 [INFO]   Epoch 3 batch 800/871 | loss: 7.3618 (avg: 7.5796)
2026-03-24 18:33:18 [INFO] Pretrain Epoch   3/30 | Loss: 7.5686 | LR: 9.76e-06
2026-03-24 18:33:18 [INFO]   -> Best pretrained model saved (loss=7.5686)
2026-03-24 18:33:18 [INFO]   Epoch 4 batch 1/871 | loss: 7.3851 (avg: 7.3851)
2026-03-24 18:33:22 [INFO]   Epoch 4 batch 10/871 | loss: 7.5076 (avg: 7.4204)
2026-03-24 18:33:57 [INFO]   Epoch 4 batch 100/871 | loss: 7.3723 (avg: 7.4054)
2026-03-24 18:34:36 [INFO]   Epoch 4 batch 200/871 | loss: 7.4815 (avg: 7.3843)
2026-03-24 18:35:55 [INFO]   Epoch 4 batch 400/871 | loss: 7.2441 (avg: 7.3444)
2026-03-24 18:37:12 [INFO]   Epoch 4 batch 600/871 | loss: 7.1329 (avg: 7.3021)
2026-03-24 18:38:30 [INFO]   Epoch 4 batch 800/871 | loss: 7.1393 (avg: 7.2607)
2026-03-24 18:38:58 [INFO] Pretrain Epoch   4/30 | Loss: 7.2449 | LR: 9.57e-06
2026-03-24 18:38:58 [INFO]   -> Best pretrained model saved (loss=7.2449)
2026-03-24 18:38:58 [INFO]   Epoch 5 batch 1/871 | loss: 7.0910 (avg: 7.0910)
2026-03-24 18:39:02 [INFO]   Epoch 5 batch 10/871 | loss: 6.9987 (avg: 7.0643)
2026-03-24 18:39:37 [INFO]   Epoch 5 batch 100/871 | loss: 6.9376 (avg: 7.0287)
2026-03-24 18:40:17 [INFO]   Epoch 5 batch 200/871 | loss: 7.0564 (avg: 7.0110)
2026-03-24 18:41:35 [INFO]   Epoch 5 batch 400/871 | loss: 6.8956 (avg: 6.9583)
2026-03-24 18:42:53 [INFO]   Epoch 5 batch 600/871 | loss: 6.9786 (avg: 6.9066)
2026-03-24 18:44:12 [INFO]   Epoch 5 batch 800/871 | loss: 6.4079 (avg: 6.8512)
2026-03-24 18:44:40 [INFO] Pretrain Epoch   5/30 | Loss: 6.8319 | LR: 9.34e-06
2026-03-24 18:44:40 [INFO]   -> Best pretrained model saved (loss=6.8319)
2026-03-24 18:44:40 [INFO]   Epoch 6 batch 1/871 | loss: 6.7062 (avg: 6.7062)
2026-03-24 18:44:44 [INFO]   Epoch 6 batch 10/871 | loss: 6.5597 (avg: 6.5897)
2026-03-24 18:45:19 [INFO]   Epoch 6 batch 100/871 | loss: 6.4273 (avg: 6.5752)
2026-03-24 18:45:59 [INFO]   Epoch 6 batch 200/871 | loss: 6.6168 (avg: 6.5445)
2026-03-24 18:47:17 [INFO]   Epoch 6 batch 400/871 | loss: 6.3173 (avg: 6.4945)
2026-03-24 18:48:35 [INFO]   Epoch 6 batch 600/871 | loss: 6.1387 (avg: 6.4378)
2026-03-24 18:49:54 [INFO]   Epoch 6 batch 800/871 | loss: 6.2772 (avg: 6.3908)
2026-03-24 18:50:22 [INFO] Pretrain Epoch   6/30 | Loss: 6.3709 | LR: 9.05e-06
2026-03-24 18:50:22 [INFO]   -> Best pretrained model saved (loss=6.3709)
2026-03-24 18:50:22 [INFO]   Epoch 7 batch 1/871 | loss: 6.1972 (avg: 6.1972)
2026-03-24 18:50:26 [INFO]   Epoch 7 batch 10/871 | loss: 6.1501 (avg: 6.1380)
2026-03-24 18:51:03 [INFO]   Epoch 7 batch 100/871 | loss: 6.2858 (avg: 6.1364)
2026-03-24 18:51:43 [INFO]   Epoch 7 batch 200/871 | loss: 5.9578 (avg: 6.1133)
2026-03-24 18:53:04 [INFO]   Epoch 7 batch 400/871 | loss: 6.1932 (avg: 6.0700)
2026-03-24 18:54:26 [INFO]   Epoch 7 batch 600/871 | loss: 5.8111 (avg: 6.0343)
2026-03-24 18:55:43 [INFO]   Epoch 7 batch 800/871 | loss: 6.0096 (avg: 5.9912)
2026-03-24 18:56:11 [INFO] Pretrain Epoch   7/30 | Loss: 5.9767 | LR: 8.73e-06
2026-03-24 18:56:11 [INFO]   -> Best pretrained model saved (loss=5.9767)
2026-03-24 18:56:11 [INFO]   Epoch 8 batch 1/871 | loss: 5.6412 (avg: 5.6412)
2026-03-24 18:56:15 [INFO]   Epoch 8 batch 10/871 | loss: 5.8165 (avg: 5.8148)
2026-03-24 18:56:49 [INFO]   Epoch 8 batch 100/871 | loss: 5.8309 (avg: 5.7804)
2026-03-24 18:57:29 [INFO]   Epoch 8 batch 200/871 | loss: 5.6568 (avg: 5.7582)
2026-03-24 18:58:55 [INFO]   Epoch 8 batch 400/871 | loss: 5.7214 (avg: 5.7359)
2026-03-24 19:00:21 [INFO]   Epoch 8 batch 600/871 | loss: 5.6092 (avg: 5.6997)
2026-03-24 19:01:45 [INFO]   Epoch 8 batch 800/871 | loss: 5.5620 (avg: 5.6637)
2026-03-24 19:02:14 [INFO] Pretrain Epoch   8/30 | Loss: 5.6546 | LR: 8.36e-06
2026-03-24 19:02:14 [INFO]   -> Best pretrained model saved (loss=5.6546)
2026-03-24 19:02:15 [INFO]   Epoch 9 batch 1/871 | loss: 5.5152 (avg: 5.5152)
2026-03-24 19:02:19 [INFO]   Epoch 9 batch 10/871 | loss: 5.4167 (avg: 5.4839)
2026-03-24 19:02:56 [INFO]   Epoch 9 batch 100/871 | loss: 5.7173 (avg: 5.5007)
2026-03-24 19:03:36 [INFO]   Epoch 9 batch 200/871 | loss: 5.4938 (avg: 5.4816)
2026-03-24 19:04:59 [INFO]   Epoch 9 batch 400/871 | loss: 5.2991 (avg: 5.4520)
2026-03-24 19:05:05 [INFO] Experiment: moco_custom_swin
2026-03-24 19:05:05 [INFO] Config: {'experiment_name': 'moco_custom_swin', 'data_path': 'data/processed/percentile/all_images.npy', 'method': 'moco', 'encoder': 'custom_swin', 'embed_dim': 256, 'temperature': 0.1, 'queue_size': 4096, 'moco_momentum': 0.999, 'translate_frac': 0.1, 'noise_std': 0.02, 'intensity_range': [0.8, 1.2], 'erase_prob': 0.3, 'batch_size': 128, 'learning_rate': 2e-05, 'min_lr': 1e-06, 'weight_decay': 0.0001, 'pretrain_epochs': 50, 'linear_epochs': 50, 'seed': 42}
2026-03-24 19:05:05 [INFO] Data: 139306 images
2026-03-24 19:05:05 [INFO] Split: train=111444, val=13931, test=13931
2026-03-24 19:05:05 [INFO] DataLoader ready: 871 batches, batch_size=128
2026-03-24 19:05:05 [INFO] Method: moco, Encoder: custom_swin
2026-03-24 19:05:05 [INFO] Trainable parameters: 8,837,506
2026-03-24 19:05:05 [INFO] === Phase 1: Contrastive Pretraining ===
2026-03-24 19:05:08 [INFO]   Epoch 1 batch 1/871 | loss: 0.2056 (avg: 0.2056)
2026-03-24 19:05:14 [INFO]   Epoch 1 batch 10/871 | loss: 7.0231 (avg: 5.6600)
2026-03-24 19:06:20 [INFO]   Epoch 1 batch 100/871 | loss: 7.9099 (avg: 7.6622)
2026-03-24 19:07:27 [INFO]   Epoch 9 batch 600/871 | loss: 5.2391 (avg: 5.4285)
2026-03-24 19:07:43 [INFO]   Epoch 1 batch 200/871 | loss: 7.8805 (avg: 7.7780)
2026-03-24 19:10:10 [INFO]   Epoch 9 batch 800/871 | loss: 5.4713 (avg: 5.4021)
2026-03-24 19:10:26 [INFO]   Epoch 1 batch 400/871 | loss: 7.8944 (avg: 7.8295)
2026-03-24 19:11:08 [INFO] Pretrain Epoch   9/30 | Loss: 5.3911 | LR: 7.96e-06
2026-03-24 19:11:08 [INFO]   -> Best pretrained model saved (loss=5.3911)
2026-03-24 19:11:09 [INFO]   Epoch 10 batch 1/871 | loss: 5.2465 (avg: 5.2465)
2026-03-24 19:11:16 [INFO]   Epoch 10 batch 10/871 | loss: 5.3351 (avg: 5.2965)
2026-03-24 19:12:27 [INFO]   Epoch 10 batch 100/871 | loss: 5.1520 (avg: 5.2918)
2026-03-24 19:13:09 [INFO]   Epoch 1 batch 600/871 | loss: 7.9094 (avg: 7.8589)
2026-03-24 19:13:46 [INFO]   Epoch 10 batch 200/871 | loss: 5.3647 (avg: 5.2652)
2026-03-24 19:15:46 [INFO]   Epoch 1 batch 800/871 | loss: 7.8584 (avg: 7.8644)
2026-03-24 19:16:21 [INFO]   Epoch 10 batch 400/871 | loss: 5.1305 (avg: 5.2383)
2026-03-24 19:16:41 [INFO] Pretrain Epoch   1/50 | Loss: 7.8636 | LR: 2.00e-05
2026-03-24 19:16:41 [INFO]   -> Best pretrained model saved (loss=7.8636)
2026-03-24 19:16:42 [INFO]   Epoch 2 batch 1/871 | loss: 7.8472 (avg: 7.8472)
2026-03-24 19:16:49 [INFO]   Epoch 2 batch 10/871 | loss: 7.8539 (avg: 7.8504)
2026-03-24 19:17:58 [INFO]   Epoch 2 batch 100/871 | loss: 7.8667 (avg: 7.8585)
2026-03-24 19:18:53 [INFO]   Epoch 10 batch 600/871 | loss: 5.2695 (avg: 5.2085)
2026-03-24 19:19:14 [INFO]   Epoch 2 batch 200/871 | loss: 7.8968 (avg: 7.8692)
2026-03-24 19:21:29 [INFO]   Epoch 10 batch 800/871 | loss: 5.0385 (avg: 5.1864)
2026-03-24 19:21:51 [INFO]   Epoch 2 batch 400/871 | loss: 7.9222 (avg: 7.8918)
2026-03-24 19:22:25 [INFO] Pretrain Epoch  10/30 | Loss: 5.1767 | LR: 7.53e-06
2026-03-24 19:22:25 [INFO]   -> Best pretrained model saved (loss=5.1767)
2026-03-24 19:22:26 [INFO]   Epoch 11 batch 1/871 | loss: 5.0735 (avg: 5.0735)
2026-03-24 19:22:33 [INFO]   Epoch 11 batch 10/871 | loss: 5.1884 (avg: 5.0287)
2026-03-24 19:23:44 [INFO]   Epoch 11 batch 100/871 | loss: 5.1531 (avg: 5.0698)
2026-03-24 19:24:28 [INFO]   Epoch 2 batch 600/871 | loss: 7.8970 (avg: 7.9068)
2026-03-24 19:25:00 [INFO]   Epoch 11 batch 200/871 | loss: 5.1869 (avg: 5.0666)
2026-03-24 19:27:05 [INFO]   Epoch 2 batch 800/871 | loss: 7.7939 (avg: 7.8974)
2026-03-24 19:27:37 [INFO]   Epoch 11 batch 400/871 | loss: 5.2365 (avg: 5.0381)
2026-03-24 19:28:00 [INFO] Pretrain Epoch   2/50 | Loss: 7.8864 | LR: 1.99e-05
2026-03-24 19:28:01 [INFO]   Epoch 3 batch 1/871 | loss: 7.7586 (avg: 7.7586)
2026-03-24 19:28:07 [INFO]   Epoch 3 batch 10/871 | loss: 7.7573 (avg: 7.7370)
2026-03-24 19:29:19 [INFO]   Epoch 3 batch 100/871 | loss: 7.6419 (avg: 7.6836)
2026-03-24 19:30:14 [INFO]   Epoch 11 batch 600/871 | loss: 4.8653 (avg: 5.0236)
2026-03-24 19:30:36 [INFO]   Epoch 3 batch 200/871 | loss: 7.5276 (avg: 7.6363)
2026-03-24 19:32:56 [INFO]   Epoch 11 batch 800/871 | loss: 5.0789 (avg: 5.0035)
2026-03-24 19:33:19 [INFO]   Epoch 3 batch 400/871 | loss: 7.5415 (avg: 7.5916)
2026-03-24 19:33:54 [INFO] Pretrain Epoch  11/30 | Loss: 4.9984 | LR: 7.06e-06
2026-03-24 19:33:55 [INFO]   -> Best pretrained model saved (loss=4.9984)
2026-03-24 19:33:56 [INFO]   Epoch 12 batch 1/871 | loss: 4.8175 (avg: 4.8175)
2026-03-24 19:34:03 [INFO]   Epoch 12 batch 10/871 | loss: 5.0540 (avg: 4.9692)
2026-03-24 19:35:17 [INFO]   Epoch 12 batch 100/871 | loss: 4.8806 (avg: 4.9064)
2026-03-24 19:36:02 [INFO]   Epoch 3 batch 600/871 | loss: 7.6110 (avg: 7.5644)
2026-03-24 19:36:36 [INFO]   Epoch 12 batch 200/871 | loss: 4.8783 (avg: 4.8921)
2026-03-24 19:38:42 [INFO]   Epoch 3 batch 800/871 | loss: 7.5032 (avg: 7.5341)
2026-03-24 19:39:16 [INFO]   Epoch 12 batch 400/871 | loss: 4.8509 (avg: 4.8691)
2026-03-24 19:39:38 [INFO] Pretrain Epoch   3/50 | Loss: 7.5207 | LR: 1.98e-05
2026-03-24 19:39:38 [INFO]   -> Best pretrained model saved (loss=7.5207)
2026-03-24 19:39:39 [INFO]   Epoch 4 batch 1/871 | loss: 7.3102 (avg: 7.3102)
2026-03-24 19:39:47 [INFO]   Epoch 4 batch 10/871 | loss: 7.3116 (avg: 7.3463)
2026-03-24 19:40:57 [INFO]   Epoch 4 batch 100/871 | loss: 7.2666 (avg: 7.3372)
2026-03-24 19:41:51 [INFO]   Epoch 12 batch 600/871 | loss: 4.6522 (avg: 4.8563)
2026-03-24 19:42:16 [INFO]   Epoch 4 batch 200/871 | loss: 7.2795 (avg: 7.3209)
2026-03-24 19:44:33 [INFO]   Epoch 12 batch 800/871 | loss: 4.6611 (avg: 4.8399)
2026-03-24 19:44:57 [INFO]   Epoch 4 batch 400/871 | loss: 7.2148 (avg: 7.2743)
2026-03-24 19:45:30 [INFO] Pretrain Epoch  12/30 | Loss: 4.8355 | LR: 6.58e-06
2026-03-24 19:45:30 [INFO]   -> Best pretrained model saved (loss=4.8355)
2026-03-24 19:45:31 [INFO]   Epoch 13 batch 1/871 | loss: 4.6653 (avg: 4.6653)
2026-03-24 19:45:38 [INFO]   Epoch 13 batch 10/871 | loss: 4.8077 (avg: 4.7943)
2026-03-24 19:46:47 [INFO]   Epoch 13 batch 100/871 | loss: 4.8000 (avg: 4.7561)
2026-03-24 19:47:34 [INFO]   Epoch 4 batch 600/871 | loss: 7.2225 (avg: 7.2277)
2026-03-24 19:48:05 [INFO]   Epoch 13 batch 200/871 | loss: 4.7965 (avg: 4.7473)
2026-03-24 19:50:05 [INFO]   Epoch 4 batch 800/871 | loss: 7.1281 (avg: 7.1859)
2026-03-24 19:50:35 [INFO]   Epoch 13 batch 400/871 | loss: 4.4417 (avg: 4.7278)
2026-03-24 19:50:59 [INFO] Pretrain Epoch   4/50 | Loss: 7.1715 | LR: 1.97e-05
2026-03-24 19:50:59 [INFO]   -> Best pretrained model saved (loss=7.1715)
2026-03-24 19:51:00 [INFO]   Epoch 5 batch 1/871 | loss: 6.9678 (avg: 6.9678)
2026-03-24 19:51:07 [INFO]   Epoch 5 batch 10/871 | loss: 7.0027 (avg: 6.9988)
2026-03-24 19:52:13 [INFO]   Epoch 5 batch 100/871 | loss: 7.1626 (avg: 6.9728)
2026-03-24 19:53:03 [INFO]   Epoch 13 batch 600/871 | loss: 4.6802 (avg: 4.7117)
2026-03-24 19:53:26 [INFO]   Epoch 5 batch 200/871 | loss: 6.8897 (avg: 6.9389)
2026-03-24 19:55:29 [INFO]   Epoch 13 batch 800/871 | loss: 4.6178 (avg: 4.6971)
2026-03-24 19:55:52 [INFO]   Epoch 5 batch 400/871 | loss: 6.7453 (avg: 6.8875)
2026-03-24 19:56:20 [INFO] Pretrain Epoch  13/30 | Loss: 4.6920 | LR: 6.08e-06
2026-03-24 19:56:20 [INFO]   -> Best pretrained model saved (loss=4.6920)
2026-03-24 19:56:21 [INFO]   Epoch 14 batch 1/871 | loss: 4.6366 (avg: 4.6366)
2026-03-24 19:56:28 [INFO]   Epoch 14 batch 10/871 | loss: 4.4631 (avg: 4.6139)
2026-03-24 19:57:31 [INFO]   Epoch 14 batch 100/871 | loss: 4.6402 (avg: 4.6500)
2026-03-24 19:58:14 [INFO]   Epoch 5 batch 600/871 | loss: 6.6247 (avg: 6.8358)
2026-03-24 19:58:43 [INFO]   Epoch 14 batch 200/871 | loss: 4.5891 (avg: 4.6246)
2026-03-24 20:00:47 [INFO]   Epoch 5 batch 800/871 | loss: 6.4679 (avg: 6.7762)
2026-03-24 20:01:15 [INFO]   Epoch 14 batch 400/871 | loss: 4.7624 (avg: 4.5994)
2026-03-24 20:01:39 [INFO] Pretrain Epoch   5/50 | Loss: 6.7546 | LR: 1.95e-05
2026-03-24 20:01:39 [INFO]   -> Best pretrained model saved (loss=6.7546)
2026-03-24 20:01:40 [INFO]   Epoch 6 batch 1/871 | loss: 6.5166 (avg: 6.5166)
2026-03-24 20:01:47 [INFO]   Epoch 6 batch 10/871 | loss: 6.3097 (avg: 6.4753)
2026-03-24 20:02:53 [INFO]   Epoch 6 batch 100/871 | loss: 6.3408 (avg: 6.4662)
2026-03-24 20:03:45 [INFO]   Epoch 14 batch 600/871 | loss: 4.5762 (avg: 4.5866)
2026-03-24 20:04:10 [INFO]   Epoch 6 batch 200/871 | loss: 6.3101 (avg: 6.4273)
2026-03-24 20:06:17 [INFO]   Epoch 14 batch 800/871 | loss: 4.4240 (avg: 4.5788)
2026-03-24 20:06:40 [INFO]   Epoch 6 batch 400/871 | loss: 6.2341 (avg: 6.3510)
2026-03-24 20:07:12 [INFO] Pretrain Epoch  14/30 | Loss: 4.5762 | LR: 5.57e-06
2026-03-24 20:07:12 [INFO]   -> Best pretrained model saved (loss=4.5762)
2026-03-24 20:07:13 [INFO]   Epoch 15 batch 1/871 | loss: 4.6290 (avg: 4.6290)
2026-03-24 20:07:20 [INFO]   Epoch 15 batch 10/871 | loss: 4.6025 (avg: 4.4893)
2026-03-24 20:08:30 [INFO]   Epoch 15 batch 100/871 | loss: 4.5295 (avg: 4.5156)
2026-03-24 20:09:17 [INFO]   Epoch 6 batch 600/871 | loss: 6.1316 (avg: 6.2842)
2026-03-24 20:09:50 [INFO]   Epoch 15 batch 200/871 | loss: 4.3289 (avg: 4.5225)
2026-03-24 20:11:51 [INFO]   Epoch 6 batch 800/871 | loss: 5.9124 (avg: 6.2148)
2026-03-24 20:12:21 [INFO]   Epoch 15 batch 400/871 | loss: 4.6150 (avg: 4.5206)
2026-03-24 20:12:44 [INFO] Pretrain Epoch   6/50 | Loss: 6.1908 | LR: 1.93e-05
2026-03-24 20:12:44 [INFO]   -> Best pretrained model saved (loss=6.1908)
2026-03-24 20:12:45 [INFO]   Epoch 7 batch 1/871 | loss: 5.8069 (avg: 5.8069)
2026-03-24 20:12:52 [INFO]   Epoch 7 batch 10/871 | loss: 6.1101 (avg: 5.9182)
2026-03-24 20:13:59 [INFO]   Epoch 7 batch 100/871 | loss: 5.9019 (avg: 5.8444)
2026-03-24 20:14:51 [INFO]   Epoch 15 batch 600/871 | loss: 4.1827 (avg: 4.5083)
2026-03-24 20:15:14 [INFO]   Epoch 7 batch 200/871 | loss: 5.6401 (avg: 5.8199)
2026-03-24 20:17:23 [INFO]   Epoch 15 batch 800/871 | loss: 4.4999 (avg: 4.4969)
2026-03-24 20:17:47 [INFO]   Epoch 7 batch 400/871 | loss: 5.7405 (avg: 5.7635)
2026-03-24 20:18:17 [INFO] Pretrain Epoch  15/30 | Loss: 4.4930 | LR: 5.05e-06
2026-03-24 20:18:17 [INFO]   -> Best pretrained model saved (loss=4.4930)
2026-03-24 20:18:18 [INFO]   Epoch 16 batch 1/871 | loss: 4.3163 (avg: 4.3163)
2026-03-24 20:18:25 [INFO]   Epoch 16 batch 10/871 | loss: 4.4538 (avg: 4.4008)
2026-03-24 20:19:34 [INFO]   Epoch 16 batch 100/871 | loss: 4.5561 (avg: 4.4144)
2026-03-24 20:20:19 [INFO]   Epoch 7 batch 600/871 | loss: 5.6405 (avg: 5.7014)
2026-03-24 20:20:49 [INFO]   Epoch 16 batch 200/871 | loss: 4.3919 (avg: 4.4221)
2026-03-24 20:22:49 [INFO]   Epoch 7 batch 800/871 | loss: 5.6652 (avg: 5.6438)
2026-03-24 20:23:19 [INFO]   Epoch 16 batch 400/871 | loss: 4.3494 (avg: 4.4204)
2026-03-24 20:23:44 [INFO] Pretrain Epoch   7/50 | Loss: 5.6253 | LR: 1.91e-05
2026-03-24 20:23:44 [INFO]   -> Best pretrained model saved (loss=5.6253)
2026-03-24 20:23:45 [INFO]   Epoch 8 batch 1/871 | loss: 5.4800 (avg: 5.4800)
2026-03-24 20:23:51 [INFO]   Epoch 8 batch 10/871 | loss: 5.2729 (avg: 5.3934)
2026-03-24 20:25:00 [INFO]   Epoch 8 batch 100/871 | loss: 5.1901 (avg: 5.3803)
2026-03-24 20:25:53 [INFO]   Epoch 16 batch 600/871 | loss: 4.2382 (avg: 4.4122)
2026-03-24 20:26:17 [INFO]   Epoch 8 batch 200/871 | loss: 5.3652 (avg: 5.3579)
2026-03-24 20:28:29 [INFO]   Epoch 16 batch 800/871 | loss: 4.3204 (avg: 4.4024)
2026-03-24 20:28:53 [INFO]   Epoch 8 batch 400/871 | loss: 5.2278 (avg: 5.3132)
2026-03-24 20:29:24 [INFO] Pretrain Epoch  16/30 | Loss: 4.3967 | LR: 4.53e-06
2026-03-24 20:29:24 [INFO]   -> Best pretrained model saved (loss=4.3967)
2026-03-24 20:29:25 [INFO]   Epoch 17 batch 1/871 | loss: 4.5328 (avg: 4.5328)
2026-03-24 20:29:32 [INFO]   Epoch 17 batch 10/871 | loss: 4.5978 (avg: 4.4687)
2026-03-24 20:30:41 [INFO]   Epoch 17 batch 100/871 | loss: 4.2042 (avg: 4.3492)
2026-03-24 20:31:32 [INFO]   Epoch 8 batch 600/871 | loss: 4.8489 (avg: 5.2769)
2026-03-24 20:32:03 [INFO]   Epoch 17 batch 200/871 | loss: 4.4012 (avg: 4.3482)
2026-03-24 20:34:11 [INFO]   Epoch 8 batch 800/871 | loss: 5.0824 (avg: 5.2319)
2026-03-24 20:34:42 [INFO]   Epoch 17 batch 400/871 | loss: 4.2760 (avg: 4.3505)
2026-03-24 20:35:08 [INFO] Pretrain Epoch   8/50 | Loss: 5.2184 | LR: 1.88e-05
2026-03-24 20:35:08 [INFO]   -> Best pretrained model saved (loss=5.2184)
2026-03-24 20:35:09 [INFO]   Epoch 9 batch 1/871 | loss: 4.9230 (avg: 4.9230)
2026-03-24 20:35:16 [INFO]   Epoch 9 batch 10/871 | loss: 5.0137 (avg: 5.0740)
2026-03-24 20:36:27 [INFO]   Epoch 9 batch 100/871 | loss: 5.1826 (avg: 5.0398)
2026-03-24 20:37:19 [INFO]   Epoch 17 batch 600/871 | loss: 4.3030 (avg: 4.3371)
2026-03-24 20:37:44 [INFO]   Epoch 9 batch 200/871 | loss: 4.9842 (avg: 5.0377)
2026-03-24 20:39:58 [INFO]   Epoch 17 batch 800/871 | loss: 4.4326 (avg: 4.3273)
2026-03-24 20:40:24 [INFO]   Epoch 9 batch 400/871 | loss: 4.7927 (avg: 4.9964)
2026-03-24 20:40:52 [INFO] Pretrain Epoch  17/30 | Loss: 4.3250 | LR: 4.02e-06
2026-03-24 20:40:53 [INFO]   -> Best pretrained model saved (loss=4.3250)
2026-03-24 20:40:53 [INFO]   Epoch 18 batch 1/871 | loss: 4.2506 (avg: 4.2506)
2026-03-24 20:41:00 [INFO]   Epoch 18 batch 10/871 | loss: 4.3411 (avg: 4.2569)
2026-03-24 20:42:09 [INFO]   Epoch 18 batch 100/871 | loss: 4.3347 (avg: 4.2493)
2026-03-24 20:43:02 [INFO]   Epoch 9 batch 600/871 | loss: 4.9963 (avg: 4.9629)
2026-03-24 20:43:35 [INFO]   Epoch 18 batch 200/871 | loss: 4.4497 (avg: 4.2722)
2026-03-24 20:45:41 [INFO]   Epoch 9 batch 800/871 | loss: 4.5589 (avg: 4.9363)
2026-03-24 20:46:09 [INFO]   Epoch 18 batch 400/871 | loss: 4.3267 (avg: 4.2591)
2026-03-24 20:46:34 [INFO] Pretrain Epoch   9/50 | Loss: 4.9259 | LR: 1.85e-05
2026-03-24 20:46:35 [INFO]   -> Best pretrained model saved (loss=4.9259)
2026-03-24 20:46:36 [INFO]   Epoch 10 batch 1/871 | loss: 4.7169 (avg: 4.7169)
2026-03-24 20:46:42 [INFO]   Epoch 10 batch 10/871 | loss: 4.9045 (avg: 4.7517)
2026-03-24 20:47:50 [INFO]   Epoch 10 batch 100/871 | loss: 4.7296 (avg: 4.7725)
2026-03-24 20:48:40 [INFO]   Epoch 18 batch 600/871 | loss: 4.2028 (avg: 4.2556)
2026-03-24 20:49:05 [INFO]   Epoch 10 batch 200/871 | loss: 4.6819 (avg: 4.7644)
2026-03-24 20:51:13 [INFO]   Epoch 18 batch 800/871 | loss: 4.1377 (avg: 4.2480)
2026-03-24 20:51:38 [INFO]   Epoch 10 batch 400/871 | loss: 4.5919 (avg: 4.7437)
2026-03-24 20:52:07 [INFO] Pretrain Epoch  18/30 | Loss: 4.2452 | LR: 3.52e-06
2026-03-24 20:52:08 [INFO]   -> Best pretrained model saved (loss=4.2452)
2026-03-24 20:52:08 [INFO]   Epoch 19 batch 1/871 | loss: 4.0251 (avg: 4.0251)
2026-03-24 20:52:16 [INFO]   Epoch 19 batch 10/871 | loss: 4.3280 (avg: 4.2177)
2026-03-24 20:53:23 [INFO]   Epoch 19 batch 100/871 | loss: 4.4029 (avg: 4.2147)
2026-03-24 20:54:13 [INFO]   Epoch 10 batch 600/871 | loss: 4.5916 (avg: 4.7207)
2026-03-24 20:54:42 [INFO]   Epoch 19 batch 200/871 | loss: 4.4159 (avg: 4.2088)
2026-03-24 20:56:47 [INFO]   Epoch 10 batch 800/871 | loss: 4.6406 (avg: 4.6949)
2026-03-24 20:57:16 [INFO]   Epoch 19 batch 400/871 | loss: 4.1913 (avg: 4.2017)
2026-03-24 20:57:40 [INFO] Pretrain Epoch  10/50 | Loss: 4.6880 | LR: 1.82e-05
2026-03-24 20:57:40 [INFO]   -> Best pretrained model saved (loss=4.6880)
2026-03-24 20:57:41 [INFO]   Epoch 11 batch 1/871 | loss: 4.7668 (avg: 4.7668)
2026-03-24 20:57:47 [INFO]   Epoch 11 batch 10/871 | loss: 4.7766 (avg: 4.5897)
2026-03-24 20:58:53 [INFO]   Epoch 11 batch 100/871 | loss: 4.4457 (avg: 4.6000)
2026-03-24 20:59:40 [INFO]   Epoch 19 batch 600/871 | loss: 4.2159 (avg: 4.1950)
2026-03-24 21:00:06 [INFO]   Epoch 11 batch 200/871 | loss: 4.5387 (avg: 4.5857)
2026-03-24 21:02:05 [INFO]   Epoch 19 batch 800/871 | loss: 4.2011 (avg: 4.1852)
2026-03-24 21:02:30 [INFO]   Epoch 11 batch 400/871 | loss: 4.4268 (avg: 4.5576)
2026-03-24 21:02:57 [INFO] Pretrain Epoch  19/30 | Loss: 4.1832 | LR: 3.04e-06
2026-03-24 21:02:57 [INFO]   -> Best pretrained model saved (loss=4.1832)
2026-03-24 21:02:58 [INFO]   Epoch 20 batch 1/871 | loss: 4.3189 (avg: 4.3189)
2026-03-24 21:03:05 [INFO]   Epoch 20 batch 10/871 | loss: 4.3509 (avg: 4.2102)
2026-03-24 21:04:09 [INFO]   Epoch 20 batch 100/871 | loss: 3.9080 (avg: 4.1593)
2026-03-24 21:04:54 [INFO]   Epoch 11 batch 600/871 | loss: 4.2885 (avg: 4.5342)
2026-03-24 21:05:20 [INFO]   Epoch 20 batch 200/871 | loss: 4.3372 (avg: 4.1525)
2026-03-24 21:07:22 [INFO]   Epoch 11 batch 800/871 | loss: 4.6823 (avg: 4.5045)
2026-03-24 21:07:47 [INFO]   Epoch 20 batch 400/871 | loss: 4.0971 (avg: 4.1408)
2026-03-24 21:08:12 [INFO] Pretrain Epoch  11/50 | Loss: 4.4961 | LR: 1.78e-05
2026-03-24 21:08:12 [INFO]   -> Best pretrained model saved (loss=4.4961)
2026-03-24 21:08:13 [INFO]   Epoch 12 batch 1/871 | loss: 4.3428 (avg: 4.3428)
2026-03-24 21:08:20 [INFO]   Epoch 12 batch 10/871 | loss: 4.3979 (avg: 4.4741)
2026-03-24 21:09:24 [INFO]   Epoch 12 batch 100/871 | loss: 4.2741 (avg: 4.3732)
2026-03-24 21:10:10 [INFO]   Epoch 20 batch 600/871 | loss: 4.3576 (avg: 4.1390)
2026-03-24 21:10:36 [INFO]   Epoch 12 batch 200/871 | loss: 4.0806 (avg: 4.3757)
2026-03-24 21:12:35 [INFO]   Epoch 20 batch 800/871 | loss: 3.9172 (avg: 4.1365)
2026-03-24 21:13:00 [INFO]   Epoch 12 batch 400/871 | loss: 4.0999 (avg: 4.3613)
2026-03-24 21:13:26 [INFO] Pretrain Epoch  20/30 | Loss: 4.1329 | LR: 2.58e-06
2026-03-24 21:13:26 [INFO]   -> Best pretrained model saved (loss=4.1329)
2026-03-24 21:13:27 [INFO]   Epoch 21 batch 1/871 | loss: 4.1705 (avg: 4.1705)
2026-03-24 21:13:33 [INFO]   Epoch 21 batch 10/871 | loss: 3.7597 (avg: 4.1537)
2026-03-24 21:14:40 [INFO]   Epoch 21 batch 100/871 | loss: 4.1344 (avg: 4.1030)
2026-03-24 21:15:27 [INFO]   Epoch 12 batch 600/871 | loss: 4.3551 (avg: 4.3364)
2026-03-24 21:15:53 [INFO]   Epoch 21 batch 200/871 | loss: 4.0726 (avg: 4.0981)
2026-03-24 21:17:54 [INFO]   Epoch 12 batch 800/871 | loss: 4.1380 (avg: 4.3176)
2026-03-24 21:18:19 [INFO]   Epoch 21 batch 400/871 | loss: 3.8718 (avg: 4.0942)
2026-03-24 21:18:45 [INFO] Pretrain Epoch  12/50 | Loss: 4.3095 | LR: 1.74e-05
2026-03-24 21:18:45 [INFO]   -> Best pretrained model saved (loss=4.3095)
2026-03-24 21:18:46 [INFO]   Epoch 13 batch 1/871 | loss: 4.3620 (avg: 4.3620)
2026-03-24 21:18:53 [INFO]   Epoch 13 batch 10/871 | loss: 4.5114 (avg: 4.2835)
2026-03-24 21:19:57 [INFO]   Epoch 13 batch 100/871 | loss: 4.0988 (avg: 4.2149)
2026-03-24 21:20:44 [INFO]   Epoch 21 batch 600/871 | loss: 4.0616 (avg: 4.0896)
2026-03-24 21:21:10 [INFO]   Epoch 13 batch 200/871 | loss: 4.0737 (avg: 4.1924)
2026-03-24 21:23:06 [INFO]   Epoch 21 batch 800/871 | loss: 3.8972 (avg: 4.0870)
2026-03-24 21:23:32 [INFO]   Epoch 13 batch 400/871 | loss: 4.0550 (avg: 4.1591)
2026-03-24 21:23:57 [INFO] Pretrain Epoch  21/30 | Loss: 4.0864 | LR: 2.14e-06
2026-03-24 21:23:57 [INFO]   -> Best pretrained model saved (loss=4.0864)
2026-03-24 21:23:58 [INFO]   Epoch 22 batch 1/871 | loss: 4.3862 (avg: 4.3862)
2026-03-24 21:24:05 [INFO]   Epoch 22 batch 10/871 | loss: 4.1682 (avg: 4.1325)
2026-03-24 21:25:14 [INFO]   Epoch 22 batch 100/871 | loss: 4.1500 (avg: 4.0447)
2026-03-24 21:26:04 [INFO]   Epoch 13 batch 600/871 | loss: 3.7688 (avg: 4.1519)
2026-03-24 21:26:31 [INFO]   Epoch 22 batch 200/871 | loss: 4.0141 (avg: 4.0438)
