2026-03-23 22:02:45 [INFO] Experiment: segnet_pt
2026-03-23 22:02:45 [INFO] Config: {'experiment_name': 'segnet_pt', 'model': 'segnet', 'data_path': 'data/processed/perchannel_raw/all_images.npy', 'train_split': 0.8, 'latent_dim': 512, 'encoder_channels': [32, 64, 128], 'batch_size': 128, 'learning_rate': 0.003, 'min_lr': 1e-05, 'weight_decay': 1e-05, 'num_epochs': 100, 'patience': 10, 'seed': 42, '_resume': None}
2026-03-23 22:02:47 [INFO] Data: 139306 samples
2026-03-23 22:02:48 [INFO] Parameters: 33,774,723
2026-03-23 22:02:48 [INFO] Loss: MSE
2026-03-23 22:04:30 [INFO] Epoch   1/100 | Train: 0.000040 | Val: 0.000004 | LR: 3.00e-03
2026-03-23 22:04:31 [INFO]   -> Best model saved (0.000004)
2026-03-23 22:06:08 [INFO] Epoch   2/100 | Train: 0.000004 | Val: 0.000004 | LR: 3.00e-03
2026-03-23 22:06:09 [INFO]   -> Best model saved (0.000004)
2026-03-23 22:07:50 [INFO] Epoch   3/100 | Train: 0.000004 | Val: 0.000004 | LR: 2.99e-03
2026-03-23 22:07:50 [INFO]   -> Best model saved (0.000004)
2026-03-23 22:09:21 [INFO] Epoch   4/100 | Train: 0.000004 | Val: 0.000004 | LR: 2.99e-03
2026-03-23 22:09:21 [INFO]   -> Best model saved (0.000004)
2026-03-23 22:10:35 [INFO] Epoch   5/100 | Train: 0.000004 | Val: 0.000004 | LR: 2.98e-03
2026-03-23 22:10:38 [INFO]   -> Best model saved (0.000004)
2026-03-23 22:11:56 [INFO] Epoch   6/100 | Train: 0.000004 | Val: 0.000004 | LR: 2.97e-03
2026-03-23 22:11:57 [INFO]   -> Best model saved (0.000004)
2026-03-23 22:13:16 [INFO] Epoch   7/100 | Train: 0.000004 | Val: 0.000004 | LR: 2.96e-03
2026-03-23 22:13:16 [INFO]   -> Best model saved (0.000004)
2026-03-23 22:14:36 [INFO] Epoch   8/100 | Train: 0.000004 | Val: 0.000004 | LR: 2.95e-03
2026-03-23 22:14:37 [INFO]   -> Best model saved (0.000004)
2026-03-23 22:15:58 [INFO] Epoch   9/100 | Train: 0.000004 | Val: 0.000004 | LR: 2.94e-03
2026-03-23 22:15:58 [INFO]   -> Best model saved (0.000004)
2026-03-23 22:17:28 [INFO] Epoch  10/100 | Train: 0.000004 | Val: 0.000004 | LR: 2.93e-03
2026-03-23 22:17:28 [INFO]   -> Best model saved (0.000004)
2026-03-23 22:18:54 [INFO] Epoch  11/100 | Train: 0.000004 | Val: 0.000004 | LR: 2.91e-03
2026-03-23 22:18:55 [INFO]   -> Best model saved (0.000004)
2026-03-23 22:20:17 [INFO] Epoch  12/100 | Train: 0.000004 | Val: 0.000004 | LR: 2.90e-03
2026-03-23 22:20:17 [INFO]   -> Best model saved (0.000004)
2026-03-23 22:21:59 [INFO] Epoch  13/100 | Train: 0.000004 | Val: 0.000004 | LR: 2.88e-03
2026-03-23 22:21:59 [INFO]   -> Best model saved (0.000004)
2026-03-23 22:23:30 [INFO] Epoch  14/100 | Train: 0.000004 | Val: 0.000004 | LR: 2.86e-03
2026-03-23 22:23:30 [INFO]   -> Best model saved (0.000004)
2026-03-23 22:25:00 [INFO] Epoch  15/100 | Train: 0.000004 | Val: 0.000004 | LR: 2.84e-03
2026-03-23 22:25:00 [INFO]   -> Best model saved (0.000004)
2026-03-23 22:26:34 [INFO] Epoch  16/100 | Train: 0.000004 | Val: 0.000004 | LR: 2.82e-03
2026-03-23 22:28:21 [INFO] Epoch  17/100 | Train: 0.000004 | Val: 0.000004 | LR: 2.79e-03
2026-03-23 22:28:21 [INFO]   -> Best model saved (0.000004)
2026-03-23 22:29:55 [INFO] Epoch  18/100 | Train: 0.000004 | Val: 0.000004 | LR: 2.77e-03
2026-03-23 22:31:25 [INFO] Epoch  19/100 | Train: 0.000004 | Val: 0.000004 | LR: 2.74e-03
2026-03-23 22:31:26 [INFO]   -> Best model saved (0.000004)
2026-03-23 22:32:42 [INFO] Epoch  20/100 | Train: 0.000004 | Val: 0.000004 | LR: 2.71e-03
2026-03-23 22:33:59 [INFO] Epoch  21/100 | Train: 0.000004 | Val: 0.000004 | LR: 2.69e-03
2026-03-23 22:35:16 [INFO] Epoch  22/100 | Train: 0.000004 | Val: 0.000004 | LR: 2.66e-03
2026-03-23 22:35:17 [INFO]   -> Best model saved (0.000004)
2026-03-23 22:36:37 [INFO] Epoch  23/100 | Train: 0.000004 | Val: 0.000004 | LR: 2.63e-03
2026-03-23 22:36:37 [INFO]   -> Best model saved (0.000004)
2026-03-23 22:38:11 [INFO] Epoch  24/100 | Train: 0.000004 | Val: 0.000004 | LR: 2.59e-03
2026-03-23 22:39:42 [INFO] Epoch  25/100 | Train: 0.000004 | Val: 0.000004 | LR: 2.56e-03
2026-03-23 22:41:21 [INFO] Epoch  26/100 | Train: 0.000004 | Val: 0.000004 | LR: 2.53e-03
2026-03-23 22:41:21 [INFO]   -> Best model saved (0.000004)
2026-03-23 22:43:01 [INFO] Epoch  27/100 | Train: 0.000004 | Val: 0.000004 | LR: 2.49e-03
2026-03-23 22:44:23 [INFO] Epoch  28/100 | Train: 0.000004 | Val: 0.000004 | LR: 2.46e-03
2026-03-23 22:46:04 [INFO] Epoch  29/100 | Train: 0.000004 | Val: 0.000004 | LR: 2.42e-03
2026-03-23 22:46:05 [INFO]   -> Best model saved (0.000004)
2026-03-23 22:48:04 [INFO] Epoch  30/100 | Train: 0.000004 | Val: 0.000004 | LR: 2.38e-03
2026-03-23 22:49:53 [INFO] Epoch  31/100 | Train: 0.000004 | Val: 0.000004 | LR: 2.35e-03
2026-03-23 22:51:40 [INFO] Epoch  32/100 | Train: 0.000004 | Val: 0.000004 | LR: 2.31e-03
2026-03-23 22:53:49 [INFO] Epoch  33/100 | Train: 0.000004 | Val: 0.000004 | LR: 2.27e-03
2026-03-23 22:56:05 [INFO] Epoch  34/100 | Train: 0.000004 | Val: 0.000004 | LR: 2.23e-03
2026-03-23 22:58:02 [INFO] Epoch  35/100 | Train: 0.000004 | Val: 0.000004 | LR: 2.18e-03
2026-03-23 23:00:08 [INFO] Epoch  36/100 | Train: 0.000004 | Val: 0.000004 | LR: 2.14e-03
2026-03-23 23:00:08 [INFO]   -> Best model saved (0.000004)
2026-03-23 23:03:31 [INFO] Epoch  37/100 | Train: 0.000004 | Val: 0.000004 | LR: 2.10e-03
2026-03-23 23:07:00 [INFO] Epoch  38/100 | Train: 0.000004 | Val: 0.000004 | LR: 2.06e-03
2026-03-23 23:10:36 [INFO] Epoch  39/100 | Train: 0.000004 | Val: 0.000004 | LR: 2.01e-03
2026-03-23 23:10:36 [INFO]   -> Best model saved (0.000004)
2026-03-23 23:14:13 [INFO] Epoch  40/100 | Train: 0.000004 | Val: 0.000004 | LR: 1.97e-03
2026-03-23 23:17:37 [INFO] Epoch  41/100 | Train: 0.000004 | Val: 0.000004 | LR: 1.92e-03
2026-03-23 23:20:52 [INFO] Epoch  42/100 | Train: 0.000004 | Val: 0.000004 | LR: 1.88e-03
2026-03-23 23:24:02 [INFO] Epoch  43/100 | Train: 0.000004 | Val: 0.000004 | LR: 1.83e-03
2026-03-23 23:27:12 [INFO] Epoch  44/100 | Train: 0.000004 | Val: 0.000004 | LR: 1.79e-03
2026-03-23 23:30:31 [INFO] Epoch  45/100 | Train: 0.000004 | Val: 0.000004 | LR: 1.74e-03
2026-03-23 23:33:54 [INFO] Epoch  46/100 | Train: 0.000004 | Val: 0.000004 | LR: 1.69e-03
2026-03-23 23:33:55 [INFO]   -> Best model saved (0.000004)
2026-03-23 23:37:35 [INFO] Epoch  47/100 | Train: 0.000004 | Val: 0.000004 | LR: 1.65e-03
2026-03-23 23:37:35 [INFO]   -> Best model saved (0.000004)
2026-03-23 23:41:15 [INFO] Epoch  48/100 | Train: 0.000004 | Val: 0.000004 | LR: 1.60e-03
2026-03-23 23:41:16 [INFO]   -> Best model saved (0.000004)
2026-03-23 23:44:51 [INFO] Epoch  49/100 | Train: 0.000004 | Val: 0.000004 | LR: 1.55e-03
2026-03-23 23:44:51 [INFO]   -> Best model saved (0.000004)
2026-03-23 23:48:26 [INFO] Epoch  50/100 | Train: 0.000004 | Val: 0.000004 | LR: 1.50e-03
2026-03-23 23:48:26 [INFO]   -> Best model saved (0.000004)
2026-03-23 23:52:02 [INFO] Epoch  51/100 | Train: 0.000004 | Val: 0.000004 | LR: 1.46e-03
2026-03-23 23:55:37 [INFO] Epoch  52/100 | Train: 0.000004 | Val: 0.000004 | LR: 1.41e-03
2026-03-23 23:59:06 [INFO] Epoch  53/100 | Train: 0.000004 | Val: 0.000004 | LR: 1.36e-03
2026-03-24 00:02:14 [INFO] Epoch  54/100 | Train: 0.000004 | Val: 0.000004 | LR: 1.32e-03
2026-03-24 00:05:21 [INFO] Epoch  55/100 | Train: 0.000004 | Val: 0.000004 | LR: 1.27e-03
2026-03-24 00:08:33 [INFO] Epoch  56/100 | Train: 0.000004 | Val: 0.000004 | LR: 1.22e-03
2026-03-24 00:12:02 [INFO] Epoch  57/100 | Train: 0.000004 | Val: 0.000004 | LR: 1.18e-03
2026-03-24 00:15:20 [INFO] Epoch  58/100 | Train: 0.000004 | Val: 0.000004 | LR: 1.13e-03
2026-03-24 00:15:21 [INFO]   -> Best model saved (0.000004)
2026-03-24 00:18:48 [INFO] Epoch  59/100 | Train: 0.000004 | Val: 0.000004 | LR: 1.09e-03
2026-03-24 00:22:18 [INFO] Epoch  60/100 | Train: 0.000004 | Val: 0.000004 | LR: 1.04e-03
2026-03-24 00:25:52 [INFO] Epoch  61/100 | Train: 0.000004 | Val: 0.000004 | LR: 9.99e-04
2026-03-24 00:29:22 [INFO] Epoch  62/100 | Train: 0.000004 | Val: 0.000004 | LR: 9.55e-04
2026-03-24 00:32:46 [INFO] Epoch  63/100 | Train: 0.000004 | Val: 0.000004 | LR: 9.11e-04
2026-03-24 00:36:23 [INFO] Epoch  64/100 | Train: 0.000004 | Val: 0.000004 | LR: 8.68e-04
2026-03-24 00:39:58 [INFO] Epoch  65/100 | Train: 0.000004 | Val: 0.000004 | LR: 8.26e-04
2026-03-24 00:43:35 [INFO] Epoch  66/100 | Train: 0.000004 | Val: 0.000004 | LR: 7.85e-04
2026-03-24 00:47:10 [INFO] Epoch  67/100 | Train: 0.000004 | Val: 0.000004 | LR: 7.44e-04
2026-03-24 00:47:11 [INFO]   -> Best model saved (0.000004)
2026-03-24 00:50:46 [INFO] Epoch  68/100 | Train: 0.000004 | Val: 0.000004 | LR: 7.04e-04
2026-03-24 00:54:25 [INFO] Epoch  69/100 | Train: 0.000004 | Val: 0.000004 | LR: 6.65e-04
2026-03-24 00:57:56 [INFO] Epoch  70/100 | Train: 0.000004 | Val: 0.000004 | LR: 6.26e-04
2026-03-24 01:01:31 [INFO] Epoch  71/100 | Train: 0.000004 | Val: 0.000004 | LR: 5.89e-04
2026-03-24 01:05:03 [INFO] Epoch  72/100 | Train: 0.000004 | Val: 0.000004 | LR: 5.52e-04
2026-03-24 01:08:34 [INFO] Epoch  73/100 | Train: 0.000004 | Val: 0.000004 | LR: 5.16e-04
2026-03-24 01:12:05 [INFO] Epoch  74/100 | Train: 0.000004 | Val: 0.000004 | LR: 4.82e-04
2026-03-24 01:15:38 [INFO] Epoch  75/100 | Train: 0.000004 | Val: 0.000004 | LR: 4.48e-04
2026-03-24 01:19:08 [INFO] Epoch  76/100 | Train: 0.000004 | Val: 0.000004 | LR: 4.15e-04
2026-03-24 01:22:37 [INFO] Epoch  77/100 | Train: 0.000004 | Val: 0.000004 | LR: 3.84e-04
2026-03-24 01:22:37 [INFO] Early stopping at epoch 77
2026-03-24 01:22:37 [INFO] Done. Best val loss: 0.000004
