2026-03-25 18:22:51 [INFO] Experiment: ae_supcon_recon
2026-03-25 18:22:51 [INFO] Config: {'experiment_name': 'ae_supcon_recon', 'ae_checkpoint': 'outputs/task1/segnet_ptlogpct/best.pt', 'embed_dim': 256, 'temperature': 0.1, 'lambda_recon': 10000, 'translate_frac': 0.1, 'noise_std': 0.02, 'intensity_range': [0.8, 1.2], 'erase_prob': 0.3, 'batch_size': 128, 'learning_rate': 2e-05, 'min_lr': 1e-07, 'weight_decay': 0.0001, 'pretrain_epochs': 30, 'linear_lr': 0.001, 'linear_epochs': 100, 'seed': 42}
2026-03-25 18:22:51 [INFO] Loaded full SegNet from segnet_ptlogpct (epoch 61)
2026-03-25 18:22:51 [INFO] Total params: 34,168,707
2026-03-25 18:22:51 [INFO] Data: 139306 images
2026-03-25 18:22:51 [INFO] Split: train=111444, val=13931, test=13931
2026-03-25 18:22:51 [INFO] DataLoader: 871 batches
2026-03-25 18:22:51 [INFO] === Phase 1: SupCon + Recon (lambda=10000) ===
2026-03-25 18:22:53 [INFO]   Epoch 1 batch 1/871 | supcon: 5.7669 recon: 0.000038 total: 6.1468
2026-03-25 18:22:56 [INFO]   Epoch 1 batch 10/871 | supcon: 5.6454 recon: 0.000036 total: 6.0080
2026-03-25 18:23:26 [INFO]   Epoch 1 batch 100/871 | supcon: 5.5447 recon: 0.000035 total: 5.8901
2026-03-25 18:24:02 [INFO]   Epoch 1 batch 200/871 | supcon: 5.5424 recon: 0.000035 total: 5.8937
2026-03-25 18:25:21 [INFO]   Epoch 1 batch 400/871 | supcon: 5.5409 recon: 0.000035 total: 5.8881
2026-03-25 18:26:39 [INFO]   Epoch 1 batch 600/871 | supcon: 5.5421 recon: 0.000036 total: 5.9023
2026-03-25 18:28:02 [INFO]   Epoch 1 batch 800/871 | supcon: 5.5422 recon: 0.000035 total: 5.8877
2026-03-25 18:28:33 [INFO] Epoch   1/30 | SupCon: 5.5431 Recon: 0.000036 Total: 5.9026 | LR: 1.99e-05
2026-03-25 18:28:33 [INFO]   -> Best model saved (loss=5.9026)
2026-03-25 18:28:34 [INFO]   Epoch 2 batch 1/871 | supcon: 5.5348 recon: 0.000036 total: 5.8938
2026-03-25 18:28:36 [INFO]   Epoch 2 batch 10/871 | supcon: 5.5379 recon: 0.000036 total: 5.8978
2026-03-25 18:29:06 [INFO]   Epoch 2 batch 100/871 | supcon: 5.5301 recon: 0.000036 total: 5.8895
2026-03-25 18:29:38 [INFO]   Epoch 2 batch 200/871 | supcon: 5.5293 recon: 0.000036 total: 5.8906
2026-03-25 18:30:44 [INFO]   Epoch 2 batch 400/871 | supcon: 5.5244 recon: 0.000036 total: 5.8805
2026-03-25 18:31:50 [INFO]   Epoch 2 batch 600/871 | supcon: 5.5370 recon: 0.000035 total: 5.8886
2026-03-25 18:32:56 [INFO]   Epoch 2 batch 800/871 | supcon: 5.5306 recon: 0.000036 total: 5.8933
2026-03-25 18:33:20 [INFO] Epoch   2/30 | SupCon: 5.5328 Recon: 0.000036 Total: 5.8901 | LR: 1.98e-05
2026-03-25 18:33:20 [INFO]   -> Best model saved (loss=5.8901)
2026-03-25 18:33:20 [INFO]   Epoch 3 batch 1/871 | supcon: 5.5420 recon: 0.000036 total: 5.8991
2026-03-25 18:33:23 [INFO]   Epoch 3 batch 10/871 | supcon: 5.5355 recon: 0.000035 total: 5.8845
2026-03-25 18:33:53 [INFO]   Epoch 3 batch 100/871 | supcon: 5.5446 recon: 0.000037 total: 5.9179
2026-03-25 18:34:27 [INFO]   Epoch 3 batch 200/871 | supcon: 5.5350 recon: 0.000036 total: 5.8971
2026-03-25 18:35:34 [INFO]   Epoch 3 batch 400/871 | supcon: 5.5215 recon: 0.000034 total: 5.8629
2026-03-25 18:36:41 [INFO]   Epoch 3 batch 600/871 | supcon: 5.5318 recon: 0.000036 total: 5.8888
2026-03-25 18:37:48 [INFO]   Epoch 3 batch 800/871 | supcon: 5.5414 recon: 0.000035 total: 5.8869
2026-03-25 18:38:12 [INFO] Epoch   3/30 | SupCon: 5.5293 Recon: 0.000036 Total: 5.8866 | LR: 1.95e-05
2026-03-25 18:38:12 [INFO]   -> Best model saved (loss=5.8866)
2026-03-25 18:38:12 [INFO]   Epoch 4 batch 1/871 | supcon: 5.5356 recon: 0.000034 total: 5.8730
2026-03-25 18:38:16 [INFO]   Epoch 4 batch 10/871 | supcon: 5.5277 recon: 0.000035 total: 5.8776
2026-03-25 18:38:46 [INFO]   Epoch 4 batch 100/871 | supcon: 5.5358 recon: 0.000036 total: 5.8933
2026-03-25 18:39:19 [INFO]   Epoch 4 batch 200/871 | supcon: 5.5398 recon: 0.000038 total: 5.9157
2026-03-25 18:40:27 [INFO]   Epoch 4 batch 400/871 | supcon: 5.5264 recon: 0.000035 total: 5.8773
2026-03-25 18:41:37 [INFO]   Epoch 4 batch 600/871 | supcon: 5.5271 recon: 0.000034 total: 5.8691
2026-03-25 18:42:57 [INFO]   Epoch 4 batch 800/871 | supcon: 5.5173 recon: 0.000037 total: 5.8922
2026-03-25 18:43:27 [INFO] Epoch   4/30 | SupCon: 5.5273 Recon: 0.000036 Total: 5.8841 | LR: 1.91e-05
2026-03-25 18:43:27 [INFO]   -> Best model saved (loss=5.8841)
2026-03-25 18:43:27 [INFO]   Epoch 5 batch 1/871 | supcon: 5.5489 recon: 0.000037 total: 5.9206
2026-03-25 18:43:31 [INFO]   Epoch 5 batch 10/871 | supcon: 5.5333 recon: 0.000035 total: 5.8873
2026-03-25 18:44:09 [INFO]   Epoch 5 batch 100/871 | supcon: 5.5487 recon: 0.000034 total: 5.8890
2026-03-25 18:44:51 [INFO]   Epoch 5 batch 200/871 | supcon: 5.5210 recon: 0.000036 total: 5.8797
2026-03-25 18:46:18 [INFO]   Epoch 5 batch 400/871 | supcon: 5.5021 recon: 0.000036 total: 5.8603
2026-03-25 18:47:48 [INFO]   Epoch 5 batch 600/871 | supcon: 5.5437 recon: 0.000035 total: 5.8893
2026-03-25 18:49:19 [INFO]   Epoch 5 batch 800/871 | supcon: 5.5202 recon: 0.000038 total: 5.8996
2026-03-25 18:49:52 [INFO] Epoch   5/30 | SupCon: 5.5257 Recon: 0.000036 Total: 5.8818 | LR: 1.87e-05
2026-03-25 18:49:53 [INFO]   -> Best model saved (loss=5.8818)
2026-03-25 18:49:53 [INFO]   Epoch 6 batch 1/871 | supcon: 5.5314 recon: 0.000033 total: 5.8574
2026-03-25 18:49:57 [INFO]   Epoch 6 batch 10/871 | supcon: 5.5332 recon: 0.000032 total: 5.8572
2026-03-25 18:50:40 [INFO]   Epoch 6 batch 100/871 | supcon: 5.5107 recon: 0.000034 total: 5.8461
2026-03-25 18:51:30 [INFO]   Epoch 6 batch 200/871 | supcon: 5.5165 recon: 0.000035 total: 5.8663
2026-03-25 18:53:06 [INFO]   Epoch 6 batch 400/871 | supcon: 5.5290 recon: 0.000034 total: 5.8688
2026-03-25 18:54:42 [INFO]   Epoch 6 batch 600/871 | supcon: 5.5196 recon: 0.000034 total: 5.8582
2026-03-25 18:56:20 [INFO]   Epoch 6 batch 800/871 | supcon: 5.5276 recon: 0.000035 total: 5.8766
2026-03-25 18:56:55 [INFO] Epoch   6/30 | SupCon: 5.5246 Recon: 0.000036 Total: 5.8802 | LR: 1.81e-05
2026-03-25 18:56:55 [INFO]   -> Best model saved (loss=5.8802)
2026-03-25 18:56:56 [INFO]   Epoch 7 batch 1/871 | supcon: 5.5329 recon: 0.000036 total: 5.8883
2026-03-25 18:57:00 [INFO]   Epoch 7 batch 10/871 | supcon: 5.5198 recon: 0.000033 total: 5.8542
2026-03-25 18:57:45 [INFO]   Epoch 7 batch 100/871 | supcon: 5.5008 recon: 0.000037 total: 5.8748
2026-03-25 18:58:34 [INFO]   Epoch 7 batch 200/871 | supcon: 5.5300 recon: 0.000035 total: 5.8763
2026-03-25 19:00:11 [INFO]   Epoch 7 batch 400/871 | supcon: 5.5287 recon: 0.000033 total: 5.8628
2026-03-25 19:01:46 [INFO]   Epoch 7 batch 600/871 | supcon: 5.5376 recon: 0.000035 total: 5.8921
2026-03-25 19:03:22 [INFO]   Epoch 7 batch 800/871 | supcon: 5.5260 recon: 0.000036 total: 5.8863
2026-03-25 19:03:57 [INFO] Epoch   7/30 | SupCon: 5.5236 Recon: 0.000036 Total: 5.8789 | LR: 1.74e-05
2026-03-25 19:03:57 [INFO]   -> Best model saved (loss=5.8789)
2026-03-25 19:03:58 [INFO]   Epoch 8 batch 1/871 | supcon: 5.5256 recon: 0.000036 total: 5.8868
2026-03-25 19:04:02 [INFO]   Epoch 8 batch 10/871 | supcon: 5.5176 recon: 0.000037 total: 5.8836
2026-03-25 19:04:49 [INFO]   Epoch 8 batch 100/871 | supcon: 5.5355 recon: 0.000038 total: 5.9138
2026-03-25 19:05:40 [INFO]   Epoch 8 batch 200/871 | supcon: 5.4883 recon: 0.000036 total: 5.8502
2026-03-25 19:07:24 [INFO]   Epoch 8 batch 400/871 | supcon: 5.5399 recon: 0.000033 total: 5.8662
2026-03-25 19:09:05 [INFO]   Epoch 8 batch 600/871 | supcon: 5.5397 recon: 0.000035 total: 5.8935
2026-03-25 19:10:45 [INFO]   Epoch 8 batch 800/871 | supcon: 5.5427 recon: 0.000036 total: 5.9017
2026-03-25 19:11:21 [INFO] Epoch   8/30 | SupCon: 5.5227 Recon: 0.000035 Total: 5.8773 | LR: 1.67e-05
2026-03-25 19:11:21 [INFO]   -> Best model saved (loss=5.8773)
2026-03-25 19:11:21 [INFO]   Epoch 9 batch 1/871 | supcon: 5.5437 recon: 0.000038 total: 5.9262
2026-03-25 19:11:26 [INFO]   Epoch 9 batch 10/871 | supcon: 5.5113 recon: 0.000037 total: 5.8841
2026-03-25 19:12:11 [INFO]   Epoch 9 batch 100/871 | supcon: 5.5188 recon: 0.000034 total: 5.8549
2026-03-25 19:13:01 [INFO]   Epoch 9 batch 200/871 | supcon: 5.5212 recon: 0.000036 total: 5.8814
2026-03-25 19:14:42 [INFO]   Epoch 9 batch 400/871 | supcon: 5.5108 recon: 0.000035 total: 5.8586
2026-03-25 19:16:23 [INFO]   Epoch 9 batch 600/871 | supcon: 5.5295 recon: 0.000034 total: 5.8731
2026-03-25 19:18:03 [INFO]   Epoch 9 batch 800/871 | supcon: 5.5264 recon: 0.000039 total: 5.9173
2026-03-25 19:18:39 [INFO] Epoch   9/30 | SupCon: 5.5221 Recon: 0.000035 Total: 5.8760 | LR: 1.59e-05
2026-03-25 19:18:39 [INFO]   -> Best model saved (loss=5.8760)
2026-03-25 19:18:40 [INFO]   Epoch 10 batch 1/871 | supcon: 5.5031 recon: 0.000035 total: 5.8527
2026-03-25 19:18:44 [INFO]   Epoch 10 batch 10/871 | supcon: 5.5090 recon: 0.000033 total: 5.8429
2026-03-25 19:19:32 [INFO]   Epoch 10 batch 100/871 | supcon: 5.5114 recon: 0.000035 total: 5.8642
2026-03-25 19:20:25 [INFO]   Epoch 10 batch 200/871 | supcon: 5.5271 recon: 0.000034 total: 5.8680
2026-03-25 19:22:08 [INFO]   Epoch 10 batch 400/871 | supcon: 5.5163 recon: 0.000035 total: 5.8704
2026-03-25 19:23:46 [INFO]   Epoch 10 batch 600/871 | supcon: 5.5276 recon: 0.000034 total: 5.8679
2026-03-25 19:25:23 [INFO]   Epoch 10 batch 800/871 | supcon: 5.4868 recon: 0.000036 total: 5.8436
2026-03-25 19:25:57 [INFO] Epoch  10/30 | SupCon: 5.5213 Recon: 0.000035 Total: 5.8749 | LR: 1.50e-05
2026-03-25 19:25:57 [INFO]   -> Best model saved (loss=5.8749)
2026-03-25 19:25:58 [INFO]   Epoch 11 batch 1/871 | supcon: 5.4947 recon: 0.000034 total: 5.8347
2026-03-25 19:26:02 [INFO]   Epoch 11 batch 10/871 | supcon: 5.5275 recon: 0.000035 total: 5.8743
2026-03-25 19:26:45 [INFO]   Epoch 11 batch 100/871 | supcon: 5.4931 recon: 0.000035 total: 5.8443
2026-03-25 19:27:34 [INFO]   Epoch 11 batch 200/871 | supcon: 5.5272 recon: 0.000039 total: 5.9138
2026-03-25 19:29:10 [INFO]   Epoch 11 batch 400/871 | supcon: 5.5152 recon: 0.000036 total: 5.8734
2026-03-25 19:30:48 [INFO]   Epoch 11 batch 600/871 | supcon: 5.5409 recon: 0.000034 total: 5.8784
2026-03-25 19:32:24 [INFO]   Epoch 11 batch 800/871 | supcon: 5.5202 recon: 0.000033 total: 5.8528
2026-03-25 19:32:56 [INFO] Epoch  11/30 | SupCon: 5.5209 Recon: 0.000035 Total: 5.8743 | LR: 1.41e-05
2026-03-25 19:32:57 [INFO]   -> Best model saved (loss=5.8743)
2026-03-25 19:32:57 [INFO]   Epoch 12 batch 1/871 | supcon: 5.5214 recon: 0.000038 total: 5.9006
2026-03-25 19:33:01 [INFO]   Epoch 12 batch 10/871 | supcon: 5.5139 recon: 0.000033 total: 5.8395
2026-03-25 19:33:44 [INFO]   Epoch 12 batch 100/871 | supcon: 5.5132 recon: 0.000035 total: 5.8587
2026-03-25 19:34:32 [INFO]   Epoch 12 batch 200/871 | supcon: 5.5358 recon: 0.000033 total: 5.8690
2026-03-25 19:36:07 [INFO]   Epoch 12 batch 400/871 | supcon: 5.5064 recon: 0.000035 total: 5.8592
2026-03-25 19:37:43 [INFO]   Epoch 12 batch 600/871 | supcon: 5.5110 recon: 0.000037 total: 5.8835
2026-03-25 19:39:18 [INFO]   Epoch 12 batch 800/871 | supcon: 5.5390 recon: 0.000035 total: 5.8869
2026-03-25 19:39:52 [INFO] Epoch  12/30 | SupCon: 5.5204 Recon: 0.000035 Total: 5.8733 | LR: 1.31e-05
2026-03-25 19:39:52 [INFO]   -> Best model saved (loss=5.8733)
2026-03-25 19:39:53 [INFO]   Epoch 13 batch 1/871 | supcon: 5.5237 recon: 0.000035 total: 5.8755
2026-03-25 19:39:57 [INFO]   Epoch 13 batch 10/871 | supcon: 5.5113 recon: 0.000034 total: 5.8550
2026-03-25 19:40:40 [INFO]   Epoch 13 batch 100/871 | supcon: 5.5151 recon: 0.000035 total: 5.8636
2026-03-25 19:41:27 [INFO]   Epoch 13 batch 200/871 | supcon: 5.5080 recon: 0.000035 total: 5.8554
2026-03-25 19:43:02 [INFO]   Epoch 13 batch 400/871 | supcon: 5.5266 recon: 0.000035 total: 5.8725
2026-03-25 19:44:38 [INFO]   Epoch 13 batch 600/871 | supcon: 5.5155 recon: 0.000035 total: 5.8672
2026-03-25 19:46:13 [INFO]   Epoch 13 batch 800/871 | supcon: 5.5235 recon: 0.000035 total: 5.8771
2026-03-25 19:46:47 [INFO] Epoch  13/30 | SupCon: 5.5197 Recon: 0.000035 Total: 5.8723 | LR: 1.21e-05
2026-03-25 19:46:47 [INFO]   -> Best model saved (loss=5.8723)
2026-03-25 19:46:48 [INFO]   Epoch 14 batch 1/871 | supcon: 5.5336 recon: 0.000036 total: 5.8910
2026-03-25 19:46:52 [INFO]   Epoch 14 batch 10/871 | supcon: 5.5115 recon: 0.000036 total: 5.8702
2026-03-25 19:47:35 [INFO]   Epoch 14 batch 100/871 | supcon: 5.5085 recon: 0.000037 total: 5.8780
2026-03-25 19:48:23 [INFO]   Epoch 14 batch 200/871 | supcon: 5.5057 recon: 0.000034 total: 5.8468
2026-03-25 19:49:56 [INFO]   Epoch 14 batch 400/871 | supcon: 5.5449 recon: 0.000035 total: 5.8952
2026-03-25 19:51:30 [INFO]   Epoch 14 batch 600/871 | supcon: 5.5399 recon: 0.000036 total: 5.8996
2026-03-25 19:53:06 [INFO]   Epoch 14 batch 800/871 | supcon: 5.4863 recon: 0.000035 total: 5.8367
2026-03-25 19:53:39 [INFO] Epoch  14/30 | SupCon: 5.5192 Recon: 0.000035 Total: 5.8717 | LR: 1.11e-05
2026-03-25 19:53:40 [INFO]   -> Best model saved (loss=5.8717)
2026-03-25 19:53:40 [INFO]   Epoch 15 batch 1/871 | supcon: 5.5374 recon: 0.000035 total: 5.8850
2026-03-25 19:53:44 [INFO]   Epoch 15 batch 10/871 | supcon: 5.5157 recon: 0.000037 total: 5.8831
2026-03-25 19:54:30 [INFO]   Epoch 15 batch 100/871 | supcon: 5.4992 recon: 0.000035 total: 5.8513
2026-03-25 19:55:29 [INFO]   Epoch 15 batch 200/871 | supcon: 5.5253 recon: 0.000034 total: 5.8655
2026-03-25 19:57:31 [INFO]   Epoch 15 batch 400/871 | supcon: 5.5189 recon: 0.000037 total: 5.8865
2026-03-25 19:59:34 [INFO]   Epoch 15 batch 600/871 | supcon: 5.5217 recon: 0.000035 total: 5.8744
2026-03-25 20:01:38 [INFO]   Epoch 15 batch 800/871 | supcon: 5.5326 recon: 0.000036 total: 5.8878
2026-03-25 20:02:22 [INFO] Epoch  15/30 | SupCon: 5.5191 Recon: 0.000035 Total: 5.8715 | LR: 1.01e-05
2026-03-25 20:02:22 [INFO]   -> Best model saved (loss=5.8715)
2026-03-25 20:02:23 [INFO]   Epoch 16 batch 1/871 | supcon: 5.5334 recon: 0.000037 total: 5.9074
2026-03-25 20:02:29 [INFO]   Epoch 16 batch 10/871 | supcon: 5.5276 recon: 0.000035 total: 5.8737
2026-03-25 20:03:26 [INFO]   Epoch 16 batch 100/871 | supcon: 5.5100 recon: 0.000034 total: 5.8472
2026-03-25 20:04:29 [INFO]   Epoch 16 batch 200/871 | supcon: 5.5244 recon: 0.000035 total: 5.8753
2026-03-25 20:06:24 [INFO]   Epoch 16 batch 400/871 | supcon: 5.5122 recon: 0.000035 total: 5.8627
2026-03-25 20:08:20 [INFO]   Epoch 16 batch 600/871 | supcon: 5.5230 recon: 0.000037 total: 5.8901
2026-03-25 20:10:21 [INFO]   Epoch 16 batch 800/871 | supcon: 5.4759 recon: 0.000036 total: 5.8401
2026-03-25 20:11:14 [INFO] Epoch  16/30 | SupCon: 5.5185 Recon: 0.000035 Total: 5.8704 | LR: 9.01e-06
2026-03-25 20:11:15 [INFO]   -> Best model saved (loss=5.8704)
2026-03-25 20:11:16 [INFO]   Epoch 17 batch 1/871 | supcon: 5.5286 recon: 0.000034 total: 5.8712
2026-03-25 20:11:23 [INFO]   Epoch 17 batch 10/871 | supcon: 5.5075 recon: 0.000034 total: 5.8434
2026-03-25 20:12:21 [INFO]   Epoch 17 batch 100/871 | supcon: 5.5218 recon: 0.000034 total: 5.8638
2026-03-25 20:13:22 [INFO]   Epoch 17 batch 200/871 | supcon: 5.5166 recon: 0.000038 total: 5.8926
2026-03-25 20:15:35 [INFO]   Epoch 17 batch 400/871 | supcon: 5.5251 recon: 0.000037 total: 5.8920
2026-03-25 20:19:13 [INFO]   Epoch 17 batch 600/871 | supcon: 5.5127 recon: 0.000036 total: 5.8775
2026-03-25 20:22:55 [INFO]   Epoch 17 batch 800/871 | supcon: 5.5257 recon: 0.000036 total: 5.8898
2026-03-25 20:23:45 [INFO] Epoch  17/30 | SupCon: 5.5182 Recon: 0.000035 Total: 5.8698 | LR: 7.98e-06
2026-03-25 20:23:45 [INFO]   -> Best model saved (loss=5.8698)
2026-03-25 20:23:46 [INFO]   Epoch 18 batch 1/871 | supcon: 5.5194 recon: 0.000038 total: 5.8964
2026-03-25 20:23:52 [INFO]   Epoch 18 batch 10/871 | supcon: 5.5197 recon: 0.000032 total: 5.8443
2026-03-25 20:24:51 [INFO]   Epoch 18 batch 100/871 | supcon: 5.5202 recon: 0.000037 total: 5.8870
2026-03-25 20:25:56 [INFO]   Epoch 18 batch 200/871 | supcon: 5.5163 recon: 0.000039 total: 5.9021
2026-03-25 20:28:44 [INFO]   Epoch 18 batch 400/871 | supcon: 5.5131 recon: 0.000036 total: 5.8710
2026-03-25 20:32:18 [INFO]   Epoch 18 batch 600/871 | supcon: 5.5298 recon: 0.000036 total: 5.8908
2026-03-25 20:35:54 [INFO]   Epoch 18 batch 800/871 | supcon: 5.5397 recon: 0.000035 total: 5.8881
2026-03-25 20:37:10 [INFO] Epoch  18/30 | SupCon: 5.5179 Recon: 0.000035 Total: 5.8695 | LR: 6.98e-06
2026-03-25 20:37:12 [INFO]   -> Best model saved (loss=5.8695)
2026-03-25 20:37:13 [INFO]   Epoch 19 batch 1/871 | supcon: 5.5043 recon: 0.000035 total: 5.8508
2026-03-25 20:37:24 [INFO]   Epoch 19 batch 10/871 | supcon: 5.5139 recon: 0.000034 total: 5.8534
2026-03-25 20:38:57 [INFO]   Epoch 19 batch 100/871 | supcon: 5.5070 recon: 0.000034 total: 5.8505
2026-03-25 20:40:44 [INFO]   Epoch 19 batch 200/871 | supcon: 5.5217 recon: 0.000036 total: 5.8856
2026-03-25 20:44:23 [INFO]   Epoch 19 batch 400/871 | supcon: 5.5476 recon: 0.000036 total: 5.9099
2026-03-25 20:47:57 [INFO]   Epoch 19 batch 600/871 | supcon: 5.5108 recon: 0.000033 total: 5.8449
2026-03-25 20:51:34 [INFO]   Epoch 19 batch 800/871 | supcon: 5.5271 recon: 0.000036 total: 5.8863
2026-03-25 20:52:47 [INFO] Epoch  19/30 | SupCon: 5.5178 Recon: 0.000035 Total: 5.8690 | LR: 6.00e-06
2026-03-25 20:52:47 [INFO]   -> Best model saved (loss=5.8690)
2026-03-25 20:52:48 [INFO]   Epoch 20 batch 1/871 | supcon: 5.5101 recon: 0.000038 total: 5.8900
2026-03-25 20:52:59 [INFO]   Epoch 20 batch 10/871 | supcon: 5.5001 recon: 0.000035 total: 5.8535
2026-03-25 20:54:35 [INFO]   Epoch 20 batch 100/871 | supcon: 5.5133 recon: 0.000035 total: 5.8585
2026-03-25 20:56:21 [INFO]   Epoch 20 batch 200/871 | supcon: 5.5047 recon: 0.000036 total: 5.8662
2026-03-25 20:59:51 [INFO]   Epoch 20 batch 400/871 | supcon: 5.5206 recon: 0.000038 total: 5.9005
2026-03-25 21:03:11 [INFO]   Epoch 20 batch 600/871 | supcon: 5.4946 recon: 0.000037 total: 5.8687
2026-03-25 21:06:34 [INFO]   Epoch 20 batch 800/871 | supcon: 5.5094 recon: 0.000035 total: 5.8551
2026-03-25 21:07:46 [INFO] Epoch  20/30 | SupCon: 5.5176 Recon: 0.000035 Total: 5.8686 | LR: 5.08e-06
2026-03-25 21:07:48 [INFO]   -> Best model saved (loss=5.8686)
2026-03-25 21:07:49 [INFO]   Epoch 21 batch 1/871 | supcon: 5.5339 recon: 0.000035 total: 5.8861
2026-03-25 21:07:55 [INFO]   Epoch 21 batch 10/871 | supcon: 5.5357 recon: 0.000034 total: 5.8776
2026-03-25 21:09:29 [INFO]   Epoch 21 batch 100/871 | supcon: 5.5219 recon: 0.000036 total: 5.8774
2026-03-25 21:11:13 [INFO]   Epoch 21 batch 200/871 | supcon: 5.5047 recon: 0.000034 total: 5.8425
2026-03-25 21:14:44 [INFO]   Epoch 21 batch 400/871 | supcon: 5.5276 recon: 0.000035 total: 5.8813
2026-03-25 21:17:52 [INFO]   Epoch 21 batch 600/871 | supcon: 5.4762 recon: 0.000034 total: 5.8183
2026-03-25 21:21:31 [INFO]   Epoch 21 batch 800/871 | supcon: 5.5220 recon: 0.000034 total: 5.8583
2026-03-25 21:22:46 [INFO] Epoch  21/30 | SupCon: 5.5175 Recon: 0.000035 Total: 5.8683 | LR: 4.20e-06
2026-03-25 21:22:46 [INFO]   -> Best model saved (loss=5.8683)
2026-03-25 21:22:48 [INFO]   Epoch 22 batch 1/871 | supcon: 5.5088 recon: 0.000036 total: 5.8704
2026-03-25 21:22:57 [INFO]   Epoch 22 batch 10/871 | supcon: 5.5289 recon: 0.000034 total: 5.8654
2026-03-25 21:24:37 [INFO]   Epoch 22 batch 100/871 | supcon: 5.5437 recon: 0.000035 total: 5.8974
2026-03-25 21:26:20 [INFO]   Epoch 22 batch 200/871 | supcon: 5.5210 recon: 0.000035 total: 5.8749
2026-03-25 21:29:55 [INFO]   Epoch 22 batch 400/871 | supcon: 5.5157 recon: 0.000035 total: 5.8619
2026-03-25 21:33:21 [INFO]   Epoch 22 batch 600/871 | supcon: 5.4957 recon: 0.000037 total: 5.8654
2026-03-25 21:36:54 [INFO]   Epoch 22 batch 800/871 | supcon: 5.5347 recon: 0.000033 total: 5.8687
2026-03-25 21:38:12 [INFO] Epoch  22/30 | SupCon: 5.5174 Recon: 0.000035 Total: 5.8682 | LR: 3.39e-06
2026-03-25 21:38:13 [INFO]   -> Best model saved (loss=5.8682)
2026-03-25 21:38:14 [INFO]   Epoch 23 batch 1/871 | supcon: 5.5042 recon: 0.000034 total: 5.8405
2026-03-25 21:38:23 [INFO]   Epoch 23 batch 10/871 | supcon: 5.5292 recon: 0.000035 total: 5.8813
2026-03-25 21:39:57 [INFO]   Epoch 23 batch 100/871 | supcon: 5.5222 recon: 0.000034 total: 5.8653
2026-03-25 21:41:40 [INFO]   Epoch 23 batch 200/871 | supcon: 5.5057 recon: 0.000034 total: 5.8469
2026-03-25 21:45:17 [INFO]   Epoch 23 batch 400/871 | supcon: 5.5131 recon: 0.000033 total: 5.8423
2026-03-25 21:48:50 [INFO]   Epoch 23 batch 600/871 | supcon: 5.5352 recon: 0.000035 total: 5.8835
2026-03-25 21:52:36 [INFO]   Epoch 23 batch 800/871 | supcon: 5.5257 recon: 0.000035 total: 5.8707
2026-03-25 21:53:55 [INFO] Epoch  23/30 | SupCon: 5.5171 Recon: 0.000035 Total: 5.8676 | LR: 2.66e-06
2026-03-25 21:53:57 [INFO]   -> Best model saved (loss=5.8676)
2026-03-25 21:53:58 [INFO]   Epoch 24 batch 1/871 | supcon: 5.5302 recon: 0.000033 total: 5.8623
2026-03-25 21:54:07 [INFO]   Epoch 24 batch 10/871 | supcon: 5.5050 recon: 0.000034 total: 5.8423
2026-03-25 21:55:38 [INFO]   Epoch 24 batch 100/871 | supcon: 5.5485 recon: 0.000035 total: 5.8974
2026-03-25 21:57:25 [INFO]   Epoch 24 batch 200/871 | supcon: 5.5371 recon: 0.000036 total: 5.8990
2026-03-25 22:00:43 [INFO]   Epoch 24 batch 400/871 | supcon: 5.5169 recon: 0.000035 total: 5.8701
2026-03-25 22:04:10 [INFO]   Epoch 24 batch 600/871 | supcon: 5.5141 recon: 0.000037 total: 5.8798
2026-03-25 22:07:29 [INFO]   Epoch 24 batch 800/871 | supcon: 5.5159 recon: 0.000035 total: 5.8677
2026-03-25 22:08:38 [INFO] Epoch  24/30 | SupCon: 5.5169 Recon: 0.000035 Total: 5.8674 | LR: 2.00e-06
2026-03-25 22:08:39 [INFO]   -> Best model saved (loss=5.8674)
2026-03-25 22:08:40 [INFO]   Epoch 25 batch 1/871 | supcon: 5.5186 recon: 0.000032 total: 5.8371
2026-03-25 22:08:50 [INFO]   Epoch 25 batch 10/871 | supcon: 5.5362 recon: 0.000034 total: 5.8747
2026-03-25 22:10:13 [INFO]   Epoch 25 batch 100/871 | supcon: 5.5093 recon: 0.000036 total: 5.8652
2026-03-25 22:12:00 [INFO]   Epoch 25 batch 200/871 | supcon: 5.5130 recon: 0.000037 total: 5.8813
2026-03-25 22:15:29 [INFO]   Epoch 25 batch 400/871 | supcon: 5.5101 recon: 0.000035 total: 5.8643
2026-03-25 22:18:48 [INFO]   Epoch 25 batch 600/871 | supcon: 5.5258 recon: 0.000036 total: 5.8838
2026-03-25 22:22:09 [INFO]   Epoch 25 batch 800/871 | supcon: 5.5094 recon: 0.000036 total: 5.8677
2026-03-25 22:23:17 [INFO] Epoch  25/30 | SupCon: 5.5169 Recon: 0.000035 Total: 5.8673 | LR: 1.43e-06
2026-03-25 22:23:17 [INFO]   -> Best model saved (loss=5.8673)
2026-03-25 22:23:18 [INFO]   Epoch 26 batch 1/871 | supcon: 5.5172 recon: 0.000035 total: 5.8636
2026-03-25 22:23:29 [INFO]   Epoch 26 batch 10/871 | supcon: 5.5201 recon: 0.000036 total: 5.8803
2026-03-25 22:24:58 [INFO]   Epoch 26 batch 100/871 | supcon: 5.5237 recon: 0.000035 total: 5.8753
2026-03-25 22:26:39 [INFO]   Epoch 26 batch 200/871 | supcon: 5.5253 recon: 0.000035 total: 5.8760
2026-03-25 22:30:06 [INFO]   Epoch 26 batch 400/871 | supcon: 5.5246 recon: 0.000036 total: 5.8884
2026-03-25 22:33:37 [INFO]   Epoch 26 batch 600/871 | supcon: 5.5435 recon: 0.000036 total: 5.9039
2026-03-25 22:37:16 [INFO]   Epoch 26 batch 800/871 | supcon: 5.5178 recon: 0.000038 total: 5.8975
2026-03-25 22:38:28 [INFO] Epoch  26/30 | SupCon: 5.5168 Recon: 0.000035 Total: 5.8669 | LR: 9.60e-07
2026-03-25 22:38:29 [INFO]   -> Best model saved (loss=5.8669)
2026-03-25 22:38:30 [INFO]   Epoch 27 batch 1/871 | supcon: 5.5057 recon: 0.000034 total: 5.8487
2026-03-25 22:38:40 [INFO]   Epoch 27 batch 10/871 | supcon: 5.5284 recon: 0.000034 total: 5.8722
2026-03-25 22:40:13 [INFO]   Epoch 27 batch 100/871 | supcon: 5.5292 recon: 0.000035 total: 5.8783
2026-03-25 22:41:51 [INFO]   Epoch 27 batch 200/871 | supcon: 5.5208 recon: 0.000037 total: 5.8881
2026-03-25 22:45:16 [INFO]   Epoch 27 batch 400/871 | supcon: 5.5294 recon: 0.000036 total: 5.8908
2026-03-25 22:48:47 [INFO]   Epoch 27 batch 600/871 | supcon: 5.5269 recon: 0.000036 total: 5.8842
2026-03-25 22:52:20 [INFO]   Epoch 27 batch 800/871 | supcon: 5.5262 recon: 0.000034 total: 5.8618
2026-03-25 22:53:36 [INFO] Epoch  27/30 | SupCon: 5.5170 Recon: 0.000035 Total: 5.8672 | LR: 5.87e-07
2026-03-25 22:53:37 [INFO]   Epoch 28 batch 1/871 | supcon: 5.5310 recon: 0.000034 total: 5.8671
2026-03-25 22:53:47 [INFO]   Epoch 28 batch 10/871 | supcon: 5.5357 recon: 0.000032 total: 5.8595
2026-03-25 22:55:25 [INFO]   Epoch 28 batch 100/871 | supcon: 5.4978 recon: 0.000035 total: 5.8451
2026-03-25 22:57:11 [INFO]   Epoch 28 batch 200/871 | supcon: 5.5163 recon: 0.000035 total: 5.8707
2026-03-25 23:00:40 [INFO]   Epoch 28 batch 400/871 | supcon: 5.5337 recon: 0.000037 total: 5.9024
2026-03-25 23:04:06 [INFO]   Epoch 28 batch 600/871 | supcon: 5.5215 recon: 0.000035 total: 5.8702
2026-03-25 23:07:37 [INFO]   Epoch 28 batch 800/871 | supcon: 5.5177 recon: 0.000033 total: 5.8512
2026-03-25 23:08:57 [INFO] Epoch  28/30 | SupCon: 5.5171 Recon: 0.000035 Total: 5.8673 | LR: 3.17e-07
2026-03-25 23:08:58 [INFO]   Epoch 29 batch 1/871 | supcon: 5.5398 recon: 0.000036 total: 5.8954
2026-03-25 23:09:07 [INFO]   Epoch 29 batch 10/871 | supcon: 5.4942 recon: 0.000034 total: 5.8312
2026-03-25 23:10:37 [INFO]   Epoch 29 batch 100/871 | supcon: 5.5340 recon: 0.000036 total: 5.8934
2026-03-25 23:12:27 [INFO]   Epoch 29 batch 200/871 | supcon: 5.5200 recon: 0.000034 total: 5.8576
2026-03-25 23:15:57 [INFO]   Epoch 29 batch 400/871 | supcon: 5.5470 recon: 0.000036 total: 5.9032
2026-03-25 23:19:19 [INFO]   Epoch 29 batch 600/871 | supcon: 5.5403 recon: 0.000035 total: 5.8862
2026-03-25 23:22:54 [INFO]   Epoch 29 batch 800/871 | supcon: 5.5243 recon: 0.000035 total: 5.8774
2026-03-25 23:24:08 [INFO] Epoch  29/30 | SupCon: 5.5167 Recon: 0.000035 Total: 5.8666 | LR: 1.55e-07
2026-03-25 23:24:08 [INFO]   -> Best model saved (loss=5.8666)
2026-03-25 23:24:09 [INFO]   Epoch 30 batch 1/871 | supcon: 5.5277 recon: 0.000035 total: 5.8766
2026-03-25 23:24:19 [INFO]   Epoch 30 batch 10/871 | supcon: 5.5472 recon: 0.000036 total: 5.9117
2026-03-25 23:25:53 [INFO]   Epoch 30 batch 100/871 | supcon: 5.5119 recon: 0.000036 total: 5.8717
2026-03-25 23:27:38 [INFO]   Epoch 30 batch 200/871 | supcon: 5.4970 recon: 0.000035 total: 5.8503
2026-03-25 23:31:11 [INFO]   Epoch 30 batch 400/871 | supcon: 5.5445 recon: 0.000035 total: 5.8908
2026-03-25 23:34:46 [INFO]   Epoch 30 batch 600/871 | supcon: 5.5041 recon: 0.000033 total: 5.8367
2026-03-25 23:38:14 [INFO]   Epoch 30 batch 800/871 | supcon: 5.5304 recon: 0.000035 total: 5.8764
2026-03-25 23:39:25 [INFO] Epoch  30/30 | SupCon: 5.5168 Recon: 0.000035 Total: 5.8667 | LR: 1.00e-07
2026-03-25 23:39:25 [INFO] Joint training done. Best loss: 5.8666
2026-03-25 23:39:25 [INFO] === Phase 2: Linear Evaluation ===
2026-03-25 23:39:25 [INFO] Extracting features...
2026-03-25 23:40:27 [INFO] Feature dim: 512
2026-03-25 23:40:29 [INFO] Linear   1/100 | Train Loss: 1.2829 Acc: 0.6141 | Val Loss: 0.7941 Acc: 0.6405 AUC: 0.6932 *
2026-03-25 23:40:31 [INFO] Linear   2/100 | Train Loss: 0.6972 Acc: 0.6598 | Val Loss: 0.7182 Acc: 0.6359 AUC: 0.7406 *
2026-03-25 23:40:32 [INFO] Linear   3/100 | Train Loss: 0.6366 Acc: 0.6751 | Val Loss: 0.6382 Acc: 0.6673 AUC: 0.7552 *
2026-03-25 23:40:33 [INFO] Linear   4/100 | Train Loss: 0.6114 Acc: 0.6847 | Val Loss: 0.5943 Acc: 0.6927 AUC: 0.7610 *
2026-03-25 23:40:35 [INFO] Linear   5/100 | Train Loss: 0.6002 Acc: 0.6929 | Val Loss: 0.6123 Acc: 0.6793 AUC: 0.7633 *
2026-03-25 23:40:36 [INFO] Linear   6/100 | Train Loss: 0.6022 Acc: 0.6903 | Val Loss: 0.6759 Acc: 0.6376 AUC: 0.7636 *
2026-03-25 23:40:37 [INFO] Linear   7/100 | Train Loss: 0.6105 Acc: 0.6861 | Val Loss: 0.6752 Acc: 0.6578 AUC: 0.7573
2026-03-25 23:40:39 [INFO] Linear   8/100 | Train Loss: 0.6201 Acc: 0.6828 | Val Loss: 0.6037 Acc: 0.6888 AUC: 0.7656 *
2026-03-25 23:40:40 [INFO] Linear   9/100 | Train Loss: 0.5850 Acc: 0.6995 | Val Loss: 0.6081 Acc: 0.6824 AUC: 0.7646
2026-03-25 23:40:41 [INFO] Linear  10/100 | Train Loss: 0.6027 Acc: 0.6912 | Val Loss: 0.6599 Acc: 0.6539 AUC: 0.7670 *
2026-03-25 23:40:43 [INFO] Linear  11/100 | Train Loss: 0.6007 Acc: 0.6916 | Val Loss: 0.5860 Acc: 0.7017 AUC: 0.7678 *
2026-03-25 23:40:44 [INFO] Linear  12/100 | Train Loss: 0.5932 Acc: 0.6965 | Val Loss: 0.6165 Acc: 0.6828 AUC: 0.7637
2026-03-25 23:40:45 [INFO] Linear  13/100 | Train Loss: 0.6040 Acc: 0.6894 | Val Loss: 0.5894 Acc: 0.6948 AUC: 0.7625
2026-03-25 23:40:47 [INFO] Linear  14/100 | Train Loss: 0.5959 Acc: 0.6930 | Val Loss: 0.6010 Acc: 0.6951 AUC: 0.7654
2026-03-25 23:40:48 [INFO] Linear  15/100 | Train Loss: 0.5991 Acc: 0.6927 | Val Loss: 0.6025 Acc: 0.6911 AUC: 0.7623
2026-03-25 23:40:49 [INFO] Linear  16/100 | Train Loss: 0.5944 Acc: 0.6944 | Val Loss: 0.5951 Acc: 0.6930 AUC: 0.7651
2026-03-25 23:40:51 [INFO] Linear  17/100 | Train Loss: 0.5833 Acc: 0.7018 | Val Loss: 0.6008 Acc: 0.6923 AUC: 0.7656
2026-03-25 23:40:52 [INFO] Linear  18/100 | Train Loss: 0.5951 Acc: 0.6941 | Val Loss: 0.6102 Acc: 0.6814 AUC: 0.7641
2026-03-25 23:40:53 [INFO] Linear  19/100 | Train Loss: 0.5929 Acc: 0.6962 | Val Loss: 0.5876 Acc: 0.7016 AUC: 0.7633
2026-03-25 23:40:54 [INFO] Linear  20/100 | Train Loss: 0.6020 Acc: 0.6905 | Val Loss: 0.6026 Acc: 0.6885 AUC: 0.7632
2026-03-25 23:40:56 [INFO] Linear  21/100 | Train Loss: 0.6006 Acc: 0.6911 | Val Loss: 0.6118 Acc: 0.6801 AUC: 0.7664
2026-03-25 23:40:57 [INFO] Linear  22/100 | Train Loss: 0.5972 Acc: 0.6948 | Val Loss: 0.5830 Acc: 0.7017 AUC: 0.7659
2026-03-25 23:40:58 [INFO] Linear  23/100 | Train Loss: 0.6021 Acc: 0.6913 | Val Loss: 0.5819 Acc: 0.6999 AUC: 0.7661
2026-03-25 23:41:00 [INFO] Linear  24/100 | Train Loss: 0.5894 Acc: 0.6983 | Val Loss: 0.5906 Acc: 0.7015 AUC: 0.7660
2026-03-25 23:41:01 [INFO] Linear  25/100 | Train Loss: 0.5932 Acc: 0.6959 | Val Loss: 0.6021 Acc: 0.6972 AUC: 0.7670
2026-03-25 23:41:02 [INFO] Linear  26/100 | Train Loss: 0.5977 Acc: 0.6919 | Val Loss: 0.6381 Acc: 0.6605 AUC: 0.7648
2026-03-25 23:41:03 [INFO] Linear  27/100 | Train Loss: 0.6078 Acc: 0.6874 | Val Loss: 0.5801 Acc: 0.7040 AUC: 0.7675
2026-03-25 23:41:05 [INFO] Linear  28/100 | Train Loss: 0.5933 Acc: 0.6961 | Val Loss: 0.6141 Acc: 0.6716 AUC: 0.7662
2026-03-25 23:41:06 [INFO] Linear  29/100 | Train Loss: 0.5965 Acc: 0.6925 | Val Loss: 0.5846 Acc: 0.6998 AUC: 0.7616
2026-03-25 23:41:07 [INFO] Linear  30/100 | Train Loss: 0.5932 Acc: 0.6959 | Val Loss: 0.5875 Acc: 0.6987 AUC: 0.7668
2026-03-25 23:41:08 [INFO] Linear  31/100 | Train Loss: 0.5994 Acc: 0.6931 | Val Loss: 0.5799 Acc: 0.7037 AUC: 0.7669
2026-03-25 23:41:10 [INFO] Linear  32/100 | Train Loss: 0.5870 Acc: 0.6993 | Val Loss: 0.6037 Acc: 0.6889 AUC: 0.7657
2026-03-25 23:41:11 [INFO] Linear  33/100 | Train Loss: 0.5903 Acc: 0.6977 | Val Loss: 0.6257 Acc: 0.6723 AUC: 0.7684 *
2026-03-25 23:41:12 [INFO] Linear  34/100 | Train Loss: 0.5885 Acc: 0.6979 | Val Loss: 0.6013 Acc: 0.6853 AUC: 0.7642
2026-03-25 23:41:13 [INFO] Linear  35/100 | Train Loss: 0.5873 Acc: 0.6984 | Val Loss: 0.5812 Acc: 0.7025 AUC: 0.7651
2026-03-25 23:41:15 [INFO] Linear  36/100 | Train Loss: 0.5856 Acc: 0.6989 | Val Loss: 0.6081 Acc: 0.6888 AUC: 0.7639
2026-03-25 23:41:16 [INFO] Linear  37/100 | Train Loss: 0.5875 Acc: 0.7000 | Val Loss: 0.5855 Acc: 0.7013 AUC: 0.7665
2026-03-25 23:41:17 [INFO] Linear  38/100 | Train Loss: 0.5859 Acc: 0.7000 | Val Loss: 0.5794 Acc: 0.7063 AUC: 0.7681
2026-03-25 23:41:18 [INFO] Linear  39/100 | Train Loss: 0.5863 Acc: 0.6996 | Val Loss: 0.5838 Acc: 0.6999 AUC: 0.7651
2026-03-25 23:41:20 [INFO] Linear  40/100 | Train Loss: 0.5905 Acc: 0.6972 | Val Loss: 0.5850 Acc: 0.6972 AUC: 0.7639
2026-03-25 23:41:21 [INFO] Linear  41/100 | Train Loss: 0.5879 Acc: 0.6991 | Val Loss: 0.5794 Acc: 0.7050 AUC: 0.7683
2026-03-25 23:41:22 [INFO] Linear  42/100 | Train Loss: 0.5939 Acc: 0.6940 | Val Loss: 0.6028 Acc: 0.6829 AUC: 0.7676
2026-03-25 23:41:23 [INFO] Linear  43/100 | Train Loss: 0.5921 Acc: 0.6958 | Val Loss: 0.5869 Acc: 0.6994 AUC: 0.7681
2026-03-25 23:41:24 [INFO] Linear  44/100 | Train Loss: 0.5812 Acc: 0.7031 | Val Loss: 0.5884 Acc: 0.6951 AUC: 0.7674
2026-03-25 23:41:26 [INFO] Linear  45/100 | Train Loss: 0.5831 Acc: 0.7033 | Val Loss: 0.6282 Acc: 0.6735 AUC: 0.7670
2026-03-25 23:41:27 [INFO] Linear  46/100 | Train Loss: 0.5848 Acc: 0.7002 | Val Loss: 0.5909 Acc: 0.6979 AUC: 0.7682
2026-03-25 23:41:28 [INFO] Linear  47/100 | Train Loss: 0.5877 Acc: 0.6984 | Val Loss: 0.5935 Acc: 0.6944 AUC: 0.7655
2026-03-25 23:41:29 [INFO] Linear  48/100 | Train Loss: 0.5841 Acc: 0.7016 | Val Loss: 0.6008 Acc: 0.6888 AUC: 0.7655
2026-03-25 23:41:31 [INFO] Linear  49/100 | Train Loss: 0.5803 Acc: 0.7041 | Val Loss: 0.5797 Acc: 0.7014 AUC: 0.7665
2026-03-25 23:41:32 [INFO] Linear  50/100 | Train Loss: 0.5930 Acc: 0.6955 | Val Loss: 0.5870 Acc: 0.6987 AUC: 0.7673
2026-03-25 23:41:33 [INFO] Linear  51/100 | Train Loss: 0.5792 Acc: 0.7042 | Val Loss: 0.5856 Acc: 0.7015 AUC: 0.7681
2026-03-25 23:41:34 [INFO] Linear  52/100 | Train Loss: 0.5778 Acc: 0.7055 | Val Loss: 0.5823 Acc: 0.7035 AUC: 0.7668
2026-03-25 23:41:36 [INFO] Linear  53/100 | Train Loss: 0.5816 Acc: 0.7036 | Val Loss: 0.6692 Acc: 0.6465 AUC: 0.7691 *
2026-03-25 23:41:37 [INFO] Linear  54/100 | Train Loss: 0.5819 Acc: 0.7030 | Val Loss: 0.5835 Acc: 0.7016 AUC: 0.7670
2026-03-25 23:41:38 [INFO] Linear  55/100 | Train Loss: 0.5785 Acc: 0.7043 | Val Loss: 0.5861 Acc: 0.7001 AUC: 0.7681
2026-03-25 23:41:39 [INFO] Linear  56/100 | Train Loss: 0.5807 Acc: 0.7033 | Val Loss: 0.5866 Acc: 0.6963 AUC: 0.7674
2026-03-25 23:41:41 [INFO] Linear  57/100 | Train Loss: 0.5799 Acc: 0.7037 | Val Loss: 0.5835 Acc: 0.7017 AUC: 0.7652
2026-03-25 23:41:42 [INFO] Linear  58/100 | Train Loss: 0.5842 Acc: 0.7008 | Val Loss: 0.5857 Acc: 0.6989 AUC: 0.7697 *
2026-03-25 23:41:43 [INFO] Linear  59/100 | Train Loss: 0.5756 Acc: 0.7066 | Val Loss: 0.5810 Acc: 0.7035 AUC: 0.7691
2026-03-25 23:41:44 [INFO] Linear  60/100 | Train Loss: 0.5789 Acc: 0.7045 | Val Loss: 0.5974 Acc: 0.6849 AUC: 0.7666
2026-03-25 23:41:46 [INFO] Linear  61/100 | Train Loss: 0.5788 Acc: 0.7035 | Val Loss: 0.5803 Acc: 0.7025 AUC: 0.7667
2026-03-25 23:41:47 [INFO] Linear  62/100 | Train Loss: 0.5771 Acc: 0.7062 | Val Loss: 0.5777 Acc: 0.7045 AUC: 0.7684
2026-03-25 23:41:48 [INFO] Linear  63/100 | Train Loss: 0.5753 Acc: 0.7069 | Val Loss: 0.5785 Acc: 0.7060 AUC: 0.7688
2026-03-25 23:41:49 [INFO] Linear  64/100 | Train Loss: 0.5771 Acc: 0.7059 | Val Loss: 0.5877 Acc: 0.6950 AUC: 0.7696
2026-03-25 23:41:50 [INFO] Linear  65/100 | Train Loss: 0.5740 Acc: 0.7081 | Val Loss: 0.5780 Acc: 0.7040 AUC: 0.7683
2026-03-25 23:41:52 [INFO] Linear  66/100 | Train Loss: 0.5788 Acc: 0.7042 | Val Loss: 0.6157 Acc: 0.6781 AUC: 0.7685
2026-03-25 23:41:53 [INFO] Linear  67/100 | Train Loss: 0.5815 Acc: 0.7046 | Val Loss: 0.5793 Acc: 0.7058 AUC: 0.7691
2026-03-25 23:41:54 [INFO] Linear  68/100 | Train Loss: 0.5729 Acc: 0.7107 | Val Loss: 0.5766 Acc: 0.7069 AUC: 0.7691
2026-03-25 23:41:55 [INFO] Linear  69/100 | Train Loss: 0.5719 Acc: 0.7102 | Val Loss: 0.5800 Acc: 0.7032 AUC: 0.7688
2026-03-25 23:41:56 [INFO] Linear  70/100 | Train Loss: 0.5734 Acc: 0.7091 | Val Loss: 0.5781 Acc: 0.7049 AUC: 0.7689
2026-03-25 23:41:58 [INFO] Linear  71/100 | Train Loss: 0.5728 Acc: 0.7100 | Val Loss: 0.5781 Acc: 0.7037 AUC: 0.7680
2026-03-25 23:41:59 [INFO] Linear  72/100 | Train Loss: 0.5743 Acc: 0.7079 | Val Loss: 0.5776 Acc: 0.7050 AUC: 0.7700 *
2026-03-25 23:42:00 [INFO] Linear  73/100 | Train Loss: 0.5730 Acc: 0.7100 | Val Loss: 0.5768 Acc: 0.7055 AUC: 0.7699
2026-03-25 23:42:01 [INFO] Linear  74/100 | Train Loss: 0.5716 Acc: 0.7095 | Val Loss: 0.5938 Acc: 0.6944 AUC: 0.7692
2026-03-25 23:42:03 [INFO] Linear  75/100 | Train Loss: 0.5697 Acc: 0.7108 | Val Loss: 0.5786 Acc: 0.7044 AUC: 0.7697
2026-03-25 23:42:04 [INFO] Linear  76/100 | Train Loss: 0.5713 Acc: 0.7092 | Val Loss: 0.5764 Acc: 0.7050 AUC: 0.7698
2026-03-25 23:42:05 [INFO] Linear  77/100 | Train Loss: 0.5686 Acc: 0.7136 | Val Loss: 0.5758 Acc: 0.7078 AUC: 0.7706 *
2026-03-25 23:42:06 [INFO] Linear  78/100 | Train Loss: 0.5704 Acc: 0.7104 | Val Loss: 0.5753 Acc: 0.7076 AUC: 0.7706 *
2026-03-25 23:42:08 [INFO] Linear  79/100 | Train Loss: 0.5685 Acc: 0.7128 | Val Loss: 0.5778 Acc: 0.7048 AUC: 0.7699
2026-03-25 23:42:09 [INFO] Linear  80/100 | Train Loss: 0.5674 Acc: 0.7144 | Val Loss: 0.5771 Acc: 0.7078 AUC: 0.7697
2026-03-25 23:42:10 [INFO] Linear  81/100 | Train Loss: 0.5684 Acc: 0.7125 | Val Loss: 0.5898 Acc: 0.6969 AUC: 0.7701
2026-03-25 23:42:11 [INFO] Linear  82/100 | Train Loss: 0.5689 Acc: 0.7122 | Val Loss: 0.5796 Acc: 0.7058 AUC: 0.7697
2026-03-25 23:42:12 [INFO] Linear  83/100 | Train Loss: 0.5687 Acc: 0.7125 | Val Loss: 0.5783 Acc: 0.7056 AUC: 0.7702
2026-03-25 23:42:14 [INFO] Linear  84/100 | Train Loss: 0.5675 Acc: 0.7130 | Val Loss: 0.5916 Acc: 0.6906 AUC: 0.7699
2026-03-25 23:42:15 [INFO] Linear  85/100 | Train Loss: 0.5683 Acc: 0.7131 | Val Loss: 0.5772 Acc: 0.7055 AUC: 0.7709 *
2026-03-25 23:42:16 [INFO] Linear  86/100 | Train Loss: 0.5667 Acc: 0.7142 | Val Loss: 0.5752 Acc: 0.7076 AUC: 0.7706
2026-03-25 23:42:17 [INFO] Linear  87/100 | Train Loss: 0.5672 Acc: 0.7134 | Val Loss: 0.5777 Acc: 0.7043 AUC: 0.7701
2026-03-25 23:42:18 [INFO] Linear  88/100 | Train Loss: 0.5656 Acc: 0.7155 | Val Loss: 0.5756 Acc: 0.7044 AUC: 0.7702
2026-03-25 23:42:20 [INFO] Linear  89/100 | Train Loss: 0.5664 Acc: 0.7147 | Val Loss: 0.5755 Acc: 0.7061 AUC: 0.7704
2026-03-25 23:42:21 [INFO] Linear  90/100 | Train Loss: 0.5662 Acc: 0.7148 | Val Loss: 0.5806 Acc: 0.7012 AUC: 0.7704
2026-03-25 23:42:22 [INFO] Linear  91/100 | Train Loss: 0.5659 Acc: 0.7142 | Val Loss: 0.5752 Acc: 0.7074 AUC: 0.7708
2026-03-25 23:42:24 [INFO] Linear  92/100 | Train Loss: 0.5652 Acc: 0.7153 | Val Loss: 0.5768 Acc: 0.7070 AUC: 0.7708
2026-03-25 23:42:25 [INFO] Linear  93/100 | Train Loss: 0.5654 Acc: 0.7148 | Val Loss: 0.5753 Acc: 0.7086 AUC: 0.7709
2026-03-25 23:42:26 [INFO] Linear  94/100 | Train Loss: 0.5651 Acc: 0.7153 | Val Loss: 0.5754 Acc: 0.7081 AUC: 0.7710 *
2026-03-25 23:42:27 [INFO] Linear  95/100 | Train Loss: 0.5651 Acc: 0.7151 | Val Loss: 0.5754 Acc: 0.7066 AUC: 0.7707
2026-03-25 23:42:28 [INFO] Linear  96/100 | Train Loss: 0.5648 Acc: 0.7153 | Val Loss: 0.5751 Acc: 0.7080 AUC: 0.7708
2026-03-25 23:42:30 [INFO] Linear  97/100 | Train Loss: 0.5646 Acc: 0.7160 | Val Loss: 0.5753 Acc: 0.7076 AUC: 0.7708
2026-03-25 23:42:31 [INFO] Linear  98/100 | Train Loss: 0.5646 Acc: 0.7159 | Val Loss: 0.5751 Acc: 0.7057 AUC: 0.7706
2026-03-25 23:42:32 [INFO] Linear  99/100 | Train Loss: 0.5645 Acc: 0.7154 | Val Loss: 0.5755 Acc: 0.7062 AUC: 0.7706
2026-03-25 23:42:34 [INFO] Linear 100/100 | Train Loss: 0.5647 Acc: 0.7158 | Val Loss: 0.5752 Acc: 0.7068 AUC: 0.7707
2026-03-25 23:42:34 [INFO] Linear probe done. Best val AUC: 0.7710
2026-03-25 23:42:34 [INFO] === Phase 3: Test Evaluation ===
2026-03-25 23:42:34 [INFO] Test AUC: 0.7730
2026-03-25 23:42:34 [INFO] Test Acc: 0.7096
2026-03-25 23:42:34 [INFO] Done!
